[2023-07-27T20:34:18.476+0200] {processor.py:157} INFO - Started process (PID=5677) to work on /Library/Frameworks/Python.framework/Versions/3.11/lib/python3.11/site-packages/airflow/example_dags/plugins/listener_plugin.py
[2023-07-27T20:34:18.477+0200] {processor.py:826} INFO - Processing file /Library/Frameworks/Python.framework/Versions/3.11/lib/python3.11/site-packages/airflow/example_dags/plugins/listener_plugin.py for tasks to queue
[2023-07-27T20:34:18.478+0200] {logging_mixin.py:150} INFO - [2023-07-27T20:34:18.478+0200] {dagbag.py:541} INFO - Filling up the DagBag from /Library/Frameworks/Python.framework/Versions/3.11/lib/python3.11/site-packages/airflow/example_dags/plugins/listener_plugin.py
[2023-07-27T20:34:18.478+0200] {processor.py:838} WARNING - No viable dags retrieved from /Library/Frameworks/Python.framework/Versions/3.11/lib/python3.11/site-packages/airflow/example_dags/plugins/listener_plugin.py
[2023-07-27T20:34:18.767+0200] {processor.py:179} INFO - Processing /Library/Frameworks/Python.framework/Versions/3.11/lib/python3.11/site-packages/airflow/example_dags/plugins/listener_plugin.py took 0.291 seconds
[2023-07-27T20:35:40.678+0200] {processor.py:157} INFO - Started process (PID=5736) to work on /Library/Frameworks/Python.framework/Versions/3.11/lib/python3.11/site-packages/airflow/example_dags/plugins/listener_plugin.py
[2023-07-27T20:35:40.680+0200] {processor.py:826} INFO - Processing file /Library/Frameworks/Python.framework/Versions/3.11/lib/python3.11/site-packages/airflow/example_dags/plugins/listener_plugin.py for tasks to queue
[2023-07-27T20:35:40.681+0200] {logging_mixin.py:150} INFO - [2023-07-27T20:35:40.681+0200] {dagbag.py:541} INFO - Filling up the DagBag from /Library/Frameworks/Python.framework/Versions/3.11/lib/python3.11/site-packages/airflow/example_dags/plugins/listener_plugin.py
[2023-07-27T20:35:40.682+0200] {processor.py:838} WARNING - No viable dags retrieved from /Library/Frameworks/Python.framework/Versions/3.11/lib/python3.11/site-packages/airflow/example_dags/plugins/listener_plugin.py
[2023-07-27T20:35:40.977+0200] {processor.py:179} INFO - Processing /Library/Frameworks/Python.framework/Versions/3.11/lib/python3.11/site-packages/airflow/example_dags/plugins/listener_plugin.py took 0.299 seconds
[2023-07-27T20:36:29.706+0200] {processor.py:157} INFO - Started process (PID=5779) to work on /Library/Frameworks/Python.framework/Versions/3.11/lib/python3.11/site-packages/airflow/example_dags/plugins/listener_plugin.py
[2023-07-27T20:36:29.707+0200] {processor.py:826} INFO - Processing file /Library/Frameworks/Python.framework/Versions/3.11/lib/python3.11/site-packages/airflow/example_dags/plugins/listener_plugin.py for tasks to queue
[2023-07-27T20:36:29.707+0200] {logging_mixin.py:150} INFO - [2023-07-27T20:36:29.707+0200] {dagbag.py:541} INFO - Filling up the DagBag from /Library/Frameworks/Python.framework/Versions/3.11/lib/python3.11/site-packages/airflow/example_dags/plugins/listener_plugin.py
[2023-07-27T20:36:29.709+0200] {processor.py:838} WARNING - No viable dags retrieved from /Library/Frameworks/Python.framework/Versions/3.11/lib/python3.11/site-packages/airflow/example_dags/plugins/listener_plugin.py
[2023-07-27T20:36:30.071+0200] {processor.py:179} INFO - Processing /Library/Frameworks/Python.framework/Versions/3.11/lib/python3.11/site-packages/airflow/example_dags/plugins/listener_plugin.py took 0.366 seconds
[2023-07-27T20:37:19.118+0200] {processor.py:157} INFO - Started process (PID=5814) to work on /Library/Frameworks/Python.framework/Versions/3.11/lib/python3.11/site-packages/airflow/example_dags/plugins/listener_plugin.py
[2023-07-27T20:37:19.120+0200] {processor.py:826} INFO - Processing file /Library/Frameworks/Python.framework/Versions/3.11/lib/python3.11/site-packages/airflow/example_dags/plugins/listener_plugin.py for tasks to queue
[2023-07-27T20:37:19.120+0200] {logging_mixin.py:150} INFO - [2023-07-27T20:37:19.120+0200] {dagbag.py:541} INFO - Filling up the DagBag from /Library/Frameworks/Python.framework/Versions/3.11/lib/python3.11/site-packages/airflow/example_dags/plugins/listener_plugin.py
[2023-07-27T20:37:19.122+0200] {processor.py:838} WARNING - No viable dags retrieved from /Library/Frameworks/Python.framework/Versions/3.11/lib/python3.11/site-packages/airflow/example_dags/plugins/listener_plugin.py
[2023-07-27T20:37:19.481+0200] {processor.py:179} INFO - Processing /Library/Frameworks/Python.framework/Versions/3.11/lib/python3.11/site-packages/airflow/example_dags/plugins/listener_plugin.py took 0.363 seconds
[2023-07-27T20:38:10.081+0200] {processor.py:157} INFO - Started process (PID=5843) to work on /Library/Frameworks/Python.framework/Versions/3.11/lib/python3.11/site-packages/airflow/example_dags/plugins/listener_plugin.py
[2023-07-27T20:38:10.082+0200] {processor.py:826} INFO - Processing file /Library/Frameworks/Python.framework/Versions/3.11/lib/python3.11/site-packages/airflow/example_dags/plugins/listener_plugin.py for tasks to queue
[2023-07-27T20:38:10.082+0200] {logging_mixin.py:150} INFO - [2023-07-27T20:38:10.082+0200] {dagbag.py:541} INFO - Filling up the DagBag from /Library/Frameworks/Python.framework/Versions/3.11/lib/python3.11/site-packages/airflow/example_dags/plugins/listener_plugin.py
[2023-07-27T20:38:10.083+0200] {processor.py:838} WARNING - No viable dags retrieved from /Library/Frameworks/Python.framework/Versions/3.11/lib/python3.11/site-packages/airflow/example_dags/plugins/listener_plugin.py
[2023-07-27T20:38:10.373+0200] {processor.py:179} INFO - Processing /Library/Frameworks/Python.framework/Versions/3.11/lib/python3.11/site-packages/airflow/example_dags/plugins/listener_plugin.py took 0.293 seconds
[2023-07-27T20:38:59.550+0200] {processor.py:157} INFO - Started process (PID=5881) to work on /Library/Frameworks/Python.framework/Versions/3.11/lib/python3.11/site-packages/airflow/example_dags/plugins/listener_plugin.py
[2023-07-27T20:38:59.551+0200] {processor.py:826} INFO - Processing file /Library/Frameworks/Python.framework/Versions/3.11/lib/python3.11/site-packages/airflow/example_dags/plugins/listener_plugin.py for tasks to queue
[2023-07-27T20:38:59.551+0200] {logging_mixin.py:150} INFO - [2023-07-27T20:38:59.551+0200] {dagbag.py:541} INFO - Filling up the DagBag from /Library/Frameworks/Python.framework/Versions/3.11/lib/python3.11/site-packages/airflow/example_dags/plugins/listener_plugin.py
[2023-07-27T20:38:59.552+0200] {processor.py:838} WARNING - No viable dags retrieved from /Library/Frameworks/Python.framework/Versions/3.11/lib/python3.11/site-packages/airflow/example_dags/plugins/listener_plugin.py
[2023-07-27T20:38:59.841+0200] {processor.py:179} INFO - Processing /Library/Frameworks/Python.framework/Versions/3.11/lib/python3.11/site-packages/airflow/example_dags/plugins/listener_plugin.py took 0.291 seconds
[2023-07-27T20:39:48.301+0200] {processor.py:157} INFO - Started process (PID=5921) to work on /Library/Frameworks/Python.framework/Versions/3.11/lib/python3.11/site-packages/airflow/example_dags/plugins/listener_plugin.py
[2023-07-27T20:39:48.303+0200] {processor.py:826} INFO - Processing file /Library/Frameworks/Python.framework/Versions/3.11/lib/python3.11/site-packages/airflow/example_dags/plugins/listener_plugin.py for tasks to queue
[2023-07-27T20:39:48.303+0200] {logging_mixin.py:150} INFO - [2023-07-27T20:39:48.303+0200] {dagbag.py:541} INFO - Filling up the DagBag from /Library/Frameworks/Python.framework/Versions/3.11/lib/python3.11/site-packages/airflow/example_dags/plugins/listener_plugin.py
[2023-07-27T20:39:48.304+0200] {processor.py:838} WARNING - No viable dags retrieved from /Library/Frameworks/Python.framework/Versions/3.11/lib/python3.11/site-packages/airflow/example_dags/plugins/listener_plugin.py
[2023-07-27T20:39:48.605+0200] {processor.py:179} INFO - Processing /Library/Frameworks/Python.framework/Versions/3.11/lib/python3.11/site-packages/airflow/example_dags/plugins/listener_plugin.py took 0.304 seconds
[2023-07-27T20:40:39.088+0200] {processor.py:157} INFO - Started process (PID=5960) to work on /Library/Frameworks/Python.framework/Versions/3.11/lib/python3.11/site-packages/airflow/example_dags/plugins/listener_plugin.py
[2023-07-27T20:40:39.089+0200] {processor.py:826} INFO - Processing file /Library/Frameworks/Python.framework/Versions/3.11/lib/python3.11/site-packages/airflow/example_dags/plugins/listener_plugin.py for tasks to queue
[2023-07-27T20:40:39.089+0200] {logging_mixin.py:150} INFO - [2023-07-27T20:40:39.089+0200] {dagbag.py:541} INFO - Filling up the DagBag from /Library/Frameworks/Python.framework/Versions/3.11/lib/python3.11/site-packages/airflow/example_dags/plugins/listener_plugin.py
[2023-07-27T20:40:39.090+0200] {processor.py:838} WARNING - No viable dags retrieved from /Library/Frameworks/Python.framework/Versions/3.11/lib/python3.11/site-packages/airflow/example_dags/plugins/listener_plugin.py
[2023-07-27T20:40:39.385+0200] {processor.py:179} INFO - Processing /Library/Frameworks/Python.framework/Versions/3.11/lib/python3.11/site-packages/airflow/example_dags/plugins/listener_plugin.py took 0.297 seconds
[2023-07-27T20:41:30.204+0200] {processor.py:157} INFO - Started process (PID=6001) to work on /Library/Frameworks/Python.framework/Versions/3.11/lib/python3.11/site-packages/airflow/example_dags/plugins/listener_plugin.py
[2023-07-27T20:41:30.205+0200] {processor.py:826} INFO - Processing file /Library/Frameworks/Python.framework/Versions/3.11/lib/python3.11/site-packages/airflow/example_dags/plugins/listener_plugin.py for tasks to queue
[2023-07-27T20:41:30.205+0200] {logging_mixin.py:150} INFO - [2023-07-27T20:41:30.205+0200] {dagbag.py:541} INFO - Filling up the DagBag from /Library/Frameworks/Python.framework/Versions/3.11/lib/python3.11/site-packages/airflow/example_dags/plugins/listener_plugin.py
[2023-07-27T20:41:30.206+0200] {processor.py:838} WARNING - No viable dags retrieved from /Library/Frameworks/Python.framework/Versions/3.11/lib/python3.11/site-packages/airflow/example_dags/plugins/listener_plugin.py
[2023-07-27T20:41:30.511+0200] {processor.py:179} INFO - Processing /Library/Frameworks/Python.framework/Versions/3.11/lib/python3.11/site-packages/airflow/example_dags/plugins/listener_plugin.py took 0.308 seconds
[2023-07-27T20:42:18.094+0200] {processor.py:157} INFO - Started process (PID=6036) to work on /Library/Frameworks/Python.framework/Versions/3.11/lib/python3.11/site-packages/airflow/example_dags/plugins/listener_plugin.py
[2023-07-27T20:42:18.096+0200] {processor.py:826} INFO - Processing file /Library/Frameworks/Python.framework/Versions/3.11/lib/python3.11/site-packages/airflow/example_dags/plugins/listener_plugin.py for tasks to queue
[2023-07-27T20:42:18.096+0200] {logging_mixin.py:150} INFO - [2023-07-27T20:42:18.096+0200] {dagbag.py:541} INFO - Filling up the DagBag from /Library/Frameworks/Python.framework/Versions/3.11/lib/python3.11/site-packages/airflow/example_dags/plugins/listener_plugin.py
[2023-07-27T20:42:18.096+0200] {processor.py:838} WARNING - No viable dags retrieved from /Library/Frameworks/Python.framework/Versions/3.11/lib/python3.11/site-packages/airflow/example_dags/plugins/listener_plugin.py
[2023-07-27T20:42:18.387+0200] {processor.py:179} INFO - Processing /Library/Frameworks/Python.framework/Versions/3.11/lib/python3.11/site-packages/airflow/example_dags/plugins/listener_plugin.py took 0.293 seconds
[2023-07-27T20:43:07.716+0200] {processor.py:157} INFO - Started process (PID=6076) to work on /Library/Frameworks/Python.framework/Versions/3.11/lib/python3.11/site-packages/airflow/example_dags/plugins/listener_plugin.py
[2023-07-27T20:43:07.717+0200] {processor.py:826} INFO - Processing file /Library/Frameworks/Python.framework/Versions/3.11/lib/python3.11/site-packages/airflow/example_dags/plugins/listener_plugin.py for tasks to queue
[2023-07-27T20:43:07.718+0200] {logging_mixin.py:150} INFO - [2023-07-27T20:43:07.718+0200] {dagbag.py:541} INFO - Filling up the DagBag from /Library/Frameworks/Python.framework/Versions/3.11/lib/python3.11/site-packages/airflow/example_dags/plugins/listener_plugin.py
[2023-07-27T20:43:07.718+0200] {processor.py:838} WARNING - No viable dags retrieved from /Library/Frameworks/Python.framework/Versions/3.11/lib/python3.11/site-packages/airflow/example_dags/plugins/listener_plugin.py
[2023-07-27T20:43:08.015+0200] {processor.py:179} INFO - Processing /Library/Frameworks/Python.framework/Versions/3.11/lib/python3.11/site-packages/airflow/example_dags/plugins/listener_plugin.py took 0.299 seconds
[2023-07-27T20:43:56.289+0200] {processor.py:157} INFO - Started process (PID=6115) to work on /Library/Frameworks/Python.framework/Versions/3.11/lib/python3.11/site-packages/airflow/example_dags/plugins/listener_plugin.py
[2023-07-27T20:43:56.290+0200] {processor.py:826} INFO - Processing file /Library/Frameworks/Python.framework/Versions/3.11/lib/python3.11/site-packages/airflow/example_dags/plugins/listener_plugin.py for tasks to queue
[2023-07-27T20:43:56.290+0200] {logging_mixin.py:150} INFO - [2023-07-27T20:43:56.290+0200] {dagbag.py:541} INFO - Filling up the DagBag from /Library/Frameworks/Python.framework/Versions/3.11/lib/python3.11/site-packages/airflow/example_dags/plugins/listener_plugin.py
[2023-07-27T20:43:56.291+0200] {processor.py:838} WARNING - No viable dags retrieved from /Library/Frameworks/Python.framework/Versions/3.11/lib/python3.11/site-packages/airflow/example_dags/plugins/listener_plugin.py
[2023-07-27T20:43:56.585+0200] {processor.py:179} INFO - Processing /Library/Frameworks/Python.framework/Versions/3.11/lib/python3.11/site-packages/airflow/example_dags/plugins/listener_plugin.py took 0.297 seconds
[2023-07-27T20:44:44.466+0200] {processor.py:157} INFO - Started process (PID=6150) to work on /Library/Frameworks/Python.framework/Versions/3.11/lib/python3.11/site-packages/airflow/example_dags/plugins/listener_plugin.py
[2023-07-27T20:44:44.468+0200] {processor.py:826} INFO - Processing file /Library/Frameworks/Python.framework/Versions/3.11/lib/python3.11/site-packages/airflow/example_dags/plugins/listener_plugin.py for tasks to queue
[2023-07-27T20:44:44.469+0200] {logging_mixin.py:150} INFO - [2023-07-27T20:44:44.469+0200] {dagbag.py:541} INFO - Filling up the DagBag from /Library/Frameworks/Python.framework/Versions/3.11/lib/python3.11/site-packages/airflow/example_dags/plugins/listener_plugin.py
[2023-07-27T20:44:44.470+0200] {processor.py:838} WARNING - No viable dags retrieved from /Library/Frameworks/Python.framework/Versions/3.11/lib/python3.11/site-packages/airflow/example_dags/plugins/listener_plugin.py
[2023-07-27T20:44:44.760+0200] {processor.py:179} INFO - Processing /Library/Frameworks/Python.framework/Versions/3.11/lib/python3.11/site-packages/airflow/example_dags/plugins/listener_plugin.py took 0.294 seconds
[2023-07-27T20:45:31.565+0200] {processor.py:157} INFO - Started process (PID=6189) to work on /Library/Frameworks/Python.framework/Versions/3.11/lib/python3.11/site-packages/airflow/example_dags/plugins/listener_plugin.py
[2023-07-27T20:45:31.566+0200] {processor.py:826} INFO - Processing file /Library/Frameworks/Python.framework/Versions/3.11/lib/python3.11/site-packages/airflow/example_dags/plugins/listener_plugin.py for tasks to queue
[2023-07-27T20:45:31.567+0200] {logging_mixin.py:150} INFO - [2023-07-27T20:45:31.567+0200] {dagbag.py:541} INFO - Filling up the DagBag from /Library/Frameworks/Python.framework/Versions/3.11/lib/python3.11/site-packages/airflow/example_dags/plugins/listener_plugin.py
[2023-07-27T20:45:31.567+0200] {processor.py:838} WARNING - No viable dags retrieved from /Library/Frameworks/Python.framework/Versions/3.11/lib/python3.11/site-packages/airflow/example_dags/plugins/listener_plugin.py
[2023-07-27T20:45:31.860+0200] {processor.py:179} INFO - Processing /Library/Frameworks/Python.framework/Versions/3.11/lib/python3.11/site-packages/airflow/example_dags/plugins/listener_plugin.py took 0.295 seconds
[2023-07-27T20:46:18.409+0200] {processor.py:157} INFO - Started process (PID=6224) to work on /Library/Frameworks/Python.framework/Versions/3.11/lib/python3.11/site-packages/airflow/example_dags/plugins/listener_plugin.py
[2023-07-27T20:46:18.410+0200] {processor.py:826} INFO - Processing file /Library/Frameworks/Python.framework/Versions/3.11/lib/python3.11/site-packages/airflow/example_dags/plugins/listener_plugin.py for tasks to queue
[2023-07-27T20:46:18.410+0200] {logging_mixin.py:150} INFO - [2023-07-27T20:46:18.410+0200] {dagbag.py:541} INFO - Filling up the DagBag from /Library/Frameworks/Python.framework/Versions/3.11/lib/python3.11/site-packages/airflow/example_dags/plugins/listener_plugin.py
[2023-07-27T20:46:18.411+0200] {processor.py:838} WARNING - No viable dags retrieved from /Library/Frameworks/Python.framework/Versions/3.11/lib/python3.11/site-packages/airflow/example_dags/plugins/listener_plugin.py
[2023-07-27T20:46:18.704+0200] {processor.py:179} INFO - Processing /Library/Frameworks/Python.framework/Versions/3.11/lib/python3.11/site-packages/airflow/example_dags/plugins/listener_plugin.py took 0.295 seconds
[2023-07-27T20:47:06.165+0200] {processor.py:157} INFO - Started process (PID=6269) to work on /Library/Frameworks/Python.framework/Versions/3.11/lib/python3.11/site-packages/airflow/example_dags/plugins/listener_plugin.py
[2023-07-27T20:47:06.167+0200] {processor.py:826} INFO - Processing file /Library/Frameworks/Python.framework/Versions/3.11/lib/python3.11/site-packages/airflow/example_dags/plugins/listener_plugin.py for tasks to queue
[2023-07-27T20:47:06.167+0200] {logging_mixin.py:150} INFO - [2023-07-27T20:47:06.167+0200] {dagbag.py:541} INFO - Filling up the DagBag from /Library/Frameworks/Python.framework/Versions/3.11/lib/python3.11/site-packages/airflow/example_dags/plugins/listener_plugin.py
[2023-07-27T20:47:06.167+0200] {processor.py:838} WARNING - No viable dags retrieved from /Library/Frameworks/Python.framework/Versions/3.11/lib/python3.11/site-packages/airflow/example_dags/plugins/listener_plugin.py
[2023-07-27T20:47:06.468+0200] {processor.py:179} INFO - Processing /Library/Frameworks/Python.framework/Versions/3.11/lib/python3.11/site-packages/airflow/example_dags/plugins/listener_plugin.py took 0.303 seconds
[2023-07-27T20:47:54.792+0200] {processor.py:157} INFO - Started process (PID=6311) to work on /Library/Frameworks/Python.framework/Versions/3.11/lib/python3.11/site-packages/airflow/example_dags/plugins/listener_plugin.py
[2023-07-27T20:47:54.793+0200] {processor.py:826} INFO - Processing file /Library/Frameworks/Python.framework/Versions/3.11/lib/python3.11/site-packages/airflow/example_dags/plugins/listener_plugin.py for tasks to queue
[2023-07-27T20:47:54.793+0200] {logging_mixin.py:150} INFO - [2023-07-27T20:47:54.793+0200] {dagbag.py:541} INFO - Filling up the DagBag from /Library/Frameworks/Python.framework/Versions/3.11/lib/python3.11/site-packages/airflow/example_dags/plugins/listener_plugin.py
[2023-07-27T20:47:54.794+0200] {processor.py:838} WARNING - No viable dags retrieved from /Library/Frameworks/Python.framework/Versions/3.11/lib/python3.11/site-packages/airflow/example_dags/plugins/listener_plugin.py
[2023-07-27T20:47:55.083+0200] {processor.py:179} INFO - Processing /Library/Frameworks/Python.framework/Versions/3.11/lib/python3.11/site-packages/airflow/example_dags/plugins/listener_plugin.py took 0.291 seconds
[2023-07-27T20:48:44.968+0200] {processor.py:157} INFO - Started process (PID=6343) to work on /Library/Frameworks/Python.framework/Versions/3.11/lib/python3.11/site-packages/airflow/example_dags/plugins/listener_plugin.py
[2023-07-27T20:48:44.970+0200] {processor.py:826} INFO - Processing file /Library/Frameworks/Python.framework/Versions/3.11/lib/python3.11/site-packages/airflow/example_dags/plugins/listener_plugin.py for tasks to queue
[2023-07-27T20:48:44.970+0200] {logging_mixin.py:150} INFO - [2023-07-27T20:48:44.970+0200] {dagbag.py:541} INFO - Filling up the DagBag from /Library/Frameworks/Python.framework/Versions/3.11/lib/python3.11/site-packages/airflow/example_dags/plugins/listener_plugin.py
[2023-07-27T20:48:44.970+0200] {processor.py:838} WARNING - No viable dags retrieved from /Library/Frameworks/Python.framework/Versions/3.11/lib/python3.11/site-packages/airflow/example_dags/plugins/listener_plugin.py
[2023-07-27T20:48:45.259+0200] {processor.py:179} INFO - Processing /Library/Frameworks/Python.framework/Versions/3.11/lib/python3.11/site-packages/airflow/example_dags/plugins/listener_plugin.py took 0.291 seconds
[2023-07-27T20:49:34.044+0200] {processor.py:157} INFO - Started process (PID=6410) to work on /Library/Frameworks/Python.framework/Versions/3.11/lib/python3.11/site-packages/airflow/example_dags/plugins/listener_plugin.py
[2023-07-27T20:49:34.045+0200] {processor.py:826} INFO - Processing file /Library/Frameworks/Python.framework/Versions/3.11/lib/python3.11/site-packages/airflow/example_dags/plugins/listener_plugin.py for tasks to queue
[2023-07-27T20:49:34.045+0200] {logging_mixin.py:150} INFO - [2023-07-27T20:49:34.045+0200] {dagbag.py:541} INFO - Filling up the DagBag from /Library/Frameworks/Python.framework/Versions/3.11/lib/python3.11/site-packages/airflow/example_dags/plugins/listener_plugin.py
[2023-07-27T20:49:34.047+0200] {processor.py:838} WARNING - No viable dags retrieved from /Library/Frameworks/Python.framework/Versions/3.11/lib/python3.11/site-packages/airflow/example_dags/plugins/listener_plugin.py
[2023-07-27T20:49:34.348+0200] {processor.py:179} INFO - Processing /Library/Frameworks/Python.framework/Versions/3.11/lib/python3.11/site-packages/airflow/example_dags/plugins/listener_plugin.py took 0.304 seconds
[2023-07-27T22:51:03.915+0200] {processor.py:157} INFO - Started process (PID=8822) to work on /Library/Frameworks/Python.framework/Versions/3.11/lib/python3.11/site-packages/airflow/example_dags/plugins/listener_plugin.py
[2023-07-27T22:51:03.917+0200] {processor.py:826} INFO - Processing file /Library/Frameworks/Python.framework/Versions/3.11/lib/python3.11/site-packages/airflow/example_dags/plugins/listener_plugin.py for tasks to queue
[2023-07-27T22:51:03.917+0200] {logging_mixin.py:150} INFO - [2023-07-27T22:51:03.917+0200] {dagbag.py:541} INFO - Filling up the DagBag from /Library/Frameworks/Python.framework/Versions/3.11/lib/python3.11/site-packages/airflow/example_dags/plugins/listener_plugin.py
[2023-07-27T22:51:03.918+0200] {processor.py:838} WARNING - No viable dags retrieved from /Library/Frameworks/Python.framework/Versions/3.11/lib/python3.11/site-packages/airflow/example_dags/plugins/listener_plugin.py
[2023-07-27T22:51:04.274+0200] {processor.py:179} INFO - Processing /Library/Frameworks/Python.framework/Versions/3.11/lib/python3.11/site-packages/airflow/example_dags/plugins/listener_plugin.py took 0.359 seconds
