[2023-07-27T20:34:15.927+0200] {processor.py:157} INFO - Started process (PID=5676) to work on /Library/Frameworks/Python.framework/Versions/3.11/lib/python3.11/site-packages/airflow/example_dags/plugins/workday.py
[2023-07-27T20:34:15.928+0200] {processor.py:826} INFO - Processing file /Library/Frameworks/Python.framework/Versions/3.11/lib/python3.11/site-packages/airflow/example_dags/plugins/workday.py for tasks to queue
[2023-07-27T20:34:15.928+0200] {logging_mixin.py:150} INFO - [2023-07-27T20:34:15.928+0200] {dagbag.py:541} INFO - Filling up the DagBag from /Library/Frameworks/Python.framework/Versions/3.11/lib/python3.11/site-packages/airflow/example_dags/plugins/workday.py
[2023-07-27T20:34:17.110+0200] {processor.py:838} WARNING - No viable dags retrieved from /Library/Frameworks/Python.framework/Versions/3.11/lib/python3.11/site-packages/airflow/example_dags/plugins/workday.py
[2023-07-27T20:34:17.432+0200] {processor.py:179} INFO - Processing /Library/Frameworks/Python.framework/Versions/3.11/lib/python3.11/site-packages/airflow/example_dags/plugins/workday.py took 1.506 seconds
[2023-07-27T20:35:38.534+0200] {processor.py:157} INFO - Started process (PID=5735) to work on /Library/Frameworks/Python.framework/Versions/3.11/lib/python3.11/site-packages/airflow/example_dags/plugins/workday.py
[2023-07-27T20:35:38.536+0200] {processor.py:826} INFO - Processing file /Library/Frameworks/Python.framework/Versions/3.11/lib/python3.11/site-packages/airflow/example_dags/plugins/workday.py for tasks to queue
[2023-07-27T20:35:38.536+0200] {logging_mixin.py:150} INFO - [2023-07-27T20:35:38.536+0200] {dagbag.py:541} INFO - Filling up the DagBag from /Library/Frameworks/Python.framework/Versions/3.11/lib/python3.11/site-packages/airflow/example_dags/plugins/workday.py
[2023-07-27T20:35:38.873+0200] {processor.py:838} WARNING - No viable dags retrieved from /Library/Frameworks/Python.framework/Versions/3.11/lib/python3.11/site-packages/airflow/example_dags/plugins/workday.py
[2023-07-27T20:35:39.177+0200] {processor.py:179} INFO - Processing /Library/Frameworks/Python.framework/Versions/3.11/lib/python3.11/site-packages/airflow/example_dags/plugins/workday.py took 0.644 seconds
[2023-07-27T20:36:27.537+0200] {processor.py:157} INFO - Started process (PID=5778) to work on /Library/Frameworks/Python.framework/Versions/3.11/lib/python3.11/site-packages/airflow/example_dags/plugins/workday.py
[2023-07-27T20:36:27.539+0200] {processor.py:826} INFO - Processing file /Library/Frameworks/Python.framework/Versions/3.11/lib/python3.11/site-packages/airflow/example_dags/plugins/workday.py for tasks to queue
[2023-07-27T20:36:27.539+0200] {logging_mixin.py:150} INFO - [2023-07-27T20:36:27.539+0200] {dagbag.py:541} INFO - Filling up the DagBag from /Library/Frameworks/Python.framework/Versions/3.11/lib/python3.11/site-packages/airflow/example_dags/plugins/workday.py
[2023-07-27T20:36:27.852+0200] {processor.py:838} WARNING - No viable dags retrieved from /Library/Frameworks/Python.framework/Versions/3.11/lib/python3.11/site-packages/airflow/example_dags/plugins/workday.py
[2023-07-27T20:36:28.175+0200] {processor.py:179} INFO - Processing /Library/Frameworks/Python.framework/Versions/3.11/lib/python3.11/site-packages/airflow/example_dags/plugins/workday.py took 0.638 seconds
[2023-07-27T20:37:17.051+0200] {processor.py:157} INFO - Started process (PID=5812) to work on /Library/Frameworks/Python.framework/Versions/3.11/lib/python3.11/site-packages/airflow/example_dags/plugins/workday.py
[2023-07-27T20:37:17.052+0200] {processor.py:826} INFO - Processing file /Library/Frameworks/Python.framework/Versions/3.11/lib/python3.11/site-packages/airflow/example_dags/plugins/workday.py for tasks to queue
[2023-07-27T20:37:17.053+0200] {logging_mixin.py:150} INFO - [2023-07-27T20:37:17.052+0200] {dagbag.py:541} INFO - Filling up the DagBag from /Library/Frameworks/Python.framework/Versions/3.11/lib/python3.11/site-packages/airflow/example_dags/plugins/workday.py
[2023-07-27T20:37:17.264+0200] {processor.py:838} WARNING - No viable dags retrieved from /Library/Frameworks/Python.framework/Versions/3.11/lib/python3.11/site-packages/airflow/example_dags/plugins/workday.py
[2023-07-27T20:37:17.604+0200] {processor.py:179} INFO - Processing /Library/Frameworks/Python.framework/Versions/3.11/lib/python3.11/site-packages/airflow/example_dags/plugins/workday.py took 0.553 seconds
[2023-07-27T20:38:08.058+0200] {processor.py:157} INFO - Started process (PID=5842) to work on /Library/Frameworks/Python.framework/Versions/3.11/lib/python3.11/site-packages/airflow/example_dags/plugins/workday.py
[2023-07-27T20:38:08.059+0200] {processor.py:826} INFO - Processing file /Library/Frameworks/Python.framework/Versions/3.11/lib/python3.11/site-packages/airflow/example_dags/plugins/workday.py for tasks to queue
[2023-07-27T20:38:08.059+0200] {logging_mixin.py:150} INFO - [2023-07-27T20:38:08.059+0200] {dagbag.py:541} INFO - Filling up the DagBag from /Library/Frameworks/Python.framework/Versions/3.11/lib/python3.11/site-packages/airflow/example_dags/plugins/workday.py
[2023-07-27T20:38:08.221+0200] {processor.py:838} WARNING - No viable dags retrieved from /Library/Frameworks/Python.framework/Versions/3.11/lib/python3.11/site-packages/airflow/example_dags/plugins/workday.py
[2023-07-27T20:38:08.569+0200] {processor.py:179} INFO - Processing /Library/Frameworks/Python.framework/Versions/3.11/lib/python3.11/site-packages/airflow/example_dags/plugins/workday.py took 0.511 seconds
[2023-07-27T20:38:57.535+0200] {processor.py:157} INFO - Started process (PID=5880) to work on /Library/Frameworks/Python.framework/Versions/3.11/lib/python3.11/site-packages/airflow/example_dags/plugins/workday.py
[2023-07-27T20:38:57.536+0200] {processor.py:826} INFO - Processing file /Library/Frameworks/Python.framework/Versions/3.11/lib/python3.11/site-packages/airflow/example_dags/plugins/workday.py for tasks to queue
[2023-07-27T20:38:57.536+0200] {logging_mixin.py:150} INFO - [2023-07-27T20:38:57.536+0200] {dagbag.py:541} INFO - Filling up the DagBag from /Library/Frameworks/Python.framework/Versions/3.11/lib/python3.11/site-packages/airflow/example_dags/plugins/workday.py
[2023-07-27T20:38:57.713+0200] {processor.py:838} WARNING - No viable dags retrieved from /Library/Frameworks/Python.framework/Versions/3.11/lib/python3.11/site-packages/airflow/example_dags/plugins/workday.py
[2023-07-27T20:38:58.050+0200] {processor.py:179} INFO - Processing /Library/Frameworks/Python.framework/Versions/3.11/lib/python3.11/site-packages/airflow/example_dags/plugins/workday.py took 0.515 seconds
[2023-07-27T20:39:46.263+0200] {processor.py:157} INFO - Started process (PID=5920) to work on /Library/Frameworks/Python.framework/Versions/3.11/lib/python3.11/site-packages/airflow/example_dags/plugins/workday.py
[2023-07-27T20:39:46.265+0200] {processor.py:826} INFO - Processing file /Library/Frameworks/Python.framework/Versions/3.11/lib/python3.11/site-packages/airflow/example_dags/plugins/workday.py for tasks to queue
[2023-07-27T20:39:46.265+0200] {logging_mixin.py:150} INFO - [2023-07-27T20:39:46.265+0200] {dagbag.py:541} INFO - Filling up the DagBag from /Library/Frameworks/Python.framework/Versions/3.11/lib/python3.11/site-packages/airflow/example_dags/plugins/workday.py
[2023-07-27T20:39:46.435+0200] {processor.py:838} WARNING - No viable dags retrieved from /Library/Frameworks/Python.framework/Versions/3.11/lib/python3.11/site-packages/airflow/example_dags/plugins/workday.py
[2023-07-27T20:39:46.774+0200] {processor.py:179} INFO - Processing /Library/Frameworks/Python.framework/Versions/3.11/lib/python3.11/site-packages/airflow/example_dags/plugins/workday.py took 0.511 seconds
[2023-07-27T20:40:37.050+0200] {processor.py:157} INFO - Started process (PID=5959) to work on /Library/Frameworks/Python.framework/Versions/3.11/lib/python3.11/site-packages/airflow/example_dags/plugins/workday.py
[2023-07-27T20:40:37.051+0200] {processor.py:826} INFO - Processing file /Library/Frameworks/Python.framework/Versions/3.11/lib/python3.11/site-packages/airflow/example_dags/plugins/workday.py for tasks to queue
[2023-07-27T20:40:37.051+0200] {logging_mixin.py:150} INFO - [2023-07-27T20:40:37.051+0200] {dagbag.py:541} INFO - Filling up the DagBag from /Library/Frameworks/Python.framework/Versions/3.11/lib/python3.11/site-packages/airflow/example_dags/plugins/workday.py
[2023-07-27T20:40:37.202+0200] {processor.py:838} WARNING - No viable dags retrieved from /Library/Frameworks/Python.framework/Versions/3.11/lib/python3.11/site-packages/airflow/example_dags/plugins/workday.py
[2023-07-27T20:40:37.561+0200] {processor.py:179} INFO - Processing /Library/Frameworks/Python.framework/Versions/3.11/lib/python3.11/site-packages/airflow/example_dags/plugins/workday.py took 0.511 seconds
[2023-07-27T20:41:28.121+0200] {processor.py:157} INFO - Started process (PID=5999) to work on /Library/Frameworks/Python.framework/Versions/3.11/lib/python3.11/site-packages/airflow/example_dags/plugins/workday.py
[2023-07-27T20:41:28.123+0200] {processor.py:826} INFO - Processing file /Library/Frameworks/Python.framework/Versions/3.11/lib/python3.11/site-packages/airflow/example_dags/plugins/workday.py for tasks to queue
[2023-07-27T20:41:28.123+0200] {logging_mixin.py:150} INFO - [2023-07-27T20:41:28.123+0200] {dagbag.py:541} INFO - Filling up the DagBag from /Library/Frameworks/Python.framework/Versions/3.11/lib/python3.11/site-packages/airflow/example_dags/plugins/workday.py
[2023-07-27T20:41:28.325+0200] {processor.py:838} WARNING - No viable dags retrieved from /Library/Frameworks/Python.framework/Versions/3.11/lib/python3.11/site-packages/airflow/example_dags/plugins/workday.py
[2023-07-27T20:41:28.684+0200] {processor.py:179} INFO - Processing /Library/Frameworks/Python.framework/Versions/3.11/lib/python3.11/site-packages/airflow/example_dags/plugins/workday.py took 0.564 seconds
[2023-07-27T20:42:16.919+0200] {processor.py:157} INFO - Started process (PID=6035) to work on /Library/Frameworks/Python.framework/Versions/3.11/lib/python3.11/site-packages/airflow/example_dags/plugins/workday.py
[2023-07-27T20:42:16.920+0200] {processor.py:826} INFO - Processing file /Library/Frameworks/Python.framework/Versions/3.11/lib/python3.11/site-packages/airflow/example_dags/plugins/workday.py for tasks to queue
[2023-07-27T20:42:16.920+0200] {logging_mixin.py:150} INFO - [2023-07-27T20:42:16.920+0200] {dagbag.py:541} INFO - Filling up the DagBag from /Library/Frameworks/Python.framework/Versions/3.11/lib/python3.11/site-packages/airflow/example_dags/plugins/workday.py
[2023-07-27T20:42:17.088+0200] {processor.py:838} WARNING - No viable dags retrieved from /Library/Frameworks/Python.framework/Versions/3.11/lib/python3.11/site-packages/airflow/example_dags/plugins/workday.py
[2023-07-27T20:42:17.431+0200] {processor.py:179} INFO - Processing /Library/Frameworks/Python.framework/Versions/3.11/lib/python3.11/site-packages/airflow/example_dags/plugins/workday.py took 0.513 seconds
[2023-07-27T20:43:05.693+0200] {processor.py:157} INFO - Started process (PID=6075) to work on /Library/Frameworks/Python.framework/Versions/3.11/lib/python3.11/site-packages/airflow/example_dags/plugins/workday.py
[2023-07-27T20:43:05.694+0200] {processor.py:826} INFO - Processing file /Library/Frameworks/Python.framework/Versions/3.11/lib/python3.11/site-packages/airflow/example_dags/plugins/workday.py for tasks to queue
[2023-07-27T20:43:05.694+0200] {logging_mixin.py:150} INFO - [2023-07-27T20:43:05.694+0200] {dagbag.py:541} INFO - Filling up the DagBag from /Library/Frameworks/Python.framework/Versions/3.11/lib/python3.11/site-packages/airflow/example_dags/plugins/workday.py
[2023-07-27T20:43:05.890+0200] {processor.py:838} WARNING - No viable dags retrieved from /Library/Frameworks/Python.framework/Versions/3.11/lib/python3.11/site-packages/airflow/example_dags/plugins/workday.py
[2023-07-27T20:43:06.209+0200] {processor.py:179} INFO - Processing /Library/Frameworks/Python.framework/Versions/3.11/lib/python3.11/site-packages/airflow/example_dags/plugins/workday.py took 0.516 seconds
[2023-07-27T20:43:54.238+0200] {processor.py:157} INFO - Started process (PID=6114) to work on /Library/Frameworks/Python.framework/Versions/3.11/lib/python3.11/site-packages/airflow/example_dags/plugins/workday.py
[2023-07-27T20:43:54.240+0200] {processor.py:826} INFO - Processing file /Library/Frameworks/Python.framework/Versions/3.11/lib/python3.11/site-packages/airflow/example_dags/plugins/workday.py for tasks to queue
[2023-07-27T20:43:54.240+0200] {logging_mixin.py:150} INFO - [2023-07-27T20:43:54.240+0200] {dagbag.py:541} INFO - Filling up the DagBag from /Library/Frameworks/Python.framework/Versions/3.11/lib/python3.11/site-packages/airflow/example_dags/plugins/workday.py
[2023-07-27T20:43:54.427+0200] {processor.py:838} WARNING - No viable dags retrieved from /Library/Frameworks/Python.framework/Versions/3.11/lib/python3.11/site-packages/airflow/example_dags/plugins/workday.py
[2023-07-27T20:43:54.781+0200] {processor.py:179} INFO - Processing /Library/Frameworks/Python.framework/Versions/3.11/lib/python3.11/site-packages/airflow/example_dags/plugins/workday.py took 0.543 seconds
[2023-07-27T20:44:42.357+0200] {processor.py:157} INFO - Started process (PID=6149) to work on /Library/Frameworks/Python.framework/Versions/3.11/lib/python3.11/site-packages/airflow/example_dags/plugins/workday.py
[2023-07-27T20:44:42.359+0200] {processor.py:826} INFO - Processing file /Library/Frameworks/Python.framework/Versions/3.11/lib/python3.11/site-packages/airflow/example_dags/plugins/workday.py for tasks to queue
[2023-07-27T20:44:42.359+0200] {logging_mixin.py:150} INFO - [2023-07-27T20:44:42.359+0200] {dagbag.py:541} INFO - Filling up the DagBag from /Library/Frameworks/Python.framework/Versions/3.11/lib/python3.11/site-packages/airflow/example_dags/plugins/workday.py
[2023-07-27T20:44:42.653+0200] {processor.py:838} WARNING - No viable dags retrieved from /Library/Frameworks/Python.framework/Versions/3.11/lib/python3.11/site-packages/airflow/example_dags/plugins/workday.py
[2023-07-27T20:44:42.960+0200] {processor.py:179} INFO - Processing /Library/Frameworks/Python.framework/Versions/3.11/lib/python3.11/site-packages/airflow/example_dags/plugins/workday.py took 0.604 seconds
[2023-07-27T20:45:29.524+0200] {processor.py:157} INFO - Started process (PID=6188) to work on /Library/Frameworks/Python.framework/Versions/3.11/lib/python3.11/site-packages/airflow/example_dags/plugins/workday.py
[2023-07-27T20:45:29.526+0200] {processor.py:826} INFO - Processing file /Library/Frameworks/Python.framework/Versions/3.11/lib/python3.11/site-packages/airflow/example_dags/plugins/workday.py for tasks to queue
[2023-07-27T20:45:29.526+0200] {logging_mixin.py:150} INFO - [2023-07-27T20:45:29.526+0200] {dagbag.py:541} INFO - Filling up the DagBag from /Library/Frameworks/Python.framework/Versions/3.11/lib/python3.11/site-packages/airflow/example_dags/plugins/workday.py
[2023-07-27T20:45:29.723+0200] {processor.py:838} WARNING - No viable dags retrieved from /Library/Frameworks/Python.framework/Versions/3.11/lib/python3.11/site-packages/airflow/example_dags/plugins/workday.py
[2023-07-27T20:45:30.072+0200] {processor.py:179} INFO - Processing /Library/Frameworks/Python.framework/Versions/3.11/lib/python3.11/site-packages/airflow/example_dags/plugins/workday.py took 0.548 seconds
[2023-07-27T20:46:16.299+0200] {processor.py:157} INFO - Started process (PID=6223) to work on /Library/Frameworks/Python.framework/Versions/3.11/lib/python3.11/site-packages/airflow/example_dags/plugins/workday.py
[2023-07-27T20:46:16.301+0200] {processor.py:826} INFO - Processing file /Library/Frameworks/Python.framework/Versions/3.11/lib/python3.11/site-packages/airflow/example_dags/plugins/workday.py for tasks to queue
[2023-07-27T20:46:16.301+0200] {logging_mixin.py:150} INFO - [2023-07-27T20:46:16.301+0200] {dagbag.py:541} INFO - Filling up the DagBag from /Library/Frameworks/Python.framework/Versions/3.11/lib/python3.11/site-packages/airflow/example_dags/plugins/workday.py
[2023-07-27T20:46:16.476+0200] {processor.py:838} WARNING - No viable dags retrieved from /Library/Frameworks/Python.framework/Versions/3.11/lib/python3.11/site-packages/airflow/example_dags/plugins/workday.py
[2023-07-27T20:46:16.837+0200] {processor.py:179} INFO - Processing /Library/Frameworks/Python.framework/Versions/3.11/lib/python3.11/site-packages/airflow/example_dags/plugins/workday.py took 0.538 seconds
[2023-07-27T20:47:04.113+0200] {processor.py:157} INFO - Started process (PID=6268) to work on /Library/Frameworks/Python.framework/Versions/3.11/lib/python3.11/site-packages/airflow/example_dags/plugins/workday.py
[2023-07-27T20:47:04.114+0200] {processor.py:826} INFO - Processing file /Library/Frameworks/Python.framework/Versions/3.11/lib/python3.11/site-packages/airflow/example_dags/plugins/workday.py for tasks to queue
[2023-07-27T20:47:04.115+0200] {logging_mixin.py:150} INFO - [2023-07-27T20:47:04.115+0200] {dagbag.py:541} INFO - Filling up the DagBag from /Library/Frameworks/Python.framework/Versions/3.11/lib/python3.11/site-packages/airflow/example_dags/plugins/workday.py
[2023-07-27T20:47:04.283+0200] {processor.py:838} WARNING - No viable dags retrieved from /Library/Frameworks/Python.framework/Versions/3.11/lib/python3.11/site-packages/airflow/example_dags/plugins/workday.py
[2023-07-27T20:47:04.632+0200] {processor.py:179} INFO - Processing /Library/Frameworks/Python.framework/Versions/3.11/lib/python3.11/site-packages/airflow/example_dags/plugins/workday.py took 0.519 seconds
[2023-07-27T20:47:53.070+0200] {processor.py:157} INFO - Started process (PID=6310) to work on /Library/Frameworks/Python.framework/Versions/3.11/lib/python3.11/site-packages/airflow/example_dags/plugins/workday.py
[2023-07-27T20:47:53.072+0200] {processor.py:826} INFO - Processing file /Library/Frameworks/Python.framework/Versions/3.11/lib/python3.11/site-packages/airflow/example_dags/plugins/workday.py for tasks to queue
[2023-07-27T20:47:53.072+0200] {logging_mixin.py:150} INFO - [2023-07-27T20:47:53.072+0200] {dagbag.py:541} INFO - Filling up the DagBag from /Library/Frameworks/Python.framework/Versions/3.11/lib/python3.11/site-packages/airflow/example_dags/plugins/workday.py
[2023-07-27T20:47:53.252+0200] {processor.py:838} WARNING - No viable dags retrieved from /Library/Frameworks/Python.framework/Versions/3.11/lib/python3.11/site-packages/airflow/example_dags/plugins/workday.py
[2023-07-27T20:47:53.588+0200] {processor.py:179} INFO - Processing /Library/Frameworks/Python.framework/Versions/3.11/lib/python3.11/site-packages/airflow/example_dags/plugins/workday.py took 0.518 seconds
[2023-07-27T20:48:42.922+0200] {processor.py:157} INFO - Started process (PID=6342) to work on /Library/Frameworks/Python.framework/Versions/3.11/lib/python3.11/site-packages/airflow/example_dags/plugins/workday.py
[2023-07-27T20:48:42.923+0200] {processor.py:826} INFO - Processing file /Library/Frameworks/Python.framework/Versions/3.11/lib/python3.11/site-packages/airflow/example_dags/plugins/workday.py for tasks to queue
[2023-07-27T20:48:42.923+0200] {logging_mixin.py:150} INFO - [2023-07-27T20:48:42.923+0200] {dagbag.py:541} INFO - Filling up the DagBag from /Library/Frameworks/Python.framework/Versions/3.11/lib/python3.11/site-packages/airflow/example_dags/plugins/workday.py
[2023-07-27T20:48:43.125+0200] {processor.py:838} WARNING - No viable dags retrieved from /Library/Frameworks/Python.framework/Versions/3.11/lib/python3.11/site-packages/airflow/example_dags/plugins/workday.py
[2023-07-27T20:48:43.459+0200] {processor.py:179} INFO - Processing /Library/Frameworks/Python.framework/Versions/3.11/lib/python3.11/site-packages/airflow/example_dags/plugins/workday.py took 0.538 seconds
[2023-07-27T20:49:31.975+0200] {processor.py:157} INFO - Started process (PID=6385) to work on /Library/Frameworks/Python.framework/Versions/3.11/lib/python3.11/site-packages/airflow/example_dags/plugins/workday.py
[2023-07-27T20:49:31.977+0200] {processor.py:826} INFO - Processing file /Library/Frameworks/Python.framework/Versions/3.11/lib/python3.11/site-packages/airflow/example_dags/plugins/workday.py for tasks to queue
[2023-07-27T20:49:31.977+0200] {logging_mixin.py:150} INFO - [2023-07-27T20:49:31.977+0200] {dagbag.py:541} INFO - Filling up the DagBag from /Library/Frameworks/Python.framework/Versions/3.11/lib/python3.11/site-packages/airflow/example_dags/plugins/workday.py
[2023-07-27T20:49:32.188+0200] {processor.py:838} WARNING - No viable dags retrieved from /Library/Frameworks/Python.framework/Versions/3.11/lib/python3.11/site-packages/airflow/example_dags/plugins/workday.py
[2023-07-27T20:49:32.537+0200] {processor.py:179} INFO - Processing /Library/Frameworks/Python.framework/Versions/3.11/lib/python3.11/site-packages/airflow/example_dags/plugins/workday.py took 0.562 seconds
[2023-07-27T22:51:02.986+0200] {processor.py:157} INFO - Started process (PID=8811) to work on /Library/Frameworks/Python.framework/Versions/3.11/lib/python3.11/site-packages/airflow/example_dags/plugins/workday.py
[2023-07-27T22:51:02.988+0200] {processor.py:826} INFO - Processing file /Library/Frameworks/Python.framework/Versions/3.11/lib/python3.11/site-packages/airflow/example_dags/plugins/workday.py for tasks to queue
[2023-07-27T22:51:02.988+0200] {logging_mixin.py:150} INFO - [2023-07-27T22:51:02.988+0200] {dagbag.py:541} INFO - Filling up the DagBag from /Library/Frameworks/Python.framework/Versions/3.11/lib/python3.11/site-packages/airflow/example_dags/plugins/workday.py
[2023-07-27T22:51:04.214+0200] {processor.py:838} WARNING - No viable dags retrieved from /Library/Frameworks/Python.framework/Versions/3.11/lib/python3.11/site-packages/airflow/example_dags/plugins/workday.py
[2023-07-27T22:51:04.584+0200] {processor.py:179} INFO - Processing /Library/Frameworks/Python.framework/Versions/3.11/lib/python3.11/site-packages/airflow/example_dags/plugins/workday.py took 1.598 seconds
