[2023-07-27T20:34:36.076+0200] {processor.py:157} INFO - Started process (PID=5691) to work on /Library/Frameworks/Python.framework/Versions/3.11/lib/python3.11/site-packages/airflow/example_dags/example_time_delta_sensor_async.py
[2023-07-27T20:34:36.077+0200] {processor.py:826} INFO - Processing file /Library/Frameworks/Python.framework/Versions/3.11/lib/python3.11/site-packages/airflow/example_dags/example_time_delta_sensor_async.py for tasks to queue
[2023-07-27T20:34:36.077+0200] {logging_mixin.py:150} INFO - [2023-07-27T20:34:36.077+0200] {dagbag.py:541} INFO - Filling up the DagBag from /Library/Frameworks/Python.framework/Versions/3.11/lib/python3.11/site-packages/airflow/example_dags/example_time_delta_sensor_async.py
[2023-07-27T20:34:36.084+0200] {processor.py:836} INFO - DAG(s) dict_keys(['example_time_delta_sensor_async']) retrieved from /Library/Frameworks/Python.framework/Versions/3.11/lib/python3.11/site-packages/airflow/example_dags/example_time_delta_sensor_async.py
[2023-07-27T20:34:36.461+0200] {logging_mixin.py:150} INFO - [2023-07-27T20:34:36.461+0200] {manager.py:504} INFO - Created Permission View: can read on DAG:example_time_delta_sensor_async
[2023-07-27T20:34:36.464+0200] {logging_mixin.py:150} INFO - [2023-07-27T20:34:36.463+0200] {manager.py:504} INFO - Created Permission View: can delete on DAG:example_time_delta_sensor_async
[2023-07-27T20:34:36.465+0200] {logging_mixin.py:150} INFO - [2023-07-27T20:34:36.465+0200] {manager.py:504} INFO - Created Permission View: can edit on DAG:example_time_delta_sensor_async
[2023-07-27T20:34:36.468+0200] {logging_mixin.py:150} INFO - [2023-07-27T20:34:36.468+0200] {dag.py:2742} INFO - Sync 1 DAGs
[2023-07-27T20:34:36.471+0200] {logging_mixin.py:150} INFO - [2023-07-27T20:34:36.471+0200] {dag.py:2763} INFO - Creating ORM DAG for example_time_delta_sensor_async
[2023-07-27T20:34:36.473+0200] {logging_mixin.py:150} INFO - [2023-07-27T20:34:36.473+0200] {dag.py:3504} INFO - Setting next_dagrun for example_time_delta_sensor_async to None, run_after=None
[2023-07-27T20:34:36.478+0200] {processor.py:179} INFO - Processing /Library/Frameworks/Python.framework/Versions/3.11/lib/python3.11/site-packages/airflow/example_dags/example_time_delta_sensor_async.py took 0.402 seconds
[2023-07-27T20:35:57.529+0200] {processor.py:157} INFO - Started process (PID=5748) to work on /Library/Frameworks/Python.framework/Versions/3.11/lib/python3.11/site-packages/airflow/example_dags/example_time_delta_sensor_async.py
[2023-07-27T20:35:57.531+0200] {processor.py:826} INFO - Processing file /Library/Frameworks/Python.framework/Versions/3.11/lib/python3.11/site-packages/airflow/example_dags/example_time_delta_sensor_async.py for tasks to queue
[2023-07-27T20:35:57.531+0200] {logging_mixin.py:150} INFO - [2023-07-27T20:35:57.531+0200] {dagbag.py:541} INFO - Filling up the DagBag from /Library/Frameworks/Python.framework/Versions/3.11/lib/python3.11/site-packages/airflow/example_dags/example_time_delta_sensor_async.py
[2023-07-27T20:35:57.537+0200] {processor.py:836} INFO - DAG(s) dict_keys(['example_time_delta_sensor_async']) retrieved from /Library/Frameworks/Python.framework/Versions/3.11/lib/python3.11/site-packages/airflow/example_dags/example_time_delta_sensor_async.py
[2023-07-27T20:35:57.876+0200] {logging_mixin.py:150} INFO - [2023-07-27T20:35:57.876+0200] {dag.py:2742} INFO - Sync 1 DAGs
[2023-07-27T20:35:57.881+0200] {logging_mixin.py:150} INFO - [2023-07-27T20:35:57.881+0200] {dag.py:3504} INFO - Setting next_dagrun for example_time_delta_sensor_async to None, run_after=None
[2023-07-27T20:35:57.887+0200] {processor.py:179} INFO - Processing /Library/Frameworks/Python.framework/Versions/3.11/lib/python3.11/site-packages/airflow/example_dags/example_time_delta_sensor_async.py took 0.358 seconds
[2023-07-27T20:37:36.664+0200] {processor.py:157} INFO - Started process (PID=5824) to work on /Library/Frameworks/Python.framework/Versions/3.11/lib/python3.11/site-packages/airflow/example_dags/example_time_delta_sensor_async.py
[2023-07-27T20:37:36.666+0200] {processor.py:826} INFO - Processing file /Library/Frameworks/Python.framework/Versions/3.11/lib/python3.11/site-packages/airflow/example_dags/example_time_delta_sensor_async.py for tasks to queue
[2023-07-27T20:37:36.666+0200] {logging_mixin.py:150} INFO - [2023-07-27T20:37:36.666+0200] {dagbag.py:541} INFO - Filling up the DagBag from /Library/Frameworks/Python.framework/Versions/3.11/lib/python3.11/site-packages/airflow/example_dags/example_time_delta_sensor_async.py
[2023-07-27T20:37:36.673+0200] {processor.py:836} INFO - DAG(s) dict_keys(['example_time_delta_sensor_async']) retrieved from /Library/Frameworks/Python.framework/Versions/3.11/lib/python3.11/site-packages/airflow/example_dags/example_time_delta_sensor_async.py
[2023-07-27T20:37:37.002+0200] {logging_mixin.py:150} INFO - [2023-07-27T20:37:37.002+0200] {dag.py:2742} INFO - Sync 1 DAGs
[2023-07-27T20:37:37.007+0200] {logging_mixin.py:150} INFO - [2023-07-27T20:37:37.007+0200] {dag.py:3504} INFO - Setting next_dagrun for example_time_delta_sensor_async to None, run_after=None
[2023-07-27T20:37:37.012+0200] {processor.py:179} INFO - Processing /Library/Frameworks/Python.framework/Versions/3.11/lib/python3.11/site-packages/airflow/example_dags/example_time_delta_sensor_async.py took 0.349 seconds
[2023-07-27T20:39:14.344+0200] {processor.py:157} INFO - Started process (PID=5890) to work on /Library/Frameworks/Python.framework/Versions/3.11/lib/python3.11/site-packages/airflow/example_dags/example_time_delta_sensor_async.py
[2023-07-27T20:39:14.345+0200] {processor.py:826} INFO - Processing file /Library/Frameworks/Python.framework/Versions/3.11/lib/python3.11/site-packages/airflow/example_dags/example_time_delta_sensor_async.py for tasks to queue
[2023-07-27T20:39:14.345+0200] {logging_mixin.py:150} INFO - [2023-07-27T20:39:14.345+0200] {dagbag.py:541} INFO - Filling up the DagBag from /Library/Frameworks/Python.framework/Versions/3.11/lib/python3.11/site-packages/airflow/example_dags/example_time_delta_sensor_async.py
[2023-07-27T20:39:14.351+0200] {processor.py:836} INFO - DAG(s) dict_keys(['example_time_delta_sensor_async']) retrieved from /Library/Frameworks/Python.framework/Versions/3.11/lib/python3.11/site-packages/airflow/example_dags/example_time_delta_sensor_async.py
[2023-07-27T20:39:14.690+0200] {logging_mixin.py:150} INFO - [2023-07-27T20:39:14.690+0200] {dag.py:2742} INFO - Sync 1 DAGs
[2023-07-27T20:39:14.695+0200] {logging_mixin.py:150} INFO - [2023-07-27T20:39:14.695+0200] {dag.py:3504} INFO - Setting next_dagrun for example_time_delta_sensor_async to None, run_after=None
[2023-07-27T20:39:14.701+0200] {processor.py:179} INFO - Processing /Library/Frameworks/Python.framework/Versions/3.11/lib/python3.11/site-packages/airflow/example_dags/example_time_delta_sensor_async.py took 0.357 seconds
[2023-07-27T20:40:55.854+0200] {processor.py:157} INFO - Started process (PID=5970) to work on /Library/Frameworks/Python.framework/Versions/3.11/lib/python3.11/site-packages/airflow/example_dags/example_time_delta_sensor_async.py
[2023-07-27T20:40:55.855+0200] {processor.py:826} INFO - Processing file /Library/Frameworks/Python.framework/Versions/3.11/lib/python3.11/site-packages/airflow/example_dags/example_time_delta_sensor_async.py for tasks to queue
[2023-07-27T20:40:55.855+0200] {logging_mixin.py:150} INFO - [2023-07-27T20:40:55.855+0200] {dagbag.py:541} INFO - Filling up the DagBag from /Library/Frameworks/Python.framework/Versions/3.11/lib/python3.11/site-packages/airflow/example_dags/example_time_delta_sensor_async.py
[2023-07-27T20:40:55.861+0200] {processor.py:836} INFO - DAG(s) dict_keys(['example_time_delta_sensor_async']) retrieved from /Library/Frameworks/Python.framework/Versions/3.11/lib/python3.11/site-packages/airflow/example_dags/example_time_delta_sensor_async.py
[2023-07-27T20:40:56.200+0200] {logging_mixin.py:150} INFO - [2023-07-27T20:40:56.199+0200] {dag.py:2742} INFO - Sync 1 DAGs
[2023-07-27T20:40:56.205+0200] {logging_mixin.py:150} INFO - [2023-07-27T20:40:56.204+0200] {dag.py:3504} INFO - Setting next_dagrun for example_time_delta_sensor_async to None, run_after=None
[2023-07-27T20:40:56.210+0200] {processor.py:179} INFO - Processing /Library/Frameworks/Python.framework/Versions/3.11/lib/python3.11/site-packages/airflow/example_dags/example_time_delta_sensor_async.py took 0.357 seconds
[2023-07-27T20:42:34.978+0200] {processor.py:157} INFO - Started process (PID=6046) to work on /Library/Frameworks/Python.framework/Versions/3.11/lib/python3.11/site-packages/airflow/example_dags/example_time_delta_sensor_async.py
[2023-07-27T20:42:34.980+0200] {processor.py:826} INFO - Processing file /Library/Frameworks/Python.framework/Versions/3.11/lib/python3.11/site-packages/airflow/example_dags/example_time_delta_sensor_async.py for tasks to queue
[2023-07-27T20:42:34.980+0200] {logging_mixin.py:150} INFO - [2023-07-27T20:42:34.980+0200] {dagbag.py:541} INFO - Filling up the DagBag from /Library/Frameworks/Python.framework/Versions/3.11/lib/python3.11/site-packages/airflow/example_dags/example_time_delta_sensor_async.py
[2023-07-27T20:42:34.985+0200] {processor.py:836} INFO - DAG(s) dict_keys(['example_time_delta_sensor_async']) retrieved from /Library/Frameworks/Python.framework/Versions/3.11/lib/python3.11/site-packages/airflow/example_dags/example_time_delta_sensor_async.py
[2023-07-27T20:42:35.323+0200] {logging_mixin.py:150} INFO - [2023-07-27T20:42:35.323+0200] {dag.py:2742} INFO - Sync 1 DAGs
[2023-07-27T20:42:35.328+0200] {logging_mixin.py:150} INFO - [2023-07-27T20:42:35.328+0200] {dag.py:3504} INFO - Setting next_dagrun for example_time_delta_sensor_async to None, run_after=None
[2023-07-27T20:42:35.333+0200] {processor.py:179} INFO - Processing /Library/Frameworks/Python.framework/Versions/3.11/lib/python3.11/site-packages/airflow/example_dags/example_time_delta_sensor_async.py took 0.355 seconds
[2023-07-27T20:44:10.061+0200] {processor.py:157} INFO - Started process (PID=6127) to work on /Library/Frameworks/Python.framework/Versions/3.11/lib/python3.11/site-packages/airflow/example_dags/example_time_delta_sensor_async.py
[2023-07-27T20:44:10.062+0200] {processor.py:826} INFO - Processing file /Library/Frameworks/Python.framework/Versions/3.11/lib/python3.11/site-packages/airflow/example_dags/example_time_delta_sensor_async.py for tasks to queue
[2023-07-27T20:44:10.062+0200] {logging_mixin.py:150} INFO - [2023-07-27T20:44:10.062+0200] {dagbag.py:541} INFO - Filling up the DagBag from /Library/Frameworks/Python.framework/Versions/3.11/lib/python3.11/site-packages/airflow/example_dags/example_time_delta_sensor_async.py
[2023-07-27T20:44:10.067+0200] {processor.py:836} INFO - DAG(s) dict_keys(['example_time_delta_sensor_async']) retrieved from /Library/Frameworks/Python.framework/Versions/3.11/lib/python3.11/site-packages/airflow/example_dags/example_time_delta_sensor_async.py
[2023-07-27T20:44:10.402+0200] {logging_mixin.py:150} INFO - [2023-07-27T20:44:10.401+0200] {dag.py:2742} INFO - Sync 1 DAGs
[2023-07-27T20:44:10.407+0200] {logging_mixin.py:150} INFO - [2023-07-27T20:44:10.406+0200] {dag.py:3504} INFO - Setting next_dagrun for example_time_delta_sensor_async to None, run_after=None
[2023-07-27T20:44:10.412+0200] {processor.py:179} INFO - Processing /Library/Frameworks/Python.framework/Versions/3.11/lib/python3.11/site-packages/airflow/example_dags/example_time_delta_sensor_async.py took 0.352 seconds
[2023-07-27T20:45:45.688+0200] {processor.py:157} INFO - Started process (PID=6203) to work on /Library/Frameworks/Python.framework/Versions/3.11/lib/python3.11/site-packages/airflow/example_dags/example_time_delta_sensor_async.py
[2023-07-27T20:45:45.690+0200] {processor.py:826} INFO - Processing file /Library/Frameworks/Python.framework/Versions/3.11/lib/python3.11/site-packages/airflow/example_dags/example_time_delta_sensor_async.py for tasks to queue
[2023-07-27T20:45:45.690+0200] {logging_mixin.py:150} INFO - [2023-07-27T20:45:45.690+0200] {dagbag.py:541} INFO - Filling up the DagBag from /Library/Frameworks/Python.framework/Versions/3.11/lib/python3.11/site-packages/airflow/example_dags/example_time_delta_sensor_async.py
[2023-07-27T20:45:45.696+0200] {processor.py:836} INFO - DAG(s) dict_keys(['example_time_delta_sensor_async']) retrieved from /Library/Frameworks/Python.framework/Versions/3.11/lib/python3.11/site-packages/airflow/example_dags/example_time_delta_sensor_async.py
[2023-07-27T20:45:46.069+0200] {logging_mixin.py:150} INFO - [2023-07-27T20:45:46.069+0200] {dag.py:2742} INFO - Sync 1 DAGs
[2023-07-27T20:45:46.075+0200] {logging_mixin.py:150} INFO - [2023-07-27T20:45:46.075+0200] {dag.py:3504} INFO - Setting next_dagrun for example_time_delta_sensor_async to None, run_after=None
[2023-07-27T20:45:46.081+0200] {processor.py:179} INFO - Processing /Library/Frameworks/Python.framework/Versions/3.11/lib/python3.11/site-packages/airflow/example_dags/example_time_delta_sensor_async.py took 0.393 seconds
[2023-07-27T20:47:21.637+0200] {processor.py:157} INFO - Started process (PID=6283) to work on /Library/Frameworks/Python.framework/Versions/3.11/lib/python3.11/site-packages/airflow/example_dags/example_time_delta_sensor_async.py
[2023-07-27T20:47:21.639+0200] {processor.py:826} INFO - Processing file /Library/Frameworks/Python.framework/Versions/3.11/lib/python3.11/site-packages/airflow/example_dags/example_time_delta_sensor_async.py for tasks to queue
[2023-07-27T20:47:21.639+0200] {logging_mixin.py:150} INFO - [2023-07-27T20:47:21.639+0200] {dagbag.py:541} INFO - Filling up the DagBag from /Library/Frameworks/Python.framework/Versions/3.11/lib/python3.11/site-packages/airflow/example_dags/example_time_delta_sensor_async.py
[2023-07-27T20:47:21.645+0200] {processor.py:836} INFO - DAG(s) dict_keys(['example_time_delta_sensor_async']) retrieved from /Library/Frameworks/Python.framework/Versions/3.11/lib/python3.11/site-packages/airflow/example_dags/example_time_delta_sensor_async.py
[2023-07-27T20:47:21.985+0200] {logging_mixin.py:150} INFO - [2023-07-27T20:47:21.985+0200] {dag.py:2742} INFO - Sync 1 DAGs
[2023-07-27T20:47:21.990+0200] {logging_mixin.py:150} INFO - [2023-07-27T20:47:21.990+0200] {dag.py:3504} INFO - Setting next_dagrun for example_time_delta_sensor_async to None, run_after=None
[2023-07-27T20:47:21.996+0200] {processor.py:179} INFO - Processing /Library/Frameworks/Python.framework/Versions/3.11/lib/python3.11/site-packages/airflow/example_dags/example_time_delta_sensor_async.py took 0.360 seconds
[2023-07-27T20:49:00.727+0200] {processor.py:157} INFO - Started process (PID=6352) to work on /Library/Frameworks/Python.framework/Versions/3.11/lib/python3.11/site-packages/airflow/example_dags/example_time_delta_sensor_async.py
[2023-07-27T20:49:00.728+0200] {processor.py:826} INFO - Processing file /Library/Frameworks/Python.framework/Versions/3.11/lib/python3.11/site-packages/airflow/example_dags/example_time_delta_sensor_async.py for tasks to queue
[2023-07-27T20:49:00.728+0200] {logging_mixin.py:150} INFO - [2023-07-27T20:49:00.728+0200] {dagbag.py:541} INFO - Filling up the DagBag from /Library/Frameworks/Python.framework/Versions/3.11/lib/python3.11/site-packages/airflow/example_dags/example_time_delta_sensor_async.py
[2023-07-27T20:49:00.734+0200] {processor.py:836} INFO - DAG(s) dict_keys(['example_time_delta_sensor_async']) retrieved from /Library/Frameworks/Python.framework/Versions/3.11/lib/python3.11/site-packages/airflow/example_dags/example_time_delta_sensor_async.py
[2023-07-27T20:49:01.099+0200] {logging_mixin.py:150} INFO - [2023-07-27T20:49:01.099+0200] {dag.py:2742} INFO - Sync 1 DAGs
[2023-07-27T20:49:01.105+0200] {logging_mixin.py:150} INFO - [2023-07-27T20:49:01.105+0200] {dag.py:3504} INFO - Setting next_dagrun for example_time_delta_sensor_async to None, run_after=None
[2023-07-27T20:49:01.111+0200] {processor.py:179} INFO - Processing /Library/Frameworks/Python.framework/Versions/3.11/lib/python3.11/site-packages/airflow/example_dags/example_time_delta_sensor_async.py took 0.384 seconds
[2023-07-27T22:51:09.660+0200] {processor.py:157} INFO - Started process (PID=8837) to work on /Library/Frameworks/Python.framework/Versions/3.11/lib/python3.11/site-packages/airflow/example_dags/example_time_delta_sensor_async.py
[2023-07-27T22:51:09.663+0200] {processor.py:826} INFO - Processing file /Library/Frameworks/Python.framework/Versions/3.11/lib/python3.11/site-packages/airflow/example_dags/example_time_delta_sensor_async.py for tasks to queue
[2023-07-27T22:51:09.663+0200] {logging_mixin.py:150} INFO - [2023-07-27T22:51:09.663+0200] {dagbag.py:541} INFO - Filling up the DagBag from /Library/Frameworks/Python.framework/Versions/3.11/lib/python3.11/site-packages/airflow/example_dags/example_time_delta_sensor_async.py
[2023-07-27T22:51:09.685+0200] {processor.py:836} INFO - DAG(s) dict_keys(['example_time_delta_sensor_async']) retrieved from /Library/Frameworks/Python.framework/Versions/3.11/lib/python3.11/site-packages/airflow/example_dags/example_time_delta_sensor_async.py
[2023-07-27T22:51:10.114+0200] {logging_mixin.py:150} INFO - [2023-07-27T22:51:10.114+0200] {manager.py:504} INFO - Created Permission View: can edit on DAG:example_time_delta_sensor_async
[2023-07-27T22:51:10.123+0200] {logging_mixin.py:150} INFO - [2023-07-27T22:51:10.123+0200] {manager.py:504} INFO - Created Permission View: can delete on DAG:example_time_delta_sensor_async
[2023-07-27T22:51:10.129+0200] {logging_mixin.py:150} INFO - [2023-07-27T22:51:10.129+0200] {manager.py:504} INFO - Created Permission View: can read on DAG:example_time_delta_sensor_async
[2023-07-27T22:51:10.137+0200] {logging_mixin.py:150} INFO - [2023-07-27T22:51:10.137+0200] {dag.py:2742} INFO - Sync 1 DAGs
[2023-07-27T22:51:10.141+0200] {logging_mixin.py:150} INFO - [2023-07-27T22:51:10.141+0200] {dag.py:2763} INFO - Creating ORM DAG for example_time_delta_sensor_async
[2023-07-27T22:51:10.145+0200] {logging_mixin.py:150} INFO - [2023-07-27T22:51:10.145+0200] {dag.py:3504} INFO - Setting next_dagrun for example_time_delta_sensor_async to None, run_after=None
[2023-07-27T22:51:10.156+0200] {processor.py:179} INFO - Processing /Library/Frameworks/Python.framework/Versions/3.11/lib/python3.11/site-packages/airflow/example_dags/example_time_delta_sensor_async.py took 0.495 seconds
