[2023-07-27T20:34:55.893+0200] {processor.py:157} INFO - Started process (PID=5711) to work on /Library/Frameworks/Python.framework/Versions/3.11/lib/python3.11/site-packages/airflow/example_dags/example_sensor_decorator.py
[2023-07-27T20:34:55.894+0200] {processor.py:826} INFO - Processing file /Library/Frameworks/Python.framework/Versions/3.11/lib/python3.11/site-packages/airflow/example_dags/example_sensor_decorator.py for tasks to queue
[2023-07-27T20:34:55.894+0200] {logging_mixin.py:150} INFO - [2023-07-27T20:34:55.894+0200] {dagbag.py:541} INFO - Filling up the DagBag from /Library/Frameworks/Python.framework/Versions/3.11/lib/python3.11/site-packages/airflow/example_dags/example_sensor_decorator.py
[2023-07-27T20:34:55.921+0200] {processor.py:836} INFO - DAG(s) dict_keys(['example_sensor_decorator']) retrieved from /Library/Frameworks/Python.framework/Versions/3.11/lib/python3.11/site-packages/airflow/example_dags/example_sensor_decorator.py
[2023-07-27T20:34:56.263+0200] {logging_mixin.py:150} INFO - [2023-07-27T20:34:56.262+0200] {manager.py:504} INFO - Created Permission View: can delete on DAG:example_sensor_decorator
[2023-07-27T20:34:56.265+0200] {logging_mixin.py:150} INFO - [2023-07-27T20:34:56.265+0200] {manager.py:504} INFO - Created Permission View: can read on DAG:example_sensor_decorator
[2023-07-27T20:34:56.267+0200] {logging_mixin.py:150} INFO - [2023-07-27T20:34:56.267+0200] {manager.py:504} INFO - Created Permission View: can edit on DAG:example_sensor_decorator
[2023-07-27T20:34:56.269+0200] {logging_mixin.py:150} INFO - [2023-07-27T20:34:56.269+0200] {dag.py:2742} INFO - Sync 1 DAGs
[2023-07-27T20:34:56.272+0200] {logging_mixin.py:150} INFO - [2023-07-27T20:34:56.272+0200] {dag.py:2763} INFO - Creating ORM DAG for example_sensor_decorator
[2023-07-27T20:34:56.275+0200] {logging_mixin.py:150} INFO - [2023-07-27T20:34:56.275+0200] {dag.py:3504} INFO - Setting next_dagrun for example_sensor_decorator to None, run_after=None
[2023-07-27T20:34:56.279+0200] {processor.py:179} INFO - Processing /Library/Frameworks/Python.framework/Versions/3.11/lib/python3.11/site-packages/airflow/example_dags/example_sensor_decorator.py took 0.387 seconds
[2023-07-27T20:36:16.239+0200] {processor.py:157} INFO - Started process (PID=5770) to work on /Library/Frameworks/Python.framework/Versions/3.11/lib/python3.11/site-packages/airflow/example_dags/example_sensor_decorator.py
[2023-07-27T20:36:16.240+0200] {processor.py:826} INFO - Processing file /Library/Frameworks/Python.framework/Versions/3.11/lib/python3.11/site-packages/airflow/example_dags/example_sensor_decorator.py for tasks to queue
[2023-07-27T20:36:16.241+0200] {logging_mixin.py:150} INFO - [2023-07-27T20:36:16.240+0200] {dagbag.py:541} INFO - Filling up the DagBag from /Library/Frameworks/Python.framework/Versions/3.11/lib/python3.11/site-packages/airflow/example_dags/example_sensor_decorator.py
[2023-07-27T20:36:16.268+0200] {processor.py:836} INFO - DAG(s) dict_keys(['example_sensor_decorator']) retrieved from /Library/Frameworks/Python.framework/Versions/3.11/lib/python3.11/site-packages/airflow/example_dags/example_sensor_decorator.py
[2023-07-27T20:36:16.595+0200] {logging_mixin.py:150} INFO - [2023-07-27T20:36:16.595+0200] {dag.py:2742} INFO - Sync 1 DAGs
[2023-07-27T20:36:16.600+0200] {logging_mixin.py:150} INFO - [2023-07-27T20:36:16.600+0200] {dag.py:3504} INFO - Setting next_dagrun for example_sensor_decorator to None, run_after=None
[2023-07-27T20:36:16.606+0200] {processor.py:179} INFO - Processing /Library/Frameworks/Python.framework/Versions/3.11/lib/python3.11/site-packages/airflow/example_dags/example_sensor_decorator.py took 0.367 seconds
[2023-07-27T20:37:56.088+0200] {processor.py:157} INFO - Started process (PID=5835) to work on /Library/Frameworks/Python.framework/Versions/3.11/lib/python3.11/site-packages/airflow/example_dags/example_sensor_decorator.py
[2023-07-27T20:37:56.089+0200] {processor.py:826} INFO - Processing file /Library/Frameworks/Python.framework/Versions/3.11/lib/python3.11/site-packages/airflow/example_dags/example_sensor_decorator.py for tasks to queue
[2023-07-27T20:37:56.090+0200] {logging_mixin.py:150} INFO - [2023-07-27T20:37:56.090+0200] {dagbag.py:541} INFO - Filling up the DagBag from /Library/Frameworks/Python.framework/Versions/3.11/lib/python3.11/site-packages/airflow/example_dags/example_sensor_decorator.py
[2023-07-27T20:37:56.117+0200] {processor.py:836} INFO - DAG(s) dict_keys(['example_sensor_decorator']) retrieved from /Library/Frameworks/Python.framework/Versions/3.11/lib/python3.11/site-packages/airflow/example_dags/example_sensor_decorator.py
[2023-07-27T20:37:56.430+0200] {logging_mixin.py:150} INFO - [2023-07-27T20:37:56.430+0200] {dag.py:2742} INFO - Sync 1 DAGs
[2023-07-27T20:37:56.436+0200] {logging_mixin.py:150} INFO - [2023-07-27T20:37:56.436+0200] {dag.py:3504} INFO - Setting next_dagrun for example_sensor_decorator to None, run_after=None
[2023-07-27T20:37:56.441+0200] {processor.py:179} INFO - Processing /Library/Frameworks/Python.framework/Versions/3.11/lib/python3.11/site-packages/airflow/example_dags/example_sensor_decorator.py took 0.353 seconds
[2023-07-27T20:39:33.937+0200] {processor.py:157} INFO - Started process (PID=5913) to work on /Library/Frameworks/Python.framework/Versions/3.11/lib/python3.11/site-packages/airflow/example_dags/example_sensor_decorator.py
[2023-07-27T20:39:33.938+0200] {processor.py:826} INFO - Processing file /Library/Frameworks/Python.framework/Versions/3.11/lib/python3.11/site-packages/airflow/example_dags/example_sensor_decorator.py for tasks to queue
[2023-07-27T20:39:33.938+0200] {logging_mixin.py:150} INFO - [2023-07-27T20:39:33.938+0200] {dagbag.py:541} INFO - Filling up the DagBag from /Library/Frameworks/Python.framework/Versions/3.11/lib/python3.11/site-packages/airflow/example_dags/example_sensor_decorator.py
[2023-07-27T20:39:33.966+0200] {processor.py:836} INFO - DAG(s) dict_keys(['example_sensor_decorator']) retrieved from /Library/Frameworks/Python.framework/Versions/3.11/lib/python3.11/site-packages/airflow/example_dags/example_sensor_decorator.py
[2023-07-27T20:39:34.282+0200] {logging_mixin.py:150} INFO - [2023-07-27T20:39:34.282+0200] {dag.py:2742} INFO - Sync 1 DAGs
[2023-07-27T20:39:34.287+0200] {logging_mixin.py:150} INFO - [2023-07-27T20:39:34.287+0200] {dag.py:3504} INFO - Setting next_dagrun for example_sensor_decorator to None, run_after=None
[2023-07-27T20:39:34.293+0200] {processor.py:179} INFO - Processing /Library/Frameworks/Python.framework/Versions/3.11/lib/python3.11/site-packages/airflow/example_dags/example_sensor_decorator.py took 0.356 seconds
[2023-07-27T20:41:15.889+0200] {processor.py:157} INFO - Started process (PID=5985) to work on /Library/Frameworks/Python.framework/Versions/3.11/lib/python3.11/site-packages/airflow/example_dags/example_sensor_decorator.py
[2023-07-27T20:41:15.890+0200] {processor.py:826} INFO - Processing file /Library/Frameworks/Python.framework/Versions/3.11/lib/python3.11/site-packages/airflow/example_dags/example_sensor_decorator.py for tasks to queue
[2023-07-27T20:41:15.891+0200] {logging_mixin.py:150} INFO - [2023-07-27T20:41:15.891+0200] {dagbag.py:541} INFO - Filling up the DagBag from /Library/Frameworks/Python.framework/Versions/3.11/lib/python3.11/site-packages/airflow/example_dags/example_sensor_decorator.py
[2023-07-27T20:41:15.920+0200] {processor.py:836} INFO - DAG(s) dict_keys(['example_sensor_decorator']) retrieved from /Library/Frameworks/Python.framework/Versions/3.11/lib/python3.11/site-packages/airflow/example_dags/example_sensor_decorator.py
[2023-07-27T20:41:16.240+0200] {logging_mixin.py:150} INFO - [2023-07-27T20:41:16.240+0200] {dag.py:2742} INFO - Sync 1 DAGs
[2023-07-27T20:41:16.245+0200] {logging_mixin.py:150} INFO - [2023-07-27T20:41:16.245+0200] {dag.py:3504} INFO - Setting next_dagrun for example_sensor_decorator to None, run_after=None
[2023-07-27T20:41:16.251+0200] {processor.py:179} INFO - Processing /Library/Frameworks/Python.framework/Versions/3.11/lib/python3.11/site-packages/airflow/example_dags/example_sensor_decorator.py took 0.362 seconds
[2023-07-27T20:42:53.520+0200] {processor.py:157} INFO - Started process (PID=6067) to work on /Library/Frameworks/Python.framework/Versions/3.11/lib/python3.11/site-packages/airflow/example_dags/example_sensor_decorator.py
[2023-07-27T20:42:53.521+0200] {processor.py:826} INFO - Processing file /Library/Frameworks/Python.framework/Versions/3.11/lib/python3.11/site-packages/airflow/example_dags/example_sensor_decorator.py for tasks to queue
[2023-07-27T20:42:53.522+0200] {logging_mixin.py:150} INFO - [2023-07-27T20:42:53.521+0200] {dagbag.py:541} INFO - Filling up the DagBag from /Library/Frameworks/Python.framework/Versions/3.11/lib/python3.11/site-packages/airflow/example_dags/example_sensor_decorator.py
[2023-07-27T20:42:53.552+0200] {processor.py:836} INFO - DAG(s) dict_keys(['example_sensor_decorator']) retrieved from /Library/Frameworks/Python.framework/Versions/3.11/lib/python3.11/site-packages/airflow/example_dags/example_sensor_decorator.py
[2023-07-27T20:42:53.879+0200] {logging_mixin.py:150} INFO - [2023-07-27T20:42:53.878+0200] {dag.py:2742} INFO - Sync 1 DAGs
[2023-07-27T20:42:53.884+0200] {logging_mixin.py:150} INFO - [2023-07-27T20:42:53.884+0200] {dag.py:3504} INFO - Setting next_dagrun for example_sensor_decorator to None, run_after=None
[2023-07-27T20:42:53.889+0200] {processor.py:179} INFO - Processing /Library/Frameworks/Python.framework/Versions/3.11/lib/python3.11/site-packages/airflow/example_dags/example_sensor_decorator.py took 0.369 seconds
[2023-07-27T20:44:30.247+0200] {processor.py:157} INFO - Started process (PID=6138) to work on /Library/Frameworks/Python.framework/Versions/3.11/lib/python3.11/site-packages/airflow/example_dags/example_sensor_decorator.py
[2023-07-27T20:44:30.249+0200] {processor.py:826} INFO - Processing file /Library/Frameworks/Python.framework/Versions/3.11/lib/python3.11/site-packages/airflow/example_dags/example_sensor_decorator.py for tasks to queue
[2023-07-27T20:44:30.249+0200] {logging_mixin.py:150} INFO - [2023-07-27T20:44:30.249+0200] {dagbag.py:541} INFO - Filling up the DagBag from /Library/Frameworks/Python.framework/Versions/3.11/lib/python3.11/site-packages/airflow/example_dags/example_sensor_decorator.py
[2023-07-27T20:44:30.277+0200] {processor.py:836} INFO - DAG(s) dict_keys(['example_sensor_decorator']) retrieved from /Library/Frameworks/Python.framework/Versions/3.11/lib/python3.11/site-packages/airflow/example_dags/example_sensor_decorator.py
[2023-07-27T20:44:30.610+0200] {logging_mixin.py:150} INFO - [2023-07-27T20:44:30.610+0200] {dag.py:2742} INFO - Sync 1 DAGs
[2023-07-27T20:44:30.615+0200] {logging_mixin.py:150} INFO - [2023-07-27T20:44:30.615+0200] {dag.py:3504} INFO - Setting next_dagrun for example_sensor_decorator to None, run_after=None
[2023-07-27T20:44:30.621+0200] {processor.py:179} INFO - Processing /Library/Frameworks/Python.framework/Versions/3.11/lib/python3.11/site-packages/airflow/example_dags/example_sensor_decorator.py took 0.374 seconds
[2023-07-27T20:46:05.142+0200] {processor.py:157} INFO - Started process (PID=6214) to work on /Library/Frameworks/Python.framework/Versions/3.11/lib/python3.11/site-packages/airflow/example_dags/example_sensor_decorator.py
[2023-07-27T20:46:05.143+0200] {processor.py:826} INFO - Processing file /Library/Frameworks/Python.framework/Versions/3.11/lib/python3.11/site-packages/airflow/example_dags/example_sensor_decorator.py for tasks to queue
[2023-07-27T20:46:05.143+0200] {logging_mixin.py:150} INFO - [2023-07-27T20:46:05.143+0200] {dagbag.py:541} INFO - Filling up the DagBag from /Library/Frameworks/Python.framework/Versions/3.11/lib/python3.11/site-packages/airflow/example_dags/example_sensor_decorator.py
[2023-07-27T20:46:05.170+0200] {processor.py:836} INFO - DAG(s) dict_keys(['example_sensor_decorator']) retrieved from /Library/Frameworks/Python.framework/Versions/3.11/lib/python3.11/site-packages/airflow/example_dags/example_sensor_decorator.py
[2023-07-27T20:46:05.499+0200] {logging_mixin.py:150} INFO - [2023-07-27T20:46:05.499+0200] {dag.py:2742} INFO - Sync 1 DAGs
[2023-07-27T20:46:05.505+0200] {logging_mixin.py:150} INFO - [2023-07-27T20:46:05.505+0200] {dag.py:3504} INFO - Setting next_dagrun for example_sensor_decorator to None, run_after=None
[2023-07-27T20:46:05.510+0200] {processor.py:179} INFO - Processing /Library/Frameworks/Python.framework/Versions/3.11/lib/python3.11/site-packages/airflow/example_dags/example_sensor_decorator.py took 0.369 seconds
[2023-07-27T20:47:40.266+0200] {processor.py:157} INFO - Started process (PID=6294) to work on /Library/Frameworks/Python.framework/Versions/3.11/lib/python3.11/site-packages/airflow/example_dags/example_sensor_decorator.py
[2023-07-27T20:47:40.268+0200] {processor.py:826} INFO - Processing file /Library/Frameworks/Python.framework/Versions/3.11/lib/python3.11/site-packages/airflow/example_dags/example_sensor_decorator.py for tasks to queue
[2023-07-27T20:47:40.268+0200] {logging_mixin.py:150} INFO - [2023-07-27T20:47:40.268+0200] {dagbag.py:541} INFO - Filling up the DagBag from /Library/Frameworks/Python.framework/Versions/3.11/lib/python3.11/site-packages/airflow/example_dags/example_sensor_decorator.py
[2023-07-27T20:47:40.296+0200] {processor.py:836} INFO - DAG(s) dict_keys(['example_sensor_decorator']) retrieved from /Library/Frameworks/Python.framework/Versions/3.11/lib/python3.11/site-packages/airflow/example_dags/example_sensor_decorator.py
[2023-07-27T20:47:40.614+0200] {logging_mixin.py:150} INFO - [2023-07-27T20:47:40.614+0200] {dag.py:2742} INFO - Sync 1 DAGs
[2023-07-27T20:47:40.619+0200] {logging_mixin.py:150} INFO - [2023-07-27T20:47:40.619+0200] {dag.py:3504} INFO - Setting next_dagrun for example_sensor_decorator to None, run_after=None
[2023-07-27T20:47:40.625+0200] {processor.py:179} INFO - Processing /Library/Frameworks/Python.framework/Versions/3.11/lib/python3.11/site-packages/airflow/example_dags/example_sensor_decorator.py took 0.360 seconds
[2023-07-27T20:49:19.339+0200] {processor.py:157} INFO - Started process (PID=6363) to work on /Library/Frameworks/Python.framework/Versions/3.11/lib/python3.11/site-packages/airflow/example_dags/example_sensor_decorator.py
[2023-07-27T20:49:19.340+0200] {processor.py:826} INFO - Processing file /Library/Frameworks/Python.framework/Versions/3.11/lib/python3.11/site-packages/airflow/example_dags/example_sensor_decorator.py for tasks to queue
[2023-07-27T20:49:19.341+0200] {logging_mixin.py:150} INFO - [2023-07-27T20:49:19.341+0200] {dagbag.py:541} INFO - Filling up the DagBag from /Library/Frameworks/Python.framework/Versions/3.11/lib/python3.11/site-packages/airflow/example_dags/example_sensor_decorator.py
[2023-07-27T20:49:19.367+0200] {processor.py:836} INFO - DAG(s) dict_keys(['example_sensor_decorator']) retrieved from /Library/Frameworks/Python.framework/Versions/3.11/lib/python3.11/site-packages/airflow/example_dags/example_sensor_decorator.py
[2023-07-27T20:49:19.677+0200] {logging_mixin.py:150} INFO - [2023-07-27T20:49:19.677+0200] {dag.py:2742} INFO - Sync 1 DAGs
[2023-07-27T20:49:19.682+0200] {logging_mixin.py:150} INFO - [2023-07-27T20:49:19.682+0200] {dag.py:3504} INFO - Setting next_dagrun for example_sensor_decorator to None, run_after=None
[2023-07-27T20:49:19.688+0200] {processor.py:179} INFO - Processing /Library/Frameworks/Python.framework/Versions/3.11/lib/python3.11/site-packages/airflow/example_dags/example_sensor_decorator.py took 0.349 seconds
[2023-07-27T22:51:16.315+0200] {processor.py:157} INFO - Started process (PID=8850) to work on /Library/Frameworks/Python.framework/Versions/3.11/lib/python3.11/site-packages/airflow/example_dags/example_sensor_decorator.py
[2023-07-27T22:51:16.316+0200] {processor.py:826} INFO - Processing file /Library/Frameworks/Python.framework/Versions/3.11/lib/python3.11/site-packages/airflow/example_dags/example_sensor_decorator.py for tasks to queue
[2023-07-27T22:51:16.316+0200] {logging_mixin.py:150} INFO - [2023-07-27T22:51:16.316+0200] {dagbag.py:541} INFO - Filling up the DagBag from /Library/Frameworks/Python.framework/Versions/3.11/lib/python3.11/site-packages/airflow/example_dags/example_sensor_decorator.py
[2023-07-27T22:51:16.346+0200] {processor.py:836} INFO - DAG(s) dict_keys(['example_sensor_decorator']) retrieved from /Library/Frameworks/Python.framework/Versions/3.11/lib/python3.11/site-packages/airflow/example_dags/example_sensor_decorator.py
[2023-07-27T22:51:16.755+0200] {logging_mixin.py:150} INFO - [2023-07-27T22:51:16.754+0200] {manager.py:504} INFO - Created Permission View: can read on DAG:example_sensor_decorator
[2023-07-27T22:51:16.766+0200] {logging_mixin.py:150} INFO - [2023-07-27T22:51:16.766+0200] {manager.py:504} INFO - Created Permission View: can edit on DAG:example_sensor_decorator
[2023-07-27T22:51:16.776+0200] {logging_mixin.py:150} INFO - [2023-07-27T22:51:16.776+0200] {manager.py:504} INFO - Created Permission View: can delete on DAG:example_sensor_decorator
[2023-07-27T22:51:16.787+0200] {logging_mixin.py:150} INFO - [2023-07-27T22:51:16.787+0200] {dag.py:2742} INFO - Sync 1 DAGs
[2023-07-27T22:51:16.792+0200] {logging_mixin.py:150} INFO - [2023-07-27T22:51:16.792+0200] {dag.py:2763} INFO - Creating ORM DAG for example_sensor_decorator
[2023-07-27T22:51:16.797+0200] {logging_mixin.py:150} INFO - [2023-07-27T22:51:16.797+0200] {dag.py:3504} INFO - Setting next_dagrun for example_sensor_decorator to None, run_after=None
[2023-07-27T22:51:16.813+0200] {processor.py:179} INFO - Processing /Library/Frameworks/Python.framework/Versions/3.11/lib/python3.11/site-packages/airflow/example_dags/example_sensor_decorator.py took 0.499 seconds
