[2023-07-27T20:34:30.363+0200] {processor.py:157} INFO - Started process (PID=5684) to work on /Library/Frameworks/Python.framework/Versions/3.11/lib/python3.11/site-packages/airflow/example_dags/example_xcom.py
[2023-07-27T20:34:30.364+0200] {processor.py:826} INFO - Processing file /Library/Frameworks/Python.framework/Versions/3.11/lib/python3.11/site-packages/airflow/example_dags/example_xcom.py for tasks to queue
[2023-07-27T20:34:30.364+0200] {logging_mixin.py:150} INFO - [2023-07-27T20:34:30.364+0200] {dagbag.py:541} INFO - Filling up the DagBag from /Library/Frameworks/Python.framework/Versions/3.11/lib/python3.11/site-packages/airflow/example_dags/example_xcom.py
[2023-07-27T20:34:30.392+0200] {processor.py:836} INFO - DAG(s) dict_keys(['example_xcom']) retrieved from /Library/Frameworks/Python.framework/Versions/3.11/lib/python3.11/site-packages/airflow/example_dags/example_xcom.py
[2023-07-27T20:34:30.722+0200] {logging_mixin.py:150} INFO - [2023-07-27T20:34:30.722+0200] {manager.py:504} INFO - Created Permission View: can read on DAG:example_xcom
[2023-07-27T20:34:30.724+0200] {logging_mixin.py:150} INFO - [2023-07-27T20:34:30.724+0200] {manager.py:504} INFO - Created Permission View: can edit on DAG:example_xcom
[2023-07-27T20:34:30.726+0200] {logging_mixin.py:150} INFO - [2023-07-27T20:34:30.726+0200] {manager.py:504} INFO - Created Permission View: can delete on DAG:example_xcom
[2023-07-27T20:34:30.729+0200] {logging_mixin.py:150} INFO - [2023-07-27T20:34:30.729+0200] {dag.py:2742} INFO - Sync 1 DAGs
[2023-07-27T20:34:30.732+0200] {logging_mixin.py:150} INFO - [2023-07-27T20:34:30.731+0200] {dag.py:2763} INFO - Creating ORM DAG for example_xcom
[2023-07-27T20:34:30.734+0200] {logging_mixin.py:150} INFO - [2023-07-27T20:34:30.734+0200] {dag.py:3504} INFO - Setting next_dagrun for example_xcom to 2021-01-01T00:00:00+00:00, run_after=2021-01-01T00:00:00+00:00
[2023-07-27T20:34:30.739+0200] {processor.py:179} INFO - Processing /Library/Frameworks/Python.framework/Versions/3.11/lib/python3.11/site-packages/airflow/example_dags/example_xcom.py took 0.376 seconds
[2023-07-27T20:35:51.892+0200] {processor.py:157} INFO - Started process (PID=5743) to work on /Library/Frameworks/Python.framework/Versions/3.11/lib/python3.11/site-packages/airflow/example_dags/example_xcom.py
[2023-07-27T20:35:51.894+0200] {processor.py:826} INFO - Processing file /Library/Frameworks/Python.framework/Versions/3.11/lib/python3.11/site-packages/airflow/example_dags/example_xcom.py for tasks to queue
[2023-07-27T20:35:51.895+0200] {logging_mixin.py:150} INFO - [2023-07-27T20:35:51.895+0200] {dagbag.py:541} INFO - Filling up the DagBag from /Library/Frameworks/Python.framework/Versions/3.11/lib/python3.11/site-packages/airflow/example_dags/example_xcom.py
[2023-07-27T20:35:51.922+0200] {processor.py:836} INFO - DAG(s) dict_keys(['example_xcom']) retrieved from /Library/Frameworks/Python.framework/Versions/3.11/lib/python3.11/site-packages/airflow/example_dags/example_xcom.py
[2023-07-27T20:35:52.245+0200] {logging_mixin.py:150} INFO - [2023-07-27T20:35:52.245+0200] {dag.py:2742} INFO - Sync 1 DAGs
[2023-07-27T20:35:52.251+0200] {logging_mixin.py:150} INFO - [2023-07-27T20:35:52.251+0200] {dag.py:3504} INFO - Setting next_dagrun for example_xcom to 2021-01-01T00:00:00+00:00, run_after=2021-01-01T00:00:00+00:00
[2023-07-27T20:35:52.257+0200] {processor.py:179} INFO - Processing /Library/Frameworks/Python.framework/Versions/3.11/lib/python3.11/site-packages/airflow/example_dags/example_xcom.py took 0.365 seconds
[2023-07-27T20:36:42.315+0200] {processor.py:157} INFO - Started process (PID=5786) to work on /Library/Frameworks/Python.framework/Versions/3.11/lib/python3.11/site-packages/airflow/example_dags/example_xcom.py
[2023-07-27T20:36:42.317+0200] {processor.py:826} INFO - Processing file /Library/Frameworks/Python.framework/Versions/3.11/lib/python3.11/site-packages/airflow/example_dags/example_xcom.py for tasks to queue
[2023-07-27T20:36:42.318+0200] {logging_mixin.py:150} INFO - [2023-07-27T20:36:42.317+0200] {dagbag.py:541} INFO - Filling up the DagBag from /Library/Frameworks/Python.framework/Versions/3.11/lib/python3.11/site-packages/airflow/example_dags/example_xcom.py
[2023-07-27T20:36:42.346+0200] {processor.py:836} INFO - DAG(s) dict_keys(['example_xcom']) retrieved from /Library/Frameworks/Python.framework/Versions/3.11/lib/python3.11/site-packages/airflow/example_dags/example_xcom.py
[2023-07-27T20:36:42.654+0200] {logging_mixin.py:150} INFO - [2023-07-27T20:36:42.654+0200] {dag.py:2742} INFO - Sync 1 DAGs
[2023-07-27T20:36:42.660+0200] {logging_mixin.py:150} INFO - [2023-07-27T20:36:42.660+0200] {dag.py:3504} INFO - Setting next_dagrun for example_xcom to 2021-01-01T00:00:00+00:00, run_after=2021-01-01T00:00:00+00:00
[2023-07-27T20:36:42.665+0200] {processor.py:179} INFO - Processing /Library/Frameworks/Python.framework/Versions/3.11/lib/python3.11/site-packages/airflow/example_dags/example_xcom.py took 0.350 seconds
[2023-07-27T20:37:31.818+0200] {processor.py:157} INFO - Started process (PID=5821) to work on /Library/Frameworks/Python.framework/Versions/3.11/lib/python3.11/site-packages/airflow/example_dags/example_xcom.py
[2023-07-27T20:37:31.820+0200] {processor.py:826} INFO - Processing file /Library/Frameworks/Python.framework/Versions/3.11/lib/python3.11/site-packages/airflow/example_dags/example_xcom.py for tasks to queue
[2023-07-27T20:37:31.820+0200] {logging_mixin.py:150} INFO - [2023-07-27T20:37:31.820+0200] {dagbag.py:541} INFO - Filling up the DagBag from /Library/Frameworks/Python.framework/Versions/3.11/lib/python3.11/site-packages/airflow/example_dags/example_xcom.py
[2023-07-27T20:37:31.848+0200] {processor.py:836} INFO - DAG(s) dict_keys(['example_xcom']) retrieved from /Library/Frameworks/Python.framework/Versions/3.11/lib/python3.11/site-packages/airflow/example_dags/example_xcom.py
[2023-07-27T20:37:32.159+0200] {logging_mixin.py:150} INFO - [2023-07-27T20:37:32.159+0200] {dag.py:2742} INFO - Sync 1 DAGs
[2023-07-27T20:37:32.164+0200] {logging_mixin.py:150} INFO - [2023-07-27T20:37:32.164+0200] {dag.py:3504} INFO - Setting next_dagrun for example_xcom to 2021-01-01T00:00:00+00:00, run_after=2021-01-01T00:00:00+00:00
[2023-07-27T20:37:32.170+0200] {processor.py:179} INFO - Processing /Library/Frameworks/Python.framework/Versions/3.11/lib/python3.11/site-packages/airflow/example_dags/example_xcom.py took 0.352 seconds
[2023-07-27T20:38:22.542+0200] {processor.py:157} INFO - Started process (PID=5859) to work on /Library/Frameworks/Python.framework/Versions/3.11/lib/python3.11/site-packages/airflow/example_dags/example_xcom.py
[2023-07-27T20:38:22.543+0200] {processor.py:826} INFO - Processing file /Library/Frameworks/Python.framework/Versions/3.11/lib/python3.11/site-packages/airflow/example_dags/example_xcom.py for tasks to queue
[2023-07-27T20:38:22.543+0200] {logging_mixin.py:150} INFO - [2023-07-27T20:38:22.543+0200] {dagbag.py:541} INFO - Filling up the DagBag from /Library/Frameworks/Python.framework/Versions/3.11/lib/python3.11/site-packages/airflow/example_dags/example_xcom.py
[2023-07-27T20:38:22.570+0200] {processor.py:836} INFO - DAG(s) dict_keys(['example_xcom']) retrieved from /Library/Frameworks/Python.framework/Versions/3.11/lib/python3.11/site-packages/airflow/example_dags/example_xcom.py
[2023-07-27T20:38:22.881+0200] {logging_mixin.py:150} INFO - [2023-07-27T20:38:22.881+0200] {dag.py:2742} INFO - Sync 1 DAGs
[2023-07-27T20:38:22.887+0200] {logging_mixin.py:150} INFO - [2023-07-27T20:38:22.886+0200] {dag.py:3504} INFO - Setting next_dagrun for example_xcom to 2021-01-01T00:00:00+00:00, run_after=2021-01-01T00:00:00+00:00
[2023-07-27T20:38:22.892+0200] {processor.py:179} INFO - Processing /Library/Frameworks/Python.framework/Versions/3.11/lib/python3.11/site-packages/airflow/example_dags/example_xcom.py took 0.351 seconds
[2023-07-27T20:39:11.534+0200] {processor.py:157} INFO - Started process (PID=5888) to work on /Library/Frameworks/Python.framework/Versions/3.11/lib/python3.11/site-packages/airflow/example_dags/example_xcom.py
[2023-07-27T20:39:11.536+0200] {processor.py:826} INFO - Processing file /Library/Frameworks/Python.framework/Versions/3.11/lib/python3.11/site-packages/airflow/example_dags/example_xcom.py for tasks to queue
[2023-07-27T20:39:11.536+0200] {logging_mixin.py:150} INFO - [2023-07-27T20:39:11.536+0200] {dagbag.py:541} INFO - Filling up the DagBag from /Library/Frameworks/Python.framework/Versions/3.11/lib/python3.11/site-packages/airflow/example_dags/example_xcom.py
[2023-07-27T20:39:11.564+0200] {processor.py:836} INFO - DAG(s) dict_keys(['example_xcom']) retrieved from /Library/Frameworks/Python.framework/Versions/3.11/lib/python3.11/site-packages/airflow/example_dags/example_xcom.py
[2023-07-27T20:39:11.877+0200] {logging_mixin.py:150} INFO - [2023-07-27T20:39:11.876+0200] {dag.py:2742} INFO - Sync 1 DAGs
[2023-07-27T20:39:11.882+0200] {logging_mixin.py:150} INFO - [2023-07-27T20:39:11.882+0200] {dag.py:3504} INFO - Setting next_dagrun for example_xcom to 2021-01-01T00:00:00+00:00, run_after=2021-01-01T00:00:00+00:00
[2023-07-27T20:39:11.888+0200] {processor.py:179} INFO - Processing /Library/Frameworks/Python.framework/Versions/3.11/lib/python3.11/site-packages/airflow/example_dags/example_xcom.py took 0.353 seconds
[2023-07-27T20:40:00.371+0200] {processor.py:157} INFO - Started process (PID=5928) to work on /Library/Frameworks/Python.framework/Versions/3.11/lib/python3.11/site-packages/airflow/example_dags/example_xcom.py
[2023-07-27T20:40:00.372+0200] {processor.py:826} INFO - Processing file /Library/Frameworks/Python.framework/Versions/3.11/lib/python3.11/site-packages/airflow/example_dags/example_xcom.py for tasks to queue
[2023-07-27T20:40:00.373+0200] {logging_mixin.py:150} INFO - [2023-07-27T20:40:00.372+0200] {dagbag.py:541} INFO - Filling up the DagBag from /Library/Frameworks/Python.framework/Versions/3.11/lib/python3.11/site-packages/airflow/example_dags/example_xcom.py
[2023-07-27T20:40:00.402+0200] {processor.py:836} INFO - DAG(s) dict_keys(['example_xcom']) retrieved from /Library/Frameworks/Python.framework/Versions/3.11/lib/python3.11/site-packages/airflow/example_dags/example_xcom.py
[2023-07-27T20:40:00.719+0200] {logging_mixin.py:150} INFO - [2023-07-27T20:40:00.719+0200] {dag.py:2742} INFO - Sync 1 DAGs
[2023-07-27T20:40:00.724+0200] {logging_mixin.py:150} INFO - [2023-07-27T20:40:00.724+0200] {dag.py:3504} INFO - Setting next_dagrun for example_xcom to 2021-01-01T00:00:00+00:00, run_after=2021-01-01T00:00:00+00:00
[2023-07-27T20:40:00.730+0200] {processor.py:179} INFO - Processing /Library/Frameworks/Python.framework/Versions/3.11/lib/python3.11/site-packages/airflow/example_dags/example_xcom.py took 0.359 seconds
[2023-07-27T20:40:50.304+0200] {processor.py:157} INFO - Started process (PID=5967) to work on /Library/Frameworks/Python.framework/Versions/3.11/lib/python3.11/site-packages/airflow/example_dags/example_xcom.py
[2023-07-27T20:40:50.305+0200] {processor.py:826} INFO - Processing file /Library/Frameworks/Python.framework/Versions/3.11/lib/python3.11/site-packages/airflow/example_dags/example_xcom.py for tasks to queue
[2023-07-27T20:40:50.305+0200] {logging_mixin.py:150} INFO - [2023-07-27T20:40:50.305+0200] {dagbag.py:541} INFO - Filling up the DagBag from /Library/Frameworks/Python.framework/Versions/3.11/lib/python3.11/site-packages/airflow/example_dags/example_xcom.py
[2023-07-27T20:40:50.335+0200] {processor.py:836} INFO - DAG(s) dict_keys(['example_xcom']) retrieved from /Library/Frameworks/Python.framework/Versions/3.11/lib/python3.11/site-packages/airflow/example_dags/example_xcom.py
[2023-07-27T20:40:50.651+0200] {logging_mixin.py:150} INFO - [2023-07-27T20:40:50.651+0200] {dag.py:2742} INFO - Sync 1 DAGs
[2023-07-27T20:40:50.657+0200] {logging_mixin.py:150} INFO - [2023-07-27T20:40:50.657+0200] {dag.py:3504} INFO - Setting next_dagrun for example_xcom to 2021-01-01T00:00:00+00:00, run_after=2021-01-01T00:00:00+00:00
[2023-07-27T20:40:50.663+0200] {processor.py:179} INFO - Processing /Library/Frameworks/Python.framework/Versions/3.11/lib/python3.11/site-packages/airflow/example_dags/example_xcom.py took 0.359 seconds
[2023-07-27T20:41:41.040+0200] {processor.py:157} INFO - Started process (PID=6011) to work on /Library/Frameworks/Python.framework/Versions/3.11/lib/python3.11/site-packages/airflow/example_dags/example_xcom.py
[2023-07-27T20:41:41.041+0200] {processor.py:826} INFO - Processing file /Library/Frameworks/Python.framework/Versions/3.11/lib/python3.11/site-packages/airflow/example_dags/example_xcom.py for tasks to queue
[2023-07-27T20:41:41.041+0200] {logging_mixin.py:150} INFO - [2023-07-27T20:41:41.041+0200] {dagbag.py:541} INFO - Filling up the DagBag from /Library/Frameworks/Python.framework/Versions/3.11/lib/python3.11/site-packages/airflow/example_dags/example_xcom.py
[2023-07-27T20:41:41.069+0200] {processor.py:836} INFO - DAG(s) dict_keys(['example_xcom']) retrieved from /Library/Frameworks/Python.framework/Versions/3.11/lib/python3.11/site-packages/airflow/example_dags/example_xcom.py
[2023-07-27T20:41:41.378+0200] {logging_mixin.py:150} INFO - [2023-07-27T20:41:41.378+0200] {dag.py:2742} INFO - Sync 1 DAGs
[2023-07-27T20:41:41.383+0200] {logging_mixin.py:150} INFO - [2023-07-27T20:41:41.383+0200] {dag.py:3504} INFO - Setting next_dagrun for example_xcom to 2021-01-01T00:00:00+00:00, run_after=2021-01-01T00:00:00+00:00
[2023-07-27T20:41:41.389+0200] {processor.py:179} INFO - Processing /Library/Frameworks/Python.framework/Versions/3.11/lib/python3.11/site-packages/airflow/example_dags/example_xcom.py took 0.349 seconds
[2023-07-27T20:42:29.646+0200] {processor.py:157} INFO - Started process (PID=6043) to work on /Library/Frameworks/Python.framework/Versions/3.11/lib/python3.11/site-packages/airflow/example_dags/example_xcom.py
[2023-07-27T20:42:29.648+0200] {processor.py:826} INFO - Processing file /Library/Frameworks/Python.framework/Versions/3.11/lib/python3.11/site-packages/airflow/example_dags/example_xcom.py for tasks to queue
[2023-07-27T20:42:29.648+0200] {logging_mixin.py:150} INFO - [2023-07-27T20:42:29.648+0200] {dagbag.py:541} INFO - Filling up the DagBag from /Library/Frameworks/Python.framework/Versions/3.11/lib/python3.11/site-packages/airflow/example_dags/example_xcom.py
[2023-07-27T20:42:29.676+0200] {processor.py:836} INFO - DAG(s) dict_keys(['example_xcom']) retrieved from /Library/Frameworks/Python.framework/Versions/3.11/lib/python3.11/site-packages/airflow/example_dags/example_xcom.py
[2023-07-27T20:42:29.988+0200] {logging_mixin.py:150} INFO - [2023-07-27T20:42:29.988+0200] {dag.py:2742} INFO - Sync 1 DAGs
[2023-07-27T20:42:29.994+0200] {logging_mixin.py:150} INFO - [2023-07-27T20:42:29.994+0200] {dag.py:3504} INFO - Setting next_dagrun for example_xcom to 2021-01-01T00:00:00+00:00, run_after=2021-01-01T00:00:00+00:00
[2023-07-27T20:42:29.999+0200] {processor.py:179} INFO - Processing /Library/Frameworks/Python.framework/Versions/3.11/lib/python3.11/site-packages/airflow/example_dags/example_xcom.py took 0.353 seconds
[2023-07-27T20:43:20.408+0200] {processor.py:157} INFO - Started process (PID=6083) to work on /Library/Frameworks/Python.framework/Versions/3.11/lib/python3.11/site-packages/airflow/example_dags/example_xcom.py
[2023-07-27T20:43:20.409+0200] {processor.py:826} INFO - Processing file /Library/Frameworks/Python.framework/Versions/3.11/lib/python3.11/site-packages/airflow/example_dags/example_xcom.py for tasks to queue
[2023-07-27T20:43:20.409+0200] {logging_mixin.py:150} INFO - [2023-07-27T20:43:20.409+0200] {dagbag.py:541} INFO - Filling up the DagBag from /Library/Frameworks/Python.framework/Versions/3.11/lib/python3.11/site-packages/airflow/example_dags/example_xcom.py
[2023-07-27T20:43:20.437+0200] {processor.py:836} INFO - DAG(s) dict_keys(['example_xcom']) retrieved from /Library/Frameworks/Python.framework/Versions/3.11/lib/python3.11/site-packages/airflow/example_dags/example_xcom.py
[2023-07-27T20:43:20.749+0200] {logging_mixin.py:150} INFO - [2023-07-27T20:43:20.749+0200] {dag.py:2742} INFO - Sync 1 DAGs
[2023-07-27T20:43:20.755+0200] {logging_mixin.py:150} INFO - [2023-07-27T20:43:20.755+0200] {dag.py:3504} INFO - Setting next_dagrun for example_xcom to 2021-01-01T00:00:00+00:00, run_after=2021-01-01T00:00:00+00:00
[2023-07-27T20:43:20.760+0200] {processor.py:179} INFO - Processing /Library/Frameworks/Python.framework/Versions/3.11/lib/python3.11/site-packages/airflow/example_dags/example_xcom.py took 0.353 seconds
[2023-07-27T20:44:07.842+0200] {processor.py:157} INFO - Started process (PID=6125) to work on /Library/Frameworks/Python.framework/Versions/3.11/lib/python3.11/site-packages/airflow/example_dags/example_xcom.py
[2023-07-27T20:44:07.843+0200] {processor.py:826} INFO - Processing file /Library/Frameworks/Python.framework/Versions/3.11/lib/python3.11/site-packages/airflow/example_dags/example_xcom.py for tasks to queue
[2023-07-27T20:44:07.843+0200] {logging_mixin.py:150} INFO - [2023-07-27T20:44:07.843+0200] {dagbag.py:541} INFO - Filling up the DagBag from /Library/Frameworks/Python.framework/Versions/3.11/lib/python3.11/site-packages/airflow/example_dags/example_xcom.py
[2023-07-27T20:44:07.872+0200] {processor.py:836} INFO - DAG(s) dict_keys(['example_xcom']) retrieved from /Library/Frameworks/Python.framework/Versions/3.11/lib/python3.11/site-packages/airflow/example_dags/example_xcom.py
[2023-07-27T20:44:08.186+0200] {logging_mixin.py:150} INFO - [2023-07-27T20:44:08.186+0200] {dag.py:2742} INFO - Sync 1 DAGs
[2023-07-27T20:44:08.192+0200] {logging_mixin.py:150} INFO - [2023-07-27T20:44:08.191+0200] {dag.py:3504} INFO - Setting next_dagrun for example_xcom to 2021-01-01T00:00:00+00:00, run_after=2021-01-01T00:00:00+00:00
[2023-07-27T20:44:08.197+0200] {processor.py:179} INFO - Processing /Library/Frameworks/Python.framework/Versions/3.11/lib/python3.11/site-packages/airflow/example_dags/example_xcom.py took 0.356 seconds
[2023-07-27T20:44:55.307+0200] {processor.py:157} INFO - Started process (PID=6157) to work on /Library/Frameworks/Python.framework/Versions/3.11/lib/python3.11/site-packages/airflow/example_dags/example_xcom.py
[2023-07-27T20:44:55.309+0200] {processor.py:826} INFO - Processing file /Library/Frameworks/Python.framework/Versions/3.11/lib/python3.11/site-packages/airflow/example_dags/example_xcom.py for tasks to queue
[2023-07-27T20:44:55.310+0200] {logging_mixin.py:150} INFO - [2023-07-27T20:44:55.309+0200] {dagbag.py:541} INFO - Filling up the DagBag from /Library/Frameworks/Python.framework/Versions/3.11/lib/python3.11/site-packages/airflow/example_dags/example_xcom.py
[2023-07-27T20:44:55.337+0200] {processor.py:836} INFO - DAG(s) dict_keys(['example_xcom']) retrieved from /Library/Frameworks/Python.framework/Versions/3.11/lib/python3.11/site-packages/airflow/example_dags/example_xcom.py
[2023-07-27T20:44:55.646+0200] {logging_mixin.py:150} INFO - [2023-07-27T20:44:55.646+0200] {dag.py:2742} INFO - Sync 1 DAGs
[2023-07-27T20:44:55.651+0200] {logging_mixin.py:150} INFO - [2023-07-27T20:44:55.651+0200] {dag.py:3504} INFO - Setting next_dagrun for example_xcom to 2021-01-01T00:00:00+00:00, run_after=2021-01-01T00:00:00+00:00
[2023-07-27T20:44:55.657+0200] {processor.py:179} INFO - Processing /Library/Frameworks/Python.framework/Versions/3.11/lib/python3.11/site-packages/airflow/example_dags/example_xcom.py took 0.350 seconds
[2023-07-27T20:45:42.843+0200] {processor.py:157} INFO - Started process (PID=6201) to work on /Library/Frameworks/Python.framework/Versions/3.11/lib/python3.11/site-packages/airflow/example_dags/example_xcom.py
[2023-07-27T20:45:42.845+0200] {processor.py:826} INFO - Processing file /Library/Frameworks/Python.framework/Versions/3.11/lib/python3.11/site-packages/airflow/example_dags/example_xcom.py for tasks to queue
[2023-07-27T20:45:42.845+0200] {logging_mixin.py:150} INFO - [2023-07-27T20:45:42.845+0200] {dagbag.py:541} INFO - Filling up the DagBag from /Library/Frameworks/Python.framework/Versions/3.11/lib/python3.11/site-packages/airflow/example_dags/example_xcom.py
[2023-07-27T20:45:42.872+0200] {processor.py:836} INFO - DAG(s) dict_keys(['example_xcom']) retrieved from /Library/Frameworks/Python.framework/Versions/3.11/lib/python3.11/site-packages/airflow/example_dags/example_xcom.py
[2023-07-27T20:45:43.202+0200] {logging_mixin.py:150} INFO - [2023-07-27T20:45:43.202+0200] {dag.py:2742} INFO - Sync 1 DAGs
[2023-07-27T20:45:43.208+0200] {logging_mixin.py:150} INFO - [2023-07-27T20:45:43.208+0200] {dag.py:3504} INFO - Setting next_dagrun for example_xcom to 2021-01-01T00:00:00+00:00, run_after=2021-01-01T00:00:00+00:00
[2023-07-27T20:45:43.213+0200] {processor.py:179} INFO - Processing /Library/Frameworks/Python.framework/Versions/3.11/lib/python3.11/site-packages/airflow/example_dags/example_xcom.py took 0.370 seconds
[2023-07-27T20:46:30.190+0200] {processor.py:157} INFO - Started process (PID=6231) to work on /Library/Frameworks/Python.framework/Versions/3.11/lib/python3.11/site-packages/airflow/example_dags/example_xcom.py
[2023-07-27T20:46:30.191+0200] {processor.py:826} INFO - Processing file /Library/Frameworks/Python.framework/Versions/3.11/lib/python3.11/site-packages/airflow/example_dags/example_xcom.py for tasks to queue
[2023-07-27T20:46:30.191+0200] {logging_mixin.py:150} INFO - [2023-07-27T20:46:30.191+0200] {dagbag.py:541} INFO - Filling up the DagBag from /Library/Frameworks/Python.framework/Versions/3.11/lib/python3.11/site-packages/airflow/example_dags/example_xcom.py
[2023-07-27T20:46:30.223+0200] {processor.py:836} INFO - DAG(s) dict_keys(['example_xcom']) retrieved from /Library/Frameworks/Python.framework/Versions/3.11/lib/python3.11/site-packages/airflow/example_dags/example_xcom.py
[2023-07-27T20:46:30.564+0200] {logging_mixin.py:150} INFO - [2023-07-27T20:46:30.564+0200] {dag.py:2742} INFO - Sync 1 DAGs
[2023-07-27T20:46:30.570+0200] {logging_mixin.py:150} INFO - [2023-07-27T20:46:30.570+0200] {dag.py:3504} INFO - Setting next_dagrun for example_xcom to 2021-01-01T00:00:00+00:00, run_after=2021-01-01T00:00:00+00:00
[2023-07-27T20:46:30.576+0200] {processor.py:179} INFO - Processing /Library/Frameworks/Python.framework/Versions/3.11/lib/python3.11/site-packages/airflow/example_dags/example_xcom.py took 0.386 seconds
[2023-07-27T20:47:18.080+0200] {processor.py:157} INFO - Started process (PID=6279) to work on /Library/Frameworks/Python.framework/Versions/3.11/lib/python3.11/site-packages/airflow/example_dags/example_xcom.py
[2023-07-27T20:47:18.081+0200] {processor.py:826} INFO - Processing file /Library/Frameworks/Python.framework/Versions/3.11/lib/python3.11/site-packages/airflow/example_dags/example_xcom.py for tasks to queue
[2023-07-27T20:47:18.081+0200] {logging_mixin.py:150} INFO - [2023-07-27T20:47:18.081+0200] {dagbag.py:541} INFO - Filling up the DagBag from /Library/Frameworks/Python.framework/Versions/3.11/lib/python3.11/site-packages/airflow/example_dags/example_xcom.py
[2023-07-27T20:47:18.109+0200] {processor.py:836} INFO - DAG(s) dict_keys(['example_xcom']) retrieved from /Library/Frameworks/Python.framework/Versions/3.11/lib/python3.11/site-packages/airflow/example_dags/example_xcom.py
[2023-07-27T20:47:18.417+0200] {logging_mixin.py:150} INFO - [2023-07-27T20:47:18.417+0200] {dag.py:2742} INFO - Sync 1 DAGs
[2023-07-27T20:47:18.423+0200] {logging_mixin.py:150} INFO - [2023-07-27T20:47:18.423+0200] {dag.py:3504} INFO - Setting next_dagrun for example_xcom to 2021-01-01T00:00:00+00:00, run_after=2021-01-01T00:00:00+00:00
[2023-07-27T20:47:18.428+0200] {processor.py:179} INFO - Processing /Library/Frameworks/Python.framework/Versions/3.11/lib/python3.11/site-packages/airflow/example_dags/example_xcom.py took 0.349 seconds
[2023-07-27T20:48:07.166+0200] {processor.py:157} INFO - Started process (PID=6319) to work on /Library/Frameworks/Python.framework/Versions/3.11/lib/python3.11/site-packages/airflow/example_dags/example_xcom.py
[2023-07-27T20:48:07.167+0200] {processor.py:826} INFO - Processing file /Library/Frameworks/Python.framework/Versions/3.11/lib/python3.11/site-packages/airflow/example_dags/example_xcom.py for tasks to queue
[2023-07-27T20:48:07.167+0200] {logging_mixin.py:150} INFO - [2023-07-27T20:48:07.167+0200] {dagbag.py:541} INFO - Filling up the DagBag from /Library/Frameworks/Python.framework/Versions/3.11/lib/python3.11/site-packages/airflow/example_dags/example_xcom.py
[2023-07-27T20:48:07.195+0200] {processor.py:836} INFO - DAG(s) dict_keys(['example_xcom']) retrieved from /Library/Frameworks/Python.framework/Versions/3.11/lib/python3.11/site-packages/airflow/example_dags/example_xcom.py
[2023-07-27T20:48:07.503+0200] {logging_mixin.py:150} INFO - [2023-07-27T20:48:07.503+0200] {dag.py:2742} INFO - Sync 1 DAGs
[2023-07-27T20:48:07.508+0200] {logging_mixin.py:150} INFO - [2023-07-27T20:48:07.508+0200] {dag.py:3504} INFO - Setting next_dagrun for example_xcom to 2021-01-01T00:00:00+00:00, run_after=2021-01-01T00:00:00+00:00
[2023-07-27T20:48:07.514+0200] {processor.py:179} INFO - Processing /Library/Frameworks/Python.framework/Versions/3.11/lib/python3.11/site-packages/airflow/example_dags/example_xcom.py took 0.348 seconds
[2023-07-27T20:48:57.039+0200] {processor.py:157} INFO - Started process (PID=6350) to work on /Library/Frameworks/Python.framework/Versions/3.11/lib/python3.11/site-packages/airflow/example_dags/example_xcom.py
[2023-07-27T20:48:57.041+0200] {processor.py:826} INFO - Processing file /Library/Frameworks/Python.framework/Versions/3.11/lib/python3.11/site-packages/airflow/example_dags/example_xcom.py for tasks to queue
[2023-07-27T20:48:57.041+0200] {logging_mixin.py:150} INFO - [2023-07-27T20:48:57.041+0200] {dagbag.py:541} INFO - Filling up the DagBag from /Library/Frameworks/Python.framework/Versions/3.11/lib/python3.11/site-packages/airflow/example_dags/example_xcom.py
[2023-07-27T20:48:57.069+0200] {processor.py:836} INFO - DAG(s) dict_keys(['example_xcom']) retrieved from /Library/Frameworks/Python.framework/Versions/3.11/lib/python3.11/site-packages/airflow/example_dags/example_xcom.py
[2023-07-27T20:48:57.387+0200] {logging_mixin.py:150} INFO - [2023-07-27T20:48:57.387+0200] {dag.py:2742} INFO - Sync 1 DAGs
[2023-07-27T20:48:57.393+0200] {logging_mixin.py:150} INFO - [2023-07-27T20:48:57.393+0200] {dag.py:3504} INFO - Setting next_dagrun for example_xcom to 2021-01-01T00:00:00+00:00, run_after=2021-01-01T00:00:00+00:00
[2023-07-27T20:48:57.399+0200] {processor.py:179} INFO - Processing /Library/Frameworks/Python.framework/Versions/3.11/lib/python3.11/site-packages/airflow/example_dags/example_xcom.py took 0.360 seconds
[2023-07-27T20:49:45.738+0200] {processor.py:157} INFO - Started process (PID=6492) to work on /Library/Frameworks/Python.framework/Versions/3.11/lib/python3.11/site-packages/airflow/example_dags/example_xcom.py
[2023-07-27T20:49:45.741+0200] {processor.py:826} INFO - Processing file /Library/Frameworks/Python.framework/Versions/3.11/lib/python3.11/site-packages/airflow/example_dags/example_xcom.py for tasks to queue
[2023-07-27T20:49:45.741+0200] {logging_mixin.py:150} INFO - [2023-07-27T20:49:45.741+0200] {dagbag.py:541} INFO - Filling up the DagBag from /Library/Frameworks/Python.framework/Versions/3.11/lib/python3.11/site-packages/airflow/example_dags/example_xcom.py
[2023-07-27T20:49:45.772+0200] {processor.py:836} INFO - DAG(s) dict_keys(['example_xcom']) retrieved from /Library/Frameworks/Python.framework/Versions/3.11/lib/python3.11/site-packages/airflow/example_dags/example_xcom.py
[2023-07-27T20:49:46.102+0200] {logging_mixin.py:150} INFO - [2023-07-27T20:49:46.101+0200] {dag.py:2742} INFO - Sync 1 DAGs
[2023-07-27T20:49:46.107+0200] {logging_mixin.py:150} INFO - [2023-07-27T20:49:46.107+0200] {dag.py:3504} INFO - Setting next_dagrun for example_xcom to 2021-01-01T00:00:00+00:00, run_after=2021-01-01T00:00:00+00:00
[2023-07-27T20:49:46.112+0200] {processor.py:179} INFO - Processing /Library/Frameworks/Python.framework/Versions/3.11/lib/python3.11/site-packages/airflow/example_dags/example_xcom.py took 0.375 seconds
[2023-07-27T22:51:07.989+0200] {processor.py:157} INFO - Started process (PID=8834) to work on /Library/Frameworks/Python.framework/Versions/3.11/lib/python3.11/site-packages/airflow/example_dags/example_xcom.py
[2023-07-27T22:51:07.991+0200] {processor.py:826} INFO - Processing file /Library/Frameworks/Python.framework/Versions/3.11/lib/python3.11/site-packages/airflow/example_dags/example_xcom.py for tasks to queue
[2023-07-27T22:51:07.991+0200] {logging_mixin.py:150} INFO - [2023-07-27T22:51:07.991+0200] {dagbag.py:541} INFO - Filling up the DagBag from /Library/Frameworks/Python.framework/Versions/3.11/lib/python3.11/site-packages/airflow/example_dags/example_xcom.py
[2023-07-27T22:51:08.024+0200] {processor.py:836} INFO - DAG(s) dict_keys(['example_xcom']) retrieved from /Library/Frameworks/Python.framework/Versions/3.11/lib/python3.11/site-packages/airflow/example_dags/example_xcom.py
[2023-07-27T22:51:08.449+0200] {logging_mixin.py:150} INFO - [2023-07-27T22:51:08.449+0200] {manager.py:504} INFO - Created Permission View: can read on DAG:example_xcom
[2023-07-27T22:51:08.460+0200] {logging_mixin.py:150} INFO - [2023-07-27T22:51:08.460+0200] {manager.py:504} INFO - Created Permission View: can edit on DAG:example_xcom
[2023-07-27T22:51:08.467+0200] {logging_mixin.py:150} INFO - [2023-07-27T22:51:08.467+0200] {manager.py:504} INFO - Created Permission View: can delete on DAG:example_xcom
[2023-07-27T22:51:08.477+0200] {logging_mixin.py:150} INFO - [2023-07-27T22:51:08.477+0200] {dag.py:2742} INFO - Sync 1 DAGs
[2023-07-27T22:51:08.482+0200] {logging_mixin.py:150} INFO - [2023-07-27T22:51:08.482+0200] {dag.py:2763} INFO - Creating ORM DAG for example_xcom
[2023-07-27T22:51:08.487+0200] {logging_mixin.py:150} INFO - [2023-07-27T22:51:08.487+0200] {dag.py:3504} INFO - Setting next_dagrun for example_xcom to 2021-01-01T00:00:00+00:00, run_after=2021-01-01T00:00:00+00:00
[2023-07-27T22:51:08.503+0200] {processor.py:179} INFO - Processing /Library/Frameworks/Python.framework/Versions/3.11/lib/python3.11/site-packages/airflow/example_dags/example_xcom.py took 0.514 seconds
