[2023-07-27T20:35:34.997+0200] {processor.py:157} INFO - Started process (PID=5733) to work on /Library/Frameworks/Python.framework/Versions/3.11/lib/python3.11/site-packages/airflow/example_dags/example_bash_operator.py
[2023-07-27T20:35:34.998+0200] {processor.py:826} INFO - Processing file /Library/Frameworks/Python.framework/Versions/3.11/lib/python3.11/site-packages/airflow/example_dags/example_bash_operator.py for tasks to queue
[2023-07-27T20:35:34.998+0200] {logging_mixin.py:150} INFO - [2023-07-27T20:35:34.998+0200] {dagbag.py:541} INFO - Filling up the DagBag from /Library/Frameworks/Python.framework/Versions/3.11/lib/python3.11/site-packages/airflow/example_dags/example_bash_operator.py
[2023-07-27T20:35:35.043+0200] {processor.py:836} INFO - DAG(s) dict_keys(['example_bash_operator']) retrieved from /Library/Frameworks/Python.framework/Versions/3.11/lib/python3.11/site-packages/airflow/example_dags/example_bash_operator.py
[2023-07-27T20:35:35.367+0200] {logging_mixin.py:150} INFO - [2023-07-27T20:35:35.367+0200] {manager.py:504} INFO - Created Permission View: can edit on DAG:example_bash_operator
[2023-07-27T20:35:35.370+0200] {logging_mixin.py:150} INFO - [2023-07-27T20:35:35.370+0200] {manager.py:504} INFO - Created Permission View: can read on DAG:example_bash_operator
[2023-07-27T20:35:35.371+0200] {logging_mixin.py:150} INFO - [2023-07-27T20:35:35.371+0200] {manager.py:504} INFO - Created Permission View: can delete on DAG:example_bash_operator
[2023-07-27T20:35:35.374+0200] {logging_mixin.py:150} INFO - [2023-07-27T20:35:35.374+0200] {dag.py:2742} INFO - Sync 1 DAGs
[2023-07-27T20:35:35.377+0200] {logging_mixin.py:150} INFO - [2023-07-27T20:35:35.377+0200] {dag.py:2763} INFO - Creating ORM DAG for example_bash_operator
[2023-07-27T20:35:35.380+0200] {logging_mixin.py:150} INFO - [2023-07-27T20:35:35.380+0200] {dag.py:3504} INFO - Setting next_dagrun for example_bash_operator to 2023-07-26T00:00:00+00:00, run_after=2023-07-27T00:00:00+00:00
[2023-07-27T20:35:35.385+0200] {processor.py:179} INFO - Processing /Library/Frameworks/Python.framework/Versions/3.11/lib/python3.11/site-packages/airflow/example_dags/example_bash_operator.py took 0.388 seconds
[2023-07-27T20:37:14.165+0200] {processor.py:157} INFO - Started process (PID=5810) to work on /Library/Frameworks/Python.framework/Versions/3.11/lib/python3.11/site-packages/airflow/example_dags/example_bash_operator.py
[2023-07-27T20:37:14.167+0200] {processor.py:826} INFO - Processing file /Library/Frameworks/Python.framework/Versions/3.11/lib/python3.11/site-packages/airflow/example_dags/example_bash_operator.py for tasks to queue
[2023-07-27T20:37:14.167+0200] {logging_mixin.py:150} INFO - [2023-07-27T20:37:14.167+0200] {dagbag.py:541} INFO - Filling up the DagBag from /Library/Frameworks/Python.framework/Versions/3.11/lib/python3.11/site-packages/airflow/example_dags/example_bash_operator.py
[2023-07-27T20:37:14.211+0200] {processor.py:836} INFO - DAG(s) dict_keys(['example_bash_operator']) retrieved from /Library/Frameworks/Python.framework/Versions/3.11/lib/python3.11/site-packages/airflow/example_dags/example_bash_operator.py
[2023-07-27T20:37:14.499+0200] {logging_mixin.py:150} INFO - [2023-07-27T20:37:14.499+0200] {dag.py:2742} INFO - Sync 1 DAGs
[2023-07-27T20:37:14.506+0200] {logging_mixin.py:150} INFO - [2023-07-27T20:37:14.506+0200] {dag.py:3504} INFO - Setting next_dagrun for example_bash_operator to 2023-07-26T00:00:00+00:00, run_after=2023-07-27T00:00:00+00:00
[2023-07-27T20:37:14.513+0200] {processor.py:179} INFO - Processing /Library/Frameworks/Python.framework/Versions/3.11/lib/python3.11/site-packages/airflow/example_dags/example_bash_operator.py took 0.348 seconds
[2023-07-27T20:38:53.956+0200] {processor.py:157} INFO - Started process (PID=5878) to work on /Library/Frameworks/Python.framework/Versions/3.11/lib/python3.11/site-packages/airflow/example_dags/example_bash_operator.py
[2023-07-27T20:38:53.958+0200] {processor.py:826} INFO - Processing file /Library/Frameworks/Python.framework/Versions/3.11/lib/python3.11/site-packages/airflow/example_dags/example_bash_operator.py for tasks to queue
[2023-07-27T20:38:53.958+0200] {logging_mixin.py:150} INFO - [2023-07-27T20:38:53.958+0200] {dagbag.py:541} INFO - Filling up the DagBag from /Library/Frameworks/Python.framework/Versions/3.11/lib/python3.11/site-packages/airflow/example_dags/example_bash_operator.py
[2023-07-27T20:38:54.002+0200] {processor.py:836} INFO - DAG(s) dict_keys(['example_bash_operator']) retrieved from /Library/Frameworks/Python.framework/Versions/3.11/lib/python3.11/site-packages/airflow/example_dags/example_bash_operator.py
[2023-07-27T20:38:54.291+0200] {logging_mixin.py:150} INFO - [2023-07-27T20:38:54.291+0200] {dag.py:2742} INFO - Sync 1 DAGs
[2023-07-27T20:38:54.297+0200] {logging_mixin.py:150} INFO - [2023-07-27T20:38:54.296+0200] {dag.py:3504} INFO - Setting next_dagrun for example_bash_operator to 2023-07-26T00:00:00+00:00, run_after=2023-07-27T00:00:00+00:00
[2023-07-27T20:38:54.302+0200] {processor.py:179} INFO - Processing /Library/Frameworks/Python.framework/Versions/3.11/lib/python3.11/site-packages/airflow/example_dags/example_bash_operator.py took 0.346 seconds
[2023-07-27T20:40:33.567+0200] {processor.py:157} INFO - Started process (PID=5956) to work on /Library/Frameworks/Python.framework/Versions/3.11/lib/python3.11/site-packages/airflow/example_dags/example_bash_operator.py
[2023-07-27T20:40:33.568+0200] {processor.py:826} INFO - Processing file /Library/Frameworks/Python.framework/Versions/3.11/lib/python3.11/site-packages/airflow/example_dags/example_bash_operator.py for tasks to queue
[2023-07-27T20:40:33.568+0200] {logging_mixin.py:150} INFO - [2023-07-27T20:40:33.568+0200] {dagbag.py:541} INFO - Filling up the DagBag from /Library/Frameworks/Python.framework/Versions/3.11/lib/python3.11/site-packages/airflow/example_dags/example_bash_operator.py
[2023-07-27T20:40:33.613+0200] {processor.py:836} INFO - DAG(s) dict_keys(['example_bash_operator']) retrieved from /Library/Frameworks/Python.framework/Versions/3.11/lib/python3.11/site-packages/airflow/example_dags/example_bash_operator.py
[2023-07-27T20:40:33.908+0200] {logging_mixin.py:150} INFO - [2023-07-27T20:40:33.908+0200] {dag.py:2742} INFO - Sync 1 DAGs
[2023-07-27T20:40:33.914+0200] {logging_mixin.py:150} INFO - [2023-07-27T20:40:33.914+0200] {dag.py:3504} INFO - Setting next_dagrun for example_bash_operator to 2023-07-26T00:00:00+00:00, run_after=2023-07-27T00:00:00+00:00
[2023-07-27T20:40:33.920+0200] {processor.py:179} INFO - Processing /Library/Frameworks/Python.framework/Versions/3.11/lib/python3.11/site-packages/airflow/example_dags/example_bash_operator.py took 0.354 seconds
[2023-07-27T20:42:13.302+0200] {processor.py:157} INFO - Started process (PID=6030) to work on /Library/Frameworks/Python.framework/Versions/3.11/lib/python3.11/site-packages/airflow/example_dags/example_bash_operator.py
[2023-07-27T20:42:13.303+0200] {processor.py:826} INFO - Processing file /Library/Frameworks/Python.framework/Versions/3.11/lib/python3.11/site-packages/airflow/example_dags/example_bash_operator.py for tasks to queue
[2023-07-27T20:42:13.303+0200] {logging_mixin.py:150} INFO - [2023-07-27T20:42:13.303+0200] {dagbag.py:541} INFO - Filling up the DagBag from /Library/Frameworks/Python.framework/Versions/3.11/lib/python3.11/site-packages/airflow/example_dags/example_bash_operator.py
[2023-07-27T20:42:13.347+0200] {processor.py:836} INFO - DAG(s) dict_keys(['example_bash_operator']) retrieved from /Library/Frameworks/Python.framework/Versions/3.11/lib/python3.11/site-packages/airflow/example_dags/example_bash_operator.py
[2023-07-27T20:42:13.652+0200] {logging_mixin.py:150} INFO - [2023-07-27T20:42:13.652+0200] {dag.py:2742} INFO - Sync 1 DAGs
[2023-07-27T20:42:13.659+0200] {logging_mixin.py:150} INFO - [2023-07-27T20:42:13.658+0200] {dag.py:3504} INFO - Setting next_dagrun for example_bash_operator to 2023-07-26T00:00:00+00:00, run_after=2023-07-27T00:00:00+00:00
[2023-07-27T20:42:13.665+0200] {processor.py:179} INFO - Processing /Library/Frameworks/Python.framework/Versions/3.11/lib/python3.11/site-packages/airflow/example_dags/example_bash_operator.py took 0.363 seconds
[2023-07-27T20:43:52.099+0200] {processor.py:157} INFO - Started process (PID=6112) to work on /Library/Frameworks/Python.framework/Versions/3.11/lib/python3.11/site-packages/airflow/example_dags/example_bash_operator.py
[2023-07-27T20:43:52.100+0200] {processor.py:826} INFO - Processing file /Library/Frameworks/Python.framework/Versions/3.11/lib/python3.11/site-packages/airflow/example_dags/example_bash_operator.py for tasks to queue
[2023-07-27T20:43:52.100+0200] {logging_mixin.py:150} INFO - [2023-07-27T20:43:52.100+0200] {dagbag.py:541} INFO - Filling up the DagBag from /Library/Frameworks/Python.framework/Versions/3.11/lib/python3.11/site-packages/airflow/example_dags/example_bash_operator.py
[2023-07-27T20:43:52.145+0200] {processor.py:836} INFO - DAG(s) dict_keys(['example_bash_operator']) retrieved from /Library/Frameworks/Python.framework/Versions/3.11/lib/python3.11/site-packages/airflow/example_dags/example_bash_operator.py
[2023-07-27T20:43:52.442+0200] {logging_mixin.py:150} INFO - [2023-07-27T20:43:52.441+0200] {dag.py:2742} INFO - Sync 1 DAGs
[2023-07-27T20:43:52.448+0200] {logging_mixin.py:150} INFO - [2023-07-27T20:43:52.447+0200] {dag.py:3504} INFO - Setting next_dagrun for example_bash_operator to 2023-07-26T00:00:00+00:00, run_after=2023-07-27T00:00:00+00:00
[2023-07-27T20:43:52.453+0200] {processor.py:179} INFO - Processing /Library/Frameworks/Python.framework/Versions/3.11/lib/python3.11/site-packages/airflow/example_dags/example_bash_operator.py took 0.355 seconds
[2023-07-27T20:45:27.101+0200] {processor.py:157} INFO - Started process (PID=6186) to work on /Library/Frameworks/Python.framework/Versions/3.11/lib/python3.11/site-packages/airflow/example_dags/example_bash_operator.py
[2023-07-27T20:45:27.102+0200] {processor.py:826} INFO - Processing file /Library/Frameworks/Python.framework/Versions/3.11/lib/python3.11/site-packages/airflow/example_dags/example_bash_operator.py for tasks to queue
[2023-07-27T20:45:27.102+0200] {logging_mixin.py:150} INFO - [2023-07-27T20:45:27.102+0200] {dagbag.py:541} INFO - Filling up the DagBag from /Library/Frameworks/Python.framework/Versions/3.11/lib/python3.11/site-packages/airflow/example_dags/example_bash_operator.py
[2023-07-27T20:45:27.150+0200] {processor.py:836} INFO - DAG(s) dict_keys(['example_bash_operator']) retrieved from /Library/Frameworks/Python.framework/Versions/3.11/lib/python3.11/site-packages/airflow/example_dags/example_bash_operator.py
[2023-07-27T20:45:27.456+0200] {logging_mixin.py:150} INFO - [2023-07-27T20:45:27.456+0200] {dag.py:2742} INFO - Sync 1 DAGs
[2023-07-27T20:45:27.462+0200] {logging_mixin.py:150} INFO - [2023-07-27T20:45:27.462+0200] {dag.py:3504} INFO - Setting next_dagrun for example_bash_operator to 2023-07-26T00:00:00+00:00, run_after=2023-07-27T00:00:00+00:00
[2023-07-27T20:45:27.467+0200] {processor.py:179} INFO - Processing /Library/Frameworks/Python.framework/Versions/3.11/lib/python3.11/site-packages/airflow/example_dags/example_bash_operator.py took 0.367 seconds
[2023-07-27T20:47:00.434+0200] {processor.py:157} INFO - Started process (PID=6265) to work on /Library/Frameworks/Python.framework/Versions/3.11/lib/python3.11/site-packages/airflow/example_dags/example_bash_operator.py
[2023-07-27T20:47:00.436+0200] {processor.py:826} INFO - Processing file /Library/Frameworks/Python.framework/Versions/3.11/lib/python3.11/site-packages/airflow/example_dags/example_bash_operator.py for tasks to queue
[2023-07-27T20:47:00.436+0200] {logging_mixin.py:150} INFO - [2023-07-27T20:47:00.436+0200] {dagbag.py:541} INFO - Filling up the DagBag from /Library/Frameworks/Python.framework/Versions/3.11/lib/python3.11/site-packages/airflow/example_dags/example_bash_operator.py
[2023-07-27T20:47:00.480+0200] {processor.py:836} INFO - DAG(s) dict_keys(['example_bash_operator']) retrieved from /Library/Frameworks/Python.framework/Versions/3.11/lib/python3.11/site-packages/airflow/example_dags/example_bash_operator.py
[2023-07-27T20:47:00.766+0200] {logging_mixin.py:150} INFO - [2023-07-27T20:47:00.766+0200] {dag.py:2742} INFO - Sync 1 DAGs
[2023-07-27T20:47:00.772+0200] {logging_mixin.py:150} INFO - [2023-07-27T20:47:00.771+0200] {dag.py:3504} INFO - Setting next_dagrun for example_bash_operator to 2023-07-26T00:00:00+00:00, run_after=2023-07-27T00:00:00+00:00
[2023-07-27T20:47:00.777+0200] {processor.py:179} INFO - Processing /Library/Frameworks/Python.framework/Versions/3.11/lib/python3.11/site-packages/airflow/example_dags/example_bash_operator.py took 0.343 seconds
[2023-07-27T20:48:39.229+0200] {processor.py:157} INFO - Started process (PID=6340) to work on /Library/Frameworks/Python.framework/Versions/3.11/lib/python3.11/site-packages/airflow/example_dags/example_bash_operator.py
[2023-07-27T20:48:39.231+0200] {processor.py:826} INFO - Processing file /Library/Frameworks/Python.framework/Versions/3.11/lib/python3.11/site-packages/airflow/example_dags/example_bash_operator.py for tasks to queue
[2023-07-27T20:48:39.231+0200] {logging_mixin.py:150} INFO - [2023-07-27T20:48:39.231+0200] {dagbag.py:541} INFO - Filling up the DagBag from /Library/Frameworks/Python.framework/Versions/3.11/lib/python3.11/site-packages/airflow/example_dags/example_bash_operator.py
[2023-07-27T20:48:39.275+0200] {processor.py:836} INFO - DAG(s) dict_keys(['example_bash_operator']) retrieved from /Library/Frameworks/Python.framework/Versions/3.11/lib/python3.11/site-packages/airflow/example_dags/example_bash_operator.py
[2023-07-27T20:48:39.567+0200] {logging_mixin.py:150} INFO - [2023-07-27T20:48:39.567+0200] {dag.py:2742} INFO - Sync 1 DAGs
[2023-07-27T20:48:39.572+0200] {logging_mixin.py:150} INFO - [2023-07-27T20:48:39.572+0200] {dag.py:3504} INFO - Setting next_dagrun for example_bash_operator to 2023-07-26T00:00:00+00:00, run_after=2023-07-27T00:00:00+00:00
[2023-07-27T20:48:39.578+0200] {processor.py:179} INFO - Processing /Library/Frameworks/Python.framework/Versions/3.11/lib/python3.11/site-packages/airflow/example_dags/example_bash_operator.py took 0.349 seconds
