[2023-07-27T20:35:27.641+0200] {processor.py:157} INFO - Started process (PID=5729) to work on /Library/Frameworks/Python.framework/Versions/3.11/lib/python3.11/site-packages/airflow/example_dags/example_branch_operator.py
[2023-07-27T20:35:27.642+0200] {processor.py:826} INFO - Processing file /Library/Frameworks/Python.framework/Versions/3.11/lib/python3.11/site-packages/airflow/example_dags/example_branch_operator.py for tasks to queue
[2023-07-27T20:35:27.643+0200] {logging_mixin.py:150} INFO - [2023-07-27T20:35:27.642+0200] {dagbag.py:541} INFO - Filling up the DagBag from /Library/Frameworks/Python.framework/Versions/3.11/lib/python3.11/site-packages/airflow/example_dags/example_branch_operator.py
[2023-07-27T20:35:27.666+0200] {processor.py:836} INFO - DAG(s) dict_keys(['example_branch_operator']) retrieved from /Library/Frameworks/Python.framework/Versions/3.11/lib/python3.11/site-packages/airflow/example_dags/example_branch_operator.py
[2023-07-27T20:35:28.025+0200] {logging_mixin.py:150} INFO - [2023-07-27T20:35:28.025+0200] {manager.py:504} INFO - Created Permission View: can edit on DAG:example_branch_operator
[2023-07-27T20:35:28.027+0200] {logging_mixin.py:150} INFO - [2023-07-27T20:35:28.027+0200] {manager.py:504} INFO - Created Permission View: can read on DAG:example_branch_operator
[2023-07-27T20:35:28.029+0200] {logging_mixin.py:150} INFO - [2023-07-27T20:35:28.029+0200] {manager.py:504} INFO - Created Permission View: can delete on DAG:example_branch_operator
[2023-07-27T20:35:28.032+0200] {logging_mixin.py:150} INFO - [2023-07-27T20:35:28.032+0200] {dag.py:2742} INFO - Sync 1 DAGs
[2023-07-27T20:35:28.034+0200] {logging_mixin.py:150} INFO - [2023-07-27T20:35:28.034+0200] {dag.py:2763} INFO - Creating ORM DAG for example_branch_operator
[2023-07-27T20:35:28.038+0200] {logging_mixin.py:150} INFO - [2023-07-27T20:35:28.038+0200] {dag.py:3504} INFO - Setting next_dagrun for example_branch_operator to 2023-07-26T00:00:00+00:00, run_after=2023-07-27T00:00:00+00:00
[2023-07-27T20:35:28.042+0200] {processor.py:179} INFO - Processing /Library/Frameworks/Python.framework/Versions/3.11/lib/python3.11/site-packages/airflow/example_dags/example_branch_operator.py took 0.402 seconds
[2023-07-27T20:37:06.823+0200] {processor.py:157} INFO - Started process (PID=5800) to work on /Library/Frameworks/Python.framework/Versions/3.11/lib/python3.11/site-packages/airflow/example_dags/example_branch_operator.py
[2023-07-27T20:37:06.825+0200] {processor.py:826} INFO - Processing file /Library/Frameworks/Python.framework/Versions/3.11/lib/python3.11/site-packages/airflow/example_dags/example_branch_operator.py for tasks to queue
[2023-07-27T20:37:06.825+0200] {logging_mixin.py:150} INFO - [2023-07-27T20:37:06.825+0200] {dagbag.py:541} INFO - Filling up the DagBag from /Library/Frameworks/Python.framework/Versions/3.11/lib/python3.11/site-packages/airflow/example_dags/example_branch_operator.py
[2023-07-27T20:37:06.848+0200] {processor.py:836} INFO - DAG(s) dict_keys(['example_branch_operator']) retrieved from /Library/Frameworks/Python.framework/Versions/3.11/lib/python3.11/site-packages/airflow/example_dags/example_branch_operator.py
[2023-07-27T20:37:07.163+0200] {logging_mixin.py:150} INFO - [2023-07-27T20:37:07.163+0200] {dag.py:2742} INFO - Sync 1 DAGs
[2023-07-27T20:37:07.169+0200] {logging_mixin.py:150} INFO - [2023-07-27T20:37:07.169+0200] {dag.py:3504} INFO - Setting next_dagrun for example_branch_operator to 2023-07-26T00:00:00+00:00, run_after=2023-07-27T00:00:00+00:00
[2023-07-27T20:37:07.174+0200] {processor.py:179} INFO - Processing /Library/Frameworks/Python.framework/Versions/3.11/lib/python3.11/site-packages/airflow/example_dags/example_branch_operator.py took 0.352 seconds
[2023-07-27T20:38:48.164+0200] {processor.py:157} INFO - Started process (PID=5874) to work on /Library/Frameworks/Python.framework/Versions/3.11/lib/python3.11/site-packages/airflow/example_dags/example_branch_operator.py
[2023-07-27T20:38:48.166+0200] {processor.py:826} INFO - Processing file /Library/Frameworks/Python.framework/Versions/3.11/lib/python3.11/site-packages/airflow/example_dags/example_branch_operator.py for tasks to queue
[2023-07-27T20:38:48.166+0200] {logging_mixin.py:150} INFO - [2023-07-27T20:38:48.166+0200] {dagbag.py:541} INFO - Filling up the DagBag from /Library/Frameworks/Python.framework/Versions/3.11/lib/python3.11/site-packages/airflow/example_dags/example_branch_operator.py
[2023-07-27T20:38:48.189+0200] {processor.py:836} INFO - DAG(s) dict_keys(['example_branch_operator']) retrieved from /Library/Frameworks/Python.framework/Versions/3.11/lib/python3.11/site-packages/airflow/example_dags/example_branch_operator.py
[2023-07-27T20:38:48.501+0200] {logging_mixin.py:150} INFO - [2023-07-27T20:38:48.501+0200] {dag.py:2742} INFO - Sync 1 DAGs
[2023-07-27T20:38:48.506+0200] {logging_mixin.py:150} INFO - [2023-07-27T20:38:48.506+0200] {dag.py:3504} INFO - Setting next_dagrun for example_branch_operator to 2023-07-26T00:00:00+00:00, run_after=2023-07-27T00:00:00+00:00
[2023-07-27T20:38:48.512+0200] {processor.py:179} INFO - Processing /Library/Frameworks/Python.framework/Versions/3.11/lib/python3.11/site-packages/airflow/example_dags/example_branch_operator.py took 0.348 seconds
[2023-07-27T20:40:26.232+0200] {processor.py:157} INFO - Started process (PID=5952) to work on /Library/Frameworks/Python.framework/Versions/3.11/lib/python3.11/site-packages/airflow/example_dags/example_branch_operator.py
[2023-07-27T20:40:26.233+0200] {processor.py:826} INFO - Processing file /Library/Frameworks/Python.framework/Versions/3.11/lib/python3.11/site-packages/airflow/example_dags/example_branch_operator.py for tasks to queue
[2023-07-27T20:40:26.233+0200] {logging_mixin.py:150} INFO - [2023-07-27T20:40:26.233+0200] {dagbag.py:541} INFO - Filling up the DagBag from /Library/Frameworks/Python.framework/Versions/3.11/lib/python3.11/site-packages/airflow/example_dags/example_branch_operator.py
[2023-07-27T20:40:26.256+0200] {processor.py:836} INFO - DAG(s) dict_keys(['example_branch_operator']) retrieved from /Library/Frameworks/Python.framework/Versions/3.11/lib/python3.11/site-packages/airflow/example_dags/example_branch_operator.py
[2023-07-27T20:40:26.572+0200] {logging_mixin.py:150} INFO - [2023-07-27T20:40:26.572+0200] {dag.py:2742} INFO - Sync 1 DAGs
[2023-07-27T20:40:26.577+0200] {logging_mixin.py:150} INFO - [2023-07-27T20:40:26.577+0200] {dag.py:3504} INFO - Setting next_dagrun for example_branch_operator to 2023-07-26T00:00:00+00:00, run_after=2023-07-27T00:00:00+00:00
[2023-07-27T20:40:26.583+0200] {processor.py:179} INFO - Processing /Library/Frameworks/Python.framework/Versions/3.11/lib/python3.11/site-packages/airflow/example_dags/example_branch_operator.py took 0.352 seconds
[2023-07-27T20:42:06.128+0200] {processor.py:157} INFO - Started process (PID=6026) to work on /Library/Frameworks/Python.framework/Versions/3.11/lib/python3.11/site-packages/airflow/example_dags/example_branch_operator.py
[2023-07-27T20:42:06.129+0200] {processor.py:826} INFO - Processing file /Library/Frameworks/Python.framework/Versions/3.11/lib/python3.11/site-packages/airflow/example_dags/example_branch_operator.py for tasks to queue
[2023-07-27T20:42:06.129+0200] {logging_mixin.py:150} INFO - [2023-07-27T20:42:06.129+0200] {dagbag.py:541} INFO - Filling up the DagBag from /Library/Frameworks/Python.framework/Versions/3.11/lib/python3.11/site-packages/airflow/example_dags/example_branch_operator.py
[2023-07-27T20:42:06.151+0200] {processor.py:836} INFO - DAG(s) dict_keys(['example_branch_operator']) retrieved from /Library/Frameworks/Python.framework/Versions/3.11/lib/python3.11/site-packages/airflow/example_dags/example_branch_operator.py
[2023-07-27T20:42:06.464+0200] {logging_mixin.py:150} INFO - [2023-07-27T20:42:06.464+0200] {dag.py:2742} INFO - Sync 1 DAGs
[2023-07-27T20:42:06.469+0200] {logging_mixin.py:150} INFO - [2023-07-27T20:42:06.469+0200] {dag.py:3504} INFO - Setting next_dagrun for example_branch_operator to 2023-07-26T00:00:00+00:00, run_after=2023-07-27T00:00:00+00:00
[2023-07-27T20:42:06.475+0200] {processor.py:179} INFO - Processing /Library/Frameworks/Python.framework/Versions/3.11/lib/python3.11/site-packages/airflow/example_dags/example_branch_operator.py took 0.348 seconds
[2023-07-27T20:43:45.010+0200] {processor.py:157} INFO - Started process (PID=6108) to work on /Library/Frameworks/Python.framework/Versions/3.11/lib/python3.11/site-packages/airflow/example_dags/example_branch_operator.py
[2023-07-27T20:43:45.011+0200] {processor.py:826} INFO - Processing file /Library/Frameworks/Python.framework/Versions/3.11/lib/python3.11/site-packages/airflow/example_dags/example_branch_operator.py for tasks to queue
[2023-07-27T20:43:45.012+0200] {logging_mixin.py:150} INFO - [2023-07-27T20:43:45.011+0200] {dagbag.py:541} INFO - Filling up the DagBag from /Library/Frameworks/Python.framework/Versions/3.11/lib/python3.11/site-packages/airflow/example_dags/example_branch_operator.py
[2023-07-27T20:43:45.036+0200] {processor.py:836} INFO - DAG(s) dict_keys(['example_branch_operator']) retrieved from /Library/Frameworks/Python.framework/Versions/3.11/lib/python3.11/site-packages/airflow/example_dags/example_branch_operator.py
[2023-07-27T20:43:45.358+0200] {logging_mixin.py:150} INFO - [2023-07-27T20:43:45.357+0200] {dag.py:2742} INFO - Sync 1 DAGs
[2023-07-27T20:43:45.363+0200] {logging_mixin.py:150} INFO - [2023-07-27T20:43:45.363+0200] {dag.py:3504} INFO - Setting next_dagrun for example_branch_operator to 2023-07-26T00:00:00+00:00, run_after=2023-07-27T00:00:00+00:00
[2023-07-27T20:43:45.369+0200] {processor.py:179} INFO - Processing /Library/Frameworks/Python.framework/Versions/3.11/lib/python3.11/site-packages/airflow/example_dags/example_branch_operator.py took 0.359 seconds
[2023-07-27T20:45:19.964+0200] {processor.py:157} INFO - Started process (PID=6180) to work on /Library/Frameworks/Python.framework/Versions/3.11/lib/python3.11/site-packages/airflow/example_dags/example_branch_operator.py
[2023-07-27T20:45:19.966+0200] {processor.py:826} INFO - Processing file /Library/Frameworks/Python.framework/Versions/3.11/lib/python3.11/site-packages/airflow/example_dags/example_branch_operator.py for tasks to queue
[2023-07-27T20:45:19.966+0200] {logging_mixin.py:150} INFO - [2023-07-27T20:45:19.966+0200] {dagbag.py:541} INFO - Filling up the DagBag from /Library/Frameworks/Python.framework/Versions/3.11/lib/python3.11/site-packages/airflow/example_dags/example_branch_operator.py
[2023-07-27T20:45:19.989+0200] {processor.py:836} INFO - DAG(s) dict_keys(['example_branch_operator']) retrieved from /Library/Frameworks/Python.framework/Versions/3.11/lib/python3.11/site-packages/airflow/example_dags/example_branch_operator.py
[2023-07-27T20:45:20.301+0200] {logging_mixin.py:150} INFO - [2023-07-27T20:45:20.301+0200] {dag.py:2742} INFO - Sync 1 DAGs
[2023-07-27T20:45:20.306+0200] {logging_mixin.py:150} INFO - [2023-07-27T20:45:20.306+0200] {dag.py:3504} INFO - Setting next_dagrun for example_branch_operator to 2023-07-26T00:00:00+00:00, run_after=2023-07-27T00:00:00+00:00
[2023-07-27T20:45:20.311+0200] {processor.py:179} INFO - Processing /Library/Frameworks/Python.framework/Versions/3.11/lib/python3.11/site-packages/airflow/example_dags/example_branch_operator.py took 0.348 seconds
[2023-07-27T20:46:53.091+0200] {processor.py:157} INFO - Started process (PID=6261) to work on /Library/Frameworks/Python.framework/Versions/3.11/lib/python3.11/site-packages/airflow/example_dags/example_branch_operator.py
[2023-07-27T20:46:53.092+0200] {processor.py:826} INFO - Processing file /Library/Frameworks/Python.framework/Versions/3.11/lib/python3.11/site-packages/airflow/example_dags/example_branch_operator.py for tasks to queue
[2023-07-27T20:46:53.092+0200] {logging_mixin.py:150} INFO - [2023-07-27T20:46:53.092+0200] {dagbag.py:541} INFO - Filling up the DagBag from /Library/Frameworks/Python.framework/Versions/3.11/lib/python3.11/site-packages/airflow/example_dags/example_branch_operator.py
[2023-07-27T20:46:53.115+0200] {processor.py:836} INFO - DAG(s) dict_keys(['example_branch_operator']) retrieved from /Library/Frameworks/Python.framework/Versions/3.11/lib/python3.11/site-packages/airflow/example_dags/example_branch_operator.py
[2023-07-27T20:46:53.428+0200] {logging_mixin.py:150} INFO - [2023-07-27T20:46:53.428+0200] {dag.py:2742} INFO - Sync 1 DAGs
[2023-07-27T20:46:53.433+0200] {logging_mixin.py:150} INFO - [2023-07-27T20:46:53.433+0200] {dag.py:3504} INFO - Setting next_dagrun for example_branch_operator to 2023-07-26T00:00:00+00:00, run_after=2023-07-27T00:00:00+00:00
[2023-07-27T20:46:53.439+0200] {processor.py:179} INFO - Processing /Library/Frameworks/Python.framework/Versions/3.11/lib/python3.11/site-packages/airflow/example_dags/example_branch_operator.py took 0.349 seconds
[2023-07-27T20:48:31.816+0200] {processor.py:157} INFO - Started process (PID=6335) to work on /Library/Frameworks/Python.framework/Versions/3.11/lib/python3.11/site-packages/airflow/example_dags/example_branch_operator.py
[2023-07-27T20:48:31.818+0200] {processor.py:826} INFO - Processing file /Library/Frameworks/Python.framework/Versions/3.11/lib/python3.11/site-packages/airflow/example_dags/example_branch_operator.py for tasks to queue
[2023-07-27T20:48:31.818+0200] {logging_mixin.py:150} INFO - [2023-07-27T20:48:31.818+0200] {dagbag.py:541} INFO - Filling up the DagBag from /Library/Frameworks/Python.framework/Versions/3.11/lib/python3.11/site-packages/airflow/example_dags/example_branch_operator.py
[2023-07-27T20:48:31.841+0200] {processor.py:836} INFO - DAG(s) dict_keys(['example_branch_operator']) retrieved from /Library/Frameworks/Python.framework/Versions/3.11/lib/python3.11/site-packages/airflow/example_dags/example_branch_operator.py
[2023-07-27T20:48:32.167+0200] {logging_mixin.py:150} INFO - [2023-07-27T20:48:32.167+0200] {dag.py:2742} INFO - Sync 1 DAGs
[2023-07-27T20:48:32.173+0200] {logging_mixin.py:150} INFO - [2023-07-27T20:48:32.173+0200] {dag.py:3504} INFO - Setting next_dagrun for example_branch_operator to 2023-07-26T00:00:00+00:00, run_after=2023-07-27T00:00:00+00:00
[2023-07-27T20:48:32.178+0200] {processor.py:179} INFO - Processing /Library/Frameworks/Python.framework/Versions/3.11/lib/python3.11/site-packages/airflow/example_dags/example_branch_operator.py took 0.362 seconds
