[2023-07-27T20:34:57.775+0200] {processor.py:157} INFO - Started process (PID=5712) to work on /Library/Frameworks/Python.framework/Versions/3.11/lib/python3.11/site-packages/airflow/example_dags/example_python_operator.py
[2023-07-27T20:34:57.777+0200] {processor.py:826} INFO - Processing file /Library/Frameworks/Python.framework/Versions/3.11/lib/python3.11/site-packages/airflow/example_dags/example_python_operator.py for tasks to queue
[2023-07-27T20:34:57.777+0200] {logging_mixin.py:150} INFO - [2023-07-27T20:34:57.777+0200] {dagbag.py:541} INFO - Filling up the DagBag from /Library/Frameworks/Python.framework/Versions/3.11/lib/python3.11/site-packages/airflow/example_dags/example_python_operator.py
[2023-07-27T20:34:57.805+0200] {logging_mixin.py:150} INFO - [2023-07-27T20:34:57.805+0200] {example_python_operator.py:90} WARNING - The virtalenv_python example task requires virtualenv, please install it.
[2023-07-27T20:34:57.807+0200] {processor.py:836} INFO - DAG(s) dict_keys(['example_python_operator']) retrieved from /Library/Frameworks/Python.framework/Versions/3.11/lib/python3.11/site-packages/airflow/example_dags/example_python_operator.py
[2023-07-27T20:34:58.138+0200] {logging_mixin.py:150} INFO - [2023-07-27T20:34:58.138+0200] {manager.py:504} INFO - Created Permission View: can read on DAG:example_python_operator
[2023-07-27T20:34:58.141+0200] {logging_mixin.py:150} INFO - [2023-07-27T20:34:58.141+0200] {manager.py:504} INFO - Created Permission View: can delete on DAG:example_python_operator
[2023-07-27T20:34:58.142+0200] {logging_mixin.py:150} INFO - [2023-07-27T20:34:58.142+0200] {manager.py:504} INFO - Created Permission View: can edit on DAG:example_python_operator
[2023-07-27T20:34:58.145+0200] {logging_mixin.py:150} INFO - [2023-07-27T20:34:58.145+0200] {dag.py:2742} INFO - Sync 1 DAGs
[2023-07-27T20:34:58.148+0200] {logging_mixin.py:150} INFO - [2023-07-27T20:34:58.148+0200] {dag.py:2763} INFO - Creating ORM DAG for example_python_operator
[2023-07-27T20:34:58.151+0200] {logging_mixin.py:150} INFO - [2023-07-27T20:34:58.151+0200] {dag.py:3504} INFO - Setting next_dagrun for example_python_operator to None, run_after=None
[2023-07-27T20:34:58.156+0200] {processor.py:179} INFO - Processing /Library/Frameworks/Python.framework/Versions/3.11/lib/python3.11/site-packages/airflow/example_dags/example_python_operator.py took 0.381 seconds
[2023-07-27T20:36:18.089+0200] {processor.py:157} INFO - Started process (PID=5772) to work on /Library/Frameworks/Python.framework/Versions/3.11/lib/python3.11/site-packages/airflow/example_dags/example_python_operator.py
[2023-07-27T20:36:18.091+0200] {processor.py:826} INFO - Processing file /Library/Frameworks/Python.framework/Versions/3.11/lib/python3.11/site-packages/airflow/example_dags/example_python_operator.py for tasks to queue
[2023-07-27T20:36:18.091+0200] {logging_mixin.py:150} INFO - [2023-07-27T20:36:18.091+0200] {dagbag.py:541} INFO - Filling up the DagBag from /Library/Frameworks/Python.framework/Versions/3.11/lib/python3.11/site-packages/airflow/example_dags/example_python_operator.py
[2023-07-27T20:36:18.118+0200] {logging_mixin.py:150} INFO - [2023-07-27T20:36:18.118+0200] {example_python_operator.py:90} WARNING - The virtalenv_python example task requires virtualenv, please install it.
[2023-07-27T20:36:18.120+0200] {processor.py:836} INFO - DAG(s) dict_keys(['example_python_operator']) retrieved from /Library/Frameworks/Python.framework/Versions/3.11/lib/python3.11/site-packages/airflow/example_dags/example_python_operator.py
[2023-07-27T20:36:18.430+0200] {logging_mixin.py:150} INFO - [2023-07-27T20:36:18.429+0200] {dag.py:2742} INFO - Sync 1 DAGs
[2023-07-27T20:36:18.434+0200] {logging_mixin.py:150} INFO - [2023-07-27T20:36:18.434+0200] {dag.py:3504} INFO - Setting next_dagrun for example_python_operator to None, run_after=None
[2023-07-27T20:36:18.441+0200] {processor.py:179} INFO - Processing /Library/Frameworks/Python.framework/Versions/3.11/lib/python3.11/site-packages/airflow/example_dags/example_python_operator.py took 0.353 seconds
[2023-07-27T20:37:57.058+0200] {processor.py:157} INFO - Started process (PID=5836) to work on /Library/Frameworks/Python.framework/Versions/3.11/lib/python3.11/site-packages/airflow/example_dags/example_python_operator.py
[2023-07-27T20:37:57.060+0200] {processor.py:826} INFO - Processing file /Library/Frameworks/Python.framework/Versions/3.11/lib/python3.11/site-packages/airflow/example_dags/example_python_operator.py for tasks to queue
[2023-07-27T20:37:57.060+0200] {logging_mixin.py:150} INFO - [2023-07-27T20:37:57.060+0200] {dagbag.py:541} INFO - Filling up the DagBag from /Library/Frameworks/Python.framework/Versions/3.11/lib/python3.11/site-packages/airflow/example_dags/example_python_operator.py
[2023-07-27T20:37:57.087+0200] {logging_mixin.py:150} INFO - [2023-07-27T20:37:57.087+0200] {example_python_operator.py:90} WARNING - The virtalenv_python example task requires virtualenv, please install it.
[2023-07-27T20:37:57.089+0200] {processor.py:836} INFO - DAG(s) dict_keys(['example_python_operator']) retrieved from /Library/Frameworks/Python.framework/Versions/3.11/lib/python3.11/site-packages/airflow/example_dags/example_python_operator.py
[2023-07-27T20:37:57.399+0200] {logging_mixin.py:150} INFO - [2023-07-27T20:37:57.399+0200] {dag.py:2742} INFO - Sync 1 DAGs
[2023-07-27T20:37:57.404+0200] {logging_mixin.py:150} INFO - [2023-07-27T20:37:57.404+0200] {dag.py:3504} INFO - Setting next_dagrun for example_python_operator to None, run_after=None
[2023-07-27T20:37:57.410+0200] {processor.py:179} INFO - Processing /Library/Frameworks/Python.framework/Versions/3.11/lib/python3.11/site-packages/airflow/example_dags/example_python_operator.py took 0.353 seconds
[2023-07-27T20:39:35.773+0200] {processor.py:157} INFO - Started process (PID=5914) to work on /Library/Frameworks/Python.framework/Versions/3.11/lib/python3.11/site-packages/airflow/example_dags/example_python_operator.py
[2023-07-27T20:39:35.774+0200] {processor.py:826} INFO - Processing file /Library/Frameworks/Python.framework/Versions/3.11/lib/python3.11/site-packages/airflow/example_dags/example_python_operator.py for tasks to queue
[2023-07-27T20:39:35.774+0200] {logging_mixin.py:150} INFO - [2023-07-27T20:39:35.774+0200] {dagbag.py:541} INFO - Filling up the DagBag from /Library/Frameworks/Python.framework/Versions/3.11/lib/python3.11/site-packages/airflow/example_dags/example_python_operator.py
[2023-07-27T20:39:35.801+0200] {logging_mixin.py:150} INFO - [2023-07-27T20:39:35.800+0200] {example_python_operator.py:90} WARNING - The virtalenv_python example task requires virtualenv, please install it.
[2023-07-27T20:39:35.802+0200] {processor.py:836} INFO - DAG(s) dict_keys(['example_python_operator']) retrieved from /Library/Frameworks/Python.framework/Versions/3.11/lib/python3.11/site-packages/airflow/example_dags/example_python_operator.py
[2023-07-27T20:39:36.115+0200] {logging_mixin.py:150} INFO - [2023-07-27T20:39:36.115+0200] {dag.py:2742} INFO - Sync 1 DAGs
[2023-07-27T20:39:36.120+0200] {logging_mixin.py:150} INFO - [2023-07-27T20:39:36.120+0200] {dag.py:3504} INFO - Setting next_dagrun for example_python_operator to None, run_after=None
[2023-07-27T20:39:36.126+0200] {processor.py:179} INFO - Processing /Library/Frameworks/Python.framework/Versions/3.11/lib/python3.11/site-packages/airflow/example_dags/example_python_operator.py took 0.353 seconds
[2023-07-27T20:41:17.245+0200] {processor.py:157} INFO - Started process (PID=5986) to work on /Library/Frameworks/Python.framework/Versions/3.11/lib/python3.11/site-packages/airflow/example_dags/example_python_operator.py
[2023-07-27T20:41:17.246+0200] {processor.py:826} INFO - Processing file /Library/Frameworks/Python.framework/Versions/3.11/lib/python3.11/site-packages/airflow/example_dags/example_python_operator.py for tasks to queue
[2023-07-27T20:41:17.246+0200] {logging_mixin.py:150} INFO - [2023-07-27T20:41:17.246+0200] {dagbag.py:541} INFO - Filling up the DagBag from /Library/Frameworks/Python.framework/Versions/3.11/lib/python3.11/site-packages/airflow/example_dags/example_python_operator.py
[2023-07-27T20:41:17.273+0200] {logging_mixin.py:150} INFO - [2023-07-27T20:41:17.273+0200] {example_python_operator.py:90} WARNING - The virtalenv_python example task requires virtualenv, please install it.
[2023-07-27T20:41:17.275+0200] {processor.py:836} INFO - DAG(s) dict_keys(['example_python_operator']) retrieved from /Library/Frameworks/Python.framework/Versions/3.11/lib/python3.11/site-packages/airflow/example_dags/example_python_operator.py
[2023-07-27T20:41:17.596+0200] {logging_mixin.py:150} INFO - [2023-07-27T20:41:17.596+0200] {dag.py:2742} INFO - Sync 1 DAGs
[2023-07-27T20:41:17.601+0200] {logging_mixin.py:150} INFO - [2023-07-27T20:41:17.601+0200] {dag.py:3504} INFO - Setting next_dagrun for example_python_operator to None, run_after=None
[2023-07-27T20:41:17.608+0200] {processor.py:179} INFO - Processing /Library/Frameworks/Python.framework/Versions/3.11/lib/python3.11/site-packages/airflow/example_dags/example_python_operator.py took 0.363 seconds
[2023-07-27T20:42:54.838+0200] {processor.py:157} INFO - Started process (PID=6068) to work on /Library/Frameworks/Python.framework/Versions/3.11/lib/python3.11/site-packages/airflow/example_dags/example_python_operator.py
[2023-07-27T20:42:54.839+0200] {processor.py:826} INFO - Processing file /Library/Frameworks/Python.framework/Versions/3.11/lib/python3.11/site-packages/airflow/example_dags/example_python_operator.py for tasks to queue
[2023-07-27T20:42:54.839+0200] {logging_mixin.py:150} INFO - [2023-07-27T20:42:54.839+0200] {dagbag.py:541} INFO - Filling up the DagBag from /Library/Frameworks/Python.framework/Versions/3.11/lib/python3.11/site-packages/airflow/example_dags/example_python_operator.py
[2023-07-27T20:42:54.866+0200] {logging_mixin.py:150} INFO - [2023-07-27T20:42:54.865+0200] {example_python_operator.py:90} WARNING - The virtalenv_python example task requires virtualenv, please install it.
[2023-07-27T20:42:54.868+0200] {processor.py:836} INFO - DAG(s) dict_keys(['example_python_operator']) retrieved from /Library/Frameworks/Python.framework/Versions/3.11/lib/python3.11/site-packages/airflow/example_dags/example_python_operator.py
[2023-07-27T20:42:55.190+0200] {logging_mixin.py:150} INFO - [2023-07-27T20:42:55.190+0200] {dag.py:2742} INFO - Sync 1 DAGs
[2023-07-27T20:42:55.195+0200] {logging_mixin.py:150} INFO - [2023-07-27T20:42:55.195+0200] {dag.py:3504} INFO - Setting next_dagrun for example_python_operator to None, run_after=None
[2023-07-27T20:42:55.201+0200] {processor.py:179} INFO - Processing /Library/Frameworks/Python.framework/Versions/3.11/lib/python3.11/site-packages/airflow/example_dags/example_python_operator.py took 0.363 seconds
[2023-07-27T20:44:31.836+0200] {processor.py:157} INFO - Started process (PID=6139) to work on /Library/Frameworks/Python.framework/Versions/3.11/lib/python3.11/site-packages/airflow/example_dags/example_python_operator.py
[2023-07-27T20:44:31.839+0200] {processor.py:826} INFO - Processing file /Library/Frameworks/Python.framework/Versions/3.11/lib/python3.11/site-packages/airflow/example_dags/example_python_operator.py for tasks to queue
[2023-07-27T20:44:31.839+0200] {logging_mixin.py:150} INFO - [2023-07-27T20:44:31.839+0200] {dagbag.py:541} INFO - Filling up the DagBag from /Library/Frameworks/Python.framework/Versions/3.11/lib/python3.11/site-packages/airflow/example_dags/example_python_operator.py
[2023-07-27T20:44:31.871+0200] {logging_mixin.py:150} INFO - [2023-07-27T20:44:31.871+0200] {example_python_operator.py:90} WARNING - The virtalenv_python example task requires virtualenv, please install it.
[2023-07-27T20:44:31.874+0200] {processor.py:836} INFO - DAG(s) dict_keys(['example_python_operator']) retrieved from /Library/Frameworks/Python.framework/Versions/3.11/lib/python3.11/site-packages/airflow/example_dags/example_python_operator.py
[2023-07-27T20:44:32.216+0200] {logging_mixin.py:150} INFO - [2023-07-27T20:44:32.216+0200] {dag.py:2742} INFO - Sync 1 DAGs
[2023-07-27T20:44:32.221+0200] {logging_mixin.py:150} INFO - [2023-07-27T20:44:32.221+0200] {dag.py:3504} INFO - Setting next_dagrun for example_python_operator to None, run_after=None
[2023-07-27T20:44:32.227+0200] {processor.py:179} INFO - Processing /Library/Frameworks/Python.framework/Versions/3.11/lib/python3.11/site-packages/airflow/example_dags/example_python_operator.py took 0.391 seconds
[2023-07-27T20:46:07.007+0200] {processor.py:157} INFO - Started process (PID=6215) to work on /Library/Frameworks/Python.framework/Versions/3.11/lib/python3.11/site-packages/airflow/example_dags/example_python_operator.py
[2023-07-27T20:46:07.008+0200] {processor.py:826} INFO - Processing file /Library/Frameworks/Python.framework/Versions/3.11/lib/python3.11/site-packages/airflow/example_dags/example_python_operator.py for tasks to queue
[2023-07-27T20:46:07.008+0200] {logging_mixin.py:150} INFO - [2023-07-27T20:46:07.008+0200] {dagbag.py:541} INFO - Filling up the DagBag from /Library/Frameworks/Python.framework/Versions/3.11/lib/python3.11/site-packages/airflow/example_dags/example_python_operator.py
[2023-07-27T20:46:07.035+0200] {logging_mixin.py:150} INFO - [2023-07-27T20:46:07.035+0200] {example_python_operator.py:90} WARNING - The virtalenv_python example task requires virtualenv, please install it.
[2023-07-27T20:46:07.037+0200] {processor.py:836} INFO - DAG(s) dict_keys(['example_python_operator']) retrieved from /Library/Frameworks/Python.framework/Versions/3.11/lib/python3.11/site-packages/airflow/example_dags/example_python_operator.py
[2023-07-27T20:46:07.348+0200] {logging_mixin.py:150} INFO - [2023-07-27T20:46:07.348+0200] {dag.py:2742} INFO - Sync 1 DAGs
[2023-07-27T20:46:07.353+0200] {logging_mixin.py:150} INFO - [2023-07-27T20:46:07.353+0200] {dag.py:3504} INFO - Setting next_dagrun for example_python_operator to None, run_after=None
[2023-07-27T20:46:07.359+0200] {processor.py:179} INFO - Processing /Library/Frameworks/Python.framework/Versions/3.11/lib/python3.11/site-packages/airflow/example_dags/example_python_operator.py took 0.353 seconds
[2023-07-27T20:47:42.112+0200] {processor.py:157} INFO - Started process (PID=6295) to work on /Library/Frameworks/Python.framework/Versions/3.11/lib/python3.11/site-packages/airflow/example_dags/example_python_operator.py
[2023-07-27T20:47:42.114+0200] {processor.py:826} INFO - Processing file /Library/Frameworks/Python.framework/Versions/3.11/lib/python3.11/site-packages/airflow/example_dags/example_python_operator.py for tasks to queue
[2023-07-27T20:47:42.114+0200] {logging_mixin.py:150} INFO - [2023-07-27T20:47:42.114+0200] {dagbag.py:541} INFO - Filling up the DagBag from /Library/Frameworks/Python.framework/Versions/3.11/lib/python3.11/site-packages/airflow/example_dags/example_python_operator.py
[2023-07-27T20:47:42.141+0200] {logging_mixin.py:150} INFO - [2023-07-27T20:47:42.141+0200] {example_python_operator.py:90} WARNING - The virtalenv_python example task requires virtualenv, please install it.
[2023-07-27T20:47:42.143+0200] {processor.py:836} INFO - DAG(s) dict_keys(['example_python_operator']) retrieved from /Library/Frameworks/Python.framework/Versions/3.11/lib/python3.11/site-packages/airflow/example_dags/example_python_operator.py
[2023-07-27T20:47:42.458+0200] {logging_mixin.py:150} INFO - [2023-07-27T20:47:42.458+0200] {dag.py:2742} INFO - Sync 1 DAGs
[2023-07-27T20:47:42.463+0200] {logging_mixin.py:150} INFO - [2023-07-27T20:47:42.463+0200] {dag.py:3504} INFO - Setting next_dagrun for example_python_operator to None, run_after=None
[2023-07-27T20:47:42.469+0200] {processor.py:179} INFO - Processing /Library/Frameworks/Python.framework/Versions/3.11/lib/python3.11/site-packages/airflow/example_dags/example_python_operator.py took 0.358 seconds
[2023-07-27T20:49:21.165+0200] {processor.py:157} INFO - Started process (PID=6364) to work on /Library/Frameworks/Python.framework/Versions/3.11/lib/python3.11/site-packages/airflow/example_dags/example_python_operator.py
[2023-07-27T20:49:21.166+0200] {processor.py:826} INFO - Processing file /Library/Frameworks/Python.framework/Versions/3.11/lib/python3.11/site-packages/airflow/example_dags/example_python_operator.py for tasks to queue
[2023-07-27T20:49:21.167+0200] {logging_mixin.py:150} INFO - [2023-07-27T20:49:21.166+0200] {dagbag.py:541} INFO - Filling up the DagBag from /Library/Frameworks/Python.framework/Versions/3.11/lib/python3.11/site-packages/airflow/example_dags/example_python_operator.py
[2023-07-27T20:49:21.193+0200] {logging_mixin.py:150} INFO - [2023-07-27T20:49:21.193+0200] {example_python_operator.py:90} WARNING - The virtalenv_python example task requires virtualenv, please install it.
[2023-07-27T20:49:21.195+0200] {processor.py:836} INFO - DAG(s) dict_keys(['example_python_operator']) retrieved from /Library/Frameworks/Python.framework/Versions/3.11/lib/python3.11/site-packages/airflow/example_dags/example_python_operator.py
[2023-07-27T20:49:21.507+0200] {logging_mixin.py:150} INFO - [2023-07-27T20:49:21.506+0200] {dag.py:2742} INFO - Sync 1 DAGs
[2023-07-27T20:49:21.511+0200] {logging_mixin.py:150} INFO - [2023-07-27T20:49:21.511+0200] {dag.py:3504} INFO - Setting next_dagrun for example_python_operator to None, run_after=None
[2023-07-27T20:49:21.518+0200] {processor.py:179} INFO - Processing /Library/Frameworks/Python.framework/Versions/3.11/lib/python3.11/site-packages/airflow/example_dags/example_python_operator.py took 0.353 seconds
[2023-07-27T22:51:16.634+0200] {processor.py:157} INFO - Started process (PID=8851) to work on /Library/Frameworks/Python.framework/Versions/3.11/lib/python3.11/site-packages/airflow/example_dags/example_python_operator.py
[2023-07-27T22:51:16.635+0200] {processor.py:826} INFO - Processing file /Library/Frameworks/Python.framework/Versions/3.11/lib/python3.11/site-packages/airflow/example_dags/example_python_operator.py for tasks to queue
[2023-07-27T22:51:16.635+0200] {logging_mixin.py:150} INFO - [2023-07-27T22:51:16.635+0200] {dagbag.py:541} INFO - Filling up the DagBag from /Library/Frameworks/Python.framework/Versions/3.11/lib/python3.11/site-packages/airflow/example_dags/example_python_operator.py
[2023-07-27T22:51:16.664+0200] {logging_mixin.py:150} INFO - [2023-07-27T22:51:16.664+0200] {example_python_operator.py:90} WARNING - The virtalenv_python example task requires virtualenv, please install it.
[2023-07-27T22:51:16.666+0200] {processor.py:836} INFO - DAG(s) dict_keys(['example_python_operator']) retrieved from /Library/Frameworks/Python.framework/Versions/3.11/lib/python3.11/site-packages/airflow/example_dags/example_python_operator.py
[2023-07-27T22:51:17.080+0200] {logging_mixin.py:150} INFO - [2023-07-27T22:51:17.080+0200] {manager.py:504} INFO - Created Permission View: can delete on DAG:example_python_operator
[2023-07-27T22:51:17.087+0200] {logging_mixin.py:150} INFO - [2023-07-27T22:51:17.087+0200] {manager.py:504} INFO - Created Permission View: can read on DAG:example_python_operator
[2023-07-27T22:51:17.092+0200] {logging_mixin.py:150} INFO - [2023-07-27T22:51:17.092+0200] {manager.py:504} INFO - Created Permission View: can edit on DAG:example_python_operator
[2023-07-27T22:51:17.103+0200] {logging_mixin.py:150} INFO - [2023-07-27T22:51:17.103+0200] {dag.py:2742} INFO - Sync 1 DAGs
[2023-07-27T22:51:17.109+0200] {logging_mixin.py:150} INFO - [2023-07-27T22:51:17.108+0200] {dag.py:2763} INFO - Creating ORM DAG for example_python_operator
[2023-07-27T22:51:17.115+0200] {logging_mixin.py:150} INFO - [2023-07-27T22:51:17.115+0200] {dag.py:3504} INFO - Setting next_dagrun for example_python_operator to None, run_after=None
[2023-07-27T22:51:17.132+0200] {processor.py:179} INFO - Processing /Library/Frameworks/Python.framework/Versions/3.11/lib/python3.11/site-packages/airflow/example_dags/example_python_operator.py took 0.499 seconds
