[2023-07-27T20:35:05.230+0200] {processor.py:157} INFO - Started process (PID=5716) to work on /Library/Frameworks/Python.framework/Versions/3.11/lib/python3.11/site-packages/airflow/example_dags/example_nested_branch_dag.py
[2023-07-27T20:35:05.231+0200] {processor.py:826} INFO - Processing file /Library/Frameworks/Python.framework/Versions/3.11/lib/python3.11/site-packages/airflow/example_dags/example_nested_branch_dag.py for tasks to queue
[2023-07-27T20:35:05.231+0200] {logging_mixin.py:150} INFO - [2023-07-27T20:35:05.231+0200] {dagbag.py:541} INFO - Filling up the DagBag from /Library/Frameworks/Python.framework/Versions/3.11/lib/python3.11/site-packages/airflow/example_dags/example_nested_branch_dag.py
[2023-07-27T20:35:05.261+0200] {processor.py:836} INFO - DAG(s) dict_keys(['example_nested_branch_dag']) retrieved from /Library/Frameworks/Python.framework/Versions/3.11/lib/python3.11/site-packages/airflow/example_dags/example_nested_branch_dag.py
[2023-07-27T20:35:05.613+0200] {logging_mixin.py:150} INFO - [2023-07-27T20:35:05.612+0200] {manager.py:504} INFO - Created Permission View: can delete on DAG:example_nested_branch_dag
[2023-07-27T20:35:05.615+0200] {logging_mixin.py:150} INFO - [2023-07-27T20:35:05.615+0200] {manager.py:504} INFO - Created Permission View: can read on DAG:example_nested_branch_dag
[2023-07-27T20:35:05.617+0200] {logging_mixin.py:150} INFO - [2023-07-27T20:35:05.616+0200] {manager.py:504} INFO - Created Permission View: can edit on DAG:example_nested_branch_dag
[2023-07-27T20:35:05.619+0200] {logging_mixin.py:150} INFO - [2023-07-27T20:35:05.619+0200] {dag.py:2742} INFO - Sync 1 DAGs
[2023-07-27T20:35:05.622+0200] {logging_mixin.py:150} INFO - [2023-07-27T20:35:05.622+0200] {dag.py:2763} INFO - Creating ORM DAG for example_nested_branch_dag
[2023-07-27T20:35:05.625+0200] {logging_mixin.py:150} INFO - [2023-07-27T20:35:05.625+0200] {dag.py:3504} INFO - Setting next_dagrun for example_nested_branch_dag to 2023-07-26T00:00:00+00:00, run_after=2023-07-27T00:00:00+00:00
[2023-07-27T20:35:05.630+0200] {processor.py:179} INFO - Processing /Library/Frameworks/Python.framework/Versions/3.11/lib/python3.11/site-packages/airflow/example_dags/example_nested_branch_dag.py took 0.400 seconds
[2023-07-27T20:36:24.832+0200] {processor.py:157} INFO - Started process (PID=5776) to work on /Library/Frameworks/Python.framework/Versions/3.11/lib/python3.11/site-packages/airflow/example_dags/example_nested_branch_dag.py
[2023-07-27T20:36:24.833+0200] {processor.py:826} INFO - Processing file /Library/Frameworks/Python.framework/Versions/3.11/lib/python3.11/site-packages/airflow/example_dags/example_nested_branch_dag.py for tasks to queue
[2023-07-27T20:36:24.834+0200] {logging_mixin.py:150} INFO - [2023-07-27T20:36:24.834+0200] {dagbag.py:541} INFO - Filling up the DagBag from /Library/Frameworks/Python.framework/Versions/3.11/lib/python3.11/site-packages/airflow/example_dags/example_nested_branch_dag.py
[2023-07-27T20:36:24.862+0200] {processor.py:836} INFO - DAG(s) dict_keys(['example_nested_branch_dag']) retrieved from /Library/Frameworks/Python.framework/Versions/3.11/lib/python3.11/site-packages/airflow/example_dags/example_nested_branch_dag.py
[2023-07-27T20:36:25.177+0200] {logging_mixin.py:150} INFO - [2023-07-27T20:36:25.177+0200] {dag.py:2742} INFO - Sync 1 DAGs
[2023-07-27T20:36:25.183+0200] {logging_mixin.py:150} INFO - [2023-07-27T20:36:25.183+0200] {dag.py:3504} INFO - Setting next_dagrun for example_nested_branch_dag to 2023-07-26T00:00:00+00:00, run_after=2023-07-27T00:00:00+00:00
[2023-07-27T20:36:25.189+0200] {processor.py:179} INFO - Processing /Library/Frameworks/Python.framework/Versions/3.11/lib/python3.11/site-packages/airflow/example_dags/example_nested_branch_dag.py took 0.357 seconds
[2023-07-27T20:38:04.435+0200] {processor.py:157} INFO - Started process (PID=5840) to work on /Library/Frameworks/Python.framework/Versions/3.11/lib/python3.11/site-packages/airflow/example_dags/example_nested_branch_dag.py
[2023-07-27T20:38:04.437+0200] {processor.py:826} INFO - Processing file /Library/Frameworks/Python.framework/Versions/3.11/lib/python3.11/site-packages/airflow/example_dags/example_nested_branch_dag.py for tasks to queue
[2023-07-27T20:38:04.437+0200] {logging_mixin.py:150} INFO - [2023-07-27T20:38:04.437+0200] {dagbag.py:541} INFO - Filling up the DagBag from /Library/Frameworks/Python.framework/Versions/3.11/lib/python3.11/site-packages/airflow/example_dags/example_nested_branch_dag.py
[2023-07-27T20:38:04.466+0200] {processor.py:836} INFO - DAG(s) dict_keys(['example_nested_branch_dag']) retrieved from /Library/Frameworks/Python.framework/Versions/3.11/lib/python3.11/site-packages/airflow/example_dags/example_nested_branch_dag.py
[2023-07-27T20:38:04.783+0200] {logging_mixin.py:150} INFO - [2023-07-27T20:38:04.783+0200] {dag.py:2742} INFO - Sync 1 DAGs
[2023-07-27T20:38:04.789+0200] {logging_mixin.py:150} INFO - [2023-07-27T20:38:04.789+0200] {dag.py:3504} INFO - Setting next_dagrun for example_nested_branch_dag to 2023-07-26T00:00:00+00:00, run_after=2023-07-27T00:00:00+00:00
[2023-07-27T20:38:04.795+0200] {processor.py:179} INFO - Processing /Library/Frameworks/Python.framework/Versions/3.11/lib/python3.11/site-packages/airflow/example_dags/example_nested_branch_dag.py took 0.360 seconds
[2023-07-27T20:39:42.625+0200] {processor.py:157} INFO - Started process (PID=5918) to work on /Library/Frameworks/Python.framework/Versions/3.11/lib/python3.11/site-packages/airflow/example_dags/example_nested_branch_dag.py
[2023-07-27T20:39:42.626+0200] {processor.py:826} INFO - Processing file /Library/Frameworks/Python.framework/Versions/3.11/lib/python3.11/site-packages/airflow/example_dags/example_nested_branch_dag.py for tasks to queue
[2023-07-27T20:39:42.627+0200] {logging_mixin.py:150} INFO - [2023-07-27T20:39:42.626+0200] {dagbag.py:541} INFO - Filling up the DagBag from /Library/Frameworks/Python.framework/Versions/3.11/lib/python3.11/site-packages/airflow/example_dags/example_nested_branch_dag.py
[2023-07-27T20:39:42.655+0200] {processor.py:836} INFO - DAG(s) dict_keys(['example_nested_branch_dag']) retrieved from /Library/Frameworks/Python.framework/Versions/3.11/lib/python3.11/site-packages/airflow/example_dags/example_nested_branch_dag.py
[2023-07-27T20:39:42.974+0200] {logging_mixin.py:150} INFO - [2023-07-27T20:39:42.974+0200] {dag.py:2742} INFO - Sync 1 DAGs
[2023-07-27T20:39:42.980+0200] {logging_mixin.py:150} INFO - [2023-07-27T20:39:42.980+0200] {dag.py:3504} INFO - Setting next_dagrun for example_nested_branch_dag to 2023-07-26T00:00:00+00:00, run_after=2023-07-27T00:00:00+00:00
[2023-07-27T20:39:42.986+0200] {processor.py:179} INFO - Processing /Library/Frameworks/Python.framework/Versions/3.11/lib/python3.11/site-packages/airflow/example_dags/example_nested_branch_dag.py took 0.361 seconds
[2023-07-27T20:41:24.651+0200] {processor.py:157} INFO - Started process (PID=5990) to work on /Library/Frameworks/Python.framework/Versions/3.11/lib/python3.11/site-packages/airflow/example_dags/example_nested_branch_dag.py
[2023-07-27T20:41:24.653+0200] {processor.py:826} INFO - Processing file /Library/Frameworks/Python.framework/Versions/3.11/lib/python3.11/site-packages/airflow/example_dags/example_nested_branch_dag.py for tasks to queue
[2023-07-27T20:41:24.653+0200] {logging_mixin.py:150} INFO - [2023-07-27T20:41:24.653+0200] {dagbag.py:541} INFO - Filling up the DagBag from /Library/Frameworks/Python.framework/Versions/3.11/lib/python3.11/site-packages/airflow/example_dags/example_nested_branch_dag.py
[2023-07-27T20:41:24.682+0200] {processor.py:836} INFO - DAG(s) dict_keys(['example_nested_branch_dag']) retrieved from /Library/Frameworks/Python.framework/Versions/3.11/lib/python3.11/site-packages/airflow/example_dags/example_nested_branch_dag.py
[2023-07-27T20:41:25.002+0200] {logging_mixin.py:150} INFO - [2023-07-27T20:41:25.002+0200] {dag.py:2742} INFO - Sync 1 DAGs
[2023-07-27T20:41:25.008+0200] {logging_mixin.py:150} INFO - [2023-07-27T20:41:25.008+0200] {dag.py:3504} INFO - Setting next_dagrun for example_nested_branch_dag to 2023-07-26T00:00:00+00:00, run_after=2023-07-27T00:00:00+00:00
[2023-07-27T20:41:25.015+0200] {processor.py:179} INFO - Processing /Library/Frameworks/Python.framework/Versions/3.11/lib/python3.11/site-packages/airflow/example_dags/example_nested_branch_dag.py took 0.364 seconds
[2023-07-27T20:43:02.415+0200] {processor.py:157} INFO - Started process (PID=6073) to work on /Library/Frameworks/Python.framework/Versions/3.11/lib/python3.11/site-packages/airflow/example_dags/example_nested_branch_dag.py
[2023-07-27T20:43:02.416+0200] {processor.py:826} INFO - Processing file /Library/Frameworks/Python.framework/Versions/3.11/lib/python3.11/site-packages/airflow/example_dags/example_nested_branch_dag.py for tasks to queue
[2023-07-27T20:43:02.416+0200] {logging_mixin.py:150} INFO - [2023-07-27T20:43:02.416+0200] {dagbag.py:541} INFO - Filling up the DagBag from /Library/Frameworks/Python.framework/Versions/3.11/lib/python3.11/site-packages/airflow/example_dags/example_nested_branch_dag.py
[2023-07-27T20:43:02.446+0200] {processor.py:836} INFO - DAG(s) dict_keys(['example_nested_branch_dag']) retrieved from /Library/Frameworks/Python.framework/Versions/3.11/lib/python3.11/site-packages/airflow/example_dags/example_nested_branch_dag.py
[2023-07-27T20:43:02.760+0200] {logging_mixin.py:150} INFO - [2023-07-27T20:43:02.760+0200] {dag.py:2742} INFO - Sync 1 DAGs
[2023-07-27T20:43:02.766+0200] {logging_mixin.py:150} INFO - [2023-07-27T20:43:02.766+0200] {dag.py:3504} INFO - Setting next_dagrun for example_nested_branch_dag to 2023-07-26T00:00:00+00:00, run_after=2023-07-27T00:00:00+00:00
[2023-07-27T20:43:02.772+0200] {processor.py:179} INFO - Processing /Library/Frameworks/Python.framework/Versions/3.11/lib/python3.11/site-packages/airflow/example_dags/example_nested_branch_dag.py took 0.358 seconds
[2023-07-27T20:44:39.350+0200] {processor.py:157} INFO - Started process (PID=6147) to work on /Library/Frameworks/Python.framework/Versions/3.11/lib/python3.11/site-packages/airflow/example_dags/example_nested_branch_dag.py
[2023-07-27T20:44:39.352+0200] {processor.py:826} INFO - Processing file /Library/Frameworks/Python.framework/Versions/3.11/lib/python3.11/site-packages/airflow/example_dags/example_nested_branch_dag.py for tasks to queue
[2023-07-27T20:44:39.352+0200] {logging_mixin.py:150} INFO - [2023-07-27T20:44:39.352+0200] {dagbag.py:541} INFO - Filling up the DagBag from /Library/Frameworks/Python.framework/Versions/3.11/lib/python3.11/site-packages/airflow/example_dags/example_nested_branch_dag.py
[2023-07-27T20:44:39.383+0200] {processor.py:836} INFO - DAG(s) dict_keys(['example_nested_branch_dag']) retrieved from /Library/Frameworks/Python.framework/Versions/3.11/lib/python3.11/site-packages/airflow/example_dags/example_nested_branch_dag.py
[2023-07-27T20:44:39.712+0200] {logging_mixin.py:150} INFO - [2023-07-27T20:44:39.712+0200] {dag.py:2742} INFO - Sync 1 DAGs
[2023-07-27T20:44:39.718+0200] {logging_mixin.py:150} INFO - [2023-07-27T20:44:39.718+0200] {dag.py:3504} INFO - Setting next_dagrun for example_nested_branch_dag to 2023-07-26T00:00:00+00:00, run_after=2023-07-27T00:00:00+00:00
[2023-07-27T20:44:39.725+0200] {processor.py:179} INFO - Processing /Library/Frameworks/Python.framework/Versions/3.11/lib/python3.11/site-packages/airflow/example_dags/example_nested_branch_dag.py took 0.375 seconds
[2023-07-27T20:46:14.307+0200] {processor.py:157} INFO - Started process (PID=6221) to work on /Library/Frameworks/Python.framework/Versions/3.11/lib/python3.11/site-packages/airflow/example_dags/example_nested_branch_dag.py
[2023-07-27T20:46:14.309+0200] {processor.py:826} INFO - Processing file /Library/Frameworks/Python.framework/Versions/3.11/lib/python3.11/site-packages/airflow/example_dags/example_nested_branch_dag.py for tasks to queue
[2023-07-27T20:46:14.309+0200] {logging_mixin.py:150} INFO - [2023-07-27T20:46:14.309+0200] {dagbag.py:541} INFO - Filling up the DagBag from /Library/Frameworks/Python.framework/Versions/3.11/lib/python3.11/site-packages/airflow/example_dags/example_nested_branch_dag.py
[2023-07-27T20:46:14.338+0200] {processor.py:836} INFO - DAG(s) dict_keys(['example_nested_branch_dag']) retrieved from /Library/Frameworks/Python.framework/Versions/3.11/lib/python3.11/site-packages/airflow/example_dags/example_nested_branch_dag.py
[2023-07-27T20:46:14.686+0200] {logging_mixin.py:150} INFO - [2023-07-27T20:46:14.686+0200] {dag.py:2742} INFO - Sync 1 DAGs
[2023-07-27T20:46:14.691+0200] {logging_mixin.py:150} INFO - [2023-07-27T20:46:14.691+0200] {dag.py:3504} INFO - Setting next_dagrun for example_nested_branch_dag to 2023-07-26T00:00:00+00:00, run_after=2023-07-27T00:00:00+00:00
[2023-07-27T20:46:14.698+0200] {processor.py:179} INFO - Processing /Library/Frameworks/Python.framework/Versions/3.11/lib/python3.11/site-packages/airflow/example_dags/example_nested_branch_dag.py took 0.390 seconds
[2023-07-27T20:47:49.488+0200] {processor.py:157} INFO - Started process (PID=6299) to work on /Library/Frameworks/Python.framework/Versions/3.11/lib/python3.11/site-packages/airflow/example_dags/example_nested_branch_dag.py
[2023-07-27T20:47:49.489+0200] {processor.py:826} INFO - Processing file /Library/Frameworks/Python.framework/Versions/3.11/lib/python3.11/site-packages/airflow/example_dags/example_nested_branch_dag.py for tasks to queue
[2023-07-27T20:47:49.490+0200] {logging_mixin.py:150} INFO - [2023-07-27T20:47:49.490+0200] {dagbag.py:541} INFO - Filling up the DagBag from /Library/Frameworks/Python.framework/Versions/3.11/lib/python3.11/site-packages/airflow/example_dags/example_nested_branch_dag.py
[2023-07-27T20:47:49.518+0200] {processor.py:836} INFO - DAG(s) dict_keys(['example_nested_branch_dag']) retrieved from /Library/Frameworks/Python.framework/Versions/3.11/lib/python3.11/site-packages/airflow/example_dags/example_nested_branch_dag.py
[2023-07-27T20:47:49.828+0200] {logging_mixin.py:150} INFO - [2023-07-27T20:47:49.828+0200] {dag.py:2742} INFO - Sync 1 DAGs
[2023-07-27T20:47:49.833+0200] {logging_mixin.py:150} INFO - [2023-07-27T20:47:49.833+0200] {dag.py:3504} INFO - Setting next_dagrun for example_nested_branch_dag to 2023-07-26T00:00:00+00:00, run_after=2023-07-27T00:00:00+00:00
[2023-07-27T20:47:49.839+0200] {processor.py:179} INFO - Processing /Library/Frameworks/Python.framework/Versions/3.11/lib/python3.11/site-packages/airflow/example_dags/example_nested_branch_dag.py took 0.351 seconds
[2023-07-27T20:49:28.531+0200] {processor.py:157} INFO - Started process (PID=6383) to work on /Library/Frameworks/Python.framework/Versions/3.11/lib/python3.11/site-packages/airflow/example_dags/example_nested_branch_dag.py
[2023-07-27T20:49:28.533+0200] {processor.py:826} INFO - Processing file /Library/Frameworks/Python.framework/Versions/3.11/lib/python3.11/site-packages/airflow/example_dags/example_nested_branch_dag.py for tasks to queue
[2023-07-27T20:49:28.533+0200] {logging_mixin.py:150} INFO - [2023-07-27T20:49:28.533+0200] {dagbag.py:541} INFO - Filling up the DagBag from /Library/Frameworks/Python.framework/Versions/3.11/lib/python3.11/site-packages/airflow/example_dags/example_nested_branch_dag.py
[2023-07-27T20:49:28.564+0200] {processor.py:836} INFO - DAG(s) dict_keys(['example_nested_branch_dag']) retrieved from /Library/Frameworks/Python.framework/Versions/3.11/lib/python3.11/site-packages/airflow/example_dags/example_nested_branch_dag.py
[2023-07-27T20:49:28.892+0200] {logging_mixin.py:150} INFO - [2023-07-27T20:49:28.892+0200] {dag.py:2742} INFO - Sync 1 DAGs
[2023-07-27T20:49:28.898+0200] {logging_mixin.py:150} INFO - [2023-07-27T20:49:28.898+0200] {dag.py:3504} INFO - Setting next_dagrun for example_nested_branch_dag to 2023-07-26T00:00:00+00:00, run_after=2023-07-27T00:00:00+00:00
[2023-07-27T20:49:28.904+0200] {processor.py:179} INFO - Processing /Library/Frameworks/Python.framework/Versions/3.11/lib/python3.11/site-packages/airflow/example_dags/example_nested_branch_dag.py took 0.373 seconds
