[2023-07-27T20:34:39.892+0200] {processor.py:157} INFO - Started process (PID=5695) to work on /Library/Frameworks/Python.framework/Versions/3.11/lib/python3.11/site-packages/airflow/example_dags/example_task_group.py
[2023-07-27T20:34:39.893+0200] {processor.py:826} INFO - Processing file /Library/Frameworks/Python.framework/Versions/3.11/lib/python3.11/site-packages/airflow/example_dags/example_task_group.py for tasks to queue
[2023-07-27T20:34:39.893+0200] {logging_mixin.py:150} INFO - [2023-07-27T20:34:39.893+0200] {dagbag.py:541} INFO - Filling up the DagBag from /Library/Frameworks/Python.framework/Versions/3.11/lib/python3.11/site-packages/airflow/example_dags/example_task_group.py
[2023-07-27T20:34:39.901+0200] {processor.py:836} INFO - DAG(s) dict_keys(['example_task_group']) retrieved from /Library/Frameworks/Python.framework/Versions/3.11/lib/python3.11/site-packages/airflow/example_dags/example_task_group.py
[2023-07-27T20:34:40.259+0200] {logging_mixin.py:150} INFO - [2023-07-27T20:34:40.259+0200] {manager.py:504} INFO - Created Permission View: can delete on DAG:example_task_group
[2023-07-27T20:34:40.262+0200] {logging_mixin.py:150} INFO - [2023-07-27T20:34:40.262+0200] {manager.py:504} INFO - Created Permission View: can edit on DAG:example_task_group
[2023-07-27T20:34:40.263+0200] {logging_mixin.py:150} INFO - [2023-07-27T20:34:40.263+0200] {manager.py:504} INFO - Created Permission View: can read on DAG:example_task_group
[2023-07-27T20:34:40.266+0200] {logging_mixin.py:150} INFO - [2023-07-27T20:34:40.266+0200] {dag.py:2742} INFO - Sync 1 DAGs
[2023-07-27T20:34:40.269+0200] {logging_mixin.py:150} INFO - [2023-07-27T20:34:40.269+0200] {dag.py:2763} INFO - Creating ORM DAG for example_task_group
[2023-07-27T20:34:40.271+0200] {logging_mixin.py:150} INFO - [2023-07-27T20:34:40.271+0200] {dag.py:3504} INFO - Setting next_dagrun for example_task_group to 2023-07-26T18:34:40.271323+00:00, run_after=2023-07-27T18:34:40.271323+00:00
[2023-07-27T20:34:40.276+0200] {processor.py:179} INFO - Processing /Library/Frameworks/Python.framework/Versions/3.11/lib/python3.11/site-packages/airflow/example_dags/example_task_group.py took 0.384 seconds
[2023-07-27T20:36:01.218+0200] {processor.py:157} INFO - Started process (PID=5750) to work on /Library/Frameworks/Python.framework/Versions/3.11/lib/python3.11/site-packages/airflow/example_dags/example_task_group.py
[2023-07-27T20:36:01.220+0200] {processor.py:826} INFO - Processing file /Library/Frameworks/Python.framework/Versions/3.11/lib/python3.11/site-packages/airflow/example_dags/example_task_group.py for tasks to queue
[2023-07-27T20:36:01.220+0200] {logging_mixin.py:150} INFO - [2023-07-27T20:36:01.220+0200] {dagbag.py:541} INFO - Filling up the DagBag from /Library/Frameworks/Python.framework/Versions/3.11/lib/python3.11/site-packages/airflow/example_dags/example_task_group.py
[2023-07-27T20:36:01.227+0200] {processor.py:836} INFO - DAG(s) dict_keys(['example_task_group']) retrieved from /Library/Frameworks/Python.framework/Versions/3.11/lib/python3.11/site-packages/airflow/example_dags/example_task_group.py
[2023-07-27T20:36:01.558+0200] {logging_mixin.py:150} INFO - [2023-07-27T20:36:01.557+0200] {dag.py:2742} INFO - Sync 1 DAGs
[2023-07-27T20:36:01.563+0200] {logging_mixin.py:150} INFO - [2023-07-27T20:36:01.562+0200] {dag.py:3504} INFO - Setting next_dagrun for example_task_group to 2023-07-26T18:36:01.562921+00:00, run_after=2023-07-27T18:36:01.562921+00:00
[2023-07-27T20:36:01.568+0200] {processor.py:179} INFO - Processing /Library/Frameworks/Python.framework/Versions/3.11/lib/python3.11/site-packages/airflow/example_dags/example_task_group.py took 0.351 seconds
[2023-07-27T20:37:40.332+0200] {processor.py:157} INFO - Started process (PID=5826) to work on /Library/Frameworks/Python.framework/Versions/3.11/lib/python3.11/site-packages/airflow/example_dags/example_task_group.py
[2023-07-27T20:37:40.333+0200] {processor.py:826} INFO - Processing file /Library/Frameworks/Python.framework/Versions/3.11/lib/python3.11/site-packages/airflow/example_dags/example_task_group.py for tasks to queue
[2023-07-27T20:37:40.333+0200] {logging_mixin.py:150} INFO - [2023-07-27T20:37:40.333+0200] {dagbag.py:541} INFO - Filling up the DagBag from /Library/Frameworks/Python.framework/Versions/3.11/lib/python3.11/site-packages/airflow/example_dags/example_task_group.py
[2023-07-27T20:37:40.341+0200] {processor.py:836} INFO - DAG(s) dict_keys(['example_task_group']) retrieved from /Library/Frameworks/Python.framework/Versions/3.11/lib/python3.11/site-packages/airflow/example_dags/example_task_group.py
[2023-07-27T20:37:40.682+0200] {logging_mixin.py:150} INFO - [2023-07-27T20:37:40.681+0200] {dag.py:2742} INFO - Sync 1 DAGs
[2023-07-27T20:37:40.686+0200] {logging_mixin.py:150} INFO - [2023-07-27T20:37:40.686+0200] {dag.py:3504} INFO - Setting next_dagrun for example_task_group to 2023-07-26T18:37:40.686802+00:00, run_after=2023-07-27T18:37:40.686802+00:00
[2023-07-27T20:37:40.692+0200] {processor.py:179} INFO - Processing /Library/Frameworks/Python.framework/Versions/3.11/lib/python3.11/site-packages/airflow/example_dags/example_task_group.py took 0.361 seconds
[2023-07-27T20:39:18.054+0200] {processor.py:157} INFO - Started process (PID=5903) to work on /Library/Frameworks/Python.framework/Versions/3.11/lib/python3.11/site-packages/airflow/example_dags/example_task_group.py
[2023-07-27T20:39:18.056+0200] {processor.py:826} INFO - Processing file /Library/Frameworks/Python.framework/Versions/3.11/lib/python3.11/site-packages/airflow/example_dags/example_task_group.py for tasks to queue
[2023-07-27T20:39:18.056+0200] {logging_mixin.py:150} INFO - [2023-07-27T20:39:18.056+0200] {dagbag.py:541} INFO - Filling up the DagBag from /Library/Frameworks/Python.framework/Versions/3.11/lib/python3.11/site-packages/airflow/example_dags/example_task_group.py
[2023-07-27T20:39:18.063+0200] {processor.py:836} INFO - DAG(s) dict_keys(['example_task_group']) retrieved from /Library/Frameworks/Python.framework/Versions/3.11/lib/python3.11/site-packages/airflow/example_dags/example_task_group.py
[2023-07-27T20:39:18.389+0200] {logging_mixin.py:150} INFO - [2023-07-27T20:39:18.389+0200] {dag.py:2742} INFO - Sync 1 DAGs
[2023-07-27T20:39:18.394+0200] {logging_mixin.py:150} INFO - [2023-07-27T20:39:18.394+0200] {dag.py:3504} INFO - Setting next_dagrun for example_task_group to 2023-07-26T18:39:18.394018+00:00, run_after=2023-07-27T18:39:18.394018+00:00
[2023-07-27T20:39:18.399+0200] {processor.py:179} INFO - Processing /Library/Frameworks/Python.framework/Versions/3.11/lib/python3.11/site-packages/airflow/example_dags/example_task_group.py took 0.345 seconds
[2023-07-27T20:40:59.566+0200] {processor.py:157} INFO - Started process (PID=5973) to work on /Library/Frameworks/Python.framework/Versions/3.11/lib/python3.11/site-packages/airflow/example_dags/example_task_group.py
[2023-07-27T20:40:59.567+0200] {processor.py:826} INFO - Processing file /Library/Frameworks/Python.framework/Versions/3.11/lib/python3.11/site-packages/airflow/example_dags/example_task_group.py for tasks to queue
[2023-07-27T20:40:59.567+0200] {logging_mixin.py:150} INFO - [2023-07-27T20:40:59.567+0200] {dagbag.py:541} INFO - Filling up the DagBag from /Library/Frameworks/Python.framework/Versions/3.11/lib/python3.11/site-packages/airflow/example_dags/example_task_group.py
[2023-07-27T20:40:59.574+0200] {processor.py:836} INFO - DAG(s) dict_keys(['example_task_group']) retrieved from /Library/Frameworks/Python.framework/Versions/3.11/lib/python3.11/site-packages/airflow/example_dags/example_task_group.py
[2023-07-27T20:40:59.924+0200] {logging_mixin.py:150} INFO - [2023-07-27T20:40:59.924+0200] {dag.py:2742} INFO - Sync 1 DAGs
[2023-07-27T20:40:59.929+0200] {logging_mixin.py:150} INFO - [2023-07-27T20:40:59.929+0200] {dag.py:3504} INFO - Setting next_dagrun for example_task_group to 2023-07-26T18:40:59.929737+00:00, run_after=2023-07-27T18:40:59.929737+00:00
[2023-07-27T20:40:59.935+0200] {processor.py:179} INFO - Processing /Library/Frameworks/Python.framework/Versions/3.11/lib/python3.11/site-packages/airflow/example_dags/example_task_group.py took 0.369 seconds
[2023-07-27T20:42:38.688+0200] {processor.py:157} INFO - Started process (PID=6048) to work on /Library/Frameworks/Python.framework/Versions/3.11/lib/python3.11/site-packages/airflow/example_dags/example_task_group.py
[2023-07-27T20:42:38.690+0200] {processor.py:826} INFO - Processing file /Library/Frameworks/Python.framework/Versions/3.11/lib/python3.11/site-packages/airflow/example_dags/example_task_group.py for tasks to queue
[2023-07-27T20:42:38.690+0200] {logging_mixin.py:150} INFO - [2023-07-27T20:42:38.690+0200] {dagbag.py:541} INFO - Filling up the DagBag from /Library/Frameworks/Python.framework/Versions/3.11/lib/python3.11/site-packages/airflow/example_dags/example_task_group.py
[2023-07-27T20:42:38.696+0200] {processor.py:836} INFO - DAG(s) dict_keys(['example_task_group']) retrieved from /Library/Frameworks/Python.framework/Versions/3.11/lib/python3.11/site-packages/airflow/example_dags/example_task_group.py
[2023-07-27T20:42:39.024+0200] {logging_mixin.py:150} INFO - [2023-07-27T20:42:39.024+0200] {dag.py:2742} INFO - Sync 1 DAGs
[2023-07-27T20:42:39.029+0200] {logging_mixin.py:150} INFO - [2023-07-27T20:42:39.029+0200] {dag.py:3504} INFO - Setting next_dagrun for example_task_group to 2023-07-26T18:42:39.029206+00:00, run_after=2023-07-27T18:42:39.029206+00:00
[2023-07-27T20:42:39.034+0200] {processor.py:179} INFO - Processing /Library/Frameworks/Python.framework/Versions/3.11/lib/python3.11/site-packages/airflow/example_dags/example_task_group.py took 0.346 seconds
[2023-07-27T20:44:13.695+0200] {processor.py:157} INFO - Started process (PID=6129) to work on /Library/Frameworks/Python.framework/Versions/3.11/lib/python3.11/site-packages/airflow/example_dags/example_task_group.py
[2023-07-27T20:44:13.696+0200] {processor.py:826} INFO - Processing file /Library/Frameworks/Python.framework/Versions/3.11/lib/python3.11/site-packages/airflow/example_dags/example_task_group.py for tasks to queue
[2023-07-27T20:44:13.697+0200] {logging_mixin.py:150} INFO - [2023-07-27T20:44:13.697+0200] {dagbag.py:541} INFO - Filling up the DagBag from /Library/Frameworks/Python.framework/Versions/3.11/lib/python3.11/site-packages/airflow/example_dags/example_task_group.py
[2023-07-27T20:44:13.703+0200] {processor.py:836} INFO - DAG(s) dict_keys(['example_task_group']) retrieved from /Library/Frameworks/Python.framework/Versions/3.11/lib/python3.11/site-packages/airflow/example_dags/example_task_group.py
[2023-07-27T20:44:14.034+0200] {logging_mixin.py:150} INFO - [2023-07-27T20:44:14.034+0200] {dag.py:2742} INFO - Sync 1 DAGs
[2023-07-27T20:44:14.039+0200] {logging_mixin.py:150} INFO - [2023-07-27T20:44:14.039+0200] {dag.py:3504} INFO - Setting next_dagrun for example_task_group to 2023-07-26T18:44:14.039161+00:00, run_after=2023-07-27T18:44:14.039161+00:00
[2023-07-27T20:44:14.044+0200] {processor.py:179} INFO - Processing /Library/Frameworks/Python.framework/Versions/3.11/lib/python3.11/site-packages/airflow/example_dags/example_task_group.py took 0.349 seconds
[2023-07-27T20:45:48.767+0200] {processor.py:157} INFO - Started process (PID=6205) to work on /Library/Frameworks/Python.framework/Versions/3.11/lib/python3.11/site-packages/airflow/example_dags/example_task_group.py
[2023-07-27T20:45:48.769+0200] {processor.py:826} INFO - Processing file /Library/Frameworks/Python.framework/Versions/3.11/lib/python3.11/site-packages/airflow/example_dags/example_task_group.py for tasks to queue
[2023-07-27T20:45:48.770+0200] {logging_mixin.py:150} INFO - [2023-07-27T20:45:48.770+0200] {dagbag.py:541} INFO - Filling up the DagBag from /Library/Frameworks/Python.framework/Versions/3.11/lib/python3.11/site-packages/airflow/example_dags/example_task_group.py
[2023-07-27T20:45:48.777+0200] {processor.py:836} INFO - DAG(s) dict_keys(['example_task_group']) retrieved from /Library/Frameworks/Python.framework/Versions/3.11/lib/python3.11/site-packages/airflow/example_dags/example_task_group.py
[2023-07-27T20:45:49.104+0200] {logging_mixin.py:150} INFO - [2023-07-27T20:45:49.104+0200] {dag.py:2742} INFO - Sync 1 DAGs
[2023-07-27T20:45:49.109+0200] {logging_mixin.py:150} INFO - [2023-07-27T20:45:49.109+0200] {dag.py:3504} INFO - Setting next_dagrun for example_task_group to 2023-07-26T18:45:49.109288+00:00, run_after=2023-07-27T18:45:49.109288+00:00
[2023-07-27T20:45:49.115+0200] {processor.py:179} INFO - Processing /Library/Frameworks/Python.framework/Versions/3.11/lib/python3.11/site-packages/airflow/example_dags/example_task_group.py took 0.348 seconds
[2023-07-27T20:47:25.318+0200] {processor.py:157} INFO - Started process (PID=6285) to work on /Library/Frameworks/Python.framework/Versions/3.11/lib/python3.11/site-packages/airflow/example_dags/example_task_group.py
[2023-07-27T20:47:25.320+0200] {processor.py:826} INFO - Processing file /Library/Frameworks/Python.framework/Versions/3.11/lib/python3.11/site-packages/airflow/example_dags/example_task_group.py for tasks to queue
[2023-07-27T20:47:25.321+0200] {logging_mixin.py:150} INFO - [2023-07-27T20:47:25.321+0200] {dagbag.py:541} INFO - Filling up the DagBag from /Library/Frameworks/Python.framework/Versions/3.11/lib/python3.11/site-packages/airflow/example_dags/example_task_group.py
[2023-07-27T20:47:25.327+0200] {processor.py:836} INFO - DAG(s) dict_keys(['example_task_group']) retrieved from /Library/Frameworks/Python.framework/Versions/3.11/lib/python3.11/site-packages/airflow/example_dags/example_task_group.py
[2023-07-27T20:47:25.655+0200] {logging_mixin.py:150} INFO - [2023-07-27T20:47:25.655+0200] {dag.py:2742} INFO - Sync 1 DAGs
[2023-07-27T20:47:25.660+0200] {logging_mixin.py:150} INFO - [2023-07-27T20:47:25.660+0200] {dag.py:3504} INFO - Setting next_dagrun for example_task_group to 2023-07-26T18:47:25.660142+00:00, run_after=2023-07-27T18:47:25.660142+00:00
[2023-07-27T20:47:25.666+0200] {processor.py:179} INFO - Processing /Library/Frameworks/Python.framework/Versions/3.11/lib/python3.11/site-packages/airflow/example_dags/example_task_group.py took 0.348 seconds
[2023-07-27T20:49:04.451+0200] {processor.py:157} INFO - Started process (PID=6354) to work on /Library/Frameworks/Python.framework/Versions/3.11/lib/python3.11/site-packages/airflow/example_dags/example_task_group.py
[2023-07-27T20:49:04.452+0200] {processor.py:826} INFO - Processing file /Library/Frameworks/Python.framework/Versions/3.11/lib/python3.11/site-packages/airflow/example_dags/example_task_group.py for tasks to queue
[2023-07-27T20:49:04.453+0200] {logging_mixin.py:150} INFO - [2023-07-27T20:49:04.453+0200] {dagbag.py:541} INFO - Filling up the DagBag from /Library/Frameworks/Python.framework/Versions/3.11/lib/python3.11/site-packages/airflow/example_dags/example_task_group.py
[2023-07-27T20:49:04.459+0200] {processor.py:836} INFO - DAG(s) dict_keys(['example_task_group']) retrieved from /Library/Frameworks/Python.framework/Versions/3.11/lib/python3.11/site-packages/airflow/example_dags/example_task_group.py
[2023-07-27T20:49:04.780+0200] {logging_mixin.py:150} INFO - [2023-07-27T20:49:04.780+0200] {dag.py:2742} INFO - Sync 1 DAGs
[2023-07-27T20:49:04.785+0200] {logging_mixin.py:150} INFO - [2023-07-27T20:49:04.785+0200] {dag.py:3504} INFO - Setting next_dagrun for example_task_group to 2023-07-26T18:49:04.785767+00:00, run_after=2023-07-27T18:49:04.785767+00:00
[2023-07-27T20:49:04.791+0200] {processor.py:179} INFO - Processing /Library/Frameworks/Python.framework/Versions/3.11/lib/python3.11/site-packages/airflow/example_dags/example_task_group.py took 0.340 seconds
[2023-07-27T22:51:11.664+0200] {processor.py:157} INFO - Started process (PID=8839) to work on /Library/Frameworks/Python.framework/Versions/3.11/lib/python3.11/site-packages/airflow/example_dags/example_task_group.py
[2023-07-27T22:51:11.666+0200] {processor.py:826} INFO - Processing file /Library/Frameworks/Python.framework/Versions/3.11/lib/python3.11/site-packages/airflow/example_dags/example_task_group.py for tasks to queue
[2023-07-27T22:51:11.667+0200] {logging_mixin.py:150} INFO - [2023-07-27T22:51:11.667+0200] {dagbag.py:541} INFO - Filling up the DagBag from /Library/Frameworks/Python.framework/Versions/3.11/lib/python3.11/site-packages/airflow/example_dags/example_task_group.py
[2023-07-27T22:51:11.690+0200] {processor.py:836} INFO - DAG(s) dict_keys(['example_task_group']) retrieved from /Library/Frameworks/Python.framework/Versions/3.11/lib/python3.11/site-packages/airflow/example_dags/example_task_group.py
[2023-07-27T22:51:12.091+0200] {logging_mixin.py:150} INFO - [2023-07-27T22:51:12.091+0200] {manager.py:504} INFO - Created Permission View: can read on DAG:example_task_group
[2023-07-27T22:51:12.096+0200] {logging_mixin.py:150} INFO - [2023-07-27T22:51:12.096+0200] {manager.py:504} INFO - Created Permission View: can delete on DAG:example_task_group
[2023-07-27T22:51:12.100+0200] {logging_mixin.py:150} INFO - [2023-07-27T22:51:12.100+0200] {manager.py:504} INFO - Created Permission View: can edit on DAG:example_task_group
[2023-07-27T22:51:12.107+0200] {logging_mixin.py:150} INFO - [2023-07-27T22:51:12.107+0200] {dag.py:2742} INFO - Sync 1 DAGs
[2023-07-27T22:51:12.111+0200] {logging_mixin.py:150} INFO - [2023-07-27T22:51:12.111+0200] {dag.py:2763} INFO - Creating ORM DAG for example_task_group
[2023-07-27T22:51:12.116+0200] {logging_mixin.py:150} INFO - [2023-07-27T22:51:12.115+0200] {dag.py:3504} INFO - Setting next_dagrun for example_task_group to 2023-07-26T20:51:12.115926+00:00, run_after=2023-07-27T20:51:12.115926+00:00
[2023-07-27T22:51:12.126+0200] {processor.py:179} INFO - Processing /Library/Frameworks/Python.framework/Versions/3.11/lib/python3.11/site-packages/airflow/example_dags/example_task_group.py took 0.462 seconds
