[2023-07-27T20:34:34.191+0200] {processor.py:157} INFO - Started process (PID=5690) to work on /Library/Frameworks/Python.framework/Versions/3.11/lib/python3.11/site-packages/airflow/example_dags/example_trigger_controller_dag.py
[2023-07-27T20:34:34.192+0200] {processor.py:826} INFO - Processing file /Library/Frameworks/Python.framework/Versions/3.11/lib/python3.11/site-packages/airflow/example_dags/example_trigger_controller_dag.py for tasks to queue
[2023-07-27T20:34:34.192+0200] {logging_mixin.py:150} INFO - [2023-07-27T20:34:34.192+0200] {dagbag.py:541} INFO - Filling up the DagBag from /Library/Frameworks/Python.framework/Versions/3.11/lib/python3.11/site-packages/airflow/example_dags/example_trigger_controller_dag.py
[2023-07-27T20:34:34.199+0200] {processor.py:836} INFO - DAG(s) dict_keys(['example_trigger_controller_dag']) retrieved from /Library/Frameworks/Python.framework/Versions/3.11/lib/python3.11/site-packages/airflow/example_dags/example_trigger_controller_dag.py
[2023-07-27T20:34:34.554+0200] {logging_mixin.py:150} INFO - [2023-07-27T20:34:34.554+0200] {manager.py:504} INFO - Created Permission View: can edit on DAG:example_trigger_controller_dag
[2023-07-27T20:34:34.556+0200] {logging_mixin.py:150} INFO - [2023-07-27T20:34:34.556+0200] {manager.py:504} INFO - Created Permission View: can read on DAG:example_trigger_controller_dag
[2023-07-27T20:34:34.558+0200] {logging_mixin.py:150} INFO - [2023-07-27T20:34:34.558+0200] {manager.py:504} INFO - Created Permission View: can delete on DAG:example_trigger_controller_dag
[2023-07-27T20:34:34.561+0200] {logging_mixin.py:150} INFO - [2023-07-27T20:34:34.561+0200] {dag.py:2742} INFO - Sync 1 DAGs
[2023-07-27T20:34:34.563+0200] {logging_mixin.py:150} INFO - [2023-07-27T20:34:34.563+0200] {dag.py:2763} INFO - Creating ORM DAG for example_trigger_controller_dag
[2023-07-27T20:34:34.565+0200] {logging_mixin.py:150} INFO - [2023-07-27T20:34:34.565+0200] {dag.py:3504} INFO - Setting next_dagrun for example_trigger_controller_dag to 2021-01-01T00:00:00+00:00, run_after=2021-01-01T00:00:00+00:00
[2023-07-27T20:34:34.570+0200] {processor.py:179} INFO - Processing /Library/Frameworks/Python.framework/Versions/3.11/lib/python3.11/site-packages/airflow/example_dags/example_trigger_controller_dag.py took 0.379 seconds
[2023-07-27T20:35:55.690+0200] {processor.py:157} INFO - Started process (PID=5746) to work on /Library/Frameworks/Python.framework/Versions/3.11/lib/python3.11/site-packages/airflow/example_dags/example_trigger_controller_dag.py
[2023-07-27T20:35:55.692+0200] {processor.py:826} INFO - Processing file /Library/Frameworks/Python.framework/Versions/3.11/lib/python3.11/site-packages/airflow/example_dags/example_trigger_controller_dag.py for tasks to queue
[2023-07-27T20:35:55.693+0200] {logging_mixin.py:150} INFO - [2023-07-27T20:35:55.693+0200] {dagbag.py:541} INFO - Filling up the DagBag from /Library/Frameworks/Python.framework/Versions/3.11/lib/python3.11/site-packages/airflow/example_dags/example_trigger_controller_dag.py
[2023-07-27T20:35:55.700+0200] {processor.py:836} INFO - DAG(s) dict_keys(['example_trigger_controller_dag']) retrieved from /Library/Frameworks/Python.framework/Versions/3.11/lib/python3.11/site-packages/airflow/example_dags/example_trigger_controller_dag.py
[2023-07-27T20:35:56.036+0200] {logging_mixin.py:150} INFO - [2023-07-27T20:35:56.036+0200] {dag.py:2742} INFO - Sync 1 DAGs
[2023-07-27T20:35:56.042+0200] {logging_mixin.py:150} INFO - [2023-07-27T20:35:56.042+0200] {dag.py:3504} INFO - Setting next_dagrun for example_trigger_controller_dag to 2021-01-01T00:00:00+00:00, run_after=2021-01-01T00:00:00+00:00
[2023-07-27T20:35:56.047+0200] {processor.py:179} INFO - Processing /Library/Frameworks/Python.framework/Versions/3.11/lib/python3.11/site-packages/airflow/example_dags/example_trigger_controller_dag.py took 0.357 seconds
[2023-07-27T20:37:35.319+0200] {processor.py:157} INFO - Started process (PID=5823) to work on /Library/Frameworks/Python.framework/Versions/3.11/lib/python3.11/site-packages/airflow/example_dags/example_trigger_controller_dag.py
[2023-07-27T20:37:35.321+0200] {processor.py:826} INFO - Processing file /Library/Frameworks/Python.framework/Versions/3.11/lib/python3.11/site-packages/airflow/example_dags/example_trigger_controller_dag.py for tasks to queue
[2023-07-27T20:37:35.321+0200] {logging_mixin.py:150} INFO - [2023-07-27T20:37:35.321+0200] {dagbag.py:541} INFO - Filling up the DagBag from /Library/Frameworks/Python.framework/Versions/3.11/lib/python3.11/site-packages/airflow/example_dags/example_trigger_controller_dag.py
[2023-07-27T20:37:35.328+0200] {processor.py:836} INFO - DAG(s) dict_keys(['example_trigger_controller_dag']) retrieved from /Library/Frameworks/Python.framework/Versions/3.11/lib/python3.11/site-packages/airflow/example_dags/example_trigger_controller_dag.py
[2023-07-27T20:37:35.649+0200] {logging_mixin.py:150} INFO - [2023-07-27T20:37:35.649+0200] {dag.py:2742} INFO - Sync 1 DAGs
[2023-07-27T20:37:35.655+0200] {logging_mixin.py:150} INFO - [2023-07-27T20:37:35.654+0200] {dag.py:3504} INFO - Setting next_dagrun for example_trigger_controller_dag to 2021-01-01T00:00:00+00:00, run_after=2021-01-01T00:00:00+00:00
[2023-07-27T20:37:35.660+0200] {processor.py:179} INFO - Processing /Library/Frameworks/Python.framework/Versions/3.11/lib/python3.11/site-packages/airflow/example_dags/example_trigger_controller_dag.py took 0.341 seconds
[2023-07-27T20:38:25.908+0200] {processor.py:157} INFO - Started process (PID=5861) to work on /Library/Frameworks/Python.framework/Versions/3.11/lib/python3.11/site-packages/airflow/example_dags/example_trigger_controller_dag.py
[2023-07-27T20:38:25.909+0200] {processor.py:826} INFO - Processing file /Library/Frameworks/Python.framework/Versions/3.11/lib/python3.11/site-packages/airflow/example_dags/example_trigger_controller_dag.py for tasks to queue
[2023-07-27T20:38:25.909+0200] {logging_mixin.py:150} INFO - [2023-07-27T20:38:25.909+0200] {dagbag.py:541} INFO - Filling up the DagBag from /Library/Frameworks/Python.framework/Versions/3.11/lib/python3.11/site-packages/airflow/example_dags/example_trigger_controller_dag.py
[2023-07-27T20:38:25.916+0200] {processor.py:836} INFO - DAG(s) dict_keys(['example_trigger_controller_dag']) retrieved from /Library/Frameworks/Python.framework/Versions/3.11/lib/python3.11/site-packages/airflow/example_dags/example_trigger_controller_dag.py
[2023-07-27T20:38:26.246+0200] {logging_mixin.py:150} INFO - [2023-07-27T20:38:26.246+0200] {dag.py:2742} INFO - Sync 1 DAGs
[2023-07-27T20:38:26.251+0200] {logging_mixin.py:150} INFO - [2023-07-27T20:38:26.251+0200] {dag.py:3504} INFO - Setting next_dagrun for example_trigger_controller_dag to 2021-01-01T00:00:00+00:00, run_after=2021-01-01T00:00:00+00:00
[2023-07-27T20:38:26.257+0200] {processor.py:179} INFO - Processing /Library/Frameworks/Python.framework/Versions/3.11/lib/python3.11/site-packages/airflow/example_dags/example_trigger_controller_dag.py took 0.349 seconds
[2023-07-27T20:40:04.062+0200] {processor.py:157} INFO - Started process (PID=5930) to work on /Library/Frameworks/Python.framework/Versions/3.11/lib/python3.11/site-packages/airflow/example_dags/example_trigger_controller_dag.py
[2023-07-27T20:40:04.064+0200] {processor.py:826} INFO - Processing file /Library/Frameworks/Python.framework/Versions/3.11/lib/python3.11/site-packages/airflow/example_dags/example_trigger_controller_dag.py for tasks to queue
[2023-07-27T20:40:04.064+0200] {logging_mixin.py:150} INFO - [2023-07-27T20:40:04.064+0200] {dagbag.py:541} INFO - Filling up the DagBag from /Library/Frameworks/Python.framework/Versions/3.11/lib/python3.11/site-packages/airflow/example_dags/example_trigger_controller_dag.py
[2023-07-27T20:40:04.070+0200] {processor.py:836} INFO - DAG(s) dict_keys(['example_trigger_controller_dag']) retrieved from /Library/Frameworks/Python.framework/Versions/3.11/lib/python3.11/site-packages/airflow/example_dags/example_trigger_controller_dag.py
[2023-07-27T20:40:04.402+0200] {logging_mixin.py:150} INFO - [2023-07-27T20:40:04.402+0200] {dag.py:2742} INFO - Sync 1 DAGs
[2023-07-27T20:40:04.407+0200] {logging_mixin.py:150} INFO - [2023-07-27T20:40:04.407+0200] {dag.py:3504} INFO - Setting next_dagrun for example_trigger_controller_dag to 2021-01-01T00:00:00+00:00, run_after=2021-01-01T00:00:00+00:00
[2023-07-27T20:40:04.413+0200] {processor.py:179} INFO - Processing /Library/Frameworks/Python.framework/Versions/3.11/lib/python3.11/site-packages/airflow/example_dags/example_trigger_controller_dag.py took 0.351 seconds
[2023-07-27T20:40:54.006+0200] {processor.py:157} INFO - Started process (PID=5969) to work on /Library/Frameworks/Python.framework/Versions/3.11/lib/python3.11/site-packages/airflow/example_dags/example_trigger_controller_dag.py
[2023-07-27T20:40:54.007+0200] {processor.py:826} INFO - Processing file /Library/Frameworks/Python.framework/Versions/3.11/lib/python3.11/site-packages/airflow/example_dags/example_trigger_controller_dag.py for tasks to queue
[2023-07-27T20:40:54.008+0200] {logging_mixin.py:150} INFO - [2023-07-27T20:40:54.008+0200] {dagbag.py:541} INFO - Filling up the DagBag from /Library/Frameworks/Python.framework/Versions/3.11/lib/python3.11/site-packages/airflow/example_dags/example_trigger_controller_dag.py
[2023-07-27T20:40:54.014+0200] {processor.py:836} INFO - DAG(s) dict_keys(['example_trigger_controller_dag']) retrieved from /Library/Frameworks/Python.framework/Versions/3.11/lib/python3.11/site-packages/airflow/example_dags/example_trigger_controller_dag.py
[2023-07-27T20:40:54.345+0200] {logging_mixin.py:150} INFO - [2023-07-27T20:40:54.345+0200] {dag.py:2742} INFO - Sync 1 DAGs
[2023-07-27T20:40:54.351+0200] {logging_mixin.py:150} INFO - [2023-07-27T20:40:54.351+0200] {dag.py:3504} INFO - Setting next_dagrun for example_trigger_controller_dag to 2021-01-01T00:00:00+00:00, run_after=2021-01-01T00:00:00+00:00
[2023-07-27T20:40:54.357+0200] {processor.py:179} INFO - Processing /Library/Frameworks/Python.framework/Versions/3.11/lib/python3.11/site-packages/airflow/example_dags/example_trigger_controller_dag.py took 0.351 seconds
[2023-07-27T20:41:43.711+0200] {processor.py:157} INFO - Started process (PID=6013) to work on /Library/Frameworks/Python.framework/Versions/3.11/lib/python3.11/site-packages/airflow/example_dags/example_trigger_controller_dag.py
[2023-07-27T20:41:43.712+0200] {processor.py:826} INFO - Processing file /Library/Frameworks/Python.framework/Versions/3.11/lib/python3.11/site-packages/airflow/example_dags/example_trigger_controller_dag.py for tasks to queue
[2023-07-27T20:41:43.712+0200] {logging_mixin.py:150} INFO - [2023-07-27T20:41:43.712+0200] {dagbag.py:541} INFO - Filling up the DagBag from /Library/Frameworks/Python.framework/Versions/3.11/lib/python3.11/site-packages/airflow/example_dags/example_trigger_controller_dag.py
[2023-07-27T20:41:43.719+0200] {processor.py:836} INFO - DAG(s) dict_keys(['example_trigger_controller_dag']) retrieved from /Library/Frameworks/Python.framework/Versions/3.11/lib/python3.11/site-packages/airflow/example_dags/example_trigger_controller_dag.py
[2023-07-27T20:41:44.044+0200] {logging_mixin.py:150} INFO - [2023-07-27T20:41:44.044+0200] {dag.py:2742} INFO - Sync 1 DAGs
[2023-07-27T20:41:44.049+0200] {logging_mixin.py:150} INFO - [2023-07-27T20:41:44.049+0200] {dag.py:3504} INFO - Setting next_dagrun for example_trigger_controller_dag to 2021-01-01T00:00:00+00:00, run_after=2021-01-01T00:00:00+00:00
[2023-07-27T20:41:44.055+0200] {processor.py:179} INFO - Processing /Library/Frameworks/Python.framework/Versions/3.11/lib/python3.11/site-packages/airflow/example_dags/example_trigger_controller_dag.py took 0.344 seconds
[2023-07-27T20:42:33.133+0200] {processor.py:157} INFO - Started process (PID=6045) to work on /Library/Frameworks/Python.framework/Versions/3.11/lib/python3.11/site-packages/airflow/example_dags/example_trigger_controller_dag.py
[2023-07-27T20:42:33.135+0200] {processor.py:826} INFO - Processing file /Library/Frameworks/Python.framework/Versions/3.11/lib/python3.11/site-packages/airflow/example_dags/example_trigger_controller_dag.py for tasks to queue
[2023-07-27T20:42:33.135+0200] {logging_mixin.py:150} INFO - [2023-07-27T20:42:33.135+0200] {dagbag.py:541} INFO - Filling up the DagBag from /Library/Frameworks/Python.framework/Versions/3.11/lib/python3.11/site-packages/airflow/example_dags/example_trigger_controller_dag.py
[2023-07-27T20:42:33.141+0200] {processor.py:836} INFO - DAG(s) dict_keys(['example_trigger_controller_dag']) retrieved from /Library/Frameworks/Python.framework/Versions/3.11/lib/python3.11/site-packages/airflow/example_dags/example_trigger_controller_dag.py
[2023-07-27T20:42:33.471+0200] {logging_mixin.py:150} INFO - [2023-07-27T20:42:33.471+0200] {dag.py:2742} INFO - Sync 1 DAGs
[2023-07-27T20:42:33.476+0200] {logging_mixin.py:150} INFO - [2023-07-27T20:42:33.476+0200] {dag.py:3504} INFO - Setting next_dagrun for example_trigger_controller_dag to 2021-01-01T00:00:00+00:00, run_after=2021-01-01T00:00:00+00:00
[2023-07-27T20:42:33.482+0200] {processor.py:179} INFO - Processing /Library/Frameworks/Python.framework/Versions/3.11/lib/python3.11/site-packages/airflow/example_dags/example_trigger_controller_dag.py took 0.349 seconds
[2023-07-27T20:43:23.540+0200] {processor.py:157} INFO - Started process (PID=6085) to work on /Library/Frameworks/Python.framework/Versions/3.11/lib/python3.11/site-packages/airflow/example_dags/example_trigger_controller_dag.py
[2023-07-27T20:43:23.541+0200] {processor.py:826} INFO - Processing file /Library/Frameworks/Python.framework/Versions/3.11/lib/python3.11/site-packages/airflow/example_dags/example_trigger_controller_dag.py for tasks to queue
[2023-07-27T20:43:23.542+0200] {logging_mixin.py:150} INFO - [2023-07-27T20:43:23.541+0200] {dagbag.py:541} INFO - Filling up the DagBag from /Library/Frameworks/Python.framework/Versions/3.11/lib/python3.11/site-packages/airflow/example_dags/example_trigger_controller_dag.py
[2023-07-27T20:43:23.548+0200] {processor.py:836} INFO - DAG(s) dict_keys(['example_trigger_controller_dag']) retrieved from /Library/Frameworks/Python.framework/Versions/3.11/lib/python3.11/site-packages/airflow/example_dags/example_trigger_controller_dag.py
[2023-07-27T20:43:23.869+0200] {logging_mixin.py:150} INFO - [2023-07-27T20:43:23.869+0200] {dag.py:2742} INFO - Sync 1 DAGs
[2023-07-27T20:43:23.875+0200] {logging_mixin.py:150} INFO - [2023-07-27T20:43:23.875+0200] {dag.py:3504} INFO - Setting next_dagrun for example_trigger_controller_dag to 2021-01-01T00:00:00+00:00, run_after=2021-01-01T00:00:00+00:00
[2023-07-27T20:43:23.880+0200] {processor.py:179} INFO - Processing /Library/Frameworks/Python.framework/Versions/3.11/lib/python3.11/site-packages/airflow/example_dags/example_trigger_controller_dag.py took 0.340 seconds
[2023-07-27T20:44:58.175+0200] {processor.py:157} INFO - Started process (PID=6160) to work on /Library/Frameworks/Python.framework/Versions/3.11/lib/python3.11/site-packages/airflow/example_dags/example_trigger_controller_dag.py
[2023-07-27T20:44:58.177+0200] {processor.py:826} INFO - Processing file /Library/Frameworks/Python.framework/Versions/3.11/lib/python3.11/site-packages/airflow/example_dags/example_trigger_controller_dag.py for tasks to queue
[2023-07-27T20:44:58.177+0200] {logging_mixin.py:150} INFO - [2023-07-27T20:44:58.177+0200] {dagbag.py:541} INFO - Filling up the DagBag from /Library/Frameworks/Python.framework/Versions/3.11/lib/python3.11/site-packages/airflow/example_dags/example_trigger_controller_dag.py
[2023-07-27T20:44:58.184+0200] {processor.py:836} INFO - DAG(s) dict_keys(['example_trigger_controller_dag']) retrieved from /Library/Frameworks/Python.framework/Versions/3.11/lib/python3.11/site-packages/airflow/example_dags/example_trigger_controller_dag.py
[2023-07-27T20:44:58.504+0200] {logging_mixin.py:150} INFO - [2023-07-27T20:44:58.504+0200] {dag.py:2742} INFO - Sync 1 DAGs
[2023-07-27T20:44:58.510+0200] {logging_mixin.py:150} INFO - [2023-07-27T20:44:58.509+0200] {dag.py:3504} INFO - Setting next_dagrun for example_trigger_controller_dag to 2021-01-01T00:00:00+00:00, run_after=2021-01-01T00:00:00+00:00
[2023-07-27T20:44:58.515+0200] {processor.py:179} INFO - Processing /Library/Frameworks/Python.framework/Versions/3.11/lib/python3.11/site-packages/airflow/example_dags/example_trigger_controller_dag.py took 0.340 seconds
[2023-07-27T20:46:33.239+0200] {processor.py:157} INFO - Started process (PID=6241) to work on /Library/Frameworks/Python.framework/Versions/3.11/lib/python3.11/site-packages/airflow/example_dags/example_trigger_controller_dag.py
[2023-07-27T20:46:33.240+0200] {processor.py:826} INFO - Processing file /Library/Frameworks/Python.framework/Versions/3.11/lib/python3.11/site-packages/airflow/example_dags/example_trigger_controller_dag.py for tasks to queue
[2023-07-27T20:46:33.241+0200] {logging_mixin.py:150} INFO - [2023-07-27T20:46:33.240+0200] {dagbag.py:541} INFO - Filling up the DagBag from /Library/Frameworks/Python.framework/Versions/3.11/lib/python3.11/site-packages/airflow/example_dags/example_trigger_controller_dag.py
[2023-07-27T20:46:33.247+0200] {processor.py:836} INFO - DAG(s) dict_keys(['example_trigger_controller_dag']) retrieved from /Library/Frameworks/Python.framework/Versions/3.11/lib/python3.11/site-packages/airflow/example_dags/example_trigger_controller_dag.py
[2023-07-27T20:46:33.582+0200] {logging_mixin.py:150} INFO - [2023-07-27T20:46:33.582+0200] {dag.py:2742} INFO - Sync 1 DAGs
[2023-07-27T20:46:33.587+0200] {logging_mixin.py:150} INFO - [2023-07-27T20:46:33.587+0200] {dag.py:3504} INFO - Setting next_dagrun for example_trigger_controller_dag to 2021-01-01T00:00:00+00:00, run_after=2021-01-01T00:00:00+00:00
[2023-07-27T20:46:33.593+0200] {processor.py:179} INFO - Processing /Library/Frameworks/Python.framework/Versions/3.11/lib/python3.11/site-packages/airflow/example_dags/example_trigger_controller_dag.py took 0.354 seconds
[2023-07-27T20:48:10.836+0200] {processor.py:157} INFO - Started process (PID=6321) to work on /Library/Frameworks/Python.framework/Versions/3.11/lib/python3.11/site-packages/airflow/example_dags/example_trigger_controller_dag.py
[2023-07-27T20:48:10.837+0200] {processor.py:826} INFO - Processing file /Library/Frameworks/Python.framework/Versions/3.11/lib/python3.11/site-packages/airflow/example_dags/example_trigger_controller_dag.py for tasks to queue
[2023-07-27T20:48:10.837+0200] {logging_mixin.py:150} INFO - [2023-07-27T20:48:10.837+0200] {dagbag.py:541} INFO - Filling up the DagBag from /Library/Frameworks/Python.framework/Versions/3.11/lib/python3.11/site-packages/airflow/example_dags/example_trigger_controller_dag.py
[2023-07-27T20:48:10.844+0200] {processor.py:836} INFO - DAG(s) dict_keys(['example_trigger_controller_dag']) retrieved from /Library/Frameworks/Python.framework/Versions/3.11/lib/python3.11/site-packages/airflow/example_dags/example_trigger_controller_dag.py
[2023-07-27T20:48:11.168+0200] {logging_mixin.py:150} INFO - [2023-07-27T20:48:11.167+0200] {dag.py:2742} INFO - Sync 1 DAGs
[2023-07-27T20:48:11.173+0200] {logging_mixin.py:150} INFO - [2023-07-27T20:48:11.173+0200] {dag.py:3504} INFO - Setting next_dagrun for example_trigger_controller_dag to 2021-01-01T00:00:00+00:00, run_after=2021-01-01T00:00:00+00:00
[2023-07-27T20:48:11.179+0200] {processor.py:179} INFO - Processing /Library/Frameworks/Python.framework/Versions/3.11/lib/python3.11/site-packages/airflow/example_dags/example_trigger_controller_dag.py took 0.343 seconds
[2023-07-27T20:49:49.478+0200] {processor.py:157} INFO - Started process (PID=6499) to work on /Library/Frameworks/Python.framework/Versions/3.11/lib/python3.11/site-packages/airflow/example_dags/example_trigger_controller_dag.py
[2023-07-27T20:49:49.480+0200] {processor.py:826} INFO - Processing file /Library/Frameworks/Python.framework/Versions/3.11/lib/python3.11/site-packages/airflow/example_dags/example_trigger_controller_dag.py for tasks to queue
[2023-07-27T20:49:49.480+0200] {logging_mixin.py:150} INFO - [2023-07-27T20:49:49.480+0200] {dagbag.py:541} INFO - Filling up the DagBag from /Library/Frameworks/Python.framework/Versions/3.11/lib/python3.11/site-packages/airflow/example_dags/example_trigger_controller_dag.py
[2023-07-27T20:49:49.487+0200] {processor.py:836} INFO - DAG(s) dict_keys(['example_trigger_controller_dag']) retrieved from /Library/Frameworks/Python.framework/Versions/3.11/lib/python3.11/site-packages/airflow/example_dags/example_trigger_controller_dag.py
[2023-07-27T20:49:49.822+0200] {logging_mixin.py:150} INFO - [2023-07-27T20:49:49.822+0200] {dag.py:2742} INFO - Sync 1 DAGs
[2023-07-27T20:49:49.827+0200] {logging_mixin.py:150} INFO - [2023-07-27T20:49:49.827+0200] {dag.py:3504} INFO - Setting next_dagrun for example_trigger_controller_dag to 2021-01-01T00:00:00+00:00, run_after=2021-01-01T00:00:00+00:00
[2023-07-27T20:49:49.833+0200] {processor.py:179} INFO - Processing /Library/Frameworks/Python.framework/Versions/3.11/lib/python3.11/site-packages/airflow/example_dags/example_trigger_controller_dag.py took 0.354 seconds
[2023-07-27T22:51:09.661+0200] {processor.py:157} INFO - Started process (PID=8836) to work on /Library/Frameworks/Python.framework/Versions/3.11/lib/python3.11/site-packages/airflow/example_dags/example_trigger_controller_dag.py
[2023-07-27T22:51:09.663+0200] {processor.py:826} INFO - Processing file /Library/Frameworks/Python.framework/Versions/3.11/lib/python3.11/site-packages/airflow/example_dags/example_trigger_controller_dag.py for tasks to queue
[2023-07-27T22:51:09.663+0200] {logging_mixin.py:150} INFO - [2023-07-27T22:51:09.663+0200] {dagbag.py:541} INFO - Filling up the DagBag from /Library/Frameworks/Python.framework/Versions/3.11/lib/python3.11/site-packages/airflow/example_dags/example_trigger_controller_dag.py
[2023-07-27T22:51:09.686+0200] {processor.py:836} INFO - DAG(s) dict_keys(['example_trigger_controller_dag']) retrieved from /Library/Frameworks/Python.framework/Versions/3.11/lib/python3.11/site-packages/airflow/example_dags/example_trigger_controller_dag.py
[2023-07-27T22:51:10.111+0200] {logging_mixin.py:150} INFO - [2023-07-27T22:51:10.111+0200] {manager.py:504} INFO - Created Permission View: can delete on DAG:example_trigger_controller_dag
[2023-07-27T22:51:10.121+0200] {logging_mixin.py:150} INFO - [2023-07-27T22:51:10.121+0200] {manager.py:504} INFO - Created Permission View: can edit on DAG:example_trigger_controller_dag
[2023-07-27T22:51:10.127+0200] {logging_mixin.py:150} INFO - [2023-07-27T22:51:10.127+0200] {manager.py:504} INFO - Created Permission View: can read on DAG:example_trigger_controller_dag
[2023-07-27T22:51:10.135+0200] {logging_mixin.py:150} INFO - [2023-07-27T22:51:10.135+0200] {dag.py:2742} INFO - Sync 1 DAGs
[2023-07-27T22:51:10.139+0200] {logging_mixin.py:150} INFO - [2023-07-27T22:51:10.139+0200] {dag.py:2763} INFO - Creating ORM DAG for example_trigger_controller_dag
[2023-07-27T22:51:10.143+0200] {logging_mixin.py:150} INFO - [2023-07-27T22:51:10.143+0200] {dag.py:3504} INFO - Setting next_dagrun for example_trigger_controller_dag to 2021-01-01T00:00:00+00:00, run_after=2021-01-01T00:00:00+00:00
[2023-07-27T22:51:10.155+0200] {processor.py:179} INFO - Processing /Library/Frameworks/Python.framework/Versions/3.11/lib/python3.11/site-packages/airflow/example_dags/example_trigger_controller_dag.py took 0.495 seconds
