[2023-07-27T20:35:31.272+0200] {processor.py:157} INFO - Started process (PID=5731) to work on /Library/Frameworks/Python.framework/Versions/3.11/lib/python3.11/site-packages/airflow/example_dags/example_branch_day_of_week_operator.py
[2023-07-27T20:35:31.273+0200] {processor.py:826} INFO - Processing file /Library/Frameworks/Python.framework/Versions/3.11/lib/python3.11/site-packages/airflow/example_dags/example_branch_day_of_week_operator.py for tasks to queue
[2023-07-27T20:35:31.273+0200] {logging_mixin.py:150} INFO - [2023-07-27T20:35:31.273+0200] {dagbag.py:541} INFO - Filling up the DagBag from /Library/Frameworks/Python.framework/Versions/3.11/lib/python3.11/site-packages/airflow/example_dags/example_branch_day_of_week_operator.py
[2023-07-27T20:35:31.281+0200] {processor.py:836} INFO - DAG(s) dict_keys(['example_weekday_branch_operator']) retrieved from /Library/Frameworks/Python.framework/Versions/3.11/lib/python3.11/site-packages/airflow/example_dags/example_branch_day_of_week_operator.py
[2023-07-27T20:35:31.627+0200] {logging_mixin.py:150} INFO - [2023-07-27T20:35:31.627+0200] {manager.py:504} INFO - Created Permission View: can read on DAG:example_weekday_branch_operator
[2023-07-27T20:35:31.629+0200] {logging_mixin.py:150} INFO - [2023-07-27T20:35:31.629+0200] {manager.py:504} INFO - Created Permission View: can delete on DAG:example_weekday_branch_operator
[2023-07-27T20:35:31.631+0200] {logging_mixin.py:150} INFO - [2023-07-27T20:35:31.631+0200] {manager.py:504} INFO - Created Permission View: can edit on DAG:example_weekday_branch_operator
[2023-07-27T20:35:31.634+0200] {logging_mixin.py:150} INFO - [2023-07-27T20:35:31.634+0200] {dag.py:2742} INFO - Sync 1 DAGs
[2023-07-27T20:35:31.636+0200] {logging_mixin.py:150} INFO - [2023-07-27T20:35:31.636+0200] {dag.py:2763} INFO - Creating ORM DAG for example_weekday_branch_operator
[2023-07-27T20:35:31.639+0200] {logging_mixin.py:150} INFO - [2023-07-27T20:35:31.639+0200] {dag.py:3504} INFO - Setting next_dagrun for example_weekday_branch_operator to 2023-07-26T00:00:00+00:00, run_after=2023-07-27T00:00:00+00:00
[2023-07-27T20:35:31.643+0200] {processor.py:179} INFO - Processing /Library/Frameworks/Python.framework/Versions/3.11/lib/python3.11/site-packages/airflow/example_dags/example_branch_day_of_week_operator.py took 0.372 seconds
[2023-07-27T20:37:10.492+0200] {processor.py:157} INFO - Started process (PID=5808) to work on /Library/Frameworks/Python.framework/Versions/3.11/lib/python3.11/site-packages/airflow/example_dags/example_branch_day_of_week_operator.py
[2023-07-27T20:37:10.493+0200] {processor.py:826} INFO - Processing file /Library/Frameworks/Python.framework/Versions/3.11/lib/python3.11/site-packages/airflow/example_dags/example_branch_day_of_week_operator.py for tasks to queue
[2023-07-27T20:37:10.493+0200] {logging_mixin.py:150} INFO - [2023-07-27T20:37:10.493+0200] {dagbag.py:541} INFO - Filling up the DagBag from /Library/Frameworks/Python.framework/Versions/3.11/lib/python3.11/site-packages/airflow/example_dags/example_branch_day_of_week_operator.py
[2023-07-27T20:37:10.501+0200] {processor.py:836} INFO - DAG(s) dict_keys(['example_weekday_branch_operator']) retrieved from /Library/Frameworks/Python.framework/Versions/3.11/lib/python3.11/site-packages/airflow/example_dags/example_branch_day_of_week_operator.py
[2023-07-27T20:37:10.830+0200] {logging_mixin.py:150} INFO - [2023-07-27T20:37:10.830+0200] {dag.py:2742} INFO - Sync 1 DAGs
[2023-07-27T20:37:10.835+0200] {logging_mixin.py:150} INFO - [2023-07-27T20:37:10.835+0200] {dag.py:3504} INFO - Setting next_dagrun for example_weekday_branch_operator to 2023-07-26T00:00:00+00:00, run_after=2023-07-27T00:00:00+00:00
[2023-07-27T20:37:10.841+0200] {processor.py:179} INFO - Processing /Library/Frameworks/Python.framework/Versions/3.11/lib/python3.11/site-packages/airflow/example_dags/example_branch_day_of_week_operator.py took 0.349 seconds
[2023-07-27T20:38:51.218+0200] {processor.py:157} INFO - Started process (PID=5876) to work on /Library/Frameworks/Python.framework/Versions/3.11/lib/python3.11/site-packages/airflow/example_dags/example_branch_day_of_week_operator.py
[2023-07-27T20:38:51.219+0200] {processor.py:826} INFO - Processing file /Library/Frameworks/Python.framework/Versions/3.11/lib/python3.11/site-packages/airflow/example_dags/example_branch_day_of_week_operator.py for tasks to queue
[2023-07-27T20:38:51.219+0200] {logging_mixin.py:150} INFO - [2023-07-27T20:38:51.219+0200] {dagbag.py:541} INFO - Filling up the DagBag from /Library/Frameworks/Python.framework/Versions/3.11/lib/python3.11/site-packages/airflow/example_dags/example_branch_day_of_week_operator.py
[2023-07-27T20:38:51.227+0200] {processor.py:836} INFO - DAG(s) dict_keys(['example_weekday_branch_operator']) retrieved from /Library/Frameworks/Python.framework/Versions/3.11/lib/python3.11/site-packages/airflow/example_dags/example_branch_day_of_week_operator.py
[2023-07-27T20:38:51.551+0200] {logging_mixin.py:150} INFO - [2023-07-27T20:38:51.551+0200] {dag.py:2742} INFO - Sync 1 DAGs
[2023-07-27T20:38:51.556+0200] {logging_mixin.py:150} INFO - [2023-07-27T20:38:51.556+0200] {dag.py:3504} INFO - Setting next_dagrun for example_weekday_branch_operator to 2023-07-26T00:00:00+00:00, run_after=2023-07-27T00:00:00+00:00
[2023-07-27T20:38:51.562+0200] {processor.py:179} INFO - Processing /Library/Frameworks/Python.framework/Versions/3.11/lib/python3.11/site-packages/airflow/example_dags/example_branch_day_of_week_operator.py took 0.344 seconds
[2023-07-27T20:40:29.882+0200] {processor.py:157} INFO - Started process (PID=5954) to work on /Library/Frameworks/Python.framework/Versions/3.11/lib/python3.11/site-packages/airflow/example_dags/example_branch_day_of_week_operator.py
[2023-07-27T20:40:29.883+0200] {processor.py:826} INFO - Processing file /Library/Frameworks/Python.framework/Versions/3.11/lib/python3.11/site-packages/airflow/example_dags/example_branch_day_of_week_operator.py for tasks to queue
[2023-07-27T20:40:29.884+0200] {logging_mixin.py:150} INFO - [2023-07-27T20:40:29.884+0200] {dagbag.py:541} INFO - Filling up the DagBag from /Library/Frameworks/Python.framework/Versions/3.11/lib/python3.11/site-packages/airflow/example_dags/example_branch_day_of_week_operator.py
[2023-07-27T20:40:29.890+0200] {processor.py:836} INFO - DAG(s) dict_keys(['example_weekday_branch_operator']) retrieved from /Library/Frameworks/Python.framework/Versions/3.11/lib/python3.11/site-packages/airflow/example_dags/example_branch_day_of_week_operator.py
[2023-07-27T20:40:30.220+0200] {logging_mixin.py:150} INFO - [2023-07-27T20:40:30.219+0200] {dag.py:2742} INFO - Sync 1 DAGs
[2023-07-27T20:40:30.225+0200] {logging_mixin.py:150} INFO - [2023-07-27T20:40:30.225+0200] {dag.py:3504} INFO - Setting next_dagrun for example_weekday_branch_operator to 2023-07-26T00:00:00+00:00, run_after=2023-07-27T00:00:00+00:00
[2023-07-27T20:40:30.231+0200] {processor.py:179} INFO - Processing /Library/Frameworks/Python.framework/Versions/3.11/lib/python3.11/site-packages/airflow/example_dags/example_branch_day_of_week_operator.py took 0.349 seconds
[2023-07-27T20:42:09.807+0200] {processor.py:157} INFO - Started process (PID=6028) to work on /Library/Frameworks/Python.framework/Versions/3.11/lib/python3.11/site-packages/airflow/example_dags/example_branch_day_of_week_operator.py
[2023-07-27T20:42:09.808+0200] {processor.py:826} INFO - Processing file /Library/Frameworks/Python.framework/Versions/3.11/lib/python3.11/site-packages/airflow/example_dags/example_branch_day_of_week_operator.py for tasks to queue
[2023-07-27T20:42:09.808+0200] {logging_mixin.py:150} INFO - [2023-07-27T20:42:09.808+0200] {dagbag.py:541} INFO - Filling up the DagBag from /Library/Frameworks/Python.framework/Versions/3.11/lib/python3.11/site-packages/airflow/example_dags/example_branch_day_of_week_operator.py
[2023-07-27T20:42:09.815+0200] {processor.py:836} INFO - DAG(s) dict_keys(['example_weekday_branch_operator']) retrieved from /Library/Frameworks/Python.framework/Versions/3.11/lib/python3.11/site-packages/airflow/example_dags/example_branch_day_of_week_operator.py
[2023-07-27T20:42:10.138+0200] {logging_mixin.py:150} INFO - [2023-07-27T20:42:10.138+0200] {dag.py:2742} INFO - Sync 1 DAGs
[2023-07-27T20:42:10.143+0200] {logging_mixin.py:150} INFO - [2023-07-27T20:42:10.143+0200] {dag.py:3504} INFO - Setting next_dagrun for example_weekday_branch_operator to 2023-07-26T00:00:00+00:00, run_after=2023-07-27T00:00:00+00:00
[2023-07-27T20:42:10.149+0200] {processor.py:179} INFO - Processing /Library/Frameworks/Python.framework/Versions/3.11/lib/python3.11/site-packages/airflow/example_dags/example_branch_day_of_week_operator.py took 0.342 seconds
[2023-07-27T20:43:48.440+0200] {processor.py:157} INFO - Started process (PID=6110) to work on /Library/Frameworks/Python.framework/Versions/3.11/lib/python3.11/site-packages/airflow/example_dags/example_branch_day_of_week_operator.py
[2023-07-27T20:43:48.441+0200] {processor.py:826} INFO - Processing file /Library/Frameworks/Python.framework/Versions/3.11/lib/python3.11/site-packages/airflow/example_dags/example_branch_day_of_week_operator.py for tasks to queue
[2023-07-27T20:43:48.442+0200] {logging_mixin.py:150} INFO - [2023-07-27T20:43:48.442+0200] {dagbag.py:541} INFO - Filling up the DagBag from /Library/Frameworks/Python.framework/Versions/3.11/lib/python3.11/site-packages/airflow/example_dags/example_branch_day_of_week_operator.py
[2023-07-27T20:43:48.448+0200] {processor.py:836} INFO - DAG(s) dict_keys(['example_weekday_branch_operator']) retrieved from /Library/Frameworks/Python.framework/Versions/3.11/lib/python3.11/site-packages/airflow/example_dags/example_branch_day_of_week_operator.py
[2023-07-27T20:43:48.771+0200] {logging_mixin.py:150} INFO - [2023-07-27T20:43:48.771+0200] {dag.py:2742} INFO - Sync 1 DAGs
[2023-07-27T20:43:48.776+0200] {logging_mixin.py:150} INFO - [2023-07-27T20:43:48.776+0200] {dag.py:3504} INFO - Setting next_dagrun for example_weekday_branch_operator to 2023-07-26T00:00:00+00:00, run_after=2023-07-27T00:00:00+00:00
[2023-07-27T20:43:48.782+0200] {processor.py:179} INFO - Processing /Library/Frameworks/Python.framework/Versions/3.11/lib/python3.11/site-packages/airflow/example_dags/example_branch_day_of_week_operator.py took 0.342 seconds
[2023-07-27T20:45:23.644+0200] {processor.py:157} INFO - Started process (PID=6182) to work on /Library/Frameworks/Python.framework/Versions/3.11/lib/python3.11/site-packages/airflow/example_dags/example_branch_day_of_week_operator.py
[2023-07-27T20:45:23.646+0200] {processor.py:826} INFO - Processing file /Library/Frameworks/Python.framework/Versions/3.11/lib/python3.11/site-packages/airflow/example_dags/example_branch_day_of_week_operator.py for tasks to queue
[2023-07-27T20:45:23.646+0200] {logging_mixin.py:150} INFO - [2023-07-27T20:45:23.646+0200] {dagbag.py:541} INFO - Filling up the DagBag from /Library/Frameworks/Python.framework/Versions/3.11/lib/python3.11/site-packages/airflow/example_dags/example_branch_day_of_week_operator.py
[2023-07-27T20:45:23.654+0200] {processor.py:836} INFO - DAG(s) dict_keys(['example_weekday_branch_operator']) retrieved from /Library/Frameworks/Python.framework/Versions/3.11/lib/python3.11/site-packages/airflow/example_dags/example_branch_day_of_week_operator.py
[2023-07-27T20:45:23.999+0200] {logging_mixin.py:150} INFO - [2023-07-27T20:45:23.999+0200] {dag.py:2742} INFO - Sync 1 DAGs
[2023-07-27T20:45:24.005+0200] {logging_mixin.py:150} INFO - [2023-07-27T20:45:24.005+0200] {dag.py:3504} INFO - Setting next_dagrun for example_weekday_branch_operator to 2023-07-26T00:00:00+00:00, run_after=2023-07-27T00:00:00+00:00
[2023-07-27T20:45:24.011+0200] {processor.py:179} INFO - Processing /Library/Frameworks/Python.framework/Versions/3.11/lib/python3.11/site-packages/airflow/example_dags/example_branch_day_of_week_operator.py took 0.368 seconds
[2023-07-27T20:46:56.758+0200] {processor.py:157} INFO - Started process (PID=6263) to work on /Library/Frameworks/Python.framework/Versions/3.11/lib/python3.11/site-packages/airflow/example_dags/example_branch_day_of_week_operator.py
[2023-07-27T20:46:56.759+0200] {processor.py:826} INFO - Processing file /Library/Frameworks/Python.framework/Versions/3.11/lib/python3.11/site-packages/airflow/example_dags/example_branch_day_of_week_operator.py for tasks to queue
[2023-07-27T20:46:56.759+0200] {logging_mixin.py:150} INFO - [2023-07-27T20:46:56.759+0200] {dagbag.py:541} INFO - Filling up the DagBag from /Library/Frameworks/Python.framework/Versions/3.11/lib/python3.11/site-packages/airflow/example_dags/example_branch_day_of_week_operator.py
[2023-07-27T20:46:56.766+0200] {processor.py:836} INFO - DAG(s) dict_keys(['example_weekday_branch_operator']) retrieved from /Library/Frameworks/Python.framework/Versions/3.11/lib/python3.11/site-packages/airflow/example_dags/example_branch_day_of_week_operator.py
[2023-07-27T20:46:57.113+0200] {logging_mixin.py:150} INFO - [2023-07-27T20:46:57.113+0200] {dag.py:2742} INFO - Sync 1 DAGs
[2023-07-27T20:46:57.119+0200] {logging_mixin.py:150} INFO - [2023-07-27T20:46:57.119+0200] {dag.py:3504} INFO - Setting next_dagrun for example_weekday_branch_operator to 2023-07-26T00:00:00+00:00, run_after=2023-07-27T00:00:00+00:00
[2023-07-27T20:46:57.125+0200] {processor.py:179} INFO - Processing /Library/Frameworks/Python.framework/Versions/3.11/lib/python3.11/site-packages/airflow/example_dags/example_branch_day_of_week_operator.py took 0.367 seconds
[2023-07-27T20:48:35.549+0200] {processor.py:157} INFO - Started process (PID=6338) to work on /Library/Frameworks/Python.framework/Versions/3.11/lib/python3.11/site-packages/airflow/example_dags/example_branch_day_of_week_operator.py
[2023-07-27T20:48:35.550+0200] {processor.py:826} INFO - Processing file /Library/Frameworks/Python.framework/Versions/3.11/lib/python3.11/site-packages/airflow/example_dags/example_branch_day_of_week_operator.py for tasks to queue
[2023-07-27T20:48:35.550+0200] {logging_mixin.py:150} INFO - [2023-07-27T20:48:35.550+0200] {dagbag.py:541} INFO - Filling up the DagBag from /Library/Frameworks/Python.framework/Versions/3.11/lib/python3.11/site-packages/airflow/example_dags/example_branch_day_of_week_operator.py
[2023-07-27T20:48:35.557+0200] {processor.py:836} INFO - DAG(s) dict_keys(['example_weekday_branch_operator']) retrieved from /Library/Frameworks/Python.framework/Versions/3.11/lib/python3.11/site-packages/airflow/example_dags/example_branch_day_of_week_operator.py
[2023-07-27T20:48:35.887+0200] {logging_mixin.py:150} INFO - [2023-07-27T20:48:35.887+0200] {dag.py:2742} INFO - Sync 1 DAGs
[2023-07-27T20:48:35.892+0200] {logging_mixin.py:150} INFO - [2023-07-27T20:48:35.892+0200] {dag.py:3504} INFO - Setting next_dagrun for example_weekday_branch_operator to 2023-07-26T00:00:00+00:00, run_after=2023-07-27T00:00:00+00:00
[2023-07-27T20:48:35.898+0200] {processor.py:179} INFO - Processing /Library/Frameworks/Python.framework/Versions/3.11/lib/python3.11/site-packages/airflow/example_dags/example_branch_day_of_week_operator.py took 0.350 seconds
