[2023-07-27T20:35:21.980+0200] {processor.py:157} INFO - Started process (PID=5726) to work on /Library/Frameworks/Python.framework/Versions/3.11/lib/python3.11/site-packages/airflow/example_dags/example_complex.py
[2023-07-27T20:35:21.981+0200] {processor.py:826} INFO - Processing file /Library/Frameworks/Python.framework/Versions/3.11/lib/python3.11/site-packages/airflow/example_dags/example_complex.py for tasks to queue
[2023-07-27T20:35:21.982+0200] {logging_mixin.py:150} INFO - [2023-07-27T20:35:21.982+0200] {dagbag.py:541} INFO - Filling up the DagBag from /Library/Frameworks/Python.framework/Versions/3.11/lib/python3.11/site-packages/airflow/example_dags/example_complex.py
[2023-07-27T20:35:21.990+0200] {processor.py:836} INFO - DAG(s) dict_keys(['example_complex']) retrieved from /Library/Frameworks/Python.framework/Versions/3.11/lib/python3.11/site-packages/airflow/example_dags/example_complex.py
[2023-07-27T20:35:22.346+0200] {logging_mixin.py:150} INFO - [2023-07-27T20:35:22.346+0200] {manager.py:504} INFO - Created Permission View: can delete on DAG:example_complex
[2023-07-27T20:35:22.348+0200] {logging_mixin.py:150} INFO - [2023-07-27T20:35:22.348+0200] {manager.py:504} INFO - Created Permission View: can read on DAG:example_complex
[2023-07-27T20:35:22.350+0200] {logging_mixin.py:150} INFO - [2023-07-27T20:35:22.350+0200] {manager.py:504} INFO - Created Permission View: can edit on DAG:example_complex
[2023-07-27T20:35:22.353+0200] {logging_mixin.py:150} INFO - [2023-07-27T20:35:22.353+0200] {dag.py:2742} INFO - Sync 1 DAGs
[2023-07-27T20:35:22.355+0200] {logging_mixin.py:150} INFO - [2023-07-27T20:35:22.355+0200] {dag.py:2763} INFO - Creating ORM DAG for example_complex
[2023-07-27T20:35:22.357+0200] {logging_mixin.py:150} INFO - [2023-07-27T20:35:22.357+0200] {dag.py:3504} INFO - Setting next_dagrun for example_complex to None, run_after=None
[2023-07-27T20:35:22.362+0200] {processor.py:179} INFO - Processing /Library/Frameworks/Python.framework/Versions/3.11/lib/python3.11/site-packages/airflow/example_dags/example_complex.py took 0.382 seconds
[2023-07-27T20:37:02.230+0200] {processor.py:157} INFO - Started process (PID=5797) to work on /Library/Frameworks/Python.framework/Versions/3.11/lib/python3.11/site-packages/airflow/example_dags/example_complex.py
[2023-07-27T20:37:02.231+0200] {processor.py:826} INFO - Processing file /Library/Frameworks/Python.framework/Versions/3.11/lib/python3.11/site-packages/airflow/example_dags/example_complex.py for tasks to queue
[2023-07-27T20:37:02.231+0200] {logging_mixin.py:150} INFO - [2023-07-27T20:37:02.231+0200] {dagbag.py:541} INFO - Filling up the DagBag from /Library/Frameworks/Python.framework/Versions/3.11/lib/python3.11/site-packages/airflow/example_dags/example_complex.py
[2023-07-27T20:37:02.239+0200] {processor.py:836} INFO - DAG(s) dict_keys(['example_complex']) retrieved from /Library/Frameworks/Python.framework/Versions/3.11/lib/python3.11/site-packages/airflow/example_dags/example_complex.py
[2023-07-27T20:37:02.565+0200] {logging_mixin.py:150} INFO - [2023-07-27T20:37:02.565+0200] {dag.py:2742} INFO - Sync 1 DAGs
[2023-07-27T20:37:02.570+0200] {logging_mixin.py:150} INFO - [2023-07-27T20:37:02.570+0200] {dag.py:3504} INFO - Setting next_dagrun for example_complex to None, run_after=None
[2023-07-27T20:37:02.576+0200] {processor.py:179} INFO - Processing /Library/Frameworks/Python.framework/Versions/3.11/lib/python3.11/site-packages/airflow/example_dags/example_complex.py took 0.347 seconds
[2023-07-27T20:38:42.636+0200] {processor.py:157} INFO - Started process (PID=5871) to work on /Library/Frameworks/Python.framework/Versions/3.11/lib/python3.11/site-packages/airflow/example_dags/example_complex.py
[2023-07-27T20:38:42.638+0200] {processor.py:826} INFO - Processing file /Library/Frameworks/Python.framework/Versions/3.11/lib/python3.11/site-packages/airflow/example_dags/example_complex.py for tasks to queue
[2023-07-27T20:38:42.638+0200] {logging_mixin.py:150} INFO - [2023-07-27T20:38:42.638+0200] {dagbag.py:541} INFO - Filling up the DagBag from /Library/Frameworks/Python.framework/Versions/3.11/lib/python3.11/site-packages/airflow/example_dags/example_complex.py
[2023-07-27T20:38:42.646+0200] {processor.py:836} INFO - DAG(s) dict_keys(['example_complex']) retrieved from /Library/Frameworks/Python.framework/Versions/3.11/lib/python3.11/site-packages/airflow/example_dags/example_complex.py
[2023-07-27T20:38:42.974+0200] {logging_mixin.py:150} INFO - [2023-07-27T20:38:42.974+0200] {dag.py:2742} INFO - Sync 1 DAGs
[2023-07-27T20:38:42.979+0200] {logging_mixin.py:150} INFO - [2023-07-27T20:38:42.979+0200] {dag.py:3504} INFO - Setting next_dagrun for example_complex to None, run_after=None
[2023-07-27T20:38:42.985+0200] {processor.py:179} INFO - Processing /Library/Frameworks/Python.framework/Versions/3.11/lib/python3.11/site-packages/airflow/example_dags/example_complex.py took 0.350 seconds
[2023-07-27T20:40:20.706+0200] {processor.py:157} INFO - Started process (PID=5941) to work on /Library/Frameworks/Python.framework/Versions/3.11/lib/python3.11/site-packages/airflow/example_dags/example_complex.py
[2023-07-27T20:40:20.707+0200] {processor.py:826} INFO - Processing file /Library/Frameworks/Python.framework/Versions/3.11/lib/python3.11/site-packages/airflow/example_dags/example_complex.py for tasks to queue
[2023-07-27T20:40:20.707+0200] {logging_mixin.py:150} INFO - [2023-07-27T20:40:20.707+0200] {dagbag.py:541} INFO - Filling up the DagBag from /Library/Frameworks/Python.framework/Versions/3.11/lib/python3.11/site-packages/airflow/example_dags/example_complex.py
[2023-07-27T20:40:20.715+0200] {processor.py:836} INFO - DAG(s) dict_keys(['example_complex']) retrieved from /Library/Frameworks/Python.framework/Versions/3.11/lib/python3.11/site-packages/airflow/example_dags/example_complex.py
[2023-07-27T20:40:21.042+0200] {logging_mixin.py:150} INFO - [2023-07-27T20:40:21.042+0200] {dag.py:2742} INFO - Sync 1 DAGs
[2023-07-27T20:40:21.047+0200] {logging_mixin.py:150} INFO - [2023-07-27T20:40:21.047+0200] {dag.py:3504} INFO - Setting next_dagrun for example_complex to None, run_after=None
[2023-07-27T20:40:21.052+0200] {processor.py:179} INFO - Processing /Library/Frameworks/Python.framework/Versions/3.11/lib/python3.11/site-packages/airflow/example_dags/example_complex.py took 0.347 seconds
[2023-07-27T20:42:00.621+0200] {processor.py:157} INFO - Started process (PID=6023) to work on /Library/Frameworks/Python.framework/Versions/3.11/lib/python3.11/site-packages/airflow/example_dags/example_complex.py
[2023-07-27T20:42:00.622+0200] {processor.py:826} INFO - Processing file /Library/Frameworks/Python.framework/Versions/3.11/lib/python3.11/site-packages/airflow/example_dags/example_complex.py for tasks to queue
[2023-07-27T20:42:00.622+0200] {logging_mixin.py:150} INFO - [2023-07-27T20:42:00.622+0200] {dagbag.py:541} INFO - Filling up the DagBag from /Library/Frameworks/Python.framework/Versions/3.11/lib/python3.11/site-packages/airflow/example_dags/example_complex.py
[2023-07-27T20:42:00.630+0200] {processor.py:836} INFO - DAG(s) dict_keys(['example_complex']) retrieved from /Library/Frameworks/Python.framework/Versions/3.11/lib/python3.11/site-packages/airflow/example_dags/example_complex.py
[2023-07-27T20:42:00.963+0200] {logging_mixin.py:150} INFO - [2023-07-27T20:42:00.963+0200] {dag.py:2742} INFO - Sync 1 DAGs
[2023-07-27T20:42:00.968+0200] {logging_mixin.py:150} INFO - [2023-07-27T20:42:00.968+0200] {dag.py:3504} INFO - Setting next_dagrun for example_complex to None, run_after=None
[2023-07-27T20:42:00.974+0200] {processor.py:179} INFO - Processing /Library/Frameworks/Python.framework/Versions/3.11/lib/python3.11/site-packages/airflow/example_dags/example_complex.py took 0.353 seconds
[2023-07-27T20:43:39.441+0200] {processor.py:157} INFO - Started process (PID=6103) to work on /Library/Frameworks/Python.framework/Versions/3.11/lib/python3.11/site-packages/airflow/example_dags/example_complex.py
[2023-07-27T20:43:39.442+0200] {processor.py:826} INFO - Processing file /Library/Frameworks/Python.framework/Versions/3.11/lib/python3.11/site-packages/airflow/example_dags/example_complex.py for tasks to queue
[2023-07-27T20:43:39.442+0200] {logging_mixin.py:150} INFO - [2023-07-27T20:43:39.442+0200] {dagbag.py:541} INFO - Filling up the DagBag from /Library/Frameworks/Python.framework/Versions/3.11/lib/python3.11/site-packages/airflow/example_dags/example_complex.py
[2023-07-27T20:43:39.451+0200] {processor.py:836} INFO - DAG(s) dict_keys(['example_complex']) retrieved from /Library/Frameworks/Python.framework/Versions/3.11/lib/python3.11/site-packages/airflow/example_dags/example_complex.py
[2023-07-27T20:43:39.794+0200] {logging_mixin.py:150} INFO - [2023-07-27T20:43:39.794+0200] {dag.py:2742} INFO - Sync 1 DAGs
[2023-07-27T20:43:39.799+0200] {logging_mixin.py:150} INFO - [2023-07-27T20:43:39.799+0200] {dag.py:3504} INFO - Setting next_dagrun for example_complex to None, run_after=None
[2023-07-27T20:43:39.805+0200] {processor.py:179} INFO - Processing /Library/Frameworks/Python.framework/Versions/3.11/lib/python3.11/site-packages/airflow/example_dags/example_complex.py took 0.365 seconds
[2023-07-27T20:45:14.425+0200] {processor.py:157} INFO - Started process (PID=6176) to work on /Library/Frameworks/Python.framework/Versions/3.11/lib/python3.11/site-packages/airflow/example_dags/example_complex.py
[2023-07-27T20:45:14.427+0200] {processor.py:826} INFO - Processing file /Library/Frameworks/Python.framework/Versions/3.11/lib/python3.11/site-packages/airflow/example_dags/example_complex.py for tasks to queue
[2023-07-27T20:45:14.428+0200] {logging_mixin.py:150} INFO - [2023-07-27T20:45:14.428+0200] {dagbag.py:541} INFO - Filling up the DagBag from /Library/Frameworks/Python.framework/Versions/3.11/lib/python3.11/site-packages/airflow/example_dags/example_complex.py
[2023-07-27T20:45:14.435+0200] {processor.py:836} INFO - DAG(s) dict_keys(['example_complex']) retrieved from /Library/Frameworks/Python.framework/Versions/3.11/lib/python3.11/site-packages/airflow/example_dags/example_complex.py
[2023-07-27T20:45:14.766+0200] {logging_mixin.py:150} INFO - [2023-07-27T20:45:14.766+0200] {dag.py:2742} INFO - Sync 1 DAGs
[2023-07-27T20:45:14.771+0200] {logging_mixin.py:150} INFO - [2023-07-27T20:45:14.771+0200] {dag.py:3504} INFO - Setting next_dagrun for example_complex to None, run_after=None
[2023-07-27T20:45:14.777+0200] {processor.py:179} INFO - Processing /Library/Frameworks/Python.framework/Versions/3.11/lib/python3.11/site-packages/airflow/example_dags/example_complex.py took 0.352 seconds
[2023-07-27T20:46:49.080+0200] {processor.py:157} INFO - Started process (PID=6258) to work on /Library/Frameworks/Python.framework/Versions/3.11/lib/python3.11/site-packages/airflow/example_dags/example_complex.py
[2023-07-27T20:46:49.082+0200] {processor.py:826} INFO - Processing file /Library/Frameworks/Python.framework/Versions/3.11/lib/python3.11/site-packages/airflow/example_dags/example_complex.py for tasks to queue
[2023-07-27T20:46:49.082+0200] {logging_mixin.py:150} INFO - [2023-07-27T20:46:49.082+0200] {dagbag.py:541} INFO - Filling up the DagBag from /Library/Frameworks/Python.framework/Versions/3.11/lib/python3.11/site-packages/airflow/example_dags/example_complex.py
[2023-07-27T20:46:49.089+0200] {processor.py:836} INFO - DAG(s) dict_keys(['example_complex']) retrieved from /Library/Frameworks/Python.framework/Versions/3.11/lib/python3.11/site-packages/airflow/example_dags/example_complex.py
[2023-07-27T20:46:49.420+0200] {logging_mixin.py:150} INFO - [2023-07-27T20:46:49.420+0200] {dag.py:2742} INFO - Sync 1 DAGs
[2023-07-27T20:46:49.425+0200] {logging_mixin.py:150} INFO - [2023-07-27T20:46:49.425+0200] {dag.py:3504} INFO - Setting next_dagrun for example_complex to None, run_after=None
[2023-07-27T20:46:49.430+0200] {processor.py:179} INFO - Processing /Library/Frameworks/Python.framework/Versions/3.11/lib/python3.11/site-packages/airflow/example_dags/example_complex.py took 0.350 seconds
[2023-07-27T20:48:27.018+0200] {processor.py:157} INFO - Started process (PID=6332) to work on /Library/Frameworks/Python.framework/Versions/3.11/lib/python3.11/site-packages/airflow/example_dags/example_complex.py
[2023-07-27T20:48:27.019+0200] {processor.py:826} INFO - Processing file /Library/Frameworks/Python.framework/Versions/3.11/lib/python3.11/site-packages/airflow/example_dags/example_complex.py for tasks to queue
[2023-07-27T20:48:27.020+0200] {logging_mixin.py:150} INFO - [2023-07-27T20:48:27.020+0200] {dagbag.py:541} INFO - Filling up the DagBag from /Library/Frameworks/Python.framework/Versions/3.11/lib/python3.11/site-packages/airflow/example_dags/example_complex.py
[2023-07-27T20:48:27.028+0200] {processor.py:836} INFO - DAG(s) dict_keys(['example_complex']) retrieved from /Library/Frameworks/Python.framework/Versions/3.11/lib/python3.11/site-packages/airflow/example_dags/example_complex.py
[2023-07-27T20:48:27.355+0200] {logging_mixin.py:150} INFO - [2023-07-27T20:48:27.355+0200] {dag.py:2742} INFO - Sync 1 DAGs
[2023-07-27T20:48:27.360+0200] {logging_mixin.py:150} INFO - [2023-07-27T20:48:27.360+0200] {dag.py:3504} INFO - Setting next_dagrun for example_complex to None, run_after=None
[2023-07-27T20:48:27.366+0200] {processor.py:179} INFO - Processing /Library/Frameworks/Python.framework/Versions/3.11/lib/python3.11/site-packages/airflow/example_dags/example_complex.py took 0.348 seconds
[2023-07-27T20:50:07.875+0200] {processor.py:157} INFO - Started process (PID=6509) to work on /Library/Frameworks/Python.framework/Versions/3.11/lib/python3.11/site-packages/airflow/example_dags/example_complex.py
[2023-07-27T20:50:07.877+0200] {processor.py:826} INFO - Processing file /Library/Frameworks/Python.framework/Versions/3.11/lib/python3.11/site-packages/airflow/example_dags/example_complex.py for tasks to queue
[2023-07-27T20:50:07.877+0200] {logging_mixin.py:150} INFO - [2023-07-27T20:50:07.877+0200] {dagbag.py:541} INFO - Filling up the DagBag from /Library/Frameworks/Python.framework/Versions/3.11/lib/python3.11/site-packages/airflow/example_dags/example_complex.py
[2023-07-27T20:50:07.885+0200] {processor.py:836} INFO - DAG(s) dict_keys(['example_complex']) retrieved from /Library/Frameworks/Python.framework/Versions/3.11/lib/python3.11/site-packages/airflow/example_dags/example_complex.py
[2023-07-27T20:50:08.216+0200] {logging_mixin.py:150} INFO - [2023-07-27T20:50:08.216+0200] {dag.py:2742} INFO - Sync 1 DAGs
[2023-07-27T20:50:08.221+0200] {logging_mixin.py:150} INFO - [2023-07-27T20:50:08.220+0200] {dag.py:3504} INFO - Setting next_dagrun for example_complex to None, run_after=None
[2023-07-27T20:50:08.226+0200] {processor.py:179} INFO - Processing /Library/Frameworks/Python.framework/Versions/3.11/lib/python3.11/site-packages/airflow/example_dags/example_complex.py took 0.351 seconds
