[2023-07-27T20:34:46.914+0200] {processor.py:157} INFO - Started process (PID=5701) to work on /Library/Frameworks/Python.framework/Versions/3.11/lib/python3.11/site-packages/airflow/example_dags/example_short_circuit_operator.py
[2023-07-27T20:34:46.916+0200] {processor.py:826} INFO - Processing file /Library/Frameworks/Python.framework/Versions/3.11/lib/python3.11/site-packages/airflow/example_dags/example_short_circuit_operator.py for tasks to queue
[2023-07-27T20:34:46.916+0200] {logging_mixin.py:150} INFO - [2023-07-27T20:34:46.916+0200] {dagbag.py:541} INFO - Filling up the DagBag from /Library/Frameworks/Python.framework/Versions/3.11/lib/python3.11/site-packages/airflow/example_dags/example_short_circuit_operator.py
[2023-07-27T20:34:46.939+0200] {processor.py:836} INFO - DAG(s) dict_keys(['example_short_circuit_operator']) retrieved from /Library/Frameworks/Python.framework/Versions/3.11/lib/python3.11/site-packages/airflow/example_dags/example_short_circuit_operator.py
[2023-07-27T20:34:47.282+0200] {logging_mixin.py:150} INFO - [2023-07-27T20:34:47.282+0200] {manager.py:504} INFO - Created Permission View: can delete on DAG:example_short_circuit_operator
[2023-07-27T20:34:47.285+0200] {logging_mixin.py:150} INFO - [2023-07-27T20:34:47.285+0200] {manager.py:504} INFO - Created Permission View: can edit on DAG:example_short_circuit_operator
[2023-07-27T20:34:47.287+0200] {logging_mixin.py:150} INFO - [2023-07-27T20:34:47.287+0200] {manager.py:504} INFO - Created Permission View: can read on DAG:example_short_circuit_operator
[2023-07-27T20:34:47.290+0200] {logging_mixin.py:150} INFO - [2023-07-27T20:34:47.290+0200] {dag.py:2742} INFO - Sync 1 DAGs
[2023-07-27T20:34:47.293+0200] {logging_mixin.py:150} INFO - [2023-07-27T20:34:47.293+0200] {dag.py:2763} INFO - Creating ORM DAG for example_short_circuit_operator
[2023-07-27T20:34:47.296+0200] {logging_mixin.py:150} INFO - [2023-07-27T20:34:47.295+0200] {dag.py:3504} INFO - Setting next_dagrun for example_short_circuit_operator to 2023-07-26T18:34:47.295953+00:00, run_after=2023-07-27T18:34:47.295953+00:00
[2023-07-27T20:34:47.300+0200] {processor.py:179} INFO - Processing /Library/Frameworks/Python.framework/Versions/3.11/lib/python3.11/site-packages/airflow/example_dags/example_short_circuit_operator.py took 0.386 seconds
[2023-07-27T20:36:08.574+0200] {processor.py:157} INFO - Started process (PID=5763) to work on /Library/Frameworks/Python.framework/Versions/3.11/lib/python3.11/site-packages/airflow/example_dags/example_short_circuit_operator.py
[2023-07-27T20:36:08.576+0200] {processor.py:826} INFO - Processing file /Library/Frameworks/Python.framework/Versions/3.11/lib/python3.11/site-packages/airflow/example_dags/example_short_circuit_operator.py for tasks to queue
[2023-07-27T20:36:08.576+0200] {logging_mixin.py:150} INFO - [2023-07-27T20:36:08.576+0200] {dagbag.py:541} INFO - Filling up the DagBag from /Library/Frameworks/Python.framework/Versions/3.11/lib/python3.11/site-packages/airflow/example_dags/example_short_circuit_operator.py
[2023-07-27T20:36:08.598+0200] {processor.py:836} INFO - DAG(s) dict_keys(['example_short_circuit_operator']) retrieved from /Library/Frameworks/Python.framework/Versions/3.11/lib/python3.11/site-packages/airflow/example_dags/example_short_circuit_operator.py
[2023-07-27T20:36:08.939+0200] {logging_mixin.py:150} INFO - [2023-07-27T20:36:08.939+0200] {dag.py:2742} INFO - Sync 1 DAGs
[2023-07-27T20:36:08.946+0200] {logging_mixin.py:150} INFO - [2023-07-27T20:36:08.945+0200] {dag.py:3504} INFO - Setting next_dagrun for example_short_circuit_operator to 2023-07-26T18:36:08.945852+00:00, run_after=2023-07-27T18:36:08.945852+00:00
[2023-07-27T20:36:08.953+0200] {processor.py:179} INFO - Processing /Library/Frameworks/Python.framework/Versions/3.11/lib/python3.11/site-packages/airflow/example_dags/example_short_circuit_operator.py took 0.379 seconds
[2023-07-27T20:37:47.631+0200] {processor.py:157} INFO - Started process (PID=5830) to work on /Library/Frameworks/Python.framework/Versions/3.11/lib/python3.11/site-packages/airflow/example_dags/example_short_circuit_operator.py
[2023-07-27T20:37:47.633+0200] {processor.py:826} INFO - Processing file /Library/Frameworks/Python.framework/Versions/3.11/lib/python3.11/site-packages/airflow/example_dags/example_short_circuit_operator.py for tasks to queue
[2023-07-27T20:37:47.633+0200] {logging_mixin.py:150} INFO - [2023-07-27T20:37:47.633+0200] {dagbag.py:541} INFO - Filling up the DagBag from /Library/Frameworks/Python.framework/Versions/3.11/lib/python3.11/site-packages/airflow/example_dags/example_short_circuit_operator.py
[2023-07-27T20:37:47.655+0200] {processor.py:836} INFO - DAG(s) dict_keys(['example_short_circuit_operator']) retrieved from /Library/Frameworks/Python.framework/Versions/3.11/lib/python3.11/site-packages/airflow/example_dags/example_short_circuit_operator.py
[2023-07-27T20:37:47.967+0200] {logging_mixin.py:150} INFO - [2023-07-27T20:37:47.967+0200] {dag.py:2742} INFO - Sync 1 DAGs
[2023-07-27T20:37:47.972+0200] {logging_mixin.py:150} INFO - [2023-07-27T20:37:47.972+0200] {dag.py:3504} INFO - Setting next_dagrun for example_short_circuit_operator to 2023-07-26T18:37:47.972056+00:00, run_after=2023-07-27T18:37:47.972056+00:00
[2023-07-27T20:37:47.978+0200] {processor.py:179} INFO - Processing /Library/Frameworks/Python.framework/Versions/3.11/lib/python3.11/site-packages/airflow/example_dags/example_short_circuit_operator.py took 0.347 seconds
[2023-07-27T20:39:24.937+0200] {processor.py:157} INFO - Started process (PID=5908) to work on /Library/Frameworks/Python.framework/Versions/3.11/lib/python3.11/site-packages/airflow/example_dags/example_short_circuit_operator.py
[2023-07-27T20:39:24.939+0200] {processor.py:826} INFO - Processing file /Library/Frameworks/Python.framework/Versions/3.11/lib/python3.11/site-packages/airflow/example_dags/example_short_circuit_operator.py for tasks to queue
[2023-07-27T20:39:24.939+0200] {logging_mixin.py:150} INFO - [2023-07-27T20:39:24.939+0200] {dagbag.py:541} INFO - Filling up the DagBag from /Library/Frameworks/Python.framework/Versions/3.11/lib/python3.11/site-packages/airflow/example_dags/example_short_circuit_operator.py
[2023-07-27T20:39:24.962+0200] {processor.py:836} INFO - DAG(s) dict_keys(['example_short_circuit_operator']) retrieved from /Library/Frameworks/Python.framework/Versions/3.11/lib/python3.11/site-packages/airflow/example_dags/example_short_circuit_operator.py
[2023-07-27T20:39:25.280+0200] {logging_mixin.py:150} INFO - [2023-07-27T20:39:25.280+0200] {dag.py:2742} INFO - Sync 1 DAGs
[2023-07-27T20:39:25.285+0200] {logging_mixin.py:150} INFO - [2023-07-27T20:39:25.285+0200] {dag.py:3504} INFO - Setting next_dagrun for example_short_circuit_operator to 2023-07-26T18:39:25.285564+00:00, run_after=2023-07-27T18:39:25.285564+00:00
[2023-07-27T20:39:25.292+0200] {processor.py:179} INFO - Processing /Library/Frameworks/Python.framework/Versions/3.11/lib/python3.11/site-packages/airflow/example_dags/example_short_circuit_operator.py took 0.355 seconds
[2023-07-27T20:41:06.705+0200] {processor.py:157} INFO - Started process (PID=5977) to work on /Library/Frameworks/Python.framework/Versions/3.11/lib/python3.11/site-packages/airflow/example_dags/example_short_circuit_operator.py
[2023-07-27T20:41:06.706+0200] {processor.py:826} INFO - Processing file /Library/Frameworks/Python.framework/Versions/3.11/lib/python3.11/site-packages/airflow/example_dags/example_short_circuit_operator.py for tasks to queue
[2023-07-27T20:41:06.706+0200] {logging_mixin.py:150} INFO - [2023-07-27T20:41:06.706+0200] {dagbag.py:541} INFO - Filling up the DagBag from /Library/Frameworks/Python.framework/Versions/3.11/lib/python3.11/site-packages/airflow/example_dags/example_short_circuit_operator.py
[2023-07-27T20:41:06.729+0200] {processor.py:836} INFO - DAG(s) dict_keys(['example_short_circuit_operator']) retrieved from /Library/Frameworks/Python.framework/Versions/3.11/lib/python3.11/site-packages/airflow/example_dags/example_short_circuit_operator.py
[2023-07-27T20:41:07.054+0200] {logging_mixin.py:150} INFO - [2023-07-27T20:41:07.054+0200] {dag.py:2742} INFO - Sync 1 DAGs
[2023-07-27T20:41:07.059+0200] {logging_mixin.py:150} INFO - [2023-07-27T20:41:07.059+0200] {dag.py:3504} INFO - Setting next_dagrun for example_short_circuit_operator to 2023-07-26T18:41:07.059700+00:00, run_after=2023-07-27T18:41:07.059700+00:00
[2023-07-27T20:41:07.066+0200] {processor.py:179} INFO - Processing /Library/Frameworks/Python.framework/Versions/3.11/lib/python3.11/site-packages/airflow/example_dags/example_short_circuit_operator.py took 0.361 seconds
[2023-07-27T20:42:45.833+0200] {processor.py:157} INFO - Started process (PID=6052) to work on /Library/Frameworks/Python.framework/Versions/3.11/lib/python3.11/site-packages/airflow/example_dags/example_short_circuit_operator.py
[2023-07-27T20:42:45.834+0200] {processor.py:826} INFO - Processing file /Library/Frameworks/Python.framework/Versions/3.11/lib/python3.11/site-packages/airflow/example_dags/example_short_circuit_operator.py for tasks to queue
[2023-07-27T20:42:45.834+0200] {logging_mixin.py:150} INFO - [2023-07-27T20:42:45.834+0200] {dagbag.py:541} INFO - Filling up the DagBag from /Library/Frameworks/Python.framework/Versions/3.11/lib/python3.11/site-packages/airflow/example_dags/example_short_circuit_operator.py
[2023-07-27T20:42:45.856+0200] {processor.py:836} INFO - DAG(s) dict_keys(['example_short_circuit_operator']) retrieved from /Library/Frameworks/Python.framework/Versions/3.11/lib/python3.11/site-packages/airflow/example_dags/example_short_circuit_operator.py
[2023-07-27T20:42:46.177+0200] {logging_mixin.py:150} INFO - [2023-07-27T20:42:46.177+0200] {dag.py:2742} INFO - Sync 1 DAGs
[2023-07-27T20:42:46.182+0200] {logging_mixin.py:150} INFO - [2023-07-27T20:42:46.182+0200] {dag.py:3504} INFO - Setting next_dagrun for example_short_circuit_operator to 2023-07-26T18:42:46.182771+00:00, run_after=2023-07-27T18:42:46.182771+00:00
[2023-07-27T20:42:46.189+0200] {processor.py:179} INFO - Processing /Library/Frameworks/Python.framework/Versions/3.11/lib/python3.11/site-packages/airflow/example_dags/example_short_circuit_operator.py took 0.356 seconds
[2023-07-27T20:44:20.939+0200] {processor.py:157} INFO - Started process (PID=6133) to work on /Library/Frameworks/Python.framework/Versions/3.11/lib/python3.11/site-packages/airflow/example_dags/example_short_circuit_operator.py
[2023-07-27T20:44:20.941+0200] {processor.py:826} INFO - Processing file /Library/Frameworks/Python.framework/Versions/3.11/lib/python3.11/site-packages/airflow/example_dags/example_short_circuit_operator.py for tasks to queue
[2023-07-27T20:44:20.941+0200] {logging_mixin.py:150} INFO - [2023-07-27T20:44:20.941+0200] {dagbag.py:541} INFO - Filling up the DagBag from /Library/Frameworks/Python.framework/Versions/3.11/lib/python3.11/site-packages/airflow/example_dags/example_short_circuit_operator.py
[2023-07-27T20:44:20.968+0200] {processor.py:836} INFO - DAG(s) dict_keys(['example_short_circuit_operator']) retrieved from /Library/Frameworks/Python.framework/Versions/3.11/lib/python3.11/site-packages/airflow/example_dags/example_short_circuit_operator.py
[2023-07-27T20:44:21.310+0200] {logging_mixin.py:150} INFO - [2023-07-27T20:44:21.310+0200] {dag.py:2742} INFO - Sync 1 DAGs
[2023-07-27T20:44:21.315+0200] {logging_mixin.py:150} INFO - [2023-07-27T20:44:21.315+0200] {dag.py:3504} INFO - Setting next_dagrun for example_short_circuit_operator to 2023-07-26T18:44:21.315640+00:00, run_after=2023-07-27T18:44:21.315640+00:00
[2023-07-27T20:44:21.321+0200] {processor.py:179} INFO - Processing /Library/Frameworks/Python.framework/Versions/3.11/lib/python3.11/site-packages/airflow/example_dags/example_short_circuit_operator.py took 0.382 seconds
[2023-07-27T20:45:56.250+0200] {processor.py:157} INFO - Started process (PID=6209) to work on /Library/Frameworks/Python.framework/Versions/3.11/lib/python3.11/site-packages/airflow/example_dags/example_short_circuit_operator.py
[2023-07-27T20:45:56.251+0200] {processor.py:826} INFO - Processing file /Library/Frameworks/Python.framework/Versions/3.11/lib/python3.11/site-packages/airflow/example_dags/example_short_circuit_operator.py for tasks to queue
[2023-07-27T20:45:56.251+0200] {logging_mixin.py:150} INFO - [2023-07-27T20:45:56.251+0200] {dagbag.py:541} INFO - Filling up the DagBag from /Library/Frameworks/Python.framework/Versions/3.11/lib/python3.11/site-packages/airflow/example_dags/example_short_circuit_operator.py
[2023-07-27T20:45:56.277+0200] {processor.py:836} INFO - DAG(s) dict_keys(['example_short_circuit_operator']) retrieved from /Library/Frameworks/Python.framework/Versions/3.11/lib/python3.11/site-packages/airflow/example_dags/example_short_circuit_operator.py
[2023-07-27T20:45:56.624+0200] {logging_mixin.py:150} INFO - [2023-07-27T20:45:56.624+0200] {dag.py:2742} INFO - Sync 1 DAGs
[2023-07-27T20:45:56.629+0200] {logging_mixin.py:150} INFO - [2023-07-27T20:45:56.629+0200] {dag.py:3504} INFO - Setting next_dagrun for example_short_circuit_operator to 2023-07-26T18:45:56.629876+00:00, run_after=2023-07-27T18:45:56.629876+00:00
[2023-07-27T20:45:56.636+0200] {processor.py:179} INFO - Processing /Library/Frameworks/Python.framework/Versions/3.11/lib/python3.11/site-packages/airflow/example_dags/example_short_circuit_operator.py took 0.387 seconds
[2023-07-27T20:47:32.667+0200] {processor.py:157} INFO - Started process (PID=6289) to work on /Library/Frameworks/Python.framework/Versions/3.11/lib/python3.11/site-packages/airflow/example_dags/example_short_circuit_operator.py
[2023-07-27T20:47:32.669+0200] {processor.py:826} INFO - Processing file /Library/Frameworks/Python.framework/Versions/3.11/lib/python3.11/site-packages/airflow/example_dags/example_short_circuit_operator.py for tasks to queue
[2023-07-27T20:47:32.669+0200] {logging_mixin.py:150} INFO - [2023-07-27T20:47:32.669+0200] {dagbag.py:541} INFO - Filling up the DagBag from /Library/Frameworks/Python.framework/Versions/3.11/lib/python3.11/site-packages/airflow/example_dags/example_short_circuit_operator.py
[2023-07-27T20:47:32.691+0200] {processor.py:836} INFO - DAG(s) dict_keys(['example_short_circuit_operator']) retrieved from /Library/Frameworks/Python.framework/Versions/3.11/lib/python3.11/site-packages/airflow/example_dags/example_short_circuit_operator.py
[2023-07-27T20:47:33.018+0200] {logging_mixin.py:150} INFO - [2023-07-27T20:47:33.017+0200] {dag.py:2742} INFO - Sync 1 DAGs
[2023-07-27T20:47:33.023+0200] {logging_mixin.py:150} INFO - [2023-07-27T20:47:33.022+0200] {dag.py:3504} INFO - Setting next_dagrun for example_short_circuit_operator to 2023-07-26T18:47:33.022922+00:00, run_after=2023-07-27T18:47:33.022922+00:00
[2023-07-27T20:47:33.029+0200] {processor.py:179} INFO - Processing /Library/Frameworks/Python.framework/Versions/3.11/lib/python3.11/site-packages/airflow/example_dags/example_short_circuit_operator.py took 0.362 seconds
[2023-07-27T20:49:10.276+0200] {processor.py:157} INFO - Started process (PID=6358) to work on /Library/Frameworks/Python.framework/Versions/3.11/lib/python3.11/site-packages/airflow/example_dags/example_short_circuit_operator.py
[2023-07-27T20:49:10.277+0200] {processor.py:826} INFO - Processing file /Library/Frameworks/Python.framework/Versions/3.11/lib/python3.11/site-packages/airflow/example_dags/example_short_circuit_operator.py for tasks to queue
[2023-07-27T20:49:10.277+0200] {logging_mixin.py:150} INFO - [2023-07-27T20:49:10.277+0200] {dagbag.py:541} INFO - Filling up the DagBag from /Library/Frameworks/Python.framework/Versions/3.11/lib/python3.11/site-packages/airflow/example_dags/example_short_circuit_operator.py
[2023-07-27T20:49:10.299+0200] {processor.py:836} INFO - DAG(s) dict_keys(['example_short_circuit_operator']) retrieved from /Library/Frameworks/Python.framework/Versions/3.11/lib/python3.11/site-packages/airflow/example_dags/example_short_circuit_operator.py
[2023-07-27T20:49:10.617+0200] {logging_mixin.py:150} INFO - [2023-07-27T20:49:10.616+0200] {dag.py:2742} INFO - Sync 1 DAGs
[2023-07-27T20:49:10.622+0200] {logging_mixin.py:150} INFO - [2023-07-27T20:49:10.621+0200] {dag.py:3504} INFO - Setting next_dagrun for example_short_circuit_operator to 2023-07-26T18:49:10.621899+00:00, run_after=2023-07-27T18:49:10.621899+00:00
[2023-07-27T20:49:10.628+0200] {processor.py:179} INFO - Processing /Library/Frameworks/Python.framework/Versions/3.11/lib/python3.11/site-packages/airflow/example_dags/example_short_circuit_operator.py took 0.352 seconds
[2023-07-27T22:51:13.643+0200] {processor.py:157} INFO - Started process (PID=8843) to work on /Library/Frameworks/Python.framework/Versions/3.11/lib/python3.11/site-packages/airflow/example_dags/example_short_circuit_operator.py
[2023-07-27T22:51:13.645+0200] {processor.py:826} INFO - Processing file /Library/Frameworks/Python.framework/Versions/3.11/lib/python3.11/site-packages/airflow/example_dags/example_short_circuit_operator.py for tasks to queue
[2023-07-27T22:51:13.645+0200] {logging_mixin.py:150} INFO - [2023-07-27T22:51:13.645+0200] {dagbag.py:541} INFO - Filling up the DagBag from /Library/Frameworks/Python.framework/Versions/3.11/lib/python3.11/site-packages/airflow/example_dags/example_short_circuit_operator.py
[2023-07-27T22:51:13.669+0200] {processor.py:836} INFO - DAG(s) dict_keys(['example_short_circuit_operator']) retrieved from /Library/Frameworks/Python.framework/Versions/3.11/lib/python3.11/site-packages/airflow/example_dags/example_short_circuit_operator.py
[2023-07-27T22:51:14.074+0200] {logging_mixin.py:150} INFO - [2023-07-27T22:51:14.074+0200] {manager.py:504} INFO - Created Permission View: can delete on DAG:example_short_circuit_operator
[2023-07-27T22:51:14.082+0200] {logging_mixin.py:150} INFO - [2023-07-27T22:51:14.082+0200] {manager.py:504} INFO - Created Permission View: can edit on DAG:example_short_circuit_operator
[2023-07-27T22:51:14.088+0200] {logging_mixin.py:150} INFO - [2023-07-27T22:51:14.088+0200] {manager.py:504} INFO - Created Permission View: can read on DAG:example_short_circuit_operator
[2023-07-27T22:51:14.098+0200] {logging_mixin.py:150} INFO - [2023-07-27T22:51:14.098+0200] {dag.py:2742} INFO - Sync 1 DAGs
[2023-07-27T22:51:14.103+0200] {logging_mixin.py:150} INFO - [2023-07-27T22:51:14.103+0200] {dag.py:2763} INFO - Creating ORM DAG for example_short_circuit_operator
[2023-07-27T22:51:14.108+0200] {logging_mixin.py:150} INFO - [2023-07-27T22:51:14.108+0200] {dag.py:3504} INFO - Setting next_dagrun for example_short_circuit_operator to 2023-07-26T20:51:14.108000+00:00, run_after=2023-07-27T20:51:14.108000+00:00
[2023-07-27T22:51:14.122+0200] {processor.py:179} INFO - Processing /Library/Frameworks/Python.framework/Versions/3.11/lib/python3.11/site-packages/airflow/example_dags/example_short_circuit_operator.py took 0.479 seconds
