[2023-07-27T20:35:15.377+0200] {processor.py:157} INFO - Started process (PID=5722) to work on /Library/Frameworks/Python.framework/Versions/3.11/lib/python3.11/site-packages/airflow/example_dags/example_dynamic_task_mapping_with_no_taskflow_operators.py
[2023-07-27T20:35:15.379+0200] {processor.py:826} INFO - Processing file /Library/Frameworks/Python.framework/Versions/3.11/lib/python3.11/site-packages/airflow/example_dags/example_dynamic_task_mapping_with_no_taskflow_operators.py for tasks to queue
[2023-07-27T20:35:15.379+0200] {logging_mixin.py:150} INFO - [2023-07-27T20:35:15.379+0200] {dagbag.py:541} INFO - Filling up the DagBag from /Library/Frameworks/Python.framework/Versions/3.11/lib/python3.11/site-packages/airflow/example_dags/example_dynamic_task_mapping_with_no_taskflow_operators.py
[2023-07-27T20:35:15.385+0200] {processor.py:836} INFO - DAG(s) dict_keys(['example_dynamic_task_mapping_with_no_taskflow_operators']) retrieved from /Library/Frameworks/Python.framework/Versions/3.11/lib/python3.11/site-packages/airflow/example_dags/example_dynamic_task_mapping_with_no_taskflow_operators.py
[2023-07-27T20:35:15.756+0200] {logging_mixin.py:150} INFO - [2023-07-27T20:35:15.755+0200] {manager.py:504} INFO - Created Permission View: can edit on DAG:example_dynamic_task_mapping_with_no_taskflow_operators
[2023-07-27T20:35:15.758+0200] {logging_mixin.py:150} INFO - [2023-07-27T20:35:15.758+0200] {manager.py:504} INFO - Created Permission View: can delete on DAG:example_dynamic_task_mapping_with_no_taskflow_operators
[2023-07-27T20:35:15.760+0200] {logging_mixin.py:150} INFO - [2023-07-27T20:35:15.760+0200] {manager.py:504} INFO - Created Permission View: can read on DAG:example_dynamic_task_mapping_with_no_taskflow_operators
[2023-07-27T20:35:15.763+0200] {logging_mixin.py:150} INFO - [2023-07-27T20:35:15.763+0200] {dag.py:2742} INFO - Sync 1 DAGs
[2023-07-27T20:35:15.765+0200] {logging_mixin.py:150} INFO - [2023-07-27T20:35:15.765+0200] {dag.py:2763} INFO - Creating ORM DAG for example_dynamic_task_mapping_with_no_taskflow_operators
[2023-07-27T20:35:15.767+0200] {logging_mixin.py:150} INFO - [2023-07-27T20:35:15.767+0200] {dag.py:3504} INFO - Setting next_dagrun for example_dynamic_task_mapping_with_no_taskflow_operators to 2023-07-26T18:35:15.767744+00:00, run_after=2023-07-27T18:35:15.767744+00:00
[2023-07-27T20:35:15.772+0200] {processor.py:179} INFO - Processing /Library/Frameworks/Python.framework/Versions/3.11/lib/python3.11/site-packages/airflow/example_dags/example_dynamic_task_mapping_with_no_taskflow_operators.py took 0.395 seconds
[2023-07-27T20:36:54.636+0200] {processor.py:157} INFO - Started process (PID=5793) to work on /Library/Frameworks/Python.framework/Versions/3.11/lib/python3.11/site-packages/airflow/example_dags/example_dynamic_task_mapping_with_no_taskflow_operators.py
[2023-07-27T20:36:54.639+0200] {processor.py:826} INFO - Processing file /Library/Frameworks/Python.framework/Versions/3.11/lib/python3.11/site-packages/airflow/example_dags/example_dynamic_task_mapping_with_no_taskflow_operators.py for tasks to queue
[2023-07-27T20:36:54.639+0200] {logging_mixin.py:150} INFO - [2023-07-27T20:36:54.639+0200] {dagbag.py:541} INFO - Filling up the DagBag from /Library/Frameworks/Python.framework/Versions/3.11/lib/python3.11/site-packages/airflow/example_dags/example_dynamic_task_mapping_with_no_taskflow_operators.py
[2023-07-27T20:36:54.644+0200] {processor.py:836} INFO - DAG(s) dict_keys(['example_dynamic_task_mapping_with_no_taskflow_operators']) retrieved from /Library/Frameworks/Python.framework/Versions/3.11/lib/python3.11/site-packages/airflow/example_dags/example_dynamic_task_mapping_with_no_taskflow_operators.py
[2023-07-27T20:36:54.972+0200] {logging_mixin.py:150} INFO - [2023-07-27T20:36:54.972+0200] {dag.py:2742} INFO - Sync 1 DAGs
[2023-07-27T20:36:54.977+0200] {logging_mixin.py:150} INFO - [2023-07-27T20:36:54.977+0200] {dag.py:3504} INFO - Setting next_dagrun for example_dynamic_task_mapping_with_no_taskflow_operators to 2023-07-26T18:36:54.977035+00:00, run_after=2023-07-27T18:36:54.977035+00:00
[2023-07-27T20:36:54.982+0200] {processor.py:179} INFO - Processing /Library/Frameworks/Python.framework/Versions/3.11/lib/python3.11/site-packages/airflow/example_dags/example_dynamic_task_mapping_with_no_taskflow_operators.py took 0.346 seconds
[2023-07-27T20:38:36.786+0200] {processor.py:157} INFO - Started process (PID=5867) to work on /Library/Frameworks/Python.framework/Versions/3.11/lib/python3.11/site-packages/airflow/example_dags/example_dynamic_task_mapping_with_no_taskflow_operators.py
[2023-07-27T20:38:36.788+0200] {processor.py:826} INFO - Processing file /Library/Frameworks/Python.framework/Versions/3.11/lib/python3.11/site-packages/airflow/example_dags/example_dynamic_task_mapping_with_no_taskflow_operators.py for tasks to queue
[2023-07-27T20:38:36.788+0200] {logging_mixin.py:150} INFO - [2023-07-27T20:38:36.788+0200] {dagbag.py:541} INFO - Filling up the DagBag from /Library/Frameworks/Python.framework/Versions/3.11/lib/python3.11/site-packages/airflow/example_dags/example_dynamic_task_mapping_with_no_taskflow_operators.py
[2023-07-27T20:38:36.794+0200] {processor.py:836} INFO - DAG(s) dict_keys(['example_dynamic_task_mapping_with_no_taskflow_operators']) retrieved from /Library/Frameworks/Python.framework/Versions/3.11/lib/python3.11/site-packages/airflow/example_dags/example_dynamic_task_mapping_with_no_taskflow_operators.py
[2023-07-27T20:38:37.122+0200] {logging_mixin.py:150} INFO - [2023-07-27T20:38:37.122+0200] {dag.py:2742} INFO - Sync 1 DAGs
[2023-07-27T20:38:37.127+0200] {logging_mixin.py:150} INFO - [2023-07-27T20:38:37.127+0200] {dag.py:3504} INFO - Setting next_dagrun for example_dynamic_task_mapping_with_no_taskflow_operators to 2023-07-26T18:38:37.127123+00:00, run_after=2023-07-27T18:38:37.127123+00:00
[2023-07-27T20:38:37.132+0200] {processor.py:179} INFO - Processing /Library/Frameworks/Python.framework/Versions/3.11/lib/python3.11/site-packages/airflow/example_dags/example_dynamic_task_mapping_with_no_taskflow_operators.py took 0.347 seconds
[2023-07-27T20:40:14.362+0200] {processor.py:157} INFO - Started process (PID=5936) to work on /Library/Frameworks/Python.framework/Versions/3.11/lib/python3.11/site-packages/airflow/example_dags/example_dynamic_task_mapping_with_no_taskflow_operators.py
[2023-07-27T20:40:14.364+0200] {processor.py:826} INFO - Processing file /Library/Frameworks/Python.framework/Versions/3.11/lib/python3.11/site-packages/airflow/example_dags/example_dynamic_task_mapping_with_no_taskflow_operators.py for tasks to queue
[2023-07-27T20:40:14.364+0200] {logging_mixin.py:150} INFO - [2023-07-27T20:40:14.364+0200] {dagbag.py:541} INFO - Filling up the DagBag from /Library/Frameworks/Python.framework/Versions/3.11/lib/python3.11/site-packages/airflow/example_dags/example_dynamic_task_mapping_with_no_taskflow_operators.py
[2023-07-27T20:40:14.369+0200] {processor.py:836} INFO - DAG(s) dict_keys(['example_dynamic_task_mapping_with_no_taskflow_operators']) retrieved from /Library/Frameworks/Python.framework/Versions/3.11/lib/python3.11/site-packages/airflow/example_dags/example_dynamic_task_mapping_with_no_taskflow_operators.py
[2023-07-27T20:40:14.698+0200] {logging_mixin.py:150} INFO - [2023-07-27T20:40:14.698+0200] {dag.py:2742} INFO - Sync 1 DAGs
[2023-07-27T20:40:14.703+0200] {logging_mixin.py:150} INFO - [2023-07-27T20:40:14.703+0200] {dag.py:3504} INFO - Setting next_dagrun for example_dynamic_task_mapping_with_no_taskflow_operators to 2023-07-26T18:40:14.703499+00:00, run_after=2023-07-27T18:40:14.703499+00:00
[2023-07-27T20:40:14.709+0200] {processor.py:179} INFO - Processing /Library/Frameworks/Python.framework/Versions/3.11/lib/python3.11/site-packages/airflow/example_dags/example_dynamic_task_mapping_with_no_taskflow_operators.py took 0.347 seconds
[2023-07-27T20:41:53.161+0200] {processor.py:157} INFO - Started process (PID=6019) to work on /Library/Frameworks/Python.framework/Versions/3.11/lib/python3.11/site-packages/airflow/example_dags/example_dynamic_task_mapping_with_no_taskflow_operators.py
[2023-07-27T20:41:53.163+0200] {processor.py:826} INFO - Processing file /Library/Frameworks/Python.framework/Versions/3.11/lib/python3.11/site-packages/airflow/example_dags/example_dynamic_task_mapping_with_no_taskflow_operators.py for tasks to queue
[2023-07-27T20:41:53.163+0200] {logging_mixin.py:150} INFO - [2023-07-27T20:41:53.163+0200] {dagbag.py:541} INFO - Filling up the DagBag from /Library/Frameworks/Python.framework/Versions/3.11/lib/python3.11/site-packages/airflow/example_dags/example_dynamic_task_mapping_with_no_taskflow_operators.py
[2023-07-27T20:41:53.169+0200] {processor.py:836} INFO - DAG(s) dict_keys(['example_dynamic_task_mapping_with_no_taskflow_operators']) retrieved from /Library/Frameworks/Python.framework/Versions/3.11/lib/python3.11/site-packages/airflow/example_dags/example_dynamic_task_mapping_with_no_taskflow_operators.py
[2023-07-27T20:41:53.505+0200] {logging_mixin.py:150} INFO - [2023-07-27T20:41:53.505+0200] {dag.py:2742} INFO - Sync 1 DAGs
[2023-07-27T20:41:53.510+0200] {logging_mixin.py:150} INFO - [2023-07-27T20:41:53.510+0200] {dag.py:3504} INFO - Setting next_dagrun for example_dynamic_task_mapping_with_no_taskflow_operators to 2023-07-26T18:41:53.510286+00:00, run_after=2023-07-27T18:41:53.510286+00:00
[2023-07-27T20:41:53.516+0200] {processor.py:179} INFO - Processing /Library/Frameworks/Python.framework/Versions/3.11/lib/python3.11/site-packages/airflow/example_dags/example_dynamic_task_mapping_with_no_taskflow_operators.py took 0.354 seconds
[2023-07-27T20:43:32.008+0200] {processor.py:157} INFO - Started process (PID=6091) to work on /Library/Frameworks/Python.framework/Versions/3.11/lib/python3.11/site-packages/airflow/example_dags/example_dynamic_task_mapping_with_no_taskflow_operators.py
[2023-07-27T20:43:32.010+0200] {processor.py:826} INFO - Processing file /Library/Frameworks/Python.framework/Versions/3.11/lib/python3.11/site-packages/airflow/example_dags/example_dynamic_task_mapping_with_no_taskflow_operators.py for tasks to queue
[2023-07-27T20:43:32.010+0200] {logging_mixin.py:150} INFO - [2023-07-27T20:43:32.010+0200] {dagbag.py:541} INFO - Filling up the DagBag from /Library/Frameworks/Python.framework/Versions/3.11/lib/python3.11/site-packages/airflow/example_dags/example_dynamic_task_mapping_with_no_taskflow_operators.py
[2023-07-27T20:43:32.015+0200] {processor.py:836} INFO - DAG(s) dict_keys(['example_dynamic_task_mapping_with_no_taskflow_operators']) retrieved from /Library/Frameworks/Python.framework/Versions/3.11/lib/python3.11/site-packages/airflow/example_dags/example_dynamic_task_mapping_with_no_taskflow_operators.py
[2023-07-27T20:43:32.350+0200] {logging_mixin.py:150} INFO - [2023-07-27T20:43:32.350+0200] {dag.py:2742} INFO - Sync 1 DAGs
[2023-07-27T20:43:32.355+0200] {logging_mixin.py:150} INFO - [2023-07-27T20:43:32.355+0200] {dag.py:3504} INFO - Setting next_dagrun for example_dynamic_task_mapping_with_no_taskflow_operators to 2023-07-26T18:43:32.355288+00:00, run_after=2023-07-27T18:43:32.355288+00:00
[2023-07-27T20:43:32.361+0200] {processor.py:179} INFO - Processing /Library/Frameworks/Python.framework/Versions/3.11/lib/python3.11/site-packages/airflow/example_dags/example_dynamic_task_mapping_with_no_taskflow_operators.py took 0.353 seconds
[2023-07-27T20:45:09.085+0200] {processor.py:157} INFO - Started process (PID=6171) to work on /Library/Frameworks/Python.framework/Versions/3.11/lib/python3.11/site-packages/airflow/example_dags/example_dynamic_task_mapping_with_no_taskflow_operators.py
[2023-07-27T20:45:09.086+0200] {processor.py:826} INFO - Processing file /Library/Frameworks/Python.framework/Versions/3.11/lib/python3.11/site-packages/airflow/example_dags/example_dynamic_task_mapping_with_no_taskflow_operators.py for tasks to queue
[2023-07-27T20:45:09.086+0200] {logging_mixin.py:150} INFO - [2023-07-27T20:45:09.086+0200] {dagbag.py:541} INFO - Filling up the DagBag from /Library/Frameworks/Python.framework/Versions/3.11/lib/python3.11/site-packages/airflow/example_dags/example_dynamic_task_mapping_with_no_taskflow_operators.py
[2023-07-27T20:45:09.093+0200] {processor.py:836} INFO - DAG(s) dict_keys(['example_dynamic_task_mapping_with_no_taskflow_operators']) retrieved from /Library/Frameworks/Python.framework/Versions/3.11/lib/python3.11/site-packages/airflow/example_dags/example_dynamic_task_mapping_with_no_taskflow_operators.py
[2023-07-27T20:45:09.464+0200] {logging_mixin.py:150} INFO - [2023-07-27T20:45:09.464+0200] {dag.py:2742} INFO - Sync 1 DAGs
[2023-07-27T20:45:09.469+0200] {logging_mixin.py:150} INFO - [2023-07-27T20:45:09.469+0200] {dag.py:3504} INFO - Setting next_dagrun for example_dynamic_task_mapping_with_no_taskflow_operators to 2023-07-26T18:45:09.469395+00:00, run_after=2023-07-27T18:45:09.469395+00:00
[2023-07-27T20:45:09.475+0200] {processor.py:179} INFO - Processing /Library/Frameworks/Python.framework/Versions/3.11/lib/python3.11/site-packages/airflow/example_dags/example_dynamic_task_mapping_with_no_taskflow_operators.py took 0.390 seconds
[2023-07-27T20:46:41.946+0200] {processor.py:157} INFO - Started process (PID=6251) to work on /Library/Frameworks/Python.framework/Versions/3.11/lib/python3.11/site-packages/airflow/example_dags/example_dynamic_task_mapping_with_no_taskflow_operators.py
[2023-07-27T20:46:41.947+0200] {processor.py:826} INFO - Processing file /Library/Frameworks/Python.framework/Versions/3.11/lib/python3.11/site-packages/airflow/example_dags/example_dynamic_task_mapping_with_no_taskflow_operators.py for tasks to queue
[2023-07-27T20:46:41.948+0200] {logging_mixin.py:150} INFO - [2023-07-27T20:46:41.948+0200] {dagbag.py:541} INFO - Filling up the DagBag from /Library/Frameworks/Python.framework/Versions/3.11/lib/python3.11/site-packages/airflow/example_dags/example_dynamic_task_mapping_with_no_taskflow_operators.py
[2023-07-27T20:46:41.953+0200] {processor.py:836} INFO - DAG(s) dict_keys(['example_dynamic_task_mapping_with_no_taskflow_operators']) retrieved from /Library/Frameworks/Python.framework/Versions/3.11/lib/python3.11/site-packages/airflow/example_dags/example_dynamic_task_mapping_with_no_taskflow_operators.py
[2023-07-27T20:46:42.310+0200] {logging_mixin.py:150} INFO - [2023-07-27T20:46:42.310+0200] {dag.py:2742} INFO - Sync 1 DAGs
[2023-07-27T20:46:42.315+0200] {logging_mixin.py:150} INFO - [2023-07-27T20:46:42.315+0200] {dag.py:3504} INFO - Setting next_dagrun for example_dynamic_task_mapping_with_no_taskflow_operators to 2023-07-26T18:46:42.315745+00:00, run_after=2023-07-27T18:46:42.315745+00:00
[2023-07-27T20:46:42.321+0200] {processor.py:179} INFO - Processing /Library/Frameworks/Python.framework/Versions/3.11/lib/python3.11/site-packages/airflow/example_dags/example_dynamic_task_mapping_with_no_taskflow_operators.py took 0.375 seconds
[2023-07-27T20:48:20.341+0200] {processor.py:157} INFO - Started process (PID=6328) to work on /Library/Frameworks/Python.framework/Versions/3.11/lib/python3.11/site-packages/airflow/example_dags/example_dynamic_task_mapping_with_no_taskflow_operators.py
[2023-07-27T20:48:20.342+0200] {processor.py:826} INFO - Processing file /Library/Frameworks/Python.framework/Versions/3.11/lib/python3.11/site-packages/airflow/example_dags/example_dynamic_task_mapping_with_no_taskflow_operators.py for tasks to queue
[2023-07-27T20:48:20.342+0200] {logging_mixin.py:150} INFO - [2023-07-27T20:48:20.342+0200] {dagbag.py:541} INFO - Filling up the DagBag from /Library/Frameworks/Python.framework/Versions/3.11/lib/python3.11/site-packages/airflow/example_dags/example_dynamic_task_mapping_with_no_taskflow_operators.py
[2023-07-27T20:48:20.348+0200] {processor.py:836} INFO - DAG(s) dict_keys(['example_dynamic_task_mapping_with_no_taskflow_operators']) retrieved from /Library/Frameworks/Python.framework/Versions/3.11/lib/python3.11/site-packages/airflow/example_dags/example_dynamic_task_mapping_with_no_taskflow_operators.py
[2023-07-27T20:48:20.691+0200] {logging_mixin.py:150} INFO - [2023-07-27T20:48:20.691+0200] {dag.py:2742} INFO - Sync 1 DAGs
[2023-07-27T20:48:20.696+0200] {logging_mixin.py:150} INFO - [2023-07-27T20:48:20.696+0200] {dag.py:3504} INFO - Setting next_dagrun for example_dynamic_task_mapping_with_no_taskflow_operators to 2023-07-26T18:48:20.696344+00:00, run_after=2023-07-27T18:48:20.696344+00:00
[2023-07-27T20:48:20.701+0200] {processor.py:179} INFO - Processing /Library/Frameworks/Python.framework/Versions/3.11/lib/python3.11/site-packages/airflow/example_dags/example_dynamic_task_mapping_with_no_taskflow_operators.py took 0.361 seconds
[2023-07-27T20:50:00.299+0200] {processor.py:157} INFO - Started process (PID=6505) to work on /Library/Frameworks/Python.framework/Versions/3.11/lib/python3.11/site-packages/airflow/example_dags/example_dynamic_task_mapping_with_no_taskflow_operators.py
[2023-07-27T20:50:00.301+0200] {processor.py:826} INFO - Processing file /Library/Frameworks/Python.framework/Versions/3.11/lib/python3.11/site-packages/airflow/example_dags/example_dynamic_task_mapping_with_no_taskflow_operators.py for tasks to queue
[2023-07-27T20:50:00.301+0200] {logging_mixin.py:150} INFO - [2023-07-27T20:50:00.301+0200] {dagbag.py:541} INFO - Filling up the DagBag from /Library/Frameworks/Python.framework/Versions/3.11/lib/python3.11/site-packages/airflow/example_dags/example_dynamic_task_mapping_with_no_taskflow_operators.py
[2023-07-27T20:50:00.307+0200] {processor.py:836} INFO - DAG(s) dict_keys(['example_dynamic_task_mapping_with_no_taskflow_operators']) retrieved from /Library/Frameworks/Python.framework/Versions/3.11/lib/python3.11/site-packages/airflow/example_dags/example_dynamic_task_mapping_with_no_taskflow_operators.py
[2023-07-27T20:50:00.643+0200] {logging_mixin.py:150} INFO - [2023-07-27T20:50:00.643+0200] {dag.py:2742} INFO - Sync 1 DAGs
[2023-07-27T20:50:00.648+0200] {logging_mixin.py:150} INFO - [2023-07-27T20:50:00.648+0200] {dag.py:3504} INFO - Setting next_dagrun for example_dynamic_task_mapping_with_no_taskflow_operators to 2023-07-26T18:50:00.648650+00:00, run_after=2023-07-27T18:50:00.648650+00:00
[2023-07-27T20:50:00.654+0200] {processor.py:179} INFO - Processing /Library/Frameworks/Python.framework/Versions/3.11/lib/python3.11/site-packages/airflow/example_dags/example_dynamic_task_mapping_with_no_taskflow_operators.py took 0.355 seconds
