[2023-07-27T20:34:52.467+0200] {processor.py:157} INFO - Started process (PID=5706) to work on /Library/Frameworks/Python.framework/Versions/3.11/lib/python3.11/site-packages/airflow/example_dags/example_setup_teardown.py
[2023-07-27T20:34:52.468+0200] {processor.py:826} INFO - Processing file /Library/Frameworks/Python.framework/Versions/3.11/lib/python3.11/site-packages/airflow/example_dags/example_setup_teardown.py for tasks to queue
[2023-07-27T20:34:52.468+0200] {logging_mixin.py:150} INFO - [2023-07-27T20:34:52.468+0200] {dagbag.py:541} INFO - Filling up the DagBag from /Library/Frameworks/Python.framework/Versions/3.11/lib/python3.11/site-packages/airflow/example_dags/example_setup_teardown.py
[2023-07-27T20:34:52.469+0200] {processor.py:838} WARNING - No viable dags retrieved from /Library/Frameworks/Python.framework/Versions/3.11/lib/python3.11/site-packages/airflow/example_dags/example_setup_teardown.py
[2023-07-27T20:34:52.792+0200] {processor.py:179} INFO - Processing /Library/Frameworks/Python.framework/Versions/3.11/lib/python3.11/site-packages/airflow/example_dags/example_setup_teardown.py took 0.326 seconds
[2023-07-27T20:36:13.499+0200] {processor.py:157} INFO - Started process (PID=5766) to work on /Library/Frameworks/Python.framework/Versions/3.11/lib/python3.11/site-packages/airflow/example_dags/example_setup_teardown.py
[2023-07-27T20:36:13.501+0200] {processor.py:826} INFO - Processing file /Library/Frameworks/Python.framework/Versions/3.11/lib/python3.11/site-packages/airflow/example_dags/example_setup_teardown.py for tasks to queue
[2023-07-27T20:36:13.501+0200] {logging_mixin.py:150} INFO - [2023-07-27T20:36:13.501+0200] {dagbag.py:541} INFO - Filling up the DagBag from /Library/Frameworks/Python.framework/Versions/3.11/lib/python3.11/site-packages/airflow/example_dags/example_setup_teardown.py
[2023-07-27T20:36:13.503+0200] {processor.py:838} WARNING - No viable dags retrieved from /Library/Frameworks/Python.framework/Versions/3.11/lib/python3.11/site-packages/airflow/example_dags/example_setup_teardown.py
[2023-07-27T20:36:13.819+0200] {processor.py:179} INFO - Processing /Library/Frameworks/Python.framework/Versions/3.11/lib/python3.11/site-packages/airflow/example_dags/example_setup_teardown.py took 0.320 seconds
[2023-07-27T20:37:52.493+0200] {processor.py:157} INFO - Started process (PID=5833) to work on /Library/Frameworks/Python.framework/Versions/3.11/lib/python3.11/site-packages/airflow/example_dags/example_setup_teardown.py
[2023-07-27T20:37:52.495+0200] {processor.py:826} INFO - Processing file /Library/Frameworks/Python.framework/Versions/3.11/lib/python3.11/site-packages/airflow/example_dags/example_setup_teardown.py for tasks to queue
[2023-07-27T20:37:52.495+0200] {logging_mixin.py:150} INFO - [2023-07-27T20:37:52.495+0200] {dagbag.py:541} INFO - Filling up the DagBag from /Library/Frameworks/Python.framework/Versions/3.11/lib/python3.11/site-packages/airflow/example_dags/example_setup_teardown.py
[2023-07-27T20:37:52.496+0200] {processor.py:838} WARNING - No viable dags retrieved from /Library/Frameworks/Python.framework/Versions/3.11/lib/python3.11/site-packages/airflow/example_dags/example_setup_teardown.py
[2023-07-27T20:37:52.784+0200] {processor.py:179} INFO - Processing /Library/Frameworks/Python.framework/Versions/3.11/lib/python3.11/site-packages/airflow/example_dags/example_setup_teardown.py took 0.291 seconds
[2023-07-27T20:39:30.428+0200] {processor.py:157} INFO - Started process (PID=5911) to work on /Library/Frameworks/Python.framework/Versions/3.11/lib/python3.11/site-packages/airflow/example_dags/example_setup_teardown.py
[2023-07-27T20:39:30.430+0200] {processor.py:826} INFO - Processing file /Library/Frameworks/Python.framework/Versions/3.11/lib/python3.11/site-packages/airflow/example_dags/example_setup_teardown.py for tasks to queue
[2023-07-27T20:39:30.430+0200] {logging_mixin.py:150} INFO - [2023-07-27T20:39:30.430+0200] {dagbag.py:541} INFO - Filling up the DagBag from /Library/Frameworks/Python.framework/Versions/3.11/lib/python3.11/site-packages/airflow/example_dags/example_setup_teardown.py
[2023-07-27T20:39:30.431+0200] {processor.py:838} WARNING - No viable dags retrieved from /Library/Frameworks/Python.framework/Versions/3.11/lib/python3.11/site-packages/airflow/example_dags/example_setup_teardown.py
[2023-07-27T20:39:30.731+0200] {processor.py:179} INFO - Processing /Library/Frameworks/Python.framework/Versions/3.11/lib/python3.11/site-packages/airflow/example_dags/example_setup_teardown.py took 0.303 seconds
[2023-07-27T20:41:12.228+0200] {processor.py:157} INFO - Started process (PID=5980) to work on /Library/Frameworks/Python.framework/Versions/3.11/lib/python3.11/site-packages/airflow/example_dags/example_setup_teardown.py
[2023-07-27T20:41:12.229+0200] {processor.py:826} INFO - Processing file /Library/Frameworks/Python.framework/Versions/3.11/lib/python3.11/site-packages/airflow/example_dags/example_setup_teardown.py for tasks to queue
[2023-07-27T20:41:12.229+0200] {logging_mixin.py:150} INFO - [2023-07-27T20:41:12.229+0200] {dagbag.py:541} INFO - Filling up the DagBag from /Library/Frameworks/Python.framework/Versions/3.11/lib/python3.11/site-packages/airflow/example_dags/example_setup_teardown.py
[2023-07-27T20:41:12.230+0200] {processor.py:838} WARNING - No viable dags retrieved from /Library/Frameworks/Python.framework/Versions/3.11/lib/python3.11/site-packages/airflow/example_dags/example_setup_teardown.py
[2023-07-27T20:41:12.525+0200] {processor.py:179} INFO - Processing /Library/Frameworks/Python.framework/Versions/3.11/lib/python3.11/site-packages/airflow/example_dags/example_setup_teardown.py took 0.298 seconds
[2023-07-27T20:42:50.837+0200] {processor.py:157} INFO - Started process (PID=6065) to work on /Library/Frameworks/Python.framework/Versions/3.11/lib/python3.11/site-packages/airflow/example_dags/example_setup_teardown.py
[2023-07-27T20:42:50.838+0200] {processor.py:826} INFO - Processing file /Library/Frameworks/Python.framework/Versions/3.11/lib/python3.11/site-packages/airflow/example_dags/example_setup_teardown.py for tasks to queue
[2023-07-27T20:42:50.838+0200] {logging_mixin.py:150} INFO - [2023-07-27T20:42:50.838+0200] {dagbag.py:541} INFO - Filling up the DagBag from /Library/Frameworks/Python.framework/Versions/3.11/lib/python3.11/site-packages/airflow/example_dags/example_setup_teardown.py
[2023-07-27T20:42:50.839+0200] {processor.py:838} WARNING - No viable dags retrieved from /Library/Frameworks/Python.framework/Versions/3.11/lib/python3.11/site-packages/airflow/example_dags/example_setup_teardown.py
[2023-07-27T20:42:51.153+0200] {processor.py:179} INFO - Processing /Library/Frameworks/Python.framework/Versions/3.11/lib/python3.11/site-packages/airflow/example_dags/example_setup_teardown.py took 0.316 seconds
[2023-07-27T20:44:26.549+0200] {processor.py:157} INFO - Started process (PID=6136) to work on /Library/Frameworks/Python.framework/Versions/3.11/lib/python3.11/site-packages/airflow/example_dags/example_setup_teardown.py
[2023-07-27T20:44:26.551+0200] {processor.py:826} INFO - Processing file /Library/Frameworks/Python.framework/Versions/3.11/lib/python3.11/site-packages/airflow/example_dags/example_setup_teardown.py for tasks to queue
[2023-07-27T20:44:26.551+0200] {logging_mixin.py:150} INFO - [2023-07-27T20:44:26.551+0200] {dagbag.py:541} INFO - Filling up the DagBag from /Library/Frameworks/Python.framework/Versions/3.11/lib/python3.11/site-packages/airflow/example_dags/example_setup_teardown.py
[2023-07-27T20:44:26.552+0200] {processor.py:838} WARNING - No viable dags retrieved from /Library/Frameworks/Python.framework/Versions/3.11/lib/python3.11/site-packages/airflow/example_dags/example_setup_teardown.py
[2023-07-27T20:44:26.852+0200] {processor.py:179} INFO - Processing /Library/Frameworks/Python.framework/Versions/3.11/lib/python3.11/site-packages/airflow/example_dags/example_setup_teardown.py took 0.303 seconds
[2023-07-27T20:46:01.499+0200] {processor.py:157} INFO - Started process (PID=6212) to work on /Library/Frameworks/Python.framework/Versions/3.11/lib/python3.11/site-packages/airflow/example_dags/example_setup_teardown.py
[2023-07-27T20:46:01.501+0200] {processor.py:826} INFO - Processing file /Library/Frameworks/Python.framework/Versions/3.11/lib/python3.11/site-packages/airflow/example_dags/example_setup_teardown.py for tasks to queue
[2023-07-27T20:46:01.501+0200] {logging_mixin.py:150} INFO - [2023-07-27T20:46:01.501+0200] {dagbag.py:541} INFO - Filling up the DagBag from /Library/Frameworks/Python.framework/Versions/3.11/lib/python3.11/site-packages/airflow/example_dags/example_setup_teardown.py
[2023-07-27T20:46:01.502+0200] {processor.py:838} WARNING - No viable dags retrieved from /Library/Frameworks/Python.framework/Versions/3.11/lib/python3.11/site-packages/airflow/example_dags/example_setup_teardown.py
[2023-07-27T20:46:01.792+0200] {processor.py:179} INFO - Processing /Library/Frameworks/Python.framework/Versions/3.11/lib/python3.11/site-packages/airflow/example_dags/example_setup_teardown.py took 0.293 seconds
[2023-07-27T20:47:36.658+0200] {processor.py:157} INFO - Started process (PID=6292) to work on /Library/Frameworks/Python.framework/Versions/3.11/lib/python3.11/site-packages/airflow/example_dags/example_setup_teardown.py
[2023-07-27T20:47:36.659+0200] {processor.py:826} INFO - Processing file /Library/Frameworks/Python.framework/Versions/3.11/lib/python3.11/site-packages/airflow/example_dags/example_setup_teardown.py for tasks to queue
[2023-07-27T20:47:36.660+0200] {logging_mixin.py:150} INFO - [2023-07-27T20:47:36.660+0200] {dagbag.py:541} INFO - Filling up the DagBag from /Library/Frameworks/Python.framework/Versions/3.11/lib/python3.11/site-packages/airflow/example_dags/example_setup_teardown.py
[2023-07-27T20:47:36.661+0200] {processor.py:838} WARNING - No viable dags retrieved from /Library/Frameworks/Python.framework/Versions/3.11/lib/python3.11/site-packages/airflow/example_dags/example_setup_teardown.py
[2023-07-27T20:47:36.961+0200] {processor.py:179} INFO - Processing /Library/Frameworks/Python.framework/Versions/3.11/lib/python3.11/site-packages/airflow/example_dags/example_setup_teardown.py took 0.304 seconds
[2023-07-27T20:49:15.745+0200] {processor.py:157} INFO - Started process (PID=6361) to work on /Library/Frameworks/Python.framework/Versions/3.11/lib/python3.11/site-packages/airflow/example_dags/example_setup_teardown.py
[2023-07-27T20:49:15.747+0200] {processor.py:826} INFO - Processing file /Library/Frameworks/Python.framework/Versions/3.11/lib/python3.11/site-packages/airflow/example_dags/example_setup_teardown.py for tasks to queue
[2023-07-27T20:49:15.747+0200] {logging_mixin.py:150} INFO - [2023-07-27T20:49:15.747+0200] {dagbag.py:541} INFO - Filling up the DagBag from /Library/Frameworks/Python.framework/Versions/3.11/lib/python3.11/site-packages/airflow/example_dags/example_setup_teardown.py
[2023-07-27T20:49:15.748+0200] {processor.py:838} WARNING - No viable dags retrieved from /Library/Frameworks/Python.framework/Versions/3.11/lib/python3.11/site-packages/airflow/example_dags/example_setup_teardown.py
[2023-07-27T20:49:16.036+0200] {processor.py:179} INFO - Processing /Library/Frameworks/Python.framework/Versions/3.11/lib/python3.11/site-packages/airflow/example_dags/example_setup_teardown.py took 0.291 seconds
[2023-07-27T22:51:15.486+0200] {processor.py:157} INFO - Started process (PID=8848) to work on /Library/Frameworks/Python.framework/Versions/3.11/lib/python3.11/site-packages/airflow/example_dags/example_setup_teardown.py
[2023-07-27T22:51:15.488+0200] {processor.py:826} INFO - Processing file /Library/Frameworks/Python.framework/Versions/3.11/lib/python3.11/site-packages/airflow/example_dags/example_setup_teardown.py for tasks to queue
[2023-07-27T22:51:15.488+0200] {logging_mixin.py:150} INFO - [2023-07-27T22:51:15.488+0200] {dagbag.py:541} INFO - Filling up the DagBag from /Library/Frameworks/Python.framework/Versions/3.11/lib/python3.11/site-packages/airflow/example_dags/example_setup_teardown.py
[2023-07-27T22:51:15.490+0200] {processor.py:838} WARNING - No viable dags retrieved from /Library/Frameworks/Python.framework/Versions/3.11/lib/python3.11/site-packages/airflow/example_dags/example_setup_teardown.py
[2023-07-27T22:51:15.831+0200] {processor.py:179} INFO - Processing /Library/Frameworks/Python.framework/Versions/3.11/lib/python3.11/site-packages/airflow/example_dags/example_setup_teardown.py took 0.345 seconds
