[2023-07-27T20:35:13.495+0200] {processor.py:157} INFO - Started process (PID=5721) to work on /Library/Frameworks/Python.framework/Versions/3.11/lib/python3.11/site-packages/airflow/example_dags/example_external_task_marker_dag.py
[2023-07-27T20:35:13.497+0200] {processor.py:826} INFO - Processing file /Library/Frameworks/Python.framework/Versions/3.11/lib/python3.11/site-packages/airflow/example_dags/example_external_task_marker_dag.py for tasks to queue
[2023-07-27T20:35:13.497+0200] {logging_mixin.py:150} INFO - [2023-07-27T20:35:13.497+0200] {dagbag.py:541} INFO - Filling up the DagBag from /Library/Frameworks/Python.framework/Versions/3.11/lib/python3.11/site-packages/airflow/example_dags/example_external_task_marker_dag.py
[2023-07-27T20:35:13.504+0200] {processor.py:836} INFO - DAG(s) dict_keys(['example_external_task_marker_parent', 'example_external_task_marker_child']) retrieved from /Library/Frameworks/Python.framework/Versions/3.11/lib/python3.11/site-packages/airflow/example_dags/example_external_task_marker_dag.py
[2023-07-27T20:35:13.864+0200] {logging_mixin.py:150} INFO - [2023-07-27T20:35:13.864+0200] {manager.py:504} INFO - Created Permission View: can delete on DAG:example_external_task_marker_parent
[2023-07-27T20:35:13.867+0200] {logging_mixin.py:150} INFO - [2023-07-27T20:35:13.867+0200] {manager.py:504} INFO - Created Permission View: can read on DAG:example_external_task_marker_parent
[2023-07-27T20:35:13.869+0200] {logging_mixin.py:150} INFO - [2023-07-27T20:35:13.869+0200] {manager.py:504} INFO - Created Permission View: can edit on DAG:example_external_task_marker_parent
[2023-07-27T20:35:13.879+0200] {logging_mixin.py:150} INFO - [2023-07-27T20:35:13.879+0200] {manager.py:504} INFO - Created Permission View: can delete on DAG:example_external_task_marker_child
[2023-07-27T20:35:13.880+0200] {logging_mixin.py:150} INFO - [2023-07-27T20:35:13.880+0200] {manager.py:504} INFO - Created Permission View: can read on DAG:example_external_task_marker_child
[2023-07-27T20:35:13.882+0200] {logging_mixin.py:150} INFO - [2023-07-27T20:35:13.882+0200] {manager.py:504} INFO - Created Permission View: can edit on DAG:example_external_task_marker_child
[2023-07-27T20:35:13.883+0200] {logging_mixin.py:150} INFO - [2023-07-27T20:35:13.883+0200] {dag.py:2742} INFO - Sync 2 DAGs
[2023-07-27T20:35:13.886+0200] {logging_mixin.py:150} INFO - [2023-07-27T20:35:13.885+0200] {dag.py:2763} INFO - Creating ORM DAG for example_external_task_marker_parent
[2023-07-27T20:35:13.886+0200] {logging_mixin.py:150} INFO - [2023-07-27T20:35:13.886+0200] {dag.py:2763} INFO - Creating ORM DAG for example_external_task_marker_child
[2023-07-27T20:35:13.888+0200] {logging_mixin.py:150} INFO - [2023-07-27T20:35:13.888+0200] {dag.py:3504} INFO - Setting next_dagrun for example_external_task_marker_child to None, run_after=None
[2023-07-27T20:35:13.888+0200] {logging_mixin.py:150} INFO - [2023-07-27T20:35:13.888+0200] {dag.py:3504} INFO - Setting next_dagrun for example_external_task_marker_parent to None, run_after=None
[2023-07-27T20:35:13.893+0200] {processor.py:179} INFO - Processing /Library/Frameworks/Python.framework/Versions/3.11/lib/python3.11/site-packages/airflow/example_dags/example_external_task_marker_dag.py took 0.398 seconds
[2023-07-27T20:36:52.783+0200] {processor.py:157} INFO - Started process (PID=5792) to work on /Library/Frameworks/Python.framework/Versions/3.11/lib/python3.11/site-packages/airflow/example_dags/example_external_task_marker_dag.py
[2023-07-27T20:36:52.785+0200] {processor.py:826} INFO - Processing file /Library/Frameworks/Python.framework/Versions/3.11/lib/python3.11/site-packages/airflow/example_dags/example_external_task_marker_dag.py for tasks to queue
[2023-07-27T20:36:52.785+0200] {logging_mixin.py:150} INFO - [2023-07-27T20:36:52.785+0200] {dagbag.py:541} INFO - Filling up the DagBag from /Library/Frameworks/Python.framework/Versions/3.11/lib/python3.11/site-packages/airflow/example_dags/example_external_task_marker_dag.py
[2023-07-27T20:36:52.792+0200] {processor.py:836} INFO - DAG(s) dict_keys(['example_external_task_marker_child', 'example_external_task_marker_parent']) retrieved from /Library/Frameworks/Python.framework/Versions/3.11/lib/python3.11/site-packages/airflow/example_dags/example_external_task_marker_dag.py
[2023-07-27T20:36:53.127+0200] {logging_mixin.py:150} INFO - [2023-07-27T20:36:53.127+0200] {dag.py:2742} INFO - Sync 2 DAGs
[2023-07-27T20:36:53.132+0200] {logging_mixin.py:150} INFO - [2023-07-27T20:36:53.132+0200] {dag.py:3504} INFO - Setting next_dagrun for example_external_task_marker_child to None, run_after=None
[2023-07-27T20:36:53.133+0200] {logging_mixin.py:150} INFO - [2023-07-27T20:36:53.133+0200] {dag.py:3504} INFO - Setting next_dagrun for example_external_task_marker_parent to None, run_after=None
[2023-07-27T20:36:53.138+0200] {processor.py:179} INFO - Processing /Library/Frameworks/Python.framework/Versions/3.11/lib/python3.11/site-packages/airflow/example_dags/example_external_task_marker_dag.py took 0.356 seconds
[2023-07-27T20:38:34.954+0200] {processor.py:157} INFO - Started process (PID=5866) to work on /Library/Frameworks/Python.framework/Versions/3.11/lib/python3.11/site-packages/airflow/example_dags/example_external_task_marker_dag.py
[2023-07-27T20:38:34.956+0200] {processor.py:826} INFO - Processing file /Library/Frameworks/Python.framework/Versions/3.11/lib/python3.11/site-packages/airflow/example_dags/example_external_task_marker_dag.py for tasks to queue
[2023-07-27T20:38:34.956+0200] {logging_mixin.py:150} INFO - [2023-07-27T20:38:34.956+0200] {dagbag.py:541} INFO - Filling up the DagBag from /Library/Frameworks/Python.framework/Versions/3.11/lib/python3.11/site-packages/airflow/example_dags/example_external_task_marker_dag.py
[2023-07-27T20:38:34.962+0200] {processor.py:836} INFO - DAG(s) dict_keys(['example_external_task_marker_parent', 'example_external_task_marker_child']) retrieved from /Library/Frameworks/Python.framework/Versions/3.11/lib/python3.11/site-packages/airflow/example_dags/example_external_task_marker_dag.py
[2023-07-27T20:38:35.289+0200] {logging_mixin.py:150} INFO - [2023-07-27T20:38:35.289+0200] {dag.py:2742} INFO - Sync 2 DAGs
[2023-07-27T20:38:35.294+0200] {logging_mixin.py:150} INFO - [2023-07-27T20:38:35.293+0200] {dag.py:3504} INFO - Setting next_dagrun for example_external_task_marker_child to None, run_after=None
[2023-07-27T20:38:35.294+0200] {logging_mixin.py:150} INFO - [2023-07-27T20:38:35.294+0200] {dag.py:3504} INFO - Setting next_dagrun for example_external_task_marker_parent to None, run_after=None
[2023-07-27T20:38:35.299+0200] {processor.py:179} INFO - Processing /Library/Frameworks/Python.framework/Versions/3.11/lib/python3.11/site-packages/airflow/example_dags/example_external_task_marker_dag.py took 0.346 seconds
[2023-07-27T20:40:13.228+0200] {processor.py:157} INFO - Started process (PID=5935) to work on /Library/Frameworks/Python.framework/Versions/3.11/lib/python3.11/site-packages/airflow/example_dags/example_external_task_marker_dag.py
[2023-07-27T20:40:13.229+0200] {processor.py:826} INFO - Processing file /Library/Frameworks/Python.framework/Versions/3.11/lib/python3.11/site-packages/airflow/example_dags/example_external_task_marker_dag.py for tasks to queue
[2023-07-27T20:40:13.229+0200] {logging_mixin.py:150} INFO - [2023-07-27T20:40:13.229+0200] {dagbag.py:541} INFO - Filling up the DagBag from /Library/Frameworks/Python.framework/Versions/3.11/lib/python3.11/site-packages/airflow/example_dags/example_external_task_marker_dag.py
[2023-07-27T20:40:13.236+0200] {processor.py:836} INFO - DAG(s) dict_keys(['example_external_task_marker_child', 'example_external_task_marker_parent']) retrieved from /Library/Frameworks/Python.framework/Versions/3.11/lib/python3.11/site-packages/airflow/example_dags/example_external_task_marker_dag.py
[2023-07-27T20:40:13.568+0200] {logging_mixin.py:150} INFO - [2023-07-27T20:40:13.568+0200] {dag.py:2742} INFO - Sync 2 DAGs
[2023-07-27T20:40:13.573+0200] {logging_mixin.py:150} INFO - [2023-07-27T20:40:13.573+0200] {dag.py:3504} INFO - Setting next_dagrun for example_external_task_marker_child to None, run_after=None
[2023-07-27T20:40:13.574+0200] {logging_mixin.py:150} INFO - [2023-07-27T20:40:13.574+0200] {dag.py:3504} INFO - Setting next_dagrun for example_external_task_marker_parent to None, run_after=None
[2023-07-27T20:40:13.579+0200] {processor.py:179} INFO - Processing /Library/Frameworks/Python.framework/Versions/3.11/lib/python3.11/site-packages/airflow/example_dags/example_external_task_marker_dag.py took 0.352 seconds
[2023-07-27T20:41:51.863+0200] {processor.py:157} INFO - Started process (PID=6018) to work on /Library/Frameworks/Python.framework/Versions/3.11/lib/python3.11/site-packages/airflow/example_dags/example_external_task_marker_dag.py
[2023-07-27T20:41:51.864+0200] {processor.py:826} INFO - Processing file /Library/Frameworks/Python.framework/Versions/3.11/lib/python3.11/site-packages/airflow/example_dags/example_external_task_marker_dag.py for tasks to queue
[2023-07-27T20:41:51.865+0200] {logging_mixin.py:150} INFO - [2023-07-27T20:41:51.865+0200] {dagbag.py:541} INFO - Filling up the DagBag from /Library/Frameworks/Python.framework/Versions/3.11/lib/python3.11/site-packages/airflow/example_dags/example_external_task_marker_dag.py
[2023-07-27T20:41:51.871+0200] {processor.py:836} INFO - DAG(s) dict_keys(['example_external_task_marker_child', 'example_external_task_marker_parent']) retrieved from /Library/Frameworks/Python.framework/Versions/3.11/lib/python3.11/site-packages/airflow/example_dags/example_external_task_marker_dag.py
[2023-07-27T20:41:52.205+0200] {logging_mixin.py:150} INFO - [2023-07-27T20:41:52.205+0200] {dag.py:2742} INFO - Sync 2 DAGs
[2023-07-27T20:41:52.210+0200] {logging_mixin.py:150} INFO - [2023-07-27T20:41:52.210+0200] {dag.py:3504} INFO - Setting next_dagrun for example_external_task_marker_child to None, run_after=None
[2023-07-27T20:41:52.211+0200] {logging_mixin.py:150} INFO - [2023-07-27T20:41:52.211+0200] {dag.py:3504} INFO - Setting next_dagrun for example_external_task_marker_parent to None, run_after=None
[2023-07-27T20:41:52.216+0200] {processor.py:179} INFO - Processing /Library/Frameworks/Python.framework/Versions/3.11/lib/python3.11/site-packages/airflow/example_dags/example_external_task_marker_dag.py took 0.353 seconds
[2023-07-27T20:43:31.190+0200] {processor.py:157} INFO - Started process (PID=6090) to work on /Library/Frameworks/Python.framework/Versions/3.11/lib/python3.11/site-packages/airflow/example_dags/example_external_task_marker_dag.py
[2023-07-27T20:43:31.191+0200] {processor.py:826} INFO - Processing file /Library/Frameworks/Python.framework/Versions/3.11/lib/python3.11/site-packages/airflow/example_dags/example_external_task_marker_dag.py for tasks to queue
[2023-07-27T20:43:31.191+0200] {logging_mixin.py:150} INFO - [2023-07-27T20:43:31.191+0200] {dagbag.py:541} INFO - Filling up the DagBag from /Library/Frameworks/Python.framework/Versions/3.11/lib/python3.11/site-packages/airflow/example_dags/example_external_task_marker_dag.py
[2023-07-27T20:43:31.198+0200] {processor.py:836} INFO - DAG(s) dict_keys(['example_external_task_marker_child', 'example_external_task_marker_parent']) retrieved from /Library/Frameworks/Python.framework/Versions/3.11/lib/python3.11/site-packages/airflow/example_dags/example_external_task_marker_dag.py
[2023-07-27T20:43:31.530+0200] {logging_mixin.py:150} INFO - [2023-07-27T20:43:31.530+0200] {dag.py:2742} INFO - Sync 2 DAGs
[2023-07-27T20:43:31.535+0200] {logging_mixin.py:150} INFO - [2023-07-27T20:43:31.534+0200] {dag.py:3504} INFO - Setting next_dagrun for example_external_task_marker_child to None, run_after=None
[2023-07-27T20:43:31.535+0200] {logging_mixin.py:150} INFO - [2023-07-27T20:43:31.535+0200] {dag.py:3504} INFO - Setting next_dagrun for example_external_task_marker_parent to None, run_after=None
[2023-07-27T20:43:31.541+0200] {processor.py:179} INFO - Processing /Library/Frameworks/Python.framework/Versions/3.11/lib/python3.11/site-packages/airflow/example_dags/example_external_task_marker_dag.py took 0.351 seconds
[2023-07-27T20:45:07.202+0200] {processor.py:157} INFO - Started process (PID=6165) to work on /Library/Frameworks/Python.framework/Versions/3.11/lib/python3.11/site-packages/airflow/example_dags/example_external_task_marker_dag.py
[2023-07-27T20:45:07.204+0200] {processor.py:826} INFO - Processing file /Library/Frameworks/Python.framework/Versions/3.11/lib/python3.11/site-packages/airflow/example_dags/example_external_task_marker_dag.py for tasks to queue
[2023-07-27T20:45:07.204+0200] {logging_mixin.py:150} INFO - [2023-07-27T20:45:07.204+0200] {dagbag.py:541} INFO - Filling up the DagBag from /Library/Frameworks/Python.framework/Versions/3.11/lib/python3.11/site-packages/airflow/example_dags/example_external_task_marker_dag.py
[2023-07-27T20:45:07.211+0200] {processor.py:836} INFO - DAG(s) dict_keys(['example_external_task_marker_child', 'example_external_task_marker_parent']) retrieved from /Library/Frameworks/Python.framework/Versions/3.11/lib/python3.11/site-packages/airflow/example_dags/example_external_task_marker_dag.py
[2023-07-27T20:45:07.542+0200] {logging_mixin.py:150} INFO - [2023-07-27T20:45:07.542+0200] {dag.py:2742} INFO - Sync 2 DAGs
[2023-07-27T20:45:07.548+0200] {logging_mixin.py:150} INFO - [2023-07-27T20:45:07.548+0200] {dag.py:3504} INFO - Setting next_dagrun for example_external_task_marker_child to None, run_after=None
[2023-07-27T20:45:07.549+0200] {logging_mixin.py:150} INFO - [2023-07-27T20:45:07.549+0200] {dag.py:3504} INFO - Setting next_dagrun for example_external_task_marker_parent to None, run_after=None
[2023-07-27T20:45:07.555+0200] {processor.py:179} INFO - Processing /Library/Frameworks/Python.framework/Versions/3.11/lib/python3.11/site-packages/airflow/example_dags/example_external_task_marker_dag.py took 0.353 seconds
[2023-07-27T20:46:41.116+0200] {processor.py:157} INFO - Started process (PID=6250) to work on /Library/Frameworks/Python.framework/Versions/3.11/lib/python3.11/site-packages/airflow/example_dags/example_external_task_marker_dag.py
[2023-07-27T20:46:41.118+0200] {processor.py:826} INFO - Processing file /Library/Frameworks/Python.framework/Versions/3.11/lib/python3.11/site-packages/airflow/example_dags/example_external_task_marker_dag.py for tasks to queue
[2023-07-27T20:46:41.118+0200] {logging_mixin.py:150} INFO - [2023-07-27T20:46:41.118+0200] {dagbag.py:541} INFO - Filling up the DagBag from /Library/Frameworks/Python.framework/Versions/3.11/lib/python3.11/site-packages/airflow/example_dags/example_external_task_marker_dag.py
[2023-07-27T20:46:41.125+0200] {processor.py:836} INFO - DAG(s) dict_keys(['example_external_task_marker_child', 'example_external_task_marker_parent']) retrieved from /Library/Frameworks/Python.framework/Versions/3.11/lib/python3.11/site-packages/airflow/example_dags/example_external_task_marker_dag.py
[2023-07-27T20:46:41.486+0200] {logging_mixin.py:150} INFO - [2023-07-27T20:46:41.485+0200] {dag.py:2742} INFO - Sync 2 DAGs
[2023-07-27T20:46:41.491+0200] {logging_mixin.py:150} INFO - [2023-07-27T20:46:41.491+0200] {dag.py:3504} INFO - Setting next_dagrun for example_external_task_marker_child to None, run_after=None
[2023-07-27T20:46:41.492+0200] {logging_mixin.py:150} INFO - [2023-07-27T20:46:41.492+0200] {dag.py:3504} INFO - Setting next_dagrun for example_external_task_marker_parent to None, run_after=None
[2023-07-27T20:46:41.497+0200] {processor.py:179} INFO - Processing /Library/Frameworks/Python.framework/Versions/3.11/lib/python3.11/site-packages/airflow/example_dags/example_external_task_marker_dag.py took 0.381 seconds
[2023-07-27T20:48:19.194+0200] {processor.py:157} INFO - Started process (PID=6327) to work on /Library/Frameworks/Python.framework/Versions/3.11/lib/python3.11/site-packages/airflow/example_dags/example_external_task_marker_dag.py
[2023-07-27T20:48:19.196+0200] {processor.py:826} INFO - Processing file /Library/Frameworks/Python.framework/Versions/3.11/lib/python3.11/site-packages/airflow/example_dags/example_external_task_marker_dag.py for tasks to queue
[2023-07-27T20:48:19.196+0200] {logging_mixin.py:150} INFO - [2023-07-27T20:48:19.196+0200] {dagbag.py:541} INFO - Filling up the DagBag from /Library/Frameworks/Python.framework/Versions/3.11/lib/python3.11/site-packages/airflow/example_dags/example_external_task_marker_dag.py
[2023-07-27T20:48:19.202+0200] {processor.py:836} INFO - DAG(s) dict_keys(['example_external_task_marker_parent', 'example_external_task_marker_child']) retrieved from /Library/Frameworks/Python.framework/Versions/3.11/lib/python3.11/site-packages/airflow/example_dags/example_external_task_marker_dag.py
[2023-07-27T20:48:19.533+0200] {logging_mixin.py:150} INFO - [2023-07-27T20:48:19.533+0200] {dag.py:2742} INFO - Sync 2 DAGs
[2023-07-27T20:48:19.538+0200] {logging_mixin.py:150} INFO - [2023-07-27T20:48:19.538+0200] {dag.py:3504} INFO - Setting next_dagrun for example_external_task_marker_child to None, run_after=None
[2023-07-27T20:48:19.539+0200] {logging_mixin.py:150} INFO - [2023-07-27T20:48:19.538+0200] {dag.py:3504} INFO - Setting next_dagrun for example_external_task_marker_parent to None, run_after=None
[2023-07-27T20:48:19.544+0200] {processor.py:179} INFO - Processing /Library/Frameworks/Python.framework/Versions/3.11/lib/python3.11/site-packages/airflow/example_dags/example_external_task_marker_dag.py took 0.350 seconds
[2023-07-27T20:49:58.437+0200] {processor.py:157} INFO - Started process (PID=6504) to work on /Library/Frameworks/Python.framework/Versions/3.11/lib/python3.11/site-packages/airflow/example_dags/example_external_task_marker_dag.py
[2023-07-27T20:49:58.439+0200] {processor.py:826} INFO - Processing file /Library/Frameworks/Python.framework/Versions/3.11/lib/python3.11/site-packages/airflow/example_dags/example_external_task_marker_dag.py for tasks to queue
[2023-07-27T20:49:58.440+0200] {logging_mixin.py:150} INFO - [2023-07-27T20:49:58.440+0200] {dagbag.py:541} INFO - Filling up the DagBag from /Library/Frameworks/Python.framework/Versions/3.11/lib/python3.11/site-packages/airflow/example_dags/example_external_task_marker_dag.py
[2023-07-27T20:49:58.446+0200] {processor.py:836} INFO - DAG(s) dict_keys(['example_external_task_marker_child', 'example_external_task_marker_parent']) retrieved from /Library/Frameworks/Python.framework/Versions/3.11/lib/python3.11/site-packages/airflow/example_dags/example_external_task_marker_dag.py
[2023-07-27T20:49:58.782+0200] {logging_mixin.py:150} INFO - [2023-07-27T20:49:58.782+0200] {dag.py:2742} INFO - Sync 2 DAGs
[2023-07-27T20:49:58.787+0200] {logging_mixin.py:150} INFO - [2023-07-27T20:49:58.787+0200] {dag.py:3504} INFO - Setting next_dagrun for example_external_task_marker_child to None, run_after=None
[2023-07-27T20:49:58.788+0200] {logging_mixin.py:150} INFO - [2023-07-27T20:49:58.788+0200] {dag.py:3504} INFO - Setting next_dagrun for example_external_task_marker_parent to None, run_after=None
[2023-07-27T20:49:58.793+0200] {processor.py:179} INFO - Processing /Library/Frameworks/Python.framework/Versions/3.11/lib/python3.11/site-packages/airflow/example_dags/example_external_task_marker_dag.py took 0.355 seconds
