[2023-07-27T20:34:45.051+0200] {processor.py:157} INFO - Started process (PID=5698) to work on /Library/Frameworks/Python.framework/Versions/3.11/lib/python3.11/site-packages/airflow/example_dags/example_skip_dag.py
[2023-07-27T20:34:45.052+0200] {processor.py:826} INFO - Processing file /Library/Frameworks/Python.framework/Versions/3.11/lib/python3.11/site-packages/airflow/example_dags/example_skip_dag.py for tasks to queue
[2023-07-27T20:34:45.052+0200] {logging_mixin.py:150} INFO - [2023-07-27T20:34:45.052+0200] {dagbag.py:541} INFO - Filling up the DagBag from /Library/Frameworks/Python.framework/Versions/3.11/lib/python3.11/site-packages/airflow/example_dags/example_skip_dag.py
[2023-07-27T20:34:45.059+0200] {processor.py:836} INFO - DAG(s) dict_keys(['example_skip_dag']) retrieved from /Library/Frameworks/Python.framework/Versions/3.11/lib/python3.11/site-packages/airflow/example_dags/example_skip_dag.py
[2023-07-27T20:34:45.413+0200] {logging_mixin.py:150} INFO - [2023-07-27T20:34:45.413+0200] {manager.py:504} INFO - Created Permission View: can delete on DAG:example_skip_dag
[2023-07-27T20:34:45.416+0200] {logging_mixin.py:150} INFO - [2023-07-27T20:34:45.416+0200] {manager.py:504} INFO - Created Permission View: can read on DAG:example_skip_dag
[2023-07-27T20:34:45.418+0200] {logging_mixin.py:150} INFO - [2023-07-27T20:34:45.417+0200] {manager.py:504} INFO - Created Permission View: can edit on DAG:example_skip_dag
[2023-07-27T20:34:45.421+0200] {logging_mixin.py:150} INFO - [2023-07-27T20:34:45.420+0200] {dag.py:2742} INFO - Sync 1 DAGs
[2023-07-27T20:34:45.423+0200] {logging_mixin.py:150} INFO - [2023-07-27T20:34:45.423+0200] {dag.py:2763} INFO - Creating ORM DAG for example_skip_dag
[2023-07-27T20:34:45.425+0200] {logging_mixin.py:150} INFO - [2023-07-27T20:34:45.425+0200] {dag.py:3504} INFO - Setting next_dagrun for example_skip_dag to 2023-07-26T18:34:45.425592+00:00, run_after=2023-07-27T18:34:45.425592+00:00
[2023-07-27T20:34:45.430+0200] {processor.py:179} INFO - Processing /Library/Frameworks/Python.framework/Versions/3.11/lib/python3.11/site-packages/airflow/example_dags/example_skip_dag.py took 0.379 seconds
[2023-07-27T20:36:06.757+0200] {processor.py:157} INFO - Started process (PID=5762) to work on /Library/Frameworks/Python.framework/Versions/3.11/lib/python3.11/site-packages/airflow/example_dags/example_skip_dag.py
[2023-07-27T20:36:06.759+0200] {processor.py:826} INFO - Processing file /Library/Frameworks/Python.framework/Versions/3.11/lib/python3.11/site-packages/airflow/example_dags/example_skip_dag.py for tasks to queue
[2023-07-27T20:36:06.759+0200] {logging_mixin.py:150} INFO - [2023-07-27T20:36:06.759+0200] {dagbag.py:541} INFO - Filling up the DagBag from /Library/Frameworks/Python.framework/Versions/3.11/lib/python3.11/site-packages/airflow/example_dags/example_skip_dag.py
[2023-07-27T20:36:06.766+0200] {processor.py:836} INFO - DAG(s) dict_keys(['example_skip_dag']) retrieved from /Library/Frameworks/Python.framework/Versions/3.11/lib/python3.11/site-packages/airflow/example_dags/example_skip_dag.py
[2023-07-27T20:36:07.094+0200] {logging_mixin.py:150} INFO - [2023-07-27T20:36:07.093+0200] {dag.py:2742} INFO - Sync 1 DAGs
[2023-07-27T20:36:07.098+0200] {logging_mixin.py:150} INFO - [2023-07-27T20:36:07.098+0200] {dag.py:3504} INFO - Setting next_dagrun for example_skip_dag to 2023-07-26T18:36:07.098825+00:00, run_after=2023-07-27T18:36:07.098825+00:00
[2023-07-27T20:36:07.104+0200] {processor.py:179} INFO - Processing /Library/Frameworks/Python.framework/Versions/3.11/lib/python3.11/site-packages/airflow/example_dags/example_skip_dag.py took 0.347 seconds
[2023-07-27T20:37:45.809+0200] {processor.py:157} INFO - Started process (PID=5829) to work on /Library/Frameworks/Python.framework/Versions/3.11/lib/python3.11/site-packages/airflow/example_dags/example_skip_dag.py
[2023-07-27T20:37:45.811+0200] {processor.py:826} INFO - Processing file /Library/Frameworks/Python.framework/Versions/3.11/lib/python3.11/site-packages/airflow/example_dags/example_skip_dag.py for tasks to queue
[2023-07-27T20:37:45.811+0200] {logging_mixin.py:150} INFO - [2023-07-27T20:37:45.811+0200] {dagbag.py:541} INFO - Filling up the DagBag from /Library/Frameworks/Python.framework/Versions/3.11/lib/python3.11/site-packages/airflow/example_dags/example_skip_dag.py
[2023-07-27T20:37:45.818+0200] {processor.py:836} INFO - DAG(s) dict_keys(['example_skip_dag']) retrieved from /Library/Frameworks/Python.framework/Versions/3.11/lib/python3.11/site-packages/airflow/example_dags/example_skip_dag.py
[2023-07-27T20:37:46.143+0200] {logging_mixin.py:150} INFO - [2023-07-27T20:37:46.143+0200] {dag.py:2742} INFO - Sync 1 DAGs
[2023-07-27T20:37:46.148+0200] {logging_mixin.py:150} INFO - [2023-07-27T20:37:46.147+0200] {dag.py:3504} INFO - Setting next_dagrun for example_skip_dag to 2023-07-26T18:37:46.147921+00:00, run_after=2023-07-27T18:37:46.147921+00:00
[2023-07-27T20:37:46.153+0200] {processor.py:179} INFO - Processing /Library/Frameworks/Python.framework/Versions/3.11/lib/python3.11/site-packages/airflow/example_dags/example_skip_dag.py took 0.344 seconds
[2023-07-27T20:39:23.090+0200] {processor.py:157} INFO - Started process (PID=5907) to work on /Library/Frameworks/Python.framework/Versions/3.11/lib/python3.11/site-packages/airflow/example_dags/example_skip_dag.py
[2023-07-27T20:39:23.091+0200] {processor.py:826} INFO - Processing file /Library/Frameworks/Python.framework/Versions/3.11/lib/python3.11/site-packages/airflow/example_dags/example_skip_dag.py for tasks to queue
[2023-07-27T20:39:23.091+0200] {logging_mixin.py:150} INFO - [2023-07-27T20:39:23.091+0200] {dagbag.py:541} INFO - Filling up the DagBag from /Library/Frameworks/Python.framework/Versions/3.11/lib/python3.11/site-packages/airflow/example_dags/example_skip_dag.py
[2023-07-27T20:39:23.097+0200] {processor.py:836} INFO - DAG(s) dict_keys(['example_skip_dag']) retrieved from /Library/Frameworks/Python.framework/Versions/3.11/lib/python3.11/site-packages/airflow/example_dags/example_skip_dag.py
[2023-07-27T20:39:23.427+0200] {logging_mixin.py:150} INFO - [2023-07-27T20:39:23.427+0200] {dag.py:2742} INFO - Sync 1 DAGs
[2023-07-27T20:39:23.432+0200] {logging_mixin.py:150} INFO - [2023-07-27T20:39:23.432+0200] {dag.py:3504} INFO - Setting next_dagrun for example_skip_dag to 2023-07-26T18:39:23.432562+00:00, run_after=2023-07-27T18:39:23.432562+00:00
[2023-07-27T20:39:23.438+0200] {processor.py:179} INFO - Processing /Library/Frameworks/Python.framework/Versions/3.11/lib/python3.11/site-packages/airflow/example_dags/example_skip_dag.py took 0.349 seconds
[2023-07-27T20:41:05.114+0200] {processor.py:157} INFO - Started process (PID=5976) to work on /Library/Frameworks/Python.framework/Versions/3.11/lib/python3.11/site-packages/airflow/example_dags/example_skip_dag.py
[2023-07-27T20:41:05.115+0200] {processor.py:826} INFO - Processing file /Library/Frameworks/Python.framework/Versions/3.11/lib/python3.11/site-packages/airflow/example_dags/example_skip_dag.py for tasks to queue
[2023-07-27T20:41:05.116+0200] {logging_mixin.py:150} INFO - [2023-07-27T20:41:05.116+0200] {dagbag.py:541} INFO - Filling up the DagBag from /Library/Frameworks/Python.framework/Versions/3.11/lib/python3.11/site-packages/airflow/example_dags/example_skip_dag.py
[2023-07-27T20:41:05.122+0200] {processor.py:836} INFO - DAG(s) dict_keys(['example_skip_dag']) retrieved from /Library/Frameworks/Python.framework/Versions/3.11/lib/python3.11/site-packages/airflow/example_dags/example_skip_dag.py
[2023-07-27T20:41:05.452+0200] {logging_mixin.py:150} INFO - [2023-07-27T20:41:05.452+0200] {dag.py:2742} INFO - Sync 1 DAGs
[2023-07-27T20:41:05.457+0200] {logging_mixin.py:150} INFO - [2023-07-27T20:41:05.457+0200] {dag.py:3504} INFO - Setting next_dagrun for example_skip_dag to 2023-07-26T18:41:05.457225+00:00, run_after=2023-07-27T18:41:05.457225+00:00
[2023-07-27T20:41:05.463+0200] {processor.py:179} INFO - Processing /Library/Frameworks/Python.framework/Versions/3.11/lib/python3.11/site-packages/airflow/example_dags/example_skip_dag.py took 0.349 seconds
[2023-07-27T20:42:43.995+0200] {processor.py:157} INFO - Started process (PID=6051) to work on /Library/Frameworks/Python.framework/Versions/3.11/lib/python3.11/site-packages/airflow/example_dags/example_skip_dag.py
[2023-07-27T20:42:43.996+0200] {processor.py:826} INFO - Processing file /Library/Frameworks/Python.framework/Versions/3.11/lib/python3.11/site-packages/airflow/example_dags/example_skip_dag.py for tasks to queue
[2023-07-27T20:42:43.996+0200] {logging_mixin.py:150} INFO - [2023-07-27T20:42:43.996+0200] {dagbag.py:541} INFO - Filling up the DagBag from /Library/Frameworks/Python.framework/Versions/3.11/lib/python3.11/site-packages/airflow/example_dags/example_skip_dag.py
[2023-07-27T20:42:44.003+0200] {processor.py:836} INFO - DAG(s) dict_keys(['example_skip_dag']) retrieved from /Library/Frameworks/Python.framework/Versions/3.11/lib/python3.11/site-packages/airflow/example_dags/example_skip_dag.py
[2023-07-27T20:42:44.340+0200] {logging_mixin.py:150} INFO - [2023-07-27T20:42:44.340+0200] {dag.py:2742} INFO - Sync 1 DAGs
[2023-07-27T20:42:44.345+0200] {logging_mixin.py:150} INFO - [2023-07-27T20:42:44.345+0200] {dag.py:3504} INFO - Setting next_dagrun for example_skip_dag to 2023-07-26T18:42:44.345410+00:00, run_after=2023-07-27T18:42:44.345410+00:00
[2023-07-27T20:42:44.351+0200] {processor.py:179} INFO - Processing /Library/Frameworks/Python.framework/Versions/3.11/lib/python3.11/site-packages/airflow/example_dags/example_skip_dag.py took 0.356 seconds
[2023-07-27T20:44:19.229+0200] {processor.py:157} INFO - Started process (PID=6132) to work on /Library/Frameworks/Python.framework/Versions/3.11/lib/python3.11/site-packages/airflow/example_dags/example_skip_dag.py
[2023-07-27T20:44:19.230+0200] {processor.py:826} INFO - Processing file /Library/Frameworks/Python.framework/Versions/3.11/lib/python3.11/site-packages/airflow/example_dags/example_skip_dag.py for tasks to queue
[2023-07-27T20:44:19.230+0200] {logging_mixin.py:150} INFO - [2023-07-27T20:44:19.230+0200] {dagbag.py:541} INFO - Filling up the DagBag from /Library/Frameworks/Python.framework/Versions/3.11/lib/python3.11/site-packages/airflow/example_dags/example_skip_dag.py
[2023-07-27T20:44:19.236+0200] {processor.py:836} INFO - DAG(s) dict_keys(['example_skip_dag']) retrieved from /Library/Frameworks/Python.framework/Versions/3.11/lib/python3.11/site-packages/airflow/example_dags/example_skip_dag.py
[2023-07-27T20:44:19.587+0200] {logging_mixin.py:150} INFO - [2023-07-27T20:44:19.587+0200] {dag.py:2742} INFO - Sync 1 DAGs
[2023-07-27T20:44:19.593+0200] {logging_mixin.py:150} INFO - [2023-07-27T20:44:19.593+0200] {dag.py:3504} INFO - Setting next_dagrun for example_skip_dag to 2023-07-26T18:44:19.593266+00:00, run_after=2023-07-27T18:44:19.593266+00:00
[2023-07-27T20:44:19.599+0200] {processor.py:179} INFO - Processing /Library/Frameworks/Python.framework/Versions/3.11/lib/python3.11/site-packages/airflow/example_dags/example_skip_dag.py took 0.371 seconds
[2023-07-27T20:45:54.377+0200] {processor.py:157} INFO - Started process (PID=6208) to work on /Library/Frameworks/Python.framework/Versions/3.11/lib/python3.11/site-packages/airflow/example_dags/example_skip_dag.py
[2023-07-27T20:45:54.378+0200] {processor.py:826} INFO - Processing file /Library/Frameworks/Python.framework/Versions/3.11/lib/python3.11/site-packages/airflow/example_dags/example_skip_dag.py for tasks to queue
[2023-07-27T20:45:54.378+0200] {logging_mixin.py:150} INFO - [2023-07-27T20:45:54.378+0200] {dagbag.py:541} INFO - Filling up the DagBag from /Library/Frameworks/Python.framework/Versions/3.11/lib/python3.11/site-packages/airflow/example_dags/example_skip_dag.py
[2023-07-27T20:45:54.385+0200] {processor.py:836} INFO - DAG(s) dict_keys(['example_skip_dag']) retrieved from /Library/Frameworks/Python.framework/Versions/3.11/lib/python3.11/site-packages/airflow/example_dags/example_skip_dag.py
[2023-07-27T20:45:54.732+0200] {logging_mixin.py:150} INFO - [2023-07-27T20:45:54.732+0200] {dag.py:2742} INFO - Sync 1 DAGs
[2023-07-27T20:45:54.737+0200] {logging_mixin.py:150} INFO - [2023-07-27T20:45:54.737+0200] {dag.py:3504} INFO - Setting next_dagrun for example_skip_dag to 2023-07-26T18:45:54.737340+00:00, run_after=2023-07-27T18:45:54.737340+00:00
[2023-07-27T20:45:54.743+0200] {processor.py:179} INFO - Processing /Library/Frameworks/Python.framework/Versions/3.11/lib/python3.11/site-packages/airflow/example_dags/example_skip_dag.py took 0.366 seconds
[2023-07-27T20:47:30.829+0200] {processor.py:157} INFO - Started process (PID=6288) to work on /Library/Frameworks/Python.framework/Versions/3.11/lib/python3.11/site-packages/airflow/example_dags/example_skip_dag.py
[2023-07-27T20:47:30.831+0200] {processor.py:826} INFO - Processing file /Library/Frameworks/Python.framework/Versions/3.11/lib/python3.11/site-packages/airflow/example_dags/example_skip_dag.py for tasks to queue
[2023-07-27T20:47:30.832+0200] {logging_mixin.py:150} INFO - [2023-07-27T20:47:30.832+0200] {dagbag.py:541} INFO - Filling up the DagBag from /Library/Frameworks/Python.framework/Versions/3.11/lib/python3.11/site-packages/airflow/example_dags/example_skip_dag.py
[2023-07-27T20:47:30.838+0200] {processor.py:836} INFO - DAG(s) dict_keys(['example_skip_dag']) retrieved from /Library/Frameworks/Python.framework/Versions/3.11/lib/python3.11/site-packages/airflow/example_dags/example_skip_dag.py
[2023-07-27T20:47:31.168+0200] {logging_mixin.py:150} INFO - [2023-07-27T20:47:31.168+0200] {dag.py:2742} INFO - Sync 1 DAGs
[2023-07-27T20:47:31.173+0200] {logging_mixin.py:150} INFO - [2023-07-27T20:47:31.173+0200] {dag.py:3504} INFO - Setting next_dagrun for example_skip_dag to 2023-07-26T18:47:31.173605+00:00, run_after=2023-07-27T18:47:31.173605+00:00
[2023-07-27T20:47:31.179+0200] {processor.py:179} INFO - Processing /Library/Frameworks/Python.framework/Versions/3.11/lib/python3.11/site-packages/airflow/example_dags/example_skip_dag.py took 0.350 seconds
[2023-07-27T20:49:09.033+0200] {processor.py:157} INFO - Started process (PID=6357) to work on /Library/Frameworks/Python.framework/Versions/3.11/lib/python3.11/site-packages/airflow/example_dags/example_skip_dag.py
[2023-07-27T20:49:09.035+0200] {processor.py:826} INFO - Processing file /Library/Frameworks/Python.framework/Versions/3.11/lib/python3.11/site-packages/airflow/example_dags/example_skip_dag.py for tasks to queue
[2023-07-27T20:49:09.035+0200] {logging_mixin.py:150} INFO - [2023-07-27T20:49:09.035+0200] {dagbag.py:541} INFO - Filling up the DagBag from /Library/Frameworks/Python.framework/Versions/3.11/lib/python3.11/site-packages/airflow/example_dags/example_skip_dag.py
[2023-07-27T20:49:09.041+0200] {processor.py:836} INFO - DAG(s) dict_keys(['example_skip_dag']) retrieved from /Library/Frameworks/Python.framework/Versions/3.11/lib/python3.11/site-packages/airflow/example_dags/example_skip_dag.py
[2023-07-27T20:49:09.364+0200] {logging_mixin.py:150} INFO - [2023-07-27T20:49:09.364+0200] {dag.py:2742} INFO - Sync 1 DAGs
[2023-07-27T20:49:09.369+0200] {logging_mixin.py:150} INFO - [2023-07-27T20:49:09.369+0200] {dag.py:3504} INFO - Setting next_dagrun for example_skip_dag to 2023-07-26T18:49:09.368958+00:00, run_after=2023-07-27T18:49:09.368958+00:00
[2023-07-27T20:49:09.374+0200] {processor.py:179} INFO - Processing /Library/Frameworks/Python.framework/Versions/3.11/lib/python3.11/site-packages/airflow/example_dags/example_skip_dag.py took 0.341 seconds
[2023-07-27T22:51:12.642+0200] {processor.py:157} INFO - Started process (PID=8842) to work on /Library/Frameworks/Python.framework/Versions/3.11/lib/python3.11/site-packages/airflow/example_dags/example_skip_dag.py
[2023-07-27T22:51:12.644+0200] {processor.py:826} INFO - Processing file /Library/Frameworks/Python.framework/Versions/3.11/lib/python3.11/site-packages/airflow/example_dags/example_skip_dag.py for tasks to queue
[2023-07-27T22:51:12.644+0200] {logging_mixin.py:150} INFO - [2023-07-27T22:51:12.644+0200] {dagbag.py:541} INFO - Filling up the DagBag from /Library/Frameworks/Python.framework/Versions/3.11/lib/python3.11/site-packages/airflow/example_dags/example_skip_dag.py
[2023-07-27T22:51:12.664+0200] {processor.py:836} INFO - DAG(s) dict_keys(['example_skip_dag']) retrieved from /Library/Frameworks/Python.framework/Versions/3.11/lib/python3.11/site-packages/airflow/example_dags/example_skip_dag.py
[2023-07-27T22:51:13.078+0200] {logging_mixin.py:150} INFO - [2023-07-27T22:51:13.078+0200] {manager.py:504} INFO - Created Permission View: can delete on DAG:example_skip_dag
[2023-07-27T22:51:13.087+0200] {logging_mixin.py:150} INFO - [2023-07-27T22:51:13.087+0200] {manager.py:504} INFO - Created Permission View: can edit on DAG:example_skip_dag
[2023-07-27T22:51:13.094+0200] {logging_mixin.py:150} INFO - [2023-07-27T22:51:13.094+0200] {manager.py:504} INFO - Created Permission View: can read on DAG:example_skip_dag
[2023-07-27T22:51:13.104+0200] {logging_mixin.py:150} INFO - [2023-07-27T22:51:13.104+0200] {dag.py:2742} INFO - Sync 1 DAGs
[2023-07-27T22:51:13.109+0200] {logging_mixin.py:150} INFO - [2023-07-27T22:51:13.109+0200] {dag.py:2763} INFO - Creating ORM DAG for example_skip_dag
[2023-07-27T22:51:13.115+0200] {logging_mixin.py:150} INFO - [2023-07-27T22:51:13.115+0200] {dag.py:3504} INFO - Setting next_dagrun for example_skip_dag to 2023-07-26T20:51:13.115300+00:00, run_after=2023-07-27T20:51:13.115300+00:00
[2023-07-27T22:51:13.129+0200] {processor.py:179} INFO - Processing /Library/Frameworks/Python.framework/Versions/3.11/lib/python3.11/site-packages/airflow/example_dags/example_skip_dag.py took 0.487 seconds
