[2023-07-27T20:35:08.583+0200] {processor.py:157} INFO - Started process (PID=5718) to work on /Library/Frameworks/Python.framework/Versions/3.11/lib/python3.11/site-packages/airflow/example_dags/example_latest_only_with_trigger.py
[2023-07-27T20:35:08.584+0200] {processor.py:826} INFO - Processing file /Library/Frameworks/Python.framework/Versions/3.11/lib/python3.11/site-packages/airflow/example_dags/example_latest_only_with_trigger.py for tasks to queue
[2023-07-27T20:35:08.584+0200] {logging_mixin.py:150} INFO - [2023-07-27T20:35:08.584+0200] {dagbag.py:541} INFO - Filling up the DagBag from /Library/Frameworks/Python.framework/Versions/3.11/lib/python3.11/site-packages/airflow/example_dags/example_latest_only_with_trigger.py
[2023-07-27T20:35:08.591+0200] {processor.py:836} INFO - DAG(s) dict_keys(['latest_only_with_trigger']) retrieved from /Library/Frameworks/Python.framework/Versions/3.11/lib/python3.11/site-packages/airflow/example_dags/example_latest_only_with_trigger.py
[2023-07-27T20:35:08.954+0200] {logging_mixin.py:150} INFO - [2023-07-27T20:35:08.954+0200] {manager.py:504} INFO - Created Permission View: can read on DAG:latest_only_with_trigger
[2023-07-27T20:35:08.957+0200] {logging_mixin.py:150} INFO - [2023-07-27T20:35:08.957+0200] {manager.py:504} INFO - Created Permission View: can edit on DAG:latest_only_with_trigger
[2023-07-27T20:35:08.958+0200] {logging_mixin.py:150} INFO - [2023-07-27T20:35:08.958+0200] {manager.py:504} INFO - Created Permission View: can delete on DAG:latest_only_with_trigger
[2023-07-27T20:35:08.961+0200] {logging_mixin.py:150} INFO - [2023-07-27T20:35:08.961+0200] {dag.py:2742} INFO - Sync 1 DAGs
[2023-07-27T20:35:08.964+0200] {logging_mixin.py:150} INFO - [2023-07-27T20:35:08.963+0200] {dag.py:2763} INFO - Creating ORM DAG for latest_only_with_trigger
[2023-07-27T20:35:08.966+0200] {logging_mixin.py:150} INFO - [2023-07-27T20:35:08.966+0200] {dag.py:3504} INFO - Setting next_dagrun for latest_only_with_trigger to 2023-07-27T14:35:08.966129+00:00, run_after=2023-07-27T18:35:08.966129+00:00
[2023-07-27T20:35:08.970+0200] {processor.py:179} INFO - Processing /Library/Frameworks/Python.framework/Versions/3.11/lib/python3.11/site-packages/airflow/example_dags/example_latest_only_with_trigger.py took 0.388 seconds
[2023-07-27T20:36:47.776+0200] {processor.py:157} INFO - Started process (PID=5789) to work on /Library/Frameworks/Python.framework/Versions/3.11/lib/python3.11/site-packages/airflow/example_dags/example_latest_only_with_trigger.py
[2023-07-27T20:36:47.778+0200] {processor.py:826} INFO - Processing file /Library/Frameworks/Python.framework/Versions/3.11/lib/python3.11/site-packages/airflow/example_dags/example_latest_only_with_trigger.py for tasks to queue
[2023-07-27T20:36:47.778+0200] {logging_mixin.py:150} INFO - [2023-07-27T20:36:47.778+0200] {dagbag.py:541} INFO - Filling up the DagBag from /Library/Frameworks/Python.framework/Versions/3.11/lib/python3.11/site-packages/airflow/example_dags/example_latest_only_with_trigger.py
[2023-07-27T20:36:47.785+0200] {processor.py:836} INFO - DAG(s) dict_keys(['latest_only_with_trigger']) retrieved from /Library/Frameworks/Python.framework/Versions/3.11/lib/python3.11/site-packages/airflow/example_dags/example_latest_only_with_trigger.py
[2023-07-27T20:36:48.117+0200] {logging_mixin.py:150} INFO - [2023-07-27T20:36:48.117+0200] {dag.py:2742} INFO - Sync 1 DAGs
[2023-07-27T20:36:48.122+0200] {logging_mixin.py:150} INFO - [2023-07-27T20:36:48.122+0200] {dag.py:3504} INFO - Setting next_dagrun for latest_only_with_trigger to 2023-07-27T14:36:48.122618+00:00, run_after=2023-07-27T18:36:48.122618+00:00
[2023-07-27T20:36:48.128+0200] {processor.py:179} INFO - Processing /Library/Frameworks/Python.framework/Versions/3.11/lib/python3.11/site-packages/airflow/example_dags/example_latest_only_with_trigger.py took 0.352 seconds
[2023-07-27T20:38:29.530+0200] {processor.py:157} INFO - Started process (PID=5863) to work on /Library/Frameworks/Python.framework/Versions/3.11/lib/python3.11/site-packages/airflow/example_dags/example_latest_only_with_trigger.py
[2023-07-27T20:38:29.533+0200] {processor.py:826} INFO - Processing file /Library/Frameworks/Python.framework/Versions/3.11/lib/python3.11/site-packages/airflow/example_dags/example_latest_only_with_trigger.py for tasks to queue
[2023-07-27T20:38:29.533+0200] {logging_mixin.py:150} INFO - [2023-07-27T20:38:29.533+0200] {dagbag.py:541} INFO - Filling up the DagBag from /Library/Frameworks/Python.framework/Versions/3.11/lib/python3.11/site-packages/airflow/example_dags/example_latest_only_with_trigger.py
[2023-07-27T20:38:29.539+0200] {processor.py:836} INFO - DAG(s) dict_keys(['latest_only_with_trigger']) retrieved from /Library/Frameworks/Python.framework/Versions/3.11/lib/python3.11/site-packages/airflow/example_dags/example_latest_only_with_trigger.py
[2023-07-27T20:38:29.866+0200] {logging_mixin.py:150} INFO - [2023-07-27T20:38:29.866+0200] {dag.py:2742} INFO - Sync 1 DAGs
[2023-07-27T20:38:29.871+0200] {logging_mixin.py:150} INFO - [2023-07-27T20:38:29.871+0200] {dag.py:3504} INFO - Setting next_dagrun for latest_only_with_trigger to 2023-07-27T14:38:29.871568+00:00, run_after=2023-07-27T18:38:29.871568+00:00
[2023-07-27T20:38:29.877+0200] {processor.py:179} INFO - Processing /Library/Frameworks/Python.framework/Versions/3.11/lib/python3.11/site-packages/airflow/example_dags/example_latest_only_with_trigger.py took 0.346 seconds
[2023-07-27T20:40:07.711+0200] {processor.py:157} INFO - Started process (PID=5932) to work on /Library/Frameworks/Python.framework/Versions/3.11/lib/python3.11/site-packages/airflow/example_dags/example_latest_only_with_trigger.py
[2023-07-27T20:40:07.713+0200] {processor.py:826} INFO - Processing file /Library/Frameworks/Python.framework/Versions/3.11/lib/python3.11/site-packages/airflow/example_dags/example_latest_only_with_trigger.py for tasks to queue
[2023-07-27T20:40:07.713+0200] {logging_mixin.py:150} INFO - [2023-07-27T20:40:07.713+0200] {dagbag.py:541} INFO - Filling up the DagBag from /Library/Frameworks/Python.framework/Versions/3.11/lib/python3.11/site-packages/airflow/example_dags/example_latest_only_with_trigger.py
[2023-07-27T20:40:07.719+0200] {processor.py:836} INFO - DAG(s) dict_keys(['latest_only_with_trigger']) retrieved from /Library/Frameworks/Python.framework/Versions/3.11/lib/python3.11/site-packages/airflow/example_dags/example_latest_only_with_trigger.py
[2023-07-27T20:40:08.055+0200] {logging_mixin.py:150} INFO - [2023-07-27T20:40:08.055+0200] {dag.py:2742} INFO - Sync 1 DAGs
[2023-07-27T20:40:08.060+0200] {logging_mixin.py:150} INFO - [2023-07-27T20:40:08.060+0200] {dag.py:3504} INFO - Setting next_dagrun for latest_only_with_trigger to 2023-07-27T14:40:08.060239+00:00, run_after=2023-07-27T18:40:08.060239+00:00
[2023-07-27T20:40:08.066+0200] {processor.py:179} INFO - Processing /Library/Frameworks/Python.framework/Versions/3.11/lib/python3.11/site-packages/airflow/example_dags/example_latest_only_with_trigger.py took 0.355 seconds
[2023-07-27T20:41:47.311+0200] {processor.py:157} INFO - Started process (PID=6015) to work on /Library/Frameworks/Python.framework/Versions/3.11/lib/python3.11/site-packages/airflow/example_dags/example_latest_only_with_trigger.py
[2023-07-27T20:41:47.312+0200] {processor.py:826} INFO - Processing file /Library/Frameworks/Python.framework/Versions/3.11/lib/python3.11/site-packages/airflow/example_dags/example_latest_only_with_trigger.py for tasks to queue
[2023-07-27T20:41:47.312+0200] {logging_mixin.py:150} INFO - [2023-07-27T20:41:47.312+0200] {dagbag.py:541} INFO - Filling up the DagBag from /Library/Frameworks/Python.framework/Versions/3.11/lib/python3.11/site-packages/airflow/example_dags/example_latest_only_with_trigger.py
[2023-07-27T20:41:47.319+0200] {processor.py:836} INFO - DAG(s) dict_keys(['latest_only_with_trigger']) retrieved from /Library/Frameworks/Python.framework/Versions/3.11/lib/python3.11/site-packages/airflow/example_dags/example_latest_only_with_trigger.py
[2023-07-27T20:41:47.653+0200] {logging_mixin.py:150} INFO - [2023-07-27T20:41:47.653+0200] {dag.py:2742} INFO - Sync 1 DAGs
[2023-07-27T20:41:47.658+0200] {logging_mixin.py:150} INFO - [2023-07-27T20:41:47.658+0200] {dag.py:3504} INFO - Setting next_dagrun for latest_only_with_trigger to 2023-07-27T14:41:47.658214+00:00, run_after=2023-07-27T18:41:47.658214+00:00
[2023-07-27T20:41:47.664+0200] {processor.py:179} INFO - Processing /Library/Frameworks/Python.framework/Versions/3.11/lib/python3.11/site-packages/airflow/example_dags/example_latest_only_with_trigger.py took 0.353 seconds
[2023-07-27T20:43:26.219+0200] {processor.py:157} INFO - Started process (PID=6087) to work on /Library/Frameworks/Python.framework/Versions/3.11/lib/python3.11/site-packages/airflow/example_dags/example_latest_only_with_trigger.py
[2023-07-27T20:43:26.220+0200] {processor.py:826} INFO - Processing file /Library/Frameworks/Python.framework/Versions/3.11/lib/python3.11/site-packages/airflow/example_dags/example_latest_only_with_trigger.py for tasks to queue
[2023-07-27T20:43:26.220+0200] {logging_mixin.py:150} INFO - [2023-07-27T20:43:26.220+0200] {dagbag.py:541} INFO - Filling up the DagBag from /Library/Frameworks/Python.framework/Versions/3.11/lib/python3.11/site-packages/airflow/example_dags/example_latest_only_with_trigger.py
[2023-07-27T20:43:26.227+0200] {processor.py:836} INFO - DAG(s) dict_keys(['latest_only_with_trigger']) retrieved from /Library/Frameworks/Python.framework/Versions/3.11/lib/python3.11/site-packages/airflow/example_dags/example_latest_only_with_trigger.py
[2023-07-27T20:43:26.556+0200] {logging_mixin.py:150} INFO - [2023-07-27T20:43:26.556+0200] {dag.py:2742} INFO - Sync 1 DAGs
[2023-07-27T20:43:26.561+0200] {logging_mixin.py:150} INFO - [2023-07-27T20:43:26.561+0200] {dag.py:3504} INFO - Setting next_dagrun for latest_only_with_trigger to 2023-07-27T14:43:26.561483+00:00, run_after=2023-07-27T18:43:26.561483+00:00
[2023-07-27T20:43:26.567+0200] {processor.py:179} INFO - Processing /Library/Frameworks/Python.framework/Versions/3.11/lib/python3.11/site-packages/airflow/example_dags/example_latest_only_with_trigger.py took 0.348 seconds
[2023-07-27T20:45:01.765+0200] {processor.py:157} INFO - Started process (PID=6162) to work on /Library/Frameworks/Python.framework/Versions/3.11/lib/python3.11/site-packages/airflow/example_dags/example_latest_only_with_trigger.py
[2023-07-27T20:45:01.767+0200] {processor.py:826} INFO - Processing file /Library/Frameworks/Python.framework/Versions/3.11/lib/python3.11/site-packages/airflow/example_dags/example_latest_only_with_trigger.py for tasks to queue
[2023-07-27T20:45:01.768+0200] {logging_mixin.py:150} INFO - [2023-07-27T20:45:01.768+0200] {dagbag.py:541} INFO - Filling up the DagBag from /Library/Frameworks/Python.framework/Versions/3.11/lib/python3.11/site-packages/airflow/example_dags/example_latest_only_with_trigger.py
[2023-07-27T20:45:01.774+0200] {processor.py:836} INFO - DAG(s) dict_keys(['latest_only_with_trigger']) retrieved from /Library/Frameworks/Python.framework/Versions/3.11/lib/python3.11/site-packages/airflow/example_dags/example_latest_only_with_trigger.py
[2023-07-27T20:45:02.106+0200] {logging_mixin.py:150} INFO - [2023-07-27T20:45:02.106+0200] {dag.py:2742} INFO - Sync 1 DAGs
[2023-07-27T20:45:02.111+0200] {logging_mixin.py:150} INFO - [2023-07-27T20:45:02.111+0200] {dag.py:3504} INFO - Setting next_dagrun for latest_only_with_trigger to 2023-07-27T14:45:02.111269+00:00, run_after=2023-07-27T18:45:02.111269+00:00
[2023-07-27T20:45:02.117+0200] {processor.py:179} INFO - Processing /Library/Frameworks/Python.framework/Versions/3.11/lib/python3.11/site-packages/airflow/example_dags/example_latest_only_with_trigger.py took 0.352 seconds
[2023-07-27T20:46:36.084+0200] {processor.py:157} INFO - Started process (PID=6246) to work on /Library/Frameworks/Python.framework/Versions/3.11/lib/python3.11/site-packages/airflow/example_dags/example_latest_only_with_trigger.py
[2023-07-27T20:46:36.086+0200] {processor.py:826} INFO - Processing file /Library/Frameworks/Python.framework/Versions/3.11/lib/python3.11/site-packages/airflow/example_dags/example_latest_only_with_trigger.py for tasks to queue
[2023-07-27T20:46:36.086+0200] {logging_mixin.py:150} INFO - [2023-07-27T20:46:36.086+0200] {dagbag.py:541} INFO - Filling up the DagBag from /Library/Frameworks/Python.framework/Versions/3.11/lib/python3.11/site-packages/airflow/example_dags/example_latest_only_with_trigger.py
[2023-07-27T20:46:36.093+0200] {processor.py:836} INFO - DAG(s) dict_keys(['latest_only_with_trigger']) retrieved from /Library/Frameworks/Python.framework/Versions/3.11/lib/python3.11/site-packages/airflow/example_dags/example_latest_only_with_trigger.py
[2023-07-27T20:46:36.447+0200] {logging_mixin.py:150} INFO - [2023-07-27T20:46:36.447+0200] {dag.py:2742} INFO - Sync 1 DAGs
[2023-07-27T20:46:36.452+0200] {logging_mixin.py:150} INFO - [2023-07-27T20:46:36.452+0200] {dag.py:3504} INFO - Setting next_dagrun for latest_only_with_trigger to 2023-07-27T14:46:36.452286+00:00, run_after=2023-07-27T18:46:36.452286+00:00
[2023-07-27T20:46:36.458+0200] {processor.py:179} INFO - Processing /Library/Frameworks/Python.framework/Versions/3.11/lib/python3.11/site-packages/airflow/example_dags/example_latest_only_with_trigger.py took 0.374 seconds
[2023-07-27T20:48:14.477+0200] {processor.py:157} INFO - Started process (PID=6323) to work on /Library/Frameworks/Python.framework/Versions/3.11/lib/python3.11/site-packages/airflow/example_dags/example_latest_only_with_trigger.py
[2023-07-27T20:48:14.478+0200] {processor.py:826} INFO - Processing file /Library/Frameworks/Python.framework/Versions/3.11/lib/python3.11/site-packages/airflow/example_dags/example_latest_only_with_trigger.py for tasks to queue
[2023-07-27T20:48:14.478+0200] {logging_mixin.py:150} INFO - [2023-07-27T20:48:14.478+0200] {dagbag.py:541} INFO - Filling up the DagBag from /Library/Frameworks/Python.framework/Versions/3.11/lib/python3.11/site-packages/airflow/example_dags/example_latest_only_with_trigger.py
[2023-07-27T20:48:14.484+0200] {processor.py:836} INFO - DAG(s) dict_keys(['latest_only_with_trigger']) retrieved from /Library/Frameworks/Python.framework/Versions/3.11/lib/python3.11/site-packages/airflow/example_dags/example_latest_only_with_trigger.py
[2023-07-27T20:48:14.809+0200] {logging_mixin.py:150} INFO - [2023-07-27T20:48:14.809+0200] {dag.py:2742} INFO - Sync 1 DAGs
[2023-07-27T20:48:14.814+0200] {logging_mixin.py:150} INFO - [2023-07-27T20:48:14.814+0200] {dag.py:3504} INFO - Setting next_dagrun for latest_only_with_trigger to 2023-07-27T14:48:14.814352+00:00, run_after=2023-07-27T18:48:14.814352+00:00
[2023-07-27T20:48:14.820+0200] {processor.py:179} INFO - Processing /Library/Frameworks/Python.framework/Versions/3.11/lib/python3.11/site-packages/airflow/example_dags/example_latest_only_with_trigger.py took 0.343 seconds
[2023-07-27T20:49:53.193+0200] {processor.py:157} INFO - Started process (PID=6501) to work on /Library/Frameworks/Python.framework/Versions/3.11/lib/python3.11/site-packages/airflow/example_dags/example_latest_only_with_trigger.py
[2023-07-27T20:49:53.195+0200] {processor.py:826} INFO - Processing file /Library/Frameworks/Python.framework/Versions/3.11/lib/python3.11/site-packages/airflow/example_dags/example_latest_only_with_trigger.py for tasks to queue
[2023-07-27T20:49:53.195+0200] {logging_mixin.py:150} INFO - [2023-07-27T20:49:53.195+0200] {dagbag.py:541} INFO - Filling up the DagBag from /Library/Frameworks/Python.framework/Versions/3.11/lib/python3.11/site-packages/airflow/example_dags/example_latest_only_with_trigger.py
[2023-07-27T20:49:53.201+0200] {processor.py:836} INFO - DAG(s) dict_keys(['latest_only_with_trigger']) retrieved from /Library/Frameworks/Python.framework/Versions/3.11/lib/python3.11/site-packages/airflow/example_dags/example_latest_only_with_trigger.py
[2023-07-27T20:49:53.530+0200] {logging_mixin.py:150} INFO - [2023-07-27T20:49:53.530+0200] {dag.py:2742} INFO - Sync 1 DAGs
[2023-07-27T20:49:53.535+0200] {logging_mixin.py:150} INFO - [2023-07-27T20:49:53.534+0200] {dag.py:3504} INFO - Setting next_dagrun for latest_only_with_trigger to 2023-07-27T14:49:53.534945+00:00, run_after=2023-07-27T18:49:53.534945+00:00
[2023-07-27T20:49:53.540+0200] {processor.py:179} INFO - Processing /Library/Frameworks/Python.framework/Versions/3.11/lib/python3.11/site-packages/airflow/example_dags/example_latest_only_with_trigger.py took 0.347 seconds
