[2023-07-27T20:35:10.461+0200] {processor.py:157} INFO - Started process (PID=5719) to work on /Library/Frameworks/Python.framework/Versions/3.11/lib/python3.11/site-packages/airflow/example_dags/example_latest_only.py
[2023-07-27T20:35:10.462+0200] {processor.py:826} INFO - Processing file /Library/Frameworks/Python.framework/Versions/3.11/lib/python3.11/site-packages/airflow/example_dags/example_latest_only.py for tasks to queue
[2023-07-27T20:35:10.462+0200] {logging_mixin.py:150} INFO - [2023-07-27T20:35:10.462+0200] {dagbag.py:541} INFO - Filling up the DagBag from /Library/Frameworks/Python.framework/Versions/3.11/lib/python3.11/site-packages/airflow/example_dags/example_latest_only.py
[2023-07-27T20:35:10.468+0200] {processor.py:836} INFO - DAG(s) dict_keys(['latest_only']) retrieved from /Library/Frameworks/Python.framework/Versions/3.11/lib/python3.11/site-packages/airflow/example_dags/example_latest_only.py
[2023-07-27T20:35:10.842+0200] {logging_mixin.py:150} INFO - [2023-07-27T20:35:10.842+0200] {manager.py:504} INFO - Created Permission View: can read on DAG:latest_only
[2023-07-27T20:35:10.845+0200] {logging_mixin.py:150} INFO - [2023-07-27T20:35:10.844+0200] {manager.py:504} INFO - Created Permission View: can edit on DAG:latest_only
[2023-07-27T20:35:10.846+0200] {logging_mixin.py:150} INFO - [2023-07-27T20:35:10.846+0200] {manager.py:504} INFO - Created Permission View: can delete on DAG:latest_only
[2023-07-27T20:35:10.849+0200] {logging_mixin.py:150} INFO - [2023-07-27T20:35:10.849+0200] {dag.py:2742} INFO - Sync 1 DAGs
[2023-07-27T20:35:10.852+0200] {logging_mixin.py:150} INFO - [2023-07-27T20:35:10.851+0200] {dag.py:2763} INFO - Creating ORM DAG for latest_only
[2023-07-27T20:35:10.854+0200] {logging_mixin.py:150} INFO - [2023-07-27T20:35:10.854+0200] {dag.py:3504} INFO - Setting next_dagrun for latest_only to 2023-07-27T14:35:10.854213+00:00, run_after=2023-07-27T18:35:10.854213+00:00
[2023-07-27T20:35:10.859+0200] {processor.py:179} INFO - Processing /Library/Frameworks/Python.framework/Versions/3.11/lib/python3.11/site-packages/airflow/example_dags/example_latest_only.py took 0.398 seconds
[2023-07-27T20:36:49.124+0200] {processor.py:157} INFO - Started process (PID=5790) to work on /Library/Frameworks/Python.framework/Versions/3.11/lib/python3.11/site-packages/airflow/example_dags/example_latest_only.py
[2023-07-27T20:36:49.126+0200] {processor.py:826} INFO - Processing file /Library/Frameworks/Python.framework/Versions/3.11/lib/python3.11/site-packages/airflow/example_dags/example_latest_only.py for tasks to queue
[2023-07-27T20:36:49.126+0200] {logging_mixin.py:150} INFO - [2023-07-27T20:36:49.126+0200] {dagbag.py:541} INFO - Filling up the DagBag from /Library/Frameworks/Python.framework/Versions/3.11/lib/python3.11/site-packages/airflow/example_dags/example_latest_only.py
[2023-07-27T20:36:49.132+0200] {processor.py:836} INFO - DAG(s) dict_keys(['latest_only']) retrieved from /Library/Frameworks/Python.framework/Versions/3.11/lib/python3.11/site-packages/airflow/example_dags/example_latest_only.py
[2023-07-27T20:36:49.480+0200] {logging_mixin.py:150} INFO - [2023-07-27T20:36:49.480+0200] {dag.py:2742} INFO - Sync 1 DAGs
[2023-07-27T20:36:49.485+0200] {logging_mixin.py:150} INFO - [2023-07-27T20:36:49.485+0200] {dag.py:3504} INFO - Setting next_dagrun for latest_only to 2023-07-27T14:36:49.485818+00:00, run_after=2023-07-27T18:36:49.485818+00:00
[2023-07-27T20:36:49.491+0200] {processor.py:179} INFO - Processing /Library/Frameworks/Python.framework/Versions/3.11/lib/python3.11/site-packages/airflow/example_dags/example_latest_only.py took 0.368 seconds
[2023-07-27T20:38:31.360+0200] {processor.py:157} INFO - Started process (PID=5864) to work on /Library/Frameworks/Python.framework/Versions/3.11/lib/python3.11/site-packages/airflow/example_dags/example_latest_only.py
[2023-07-27T20:38:31.362+0200] {processor.py:826} INFO - Processing file /Library/Frameworks/Python.framework/Versions/3.11/lib/python3.11/site-packages/airflow/example_dags/example_latest_only.py for tasks to queue
[2023-07-27T20:38:31.362+0200] {logging_mixin.py:150} INFO - [2023-07-27T20:38:31.362+0200] {dagbag.py:541} INFO - Filling up the DagBag from /Library/Frameworks/Python.framework/Versions/3.11/lib/python3.11/site-packages/airflow/example_dags/example_latest_only.py
[2023-07-27T20:38:31.367+0200] {processor.py:836} INFO - DAG(s) dict_keys(['latest_only']) retrieved from /Library/Frameworks/Python.framework/Versions/3.11/lib/python3.11/site-packages/airflow/example_dags/example_latest_only.py
[2023-07-27T20:38:31.695+0200] {logging_mixin.py:150} INFO - [2023-07-27T20:38:31.695+0200] {dag.py:2742} INFO - Sync 1 DAGs
[2023-07-27T20:38:31.700+0200] {logging_mixin.py:150} INFO - [2023-07-27T20:38:31.700+0200] {dag.py:3504} INFO - Setting next_dagrun for latest_only to 2023-07-27T14:38:31.700380+00:00, run_after=2023-07-27T18:38:31.700380+00:00
[2023-07-27T20:38:31.706+0200] {processor.py:179} INFO - Processing /Library/Frameworks/Python.framework/Versions/3.11/lib/python3.11/site-packages/airflow/example_dags/example_latest_only.py took 0.347 seconds
[2023-07-27T20:40:09.552+0200] {processor.py:157} INFO - Started process (PID=5933) to work on /Library/Frameworks/Python.framework/Versions/3.11/lib/python3.11/site-packages/airflow/example_dags/example_latest_only.py
[2023-07-27T20:40:09.553+0200] {processor.py:826} INFO - Processing file /Library/Frameworks/Python.framework/Versions/3.11/lib/python3.11/site-packages/airflow/example_dags/example_latest_only.py for tasks to queue
[2023-07-27T20:40:09.553+0200] {logging_mixin.py:150} INFO - [2023-07-27T20:40:09.553+0200] {dagbag.py:541} INFO - Filling up the DagBag from /Library/Frameworks/Python.framework/Versions/3.11/lib/python3.11/site-packages/airflow/example_dags/example_latest_only.py
[2023-07-27T20:40:09.559+0200] {processor.py:836} INFO - DAG(s) dict_keys(['latest_only']) retrieved from /Library/Frameworks/Python.framework/Versions/3.11/lib/python3.11/site-packages/airflow/example_dags/example_latest_only.py
[2023-07-27T20:40:09.887+0200] {logging_mixin.py:150} INFO - [2023-07-27T20:40:09.887+0200] {dag.py:2742} INFO - Sync 1 DAGs
[2023-07-27T20:40:09.892+0200] {logging_mixin.py:150} INFO - [2023-07-27T20:40:09.892+0200] {dag.py:3504} INFO - Setting next_dagrun for latest_only to 2023-07-27T14:40:09.892213+00:00, run_after=2023-07-27T18:40:09.892213+00:00
[2023-07-27T20:40:09.898+0200] {processor.py:179} INFO - Processing /Library/Frameworks/Python.framework/Versions/3.11/lib/python3.11/site-packages/airflow/example_dags/example_latest_only.py took 0.346 seconds
[2023-07-27T20:41:48.957+0200] {processor.py:157} INFO - Started process (PID=6016) to work on /Library/Frameworks/Python.framework/Versions/3.11/lib/python3.11/site-packages/airflow/example_dags/example_latest_only.py
[2023-07-27T20:41:48.958+0200] {processor.py:826} INFO - Processing file /Library/Frameworks/Python.framework/Versions/3.11/lib/python3.11/site-packages/airflow/example_dags/example_latest_only.py for tasks to queue
[2023-07-27T20:41:48.958+0200] {logging_mixin.py:150} INFO - [2023-07-27T20:41:48.958+0200] {dagbag.py:541} INFO - Filling up the DagBag from /Library/Frameworks/Python.framework/Versions/3.11/lib/python3.11/site-packages/airflow/example_dags/example_latest_only.py
[2023-07-27T20:41:48.964+0200] {processor.py:836} INFO - DAG(s) dict_keys(['latest_only']) retrieved from /Library/Frameworks/Python.framework/Versions/3.11/lib/python3.11/site-packages/airflow/example_dags/example_latest_only.py
[2023-07-27T20:41:49.319+0200] {logging_mixin.py:150} INFO - [2023-07-27T20:41:49.318+0200] {dag.py:2742} INFO - Sync 1 DAGs
[2023-07-27T20:41:49.324+0200] {logging_mixin.py:150} INFO - [2023-07-27T20:41:49.324+0200] {dag.py:3504} INFO - Setting next_dagrun for latest_only to 2023-07-27T14:41:49.324029+00:00, run_after=2023-07-27T18:41:49.324029+00:00
[2023-07-27T20:41:49.329+0200] {processor.py:179} INFO - Processing /Library/Frameworks/Python.framework/Versions/3.11/lib/python3.11/site-packages/airflow/example_dags/example_latest_only.py took 0.373 seconds
[2023-07-27T20:43:27.563+0200] {processor.py:157} INFO - Started process (PID=6088) to work on /Library/Frameworks/Python.framework/Versions/3.11/lib/python3.11/site-packages/airflow/example_dags/example_latest_only.py
[2023-07-27T20:43:27.564+0200] {processor.py:826} INFO - Processing file /Library/Frameworks/Python.framework/Versions/3.11/lib/python3.11/site-packages/airflow/example_dags/example_latest_only.py for tasks to queue
[2023-07-27T20:43:27.565+0200] {logging_mixin.py:150} INFO - [2023-07-27T20:43:27.565+0200] {dagbag.py:541} INFO - Filling up the DagBag from /Library/Frameworks/Python.framework/Versions/3.11/lib/python3.11/site-packages/airflow/example_dags/example_latest_only.py
[2023-07-27T20:43:27.570+0200] {processor.py:836} INFO - DAG(s) dict_keys(['latest_only']) retrieved from /Library/Frameworks/Python.framework/Versions/3.11/lib/python3.11/site-packages/airflow/example_dags/example_latest_only.py
[2023-07-27T20:43:27.893+0200] {logging_mixin.py:150} INFO - [2023-07-27T20:43:27.893+0200] {dag.py:2742} INFO - Sync 1 DAGs
[2023-07-27T20:43:27.898+0200] {logging_mixin.py:150} INFO - [2023-07-27T20:43:27.898+0200] {dag.py:3504} INFO - Setting next_dagrun for latest_only to 2023-07-27T14:43:27.898074+00:00, run_after=2023-07-27T18:43:27.898074+00:00
[2023-07-27T20:43:27.904+0200] {processor.py:179} INFO - Processing /Library/Frameworks/Python.framework/Versions/3.11/lib/python3.11/site-packages/airflow/example_dags/example_latest_only.py took 0.341 seconds
[2023-07-27T20:45:03.603+0200] {processor.py:157} INFO - Started process (PID=6163) to work on /Library/Frameworks/Python.framework/Versions/3.11/lib/python3.11/site-packages/airflow/example_dags/example_latest_only.py
[2023-07-27T20:45:03.605+0200] {processor.py:826} INFO - Processing file /Library/Frameworks/Python.framework/Versions/3.11/lib/python3.11/site-packages/airflow/example_dags/example_latest_only.py for tasks to queue
[2023-07-27T20:45:03.605+0200] {logging_mixin.py:150} INFO - [2023-07-27T20:45:03.605+0200] {dagbag.py:541} INFO - Filling up the DagBag from /Library/Frameworks/Python.framework/Versions/3.11/lib/python3.11/site-packages/airflow/example_dags/example_latest_only.py
[2023-07-27T20:45:03.611+0200] {processor.py:836} INFO - DAG(s) dict_keys(['latest_only']) retrieved from /Library/Frameworks/Python.framework/Versions/3.11/lib/python3.11/site-packages/airflow/example_dags/example_latest_only.py
[2023-07-27T20:45:03.933+0200] {logging_mixin.py:150} INFO - [2023-07-27T20:45:03.933+0200] {dag.py:2742} INFO - Sync 1 DAGs
[2023-07-27T20:45:03.938+0200] {logging_mixin.py:150} INFO - [2023-07-27T20:45:03.938+0200] {dag.py:3504} INFO - Setting next_dagrun for latest_only to 2023-07-27T14:45:03.938494+00:00, run_after=2023-07-27T18:45:03.938494+00:00
[2023-07-27T20:45:03.944+0200] {processor.py:179} INFO - Processing /Library/Frameworks/Python.framework/Versions/3.11/lib/python3.11/site-packages/airflow/example_dags/example_latest_only.py took 0.341 seconds
[2023-07-27T20:46:38.010+0200] {processor.py:157} INFO - Started process (PID=6247) to work on /Library/Frameworks/Python.framework/Versions/3.11/lib/python3.11/site-packages/airflow/example_dags/example_latest_only.py
[2023-07-27T20:46:38.012+0200] {processor.py:826} INFO - Processing file /Library/Frameworks/Python.framework/Versions/3.11/lib/python3.11/site-packages/airflow/example_dags/example_latest_only.py for tasks to queue
[2023-07-27T20:46:38.012+0200] {logging_mixin.py:150} INFO - [2023-07-27T20:46:38.012+0200] {dagbag.py:541} INFO - Filling up the DagBag from /Library/Frameworks/Python.framework/Versions/3.11/lib/python3.11/site-packages/airflow/example_dags/example_latest_only.py
[2023-07-27T20:46:38.018+0200] {processor.py:836} INFO - DAG(s) dict_keys(['latest_only']) retrieved from /Library/Frameworks/Python.framework/Versions/3.11/lib/python3.11/site-packages/airflow/example_dags/example_latest_only.py
[2023-07-27T20:46:38.382+0200] {logging_mixin.py:150} INFO - [2023-07-27T20:46:38.382+0200] {dag.py:2742} INFO - Sync 1 DAGs
[2023-07-27T20:46:38.387+0200] {logging_mixin.py:150} INFO - [2023-07-27T20:46:38.387+0200] {dag.py:3504} INFO - Setting next_dagrun for latest_only to 2023-07-27T14:46:38.387514+00:00, run_after=2023-07-27T18:46:38.387514+00:00
[2023-07-27T20:46:38.393+0200] {processor.py:179} INFO - Processing /Library/Frameworks/Python.framework/Versions/3.11/lib/python3.11/site-packages/airflow/example_dags/example_latest_only.py took 0.383 seconds
[2023-07-27T20:48:16.169+0200] {processor.py:157} INFO - Started process (PID=6325) to work on /Library/Frameworks/Python.framework/Versions/3.11/lib/python3.11/site-packages/airflow/example_dags/example_latest_only.py
[2023-07-27T20:48:16.170+0200] {processor.py:826} INFO - Processing file /Library/Frameworks/Python.framework/Versions/3.11/lib/python3.11/site-packages/airflow/example_dags/example_latest_only.py for tasks to queue
[2023-07-27T20:48:16.170+0200] {logging_mixin.py:150} INFO - [2023-07-27T20:48:16.170+0200] {dagbag.py:541} INFO - Filling up the DagBag from /Library/Frameworks/Python.framework/Versions/3.11/lib/python3.11/site-packages/airflow/example_dags/example_latest_only.py
[2023-07-27T20:48:16.176+0200] {processor.py:836} INFO - DAG(s) dict_keys(['latest_only']) retrieved from /Library/Frameworks/Python.framework/Versions/3.11/lib/python3.11/site-packages/airflow/example_dags/example_latest_only.py
[2023-07-27T20:48:16.508+0200] {logging_mixin.py:150} INFO - [2023-07-27T20:48:16.508+0200] {dag.py:2742} INFO - Sync 1 DAGs
[2023-07-27T20:48:16.513+0200] {logging_mixin.py:150} INFO - [2023-07-27T20:48:16.513+0200] {dag.py:3504} INFO - Setting next_dagrun for latest_only to 2023-07-27T14:48:16.513617+00:00, run_after=2023-07-27T18:48:16.513617+00:00
[2023-07-27T20:48:16.519+0200] {processor.py:179} INFO - Processing /Library/Frameworks/Python.framework/Versions/3.11/lib/python3.11/site-packages/airflow/example_dags/example_latest_only.py took 0.351 seconds
[2023-07-27T20:49:54.822+0200] {processor.py:157} INFO - Started process (PID=6502) to work on /Library/Frameworks/Python.framework/Versions/3.11/lib/python3.11/site-packages/airflow/example_dags/example_latest_only.py
[2023-07-27T20:49:54.824+0200] {processor.py:826} INFO - Processing file /Library/Frameworks/Python.framework/Versions/3.11/lib/python3.11/site-packages/airflow/example_dags/example_latest_only.py for tasks to queue
[2023-07-27T20:49:54.824+0200] {logging_mixin.py:150} INFO - [2023-07-27T20:49:54.824+0200] {dagbag.py:541} INFO - Filling up the DagBag from /Library/Frameworks/Python.framework/Versions/3.11/lib/python3.11/site-packages/airflow/example_dags/example_latest_only.py
[2023-07-27T20:49:54.830+0200] {processor.py:836} INFO - DAG(s) dict_keys(['latest_only']) retrieved from /Library/Frameworks/Python.framework/Versions/3.11/lib/python3.11/site-packages/airflow/example_dags/example_latest_only.py
[2023-07-27T20:49:55.158+0200] {logging_mixin.py:150} INFO - [2023-07-27T20:49:55.158+0200] {dag.py:2742} INFO - Sync 1 DAGs
[2023-07-27T20:49:55.163+0200] {logging_mixin.py:150} INFO - [2023-07-27T20:49:55.163+0200] {dag.py:3504} INFO - Setting next_dagrun for latest_only to 2023-07-27T14:49:55.163056+00:00, run_after=2023-07-27T18:49:55.163056+00:00
[2023-07-27T20:49:55.168+0200] {processor.py:179} INFO - Processing /Library/Frameworks/Python.framework/Versions/3.11/lib/python3.11/site-packages/airflow/example_dags/example_latest_only.py took 0.346 seconds
