[2023-07-27T20:35:23.867+0200] {processor.py:157} INFO - Started process (PID=5727) to work on /Library/Frameworks/Python.framework/Versions/3.11/lib/python3.11/site-packages/airflow/example_dags/example_branch_python_dop_operator_3.py
[2023-07-27T20:35:23.868+0200] {processor.py:826} INFO - Processing file /Library/Frameworks/Python.framework/Versions/3.11/lib/python3.11/site-packages/airflow/example_dags/example_branch_python_dop_operator_3.py for tasks to queue
[2023-07-27T20:35:23.868+0200] {logging_mixin.py:150} INFO - [2023-07-27T20:35:23.868+0200] {dagbag.py:541} INFO - Filling up the DagBag from /Library/Frameworks/Python.framework/Versions/3.11/lib/python3.11/site-packages/airflow/example_dags/example_branch_python_dop_operator_3.py
[2023-07-27T20:35:23.897+0200] {processor.py:836} INFO - DAG(s) dict_keys(['example_branch_dop_operator_v3']) retrieved from /Library/Frameworks/Python.framework/Versions/3.11/lib/python3.11/site-packages/airflow/example_dags/example_branch_python_dop_operator_3.py
[2023-07-27T20:35:24.235+0200] {logging_mixin.py:150} INFO - [2023-07-27T20:35:24.235+0200] {manager.py:504} INFO - Created Permission View: can read on DAG:example_branch_dop_operator_v3
[2023-07-27T20:35:24.238+0200] {logging_mixin.py:150} INFO - [2023-07-27T20:35:24.238+0200] {manager.py:504} INFO - Created Permission View: can edit on DAG:example_branch_dop_operator_v3
[2023-07-27T20:35:24.240+0200] {logging_mixin.py:150} INFO - [2023-07-27T20:35:24.240+0200] {manager.py:504} INFO - Created Permission View: can delete on DAG:example_branch_dop_operator_v3
[2023-07-27T20:35:24.242+0200] {logging_mixin.py:150} INFO - [2023-07-27T20:35:24.242+0200] {dag.py:2742} INFO - Sync 1 DAGs
[2023-07-27T20:35:24.245+0200] {logging_mixin.py:150} INFO - [2023-07-27T20:35:24.245+0200] {dag.py:2763} INFO - Creating ORM DAG for example_branch_dop_operator_v3
[2023-07-27T20:35:24.249+0200] {logging_mixin.py:150} INFO - [2023-07-27T20:35:24.249+0200] {dag.py:3504} INFO - Setting next_dagrun for example_branch_dop_operator_v3 to 2023-07-27T18:34:00+00:00, run_after=2023-07-27T18:35:00+00:00
[2023-07-27T20:35:24.254+0200] {processor.py:179} INFO - Processing /Library/Frameworks/Python.framework/Versions/3.11/lib/python3.11/site-packages/airflow/example_dags/example_branch_python_dop_operator_3.py took 0.387 seconds
[2023-07-27T20:37:03.629+0200] {processor.py:157} INFO - Started process (PID=5798) to work on /Library/Frameworks/Python.framework/Versions/3.11/lib/python3.11/site-packages/airflow/example_dags/example_branch_python_dop_operator_3.py
[2023-07-27T20:37:03.631+0200] {processor.py:826} INFO - Processing file /Library/Frameworks/Python.framework/Versions/3.11/lib/python3.11/site-packages/airflow/example_dags/example_branch_python_dop_operator_3.py for tasks to queue
[2023-07-27T20:37:03.631+0200] {logging_mixin.py:150} INFO - [2023-07-27T20:37:03.631+0200] {dagbag.py:541} INFO - Filling up the DagBag from /Library/Frameworks/Python.framework/Versions/3.11/lib/python3.11/site-packages/airflow/example_dags/example_branch_python_dop_operator_3.py
[2023-07-27T20:37:03.660+0200] {processor.py:836} INFO - DAG(s) dict_keys(['example_branch_dop_operator_v3']) retrieved from /Library/Frameworks/Python.framework/Versions/3.11/lib/python3.11/site-packages/airflow/example_dags/example_branch_python_dop_operator_3.py
[2023-07-27T20:37:03.985+0200] {logging_mixin.py:150} INFO - [2023-07-27T20:37:03.985+0200] {dag.py:2742} INFO - Sync 1 DAGs
[2023-07-27T20:37:03.992+0200] {logging_mixin.py:150} INFO - [2023-07-27T20:37:03.991+0200] {dag.py:3504} INFO - Setting next_dagrun for example_branch_dop_operator_v3 to 2023-07-27T18:36:00+00:00, run_after=2023-07-27T18:37:00+00:00
[2023-07-27T20:37:03.998+0200] {processor.py:179} INFO - Processing /Library/Frameworks/Python.framework/Versions/3.11/lib/python3.11/site-packages/airflow/example_dags/example_branch_python_dop_operator_3.py took 0.369 seconds
[2023-07-27T20:38:44.465+0200] {processor.py:157} INFO - Started process (PID=5872) to work on /Library/Frameworks/Python.framework/Versions/3.11/lib/python3.11/site-packages/airflow/example_dags/example_branch_python_dop_operator_3.py
[2023-07-27T20:38:44.467+0200] {processor.py:826} INFO - Processing file /Library/Frameworks/Python.framework/Versions/3.11/lib/python3.11/site-packages/airflow/example_dags/example_branch_python_dop_operator_3.py for tasks to queue
[2023-07-27T20:38:44.467+0200] {logging_mixin.py:150} INFO - [2023-07-27T20:38:44.467+0200] {dagbag.py:541} INFO - Filling up the DagBag from /Library/Frameworks/Python.framework/Versions/3.11/lib/python3.11/site-packages/airflow/example_dags/example_branch_python_dop_operator_3.py
[2023-07-27T20:38:44.495+0200] {processor.py:836} INFO - DAG(s) dict_keys(['example_branch_dop_operator_v3']) retrieved from /Library/Frameworks/Python.framework/Versions/3.11/lib/python3.11/site-packages/airflow/example_dags/example_branch_python_dop_operator_3.py
[2023-07-27T20:38:44.805+0200] {logging_mixin.py:150} INFO - [2023-07-27T20:38:44.805+0200] {dag.py:2742} INFO - Sync 1 DAGs
[2023-07-27T20:38:44.811+0200] {logging_mixin.py:150} INFO - [2023-07-27T20:38:44.811+0200] {dag.py:3504} INFO - Setting next_dagrun for example_branch_dop_operator_v3 to 2023-07-27T18:37:00+00:00, run_after=2023-07-27T18:38:00+00:00
[2023-07-27T20:38:44.818+0200] {processor.py:179} INFO - Processing /Library/Frameworks/Python.framework/Versions/3.11/lib/python3.11/site-packages/airflow/example_dags/example_branch_python_dop_operator_3.py took 0.353 seconds
[2023-07-27T20:40:22.526+0200] {processor.py:157} INFO - Started process (PID=5950) to work on /Library/Frameworks/Python.framework/Versions/3.11/lib/python3.11/site-packages/airflow/example_dags/example_branch_python_dop_operator_3.py
[2023-07-27T20:40:22.527+0200] {processor.py:826} INFO - Processing file /Library/Frameworks/Python.framework/Versions/3.11/lib/python3.11/site-packages/airflow/example_dags/example_branch_python_dop_operator_3.py for tasks to queue
[2023-07-27T20:40:22.527+0200] {logging_mixin.py:150} INFO - [2023-07-27T20:40:22.527+0200] {dagbag.py:541} INFO - Filling up the DagBag from /Library/Frameworks/Python.framework/Versions/3.11/lib/python3.11/site-packages/airflow/example_dags/example_branch_python_dop_operator_3.py
[2023-07-27T20:40:22.555+0200] {processor.py:836} INFO - DAG(s) dict_keys(['example_branch_dop_operator_v3']) retrieved from /Library/Frameworks/Python.framework/Versions/3.11/lib/python3.11/site-packages/airflow/example_dags/example_branch_python_dop_operator_3.py
[2023-07-27T20:40:22.865+0200] {logging_mixin.py:150} INFO - [2023-07-27T20:40:22.865+0200] {dag.py:2742} INFO - Sync 1 DAGs
[2023-07-27T20:40:22.871+0200] {logging_mixin.py:150} INFO - [2023-07-27T20:40:22.871+0200] {dag.py:3504} INFO - Setting next_dagrun for example_branch_dop_operator_v3 to 2023-07-27T18:39:00+00:00, run_after=2023-07-27T18:40:00+00:00
[2023-07-27T20:40:22.877+0200] {processor.py:179} INFO - Processing /Library/Frameworks/Python.framework/Versions/3.11/lib/python3.11/site-packages/airflow/example_dags/example_branch_python_dop_operator_3.py took 0.352 seconds
[2023-07-27T20:42:02.461+0200] {processor.py:157} INFO - Started process (PID=6024) to work on /Library/Frameworks/Python.framework/Versions/3.11/lib/python3.11/site-packages/airflow/example_dags/example_branch_python_dop_operator_3.py
[2023-07-27T20:42:02.462+0200] {processor.py:826} INFO - Processing file /Library/Frameworks/Python.framework/Versions/3.11/lib/python3.11/site-packages/airflow/example_dags/example_branch_python_dop_operator_3.py for tasks to queue
[2023-07-27T20:42:02.462+0200] {logging_mixin.py:150} INFO - [2023-07-27T20:42:02.462+0200] {dagbag.py:541} INFO - Filling up the DagBag from /Library/Frameworks/Python.framework/Versions/3.11/lib/python3.11/site-packages/airflow/example_dags/example_branch_python_dop_operator_3.py
[2023-07-27T20:42:02.489+0200] {processor.py:836} INFO - DAG(s) dict_keys(['example_branch_dop_operator_v3']) retrieved from /Library/Frameworks/Python.framework/Versions/3.11/lib/python3.11/site-packages/airflow/example_dags/example_branch_python_dop_operator_3.py
[2023-07-27T20:42:02.800+0200] {logging_mixin.py:150} INFO - [2023-07-27T20:42:02.800+0200] {dag.py:2742} INFO - Sync 1 DAGs
[2023-07-27T20:42:02.806+0200] {logging_mixin.py:150} INFO - [2023-07-27T20:42:02.806+0200] {dag.py:3504} INFO - Setting next_dagrun for example_branch_dop_operator_v3 to 2023-07-27T18:41:00+00:00, run_after=2023-07-27T18:42:00+00:00
[2023-07-27T20:42:02.812+0200] {processor.py:179} INFO - Processing /Library/Frameworks/Python.framework/Versions/3.11/lib/python3.11/site-packages/airflow/example_dags/example_branch_python_dop_operator_3.py took 0.352 seconds
[2023-07-27T20:43:41.293+0200] {processor.py:157} INFO - Started process (PID=6106) to work on /Library/Frameworks/Python.framework/Versions/3.11/lib/python3.11/site-packages/airflow/example_dags/example_branch_python_dop_operator_3.py
[2023-07-27T20:43:41.294+0200] {processor.py:826} INFO - Processing file /Library/Frameworks/Python.framework/Versions/3.11/lib/python3.11/site-packages/airflow/example_dags/example_branch_python_dop_operator_3.py for tasks to queue
[2023-07-27T20:43:41.294+0200] {logging_mixin.py:150} INFO - [2023-07-27T20:43:41.294+0200] {dagbag.py:541} INFO - Filling up the DagBag from /Library/Frameworks/Python.framework/Versions/3.11/lib/python3.11/site-packages/airflow/example_dags/example_branch_python_dop_operator_3.py
[2023-07-27T20:43:41.324+0200] {processor.py:836} INFO - DAG(s) dict_keys(['example_branch_dop_operator_v3']) retrieved from /Library/Frameworks/Python.framework/Versions/3.11/lib/python3.11/site-packages/airflow/example_dags/example_branch_python_dop_operator_3.py
[2023-07-27T20:43:41.639+0200] {logging_mixin.py:150} INFO - [2023-07-27T20:43:41.639+0200] {dag.py:2742} INFO - Sync 1 DAGs
[2023-07-27T20:43:41.645+0200] {logging_mixin.py:150} INFO - [2023-07-27T20:43:41.645+0200] {dag.py:3504} INFO - Setting next_dagrun for example_branch_dop_operator_v3 to 2023-07-27T18:42:00+00:00, run_after=2023-07-27T18:43:00+00:00
[2023-07-27T20:43:41.651+0200] {processor.py:179} INFO - Processing /Library/Frameworks/Python.framework/Versions/3.11/lib/python3.11/site-packages/airflow/example_dags/example_branch_python_dop_operator_3.py took 0.358 seconds
[2023-07-27T20:45:16.260+0200] {processor.py:157} INFO - Started process (PID=6178) to work on /Library/Frameworks/Python.framework/Versions/3.11/lib/python3.11/site-packages/airflow/example_dags/example_branch_python_dop_operator_3.py
[2023-07-27T20:45:16.262+0200] {processor.py:826} INFO - Processing file /Library/Frameworks/Python.framework/Versions/3.11/lib/python3.11/site-packages/airflow/example_dags/example_branch_python_dop_operator_3.py for tasks to queue
[2023-07-27T20:45:16.262+0200] {logging_mixin.py:150} INFO - [2023-07-27T20:45:16.262+0200] {dagbag.py:541} INFO - Filling up the DagBag from /Library/Frameworks/Python.framework/Versions/3.11/lib/python3.11/site-packages/airflow/example_dags/example_branch_python_dop_operator_3.py
[2023-07-27T20:45:16.290+0200] {processor.py:836} INFO - DAG(s) dict_keys(['example_branch_dop_operator_v3']) retrieved from /Library/Frameworks/Python.framework/Versions/3.11/lib/python3.11/site-packages/airflow/example_dags/example_branch_python_dop_operator_3.py
[2023-07-27T20:45:16.598+0200] {logging_mixin.py:150} INFO - [2023-07-27T20:45:16.598+0200] {dag.py:2742} INFO - Sync 1 DAGs
[2023-07-27T20:45:16.604+0200] {logging_mixin.py:150} INFO - [2023-07-27T20:45:16.604+0200] {dag.py:3504} INFO - Setting next_dagrun for example_branch_dop_operator_v3 to 2023-07-27T18:44:00+00:00, run_after=2023-07-27T18:45:00+00:00
[2023-07-27T20:45:16.610+0200] {processor.py:179} INFO - Processing /Library/Frameworks/Python.framework/Versions/3.11/lib/python3.11/site-packages/airflow/example_dags/example_branch_python_dop_operator_3.py took 0.350 seconds
[2023-07-27T20:46:50.922+0200] {processor.py:157} INFO - Started process (PID=6259) to work on /Library/Frameworks/Python.framework/Versions/3.11/lib/python3.11/site-packages/airflow/example_dags/example_branch_python_dop_operator_3.py
[2023-07-27T20:46:50.923+0200] {processor.py:826} INFO - Processing file /Library/Frameworks/Python.framework/Versions/3.11/lib/python3.11/site-packages/airflow/example_dags/example_branch_python_dop_operator_3.py for tasks to queue
[2023-07-27T20:46:50.923+0200] {logging_mixin.py:150} INFO - [2023-07-27T20:46:50.923+0200] {dagbag.py:541} INFO - Filling up the DagBag from /Library/Frameworks/Python.framework/Versions/3.11/lib/python3.11/site-packages/airflow/example_dags/example_branch_python_dop_operator_3.py
[2023-07-27T20:46:50.951+0200] {processor.py:836} INFO - DAG(s) dict_keys(['example_branch_dop_operator_v3']) retrieved from /Library/Frameworks/Python.framework/Versions/3.11/lib/python3.11/site-packages/airflow/example_dags/example_branch_python_dop_operator_3.py
[2023-07-27T20:46:51.262+0200] {logging_mixin.py:150} INFO - [2023-07-27T20:46:51.262+0200] {dag.py:2742} INFO - Sync 1 DAGs
[2023-07-27T20:46:51.268+0200] {logging_mixin.py:150} INFO - [2023-07-27T20:46:51.268+0200] {dag.py:3504} INFO - Setting next_dagrun for example_branch_dop_operator_v3 to 2023-07-27T18:45:00+00:00, run_after=2023-07-27T18:46:00+00:00
[2023-07-27T20:46:51.274+0200] {processor.py:179} INFO - Processing /Library/Frameworks/Python.framework/Versions/3.11/lib/python3.11/site-packages/airflow/example_dags/example_branch_python_dop_operator_3.py took 0.353 seconds
[2023-07-27T20:48:28.847+0200] {processor.py:157} INFO - Started process (PID=6333) to work on /Library/Frameworks/Python.framework/Versions/3.11/lib/python3.11/site-packages/airflow/example_dags/example_branch_python_dop_operator_3.py
[2023-07-27T20:48:28.848+0200] {processor.py:826} INFO - Processing file /Library/Frameworks/Python.framework/Versions/3.11/lib/python3.11/site-packages/airflow/example_dags/example_branch_python_dop_operator_3.py for tasks to queue
[2023-07-27T20:48:28.848+0200] {logging_mixin.py:150} INFO - [2023-07-27T20:48:28.848+0200] {dagbag.py:541} INFO - Filling up the DagBag from /Library/Frameworks/Python.framework/Versions/3.11/lib/python3.11/site-packages/airflow/example_dags/example_branch_python_dop_operator_3.py
[2023-07-27T20:48:28.876+0200] {processor.py:836} INFO - DAG(s) dict_keys(['example_branch_dop_operator_v3']) retrieved from /Library/Frameworks/Python.framework/Versions/3.11/lib/python3.11/site-packages/airflow/example_dags/example_branch_python_dop_operator_3.py
[2023-07-27T20:48:29.183+0200] {logging_mixin.py:150} INFO - [2023-07-27T20:48:29.182+0200] {dag.py:2742} INFO - Sync 1 DAGs
[2023-07-27T20:48:29.189+0200] {logging_mixin.py:150} INFO - [2023-07-27T20:48:29.189+0200] {dag.py:3504} INFO - Setting next_dagrun for example_branch_dop_operator_v3 to 2023-07-27T18:47:00+00:00, run_after=2023-07-27T18:48:00+00:00
[2023-07-27T20:48:29.195+0200] {processor.py:179} INFO - Processing /Library/Frameworks/Python.framework/Versions/3.11/lib/python3.11/site-packages/airflow/example_dags/example_branch_python_dop_operator_3.py took 0.348 seconds
[2023-07-27T20:50:09.701+0200] {processor.py:157} INFO - Started process (PID=6510) to work on /Library/Frameworks/Python.framework/Versions/3.11/lib/python3.11/site-packages/airflow/example_dags/example_branch_python_dop_operator_3.py
[2023-07-27T20:50:09.704+0200] {processor.py:826} INFO - Processing file /Library/Frameworks/Python.framework/Versions/3.11/lib/python3.11/site-packages/airflow/example_dags/example_branch_python_dop_operator_3.py for tasks to queue
[2023-07-27T20:50:09.704+0200] {logging_mixin.py:150} INFO - [2023-07-27T20:50:09.704+0200] {dagbag.py:541} INFO - Filling up the DagBag from /Library/Frameworks/Python.framework/Versions/3.11/lib/python3.11/site-packages/airflow/example_dags/example_branch_python_dop_operator_3.py
[2023-07-27T20:50:09.732+0200] {processor.py:836} INFO - DAG(s) dict_keys(['example_branch_dop_operator_v3']) retrieved from /Library/Frameworks/Python.framework/Versions/3.11/lib/python3.11/site-packages/airflow/example_dags/example_branch_python_dop_operator_3.py
[2023-07-27T20:50:10.060+0200] {logging_mixin.py:150} INFO - [2023-07-27T20:50:10.060+0200] {dag.py:2742} INFO - Sync 1 DAGs
[2023-07-27T20:50:10.066+0200] {logging_mixin.py:150} INFO - [2023-07-27T20:50:10.066+0200] {dag.py:3504} INFO - Setting next_dagrun for example_branch_dop_operator_v3 to 2023-07-27T18:49:00+00:00, run_after=2023-07-27T18:50:00+00:00
[2023-07-27T20:50:10.072+0200] {processor.py:179} INFO - Processing /Library/Frameworks/Python.framework/Versions/3.11/lib/python3.11/site-packages/airflow/example_dags/example_branch_python_dop_operator_3.py took 0.371 seconds
