[2023-07-27T20:34:37.986+0200] {processor.py:157} INFO - Started process (PID=5694) to work on /Library/Frameworks/Python.framework/Versions/3.11/lib/python3.11/site-packages/airflow/example_dags/example_task_group_decorator.py
[2023-07-27T20:34:37.987+0200] {processor.py:826} INFO - Processing file /Library/Frameworks/Python.framework/Versions/3.11/lib/python3.11/site-packages/airflow/example_dags/example_task_group_decorator.py for tasks to queue
[2023-07-27T20:34:37.987+0200] {logging_mixin.py:150} INFO - [2023-07-27T20:34:37.987+0200] {dagbag.py:541} INFO - Filling up the DagBag from /Library/Frameworks/Python.framework/Versions/3.11/lib/python3.11/site-packages/airflow/example_dags/example_task_group_decorator.py
[2023-07-27T20:34:38.018+0200] {processor.py:836} INFO - DAG(s) dict_keys(['example_task_group_decorator']) retrieved from /Library/Frameworks/Python.framework/Versions/3.11/lib/python3.11/site-packages/airflow/example_dags/example_task_group_decorator.py
[2023-07-27T20:34:38.368+0200] {logging_mixin.py:150} INFO - [2023-07-27T20:34:38.368+0200] {manager.py:504} INFO - Created Permission View: can edit on DAG:example_task_group_decorator
[2023-07-27T20:34:38.370+0200] {logging_mixin.py:150} INFO - [2023-07-27T20:34:38.370+0200] {manager.py:504} INFO - Created Permission View: can delete on DAG:example_task_group_decorator
[2023-07-27T20:34:38.372+0200] {logging_mixin.py:150} INFO - [2023-07-27T20:34:38.372+0200] {manager.py:504} INFO - Created Permission View: can read on DAG:example_task_group_decorator
[2023-07-27T20:34:38.375+0200] {logging_mixin.py:150} INFO - [2023-07-27T20:34:38.375+0200] {dag.py:2742} INFO - Sync 1 DAGs
[2023-07-27T20:34:38.378+0200] {logging_mixin.py:150} INFO - [2023-07-27T20:34:38.378+0200] {dag.py:2763} INFO - Creating ORM DAG for example_task_group_decorator
[2023-07-27T20:34:38.380+0200] {logging_mixin.py:150} INFO - [2023-07-27T20:34:38.380+0200] {dag.py:3504} INFO - Setting next_dagrun for example_task_group_decorator to 2023-07-26T18:34:38.380841+00:00, run_after=2023-07-27T18:34:38.380841+00:00
[2023-07-27T20:34:38.385+0200] {processor.py:179} INFO - Processing /Library/Frameworks/Python.framework/Versions/3.11/lib/python3.11/site-packages/airflow/example_dags/example_task_group_decorator.py took 0.400 seconds
[2023-07-27T20:35:59.375+0200] {processor.py:157} INFO - Started process (PID=5749) to work on /Library/Frameworks/Python.framework/Versions/3.11/lib/python3.11/site-packages/airflow/example_dags/example_task_group_decorator.py
[2023-07-27T20:35:59.377+0200] {processor.py:826} INFO - Processing file /Library/Frameworks/Python.framework/Versions/3.11/lib/python3.11/site-packages/airflow/example_dags/example_task_group_decorator.py for tasks to queue
[2023-07-27T20:35:59.377+0200] {logging_mixin.py:150} INFO - [2023-07-27T20:35:59.377+0200] {dagbag.py:541} INFO - Filling up the DagBag from /Library/Frameworks/Python.framework/Versions/3.11/lib/python3.11/site-packages/airflow/example_dags/example_task_group_decorator.py
[2023-07-27T20:35:59.407+0200] {processor.py:836} INFO - DAG(s) dict_keys(['example_task_group_decorator']) retrieved from /Library/Frameworks/Python.framework/Versions/3.11/lib/python3.11/site-packages/airflow/example_dags/example_task_group_decorator.py
[2023-07-27T20:35:59.720+0200] {logging_mixin.py:150} INFO - [2023-07-27T20:35:59.720+0200] {dag.py:2742} INFO - Sync 1 DAGs
[2023-07-27T20:35:59.726+0200] {logging_mixin.py:150} INFO - [2023-07-27T20:35:59.726+0200] {dag.py:3504} INFO - Setting next_dagrun for example_task_group_decorator to 2023-07-26T18:35:59.726049+00:00, run_after=2023-07-27T18:35:59.726049+00:00
[2023-07-27T20:35:59.731+0200] {processor.py:179} INFO - Processing /Library/Frameworks/Python.framework/Versions/3.11/lib/python3.11/site-packages/airflow/example_dags/example_task_group_decorator.py took 0.356 seconds
[2023-07-27T20:37:38.495+0200] {processor.py:157} INFO - Started process (PID=5825) to work on /Library/Frameworks/Python.framework/Versions/3.11/lib/python3.11/site-packages/airflow/example_dags/example_task_group_decorator.py
[2023-07-27T20:37:38.496+0200] {processor.py:826} INFO - Processing file /Library/Frameworks/Python.framework/Versions/3.11/lib/python3.11/site-packages/airflow/example_dags/example_task_group_decorator.py for tasks to queue
[2023-07-27T20:37:38.496+0200] {logging_mixin.py:150} INFO - [2023-07-27T20:37:38.496+0200] {dagbag.py:541} INFO - Filling up the DagBag from /Library/Frameworks/Python.framework/Versions/3.11/lib/python3.11/site-packages/airflow/example_dags/example_task_group_decorator.py
[2023-07-27T20:37:38.526+0200] {processor.py:836} INFO - DAG(s) dict_keys(['example_task_group_decorator']) retrieved from /Library/Frameworks/Python.framework/Versions/3.11/lib/python3.11/site-packages/airflow/example_dags/example_task_group_decorator.py
[2023-07-27T20:37:38.837+0200] {logging_mixin.py:150} INFO - [2023-07-27T20:37:38.837+0200] {dag.py:2742} INFO - Sync 1 DAGs
[2023-07-27T20:37:38.842+0200] {logging_mixin.py:150} INFO - [2023-07-27T20:37:38.842+0200] {dag.py:3504} INFO - Setting next_dagrun for example_task_group_decorator to 2023-07-26T18:37:38.842865+00:00, run_after=2023-07-27T18:37:38.842865+00:00
[2023-07-27T20:37:38.848+0200] {processor.py:179} INFO - Processing /Library/Frameworks/Python.framework/Versions/3.11/lib/python3.11/site-packages/airflow/example_dags/example_task_group_decorator.py took 0.353 seconds
[2023-07-27T20:39:16.188+0200] {processor.py:157} INFO - Started process (PID=5892) to work on /Library/Frameworks/Python.framework/Versions/3.11/lib/python3.11/site-packages/airflow/example_dags/example_task_group_decorator.py
[2023-07-27T20:39:16.189+0200] {processor.py:826} INFO - Processing file /Library/Frameworks/Python.framework/Versions/3.11/lib/python3.11/site-packages/airflow/example_dags/example_task_group_decorator.py for tasks to queue
[2023-07-27T20:39:16.190+0200] {logging_mixin.py:150} INFO - [2023-07-27T20:39:16.190+0200] {dagbag.py:541} INFO - Filling up the DagBag from /Library/Frameworks/Python.framework/Versions/3.11/lib/python3.11/site-packages/airflow/example_dags/example_task_group_decorator.py
[2023-07-27T20:39:16.221+0200] {processor.py:836} INFO - DAG(s) dict_keys(['example_task_group_decorator']) retrieved from /Library/Frameworks/Python.framework/Versions/3.11/lib/python3.11/site-packages/airflow/example_dags/example_task_group_decorator.py
[2023-07-27T20:39:16.547+0200] {logging_mixin.py:150} INFO - [2023-07-27T20:39:16.547+0200] {dag.py:2742} INFO - Sync 1 DAGs
[2023-07-27T20:39:16.552+0200] {logging_mixin.py:150} INFO - [2023-07-27T20:39:16.552+0200] {dag.py:3504} INFO - Setting next_dagrun for example_task_group_decorator to 2023-07-26T18:39:16.552858+00:00, run_after=2023-07-27T18:39:16.552858+00:00
[2023-07-27T20:39:16.558+0200] {processor.py:179} INFO - Processing /Library/Frameworks/Python.framework/Versions/3.11/lib/python3.11/site-packages/airflow/example_dags/example_task_group_decorator.py took 0.371 seconds
[2023-07-27T20:40:57.716+0200] {processor.py:157} INFO - Started process (PID=5971) to work on /Library/Frameworks/Python.framework/Versions/3.11/lib/python3.11/site-packages/airflow/example_dags/example_task_group_decorator.py
[2023-07-27T20:40:57.717+0200] {processor.py:826} INFO - Processing file /Library/Frameworks/Python.framework/Versions/3.11/lib/python3.11/site-packages/airflow/example_dags/example_task_group_decorator.py for tasks to queue
[2023-07-27T20:40:57.717+0200] {logging_mixin.py:150} INFO - [2023-07-27T20:40:57.717+0200] {dagbag.py:541} INFO - Filling up the DagBag from /Library/Frameworks/Python.framework/Versions/3.11/lib/python3.11/site-packages/airflow/example_dags/example_task_group_decorator.py
[2023-07-27T20:40:57.749+0200] {processor.py:836} INFO - DAG(s) dict_keys(['example_task_group_decorator']) retrieved from /Library/Frameworks/Python.framework/Versions/3.11/lib/python3.11/site-packages/airflow/example_dags/example_task_group_decorator.py
[2023-07-27T20:40:58.069+0200] {logging_mixin.py:150} INFO - [2023-07-27T20:40:58.069+0200] {dag.py:2742} INFO - Sync 1 DAGs
[2023-07-27T20:40:58.074+0200] {logging_mixin.py:150} INFO - [2023-07-27T20:40:58.074+0200] {dag.py:3504} INFO - Setting next_dagrun for example_task_group_decorator to 2023-07-26T18:40:58.074769+00:00, run_after=2023-07-27T18:40:58.074769+00:00
[2023-07-27T20:40:58.080+0200] {processor.py:179} INFO - Processing /Library/Frameworks/Python.framework/Versions/3.11/lib/python3.11/site-packages/airflow/example_dags/example_task_group_decorator.py took 0.364 seconds
[2023-07-27T20:42:36.830+0200] {processor.py:157} INFO - Started process (PID=6047) to work on /Library/Frameworks/Python.framework/Versions/3.11/lib/python3.11/site-packages/airflow/example_dags/example_task_group_decorator.py
[2023-07-27T20:42:36.831+0200] {processor.py:826} INFO - Processing file /Library/Frameworks/Python.framework/Versions/3.11/lib/python3.11/site-packages/airflow/example_dags/example_task_group_decorator.py for tasks to queue
[2023-07-27T20:42:36.831+0200] {logging_mixin.py:150} INFO - [2023-07-27T20:42:36.831+0200] {dagbag.py:541} INFO - Filling up the DagBag from /Library/Frameworks/Python.framework/Versions/3.11/lib/python3.11/site-packages/airflow/example_dags/example_task_group_decorator.py
[2023-07-27T20:42:36.862+0200] {processor.py:836} INFO - DAG(s) dict_keys(['example_task_group_decorator']) retrieved from /Library/Frameworks/Python.framework/Versions/3.11/lib/python3.11/site-packages/airflow/example_dags/example_task_group_decorator.py
[2023-07-27T20:42:37.178+0200] {logging_mixin.py:150} INFO - [2023-07-27T20:42:37.177+0200] {dag.py:2742} INFO - Sync 1 DAGs
[2023-07-27T20:42:37.183+0200] {logging_mixin.py:150} INFO - [2023-07-27T20:42:37.183+0200] {dag.py:3504} INFO - Setting next_dagrun for example_task_group_decorator to 2023-07-26T18:42:37.183472+00:00, run_after=2023-07-27T18:42:37.183472+00:00
[2023-07-27T20:42:37.189+0200] {processor.py:179} INFO - Processing /Library/Frameworks/Python.framework/Versions/3.11/lib/python3.11/site-packages/airflow/example_dags/example_task_group_decorator.py took 0.359 seconds
[2023-07-27T20:44:11.846+0200] {processor.py:157} INFO - Started process (PID=6128) to work on /Library/Frameworks/Python.framework/Versions/3.11/lib/python3.11/site-packages/airflow/example_dags/example_task_group_decorator.py
[2023-07-27T20:44:11.847+0200] {processor.py:826} INFO - Processing file /Library/Frameworks/Python.framework/Versions/3.11/lib/python3.11/site-packages/airflow/example_dags/example_task_group_decorator.py for tasks to queue
[2023-07-27T20:44:11.847+0200] {logging_mixin.py:150} INFO - [2023-07-27T20:44:11.847+0200] {dagbag.py:541} INFO - Filling up the DagBag from /Library/Frameworks/Python.framework/Versions/3.11/lib/python3.11/site-packages/airflow/example_dags/example_task_group_decorator.py
[2023-07-27T20:44:11.878+0200] {processor.py:836} INFO - DAG(s) dict_keys(['example_task_group_decorator']) retrieved from /Library/Frameworks/Python.framework/Versions/3.11/lib/python3.11/site-packages/airflow/example_dags/example_task_group_decorator.py
[2023-07-27T20:44:12.195+0200] {logging_mixin.py:150} INFO - [2023-07-27T20:44:12.195+0200] {dag.py:2742} INFO - Sync 1 DAGs
[2023-07-27T20:44:12.200+0200] {logging_mixin.py:150} INFO - [2023-07-27T20:44:12.200+0200] {dag.py:3504} INFO - Setting next_dagrun for example_task_group_decorator to 2023-07-26T18:44:12.200891+00:00, run_after=2023-07-27T18:44:12.200891+00:00
[2023-07-27T20:44:12.206+0200] {processor.py:179} INFO - Processing /Library/Frameworks/Python.framework/Versions/3.11/lib/python3.11/site-packages/airflow/example_dags/example_task_group_decorator.py took 0.361 seconds
[2023-07-27T20:45:46.858+0200] {processor.py:157} INFO - Started process (PID=6204) to work on /Library/Frameworks/Python.framework/Versions/3.11/lib/python3.11/site-packages/airflow/example_dags/example_task_group_decorator.py
[2023-07-27T20:45:46.860+0200] {processor.py:826} INFO - Processing file /Library/Frameworks/Python.framework/Versions/3.11/lib/python3.11/site-packages/airflow/example_dags/example_task_group_decorator.py for tasks to queue
[2023-07-27T20:45:46.861+0200] {logging_mixin.py:150} INFO - [2023-07-27T20:45:46.861+0200] {dagbag.py:541} INFO - Filling up the DagBag from /Library/Frameworks/Python.framework/Versions/3.11/lib/python3.11/site-packages/airflow/example_dags/example_task_group_decorator.py
[2023-07-27T20:45:46.891+0200] {processor.py:836} INFO - DAG(s) dict_keys(['example_task_group_decorator']) retrieved from /Library/Frameworks/Python.framework/Versions/3.11/lib/python3.11/site-packages/airflow/example_dags/example_task_group_decorator.py
[2023-07-27T20:45:47.235+0200] {logging_mixin.py:150} INFO - [2023-07-27T20:45:47.235+0200] {dag.py:2742} INFO - Sync 1 DAGs
[2023-07-27T20:45:47.241+0200] {logging_mixin.py:150} INFO - [2023-07-27T20:45:47.241+0200] {dag.py:3504} INFO - Setting next_dagrun for example_task_group_decorator to 2023-07-26T18:45:47.241609+00:00, run_after=2023-07-27T18:45:47.241609+00:00
[2023-07-27T20:45:47.248+0200] {processor.py:179} INFO - Processing /Library/Frameworks/Python.framework/Versions/3.11/lib/python3.11/site-packages/airflow/example_dags/example_task_group_decorator.py took 0.390 seconds
[2023-07-27T20:47:23.479+0200] {processor.py:157} INFO - Started process (PID=6284) to work on /Library/Frameworks/Python.framework/Versions/3.11/lib/python3.11/site-packages/airflow/example_dags/example_task_group_decorator.py
[2023-07-27T20:47:23.481+0200] {processor.py:826} INFO - Processing file /Library/Frameworks/Python.framework/Versions/3.11/lib/python3.11/site-packages/airflow/example_dags/example_task_group_decorator.py for tasks to queue
[2023-07-27T20:47:23.482+0200] {logging_mixin.py:150} INFO - [2023-07-27T20:47:23.481+0200] {dagbag.py:541} INFO - Filling up the DagBag from /Library/Frameworks/Python.framework/Versions/3.11/lib/python3.11/site-packages/airflow/example_dags/example_task_group_decorator.py
[2023-07-27T20:47:23.511+0200] {processor.py:836} INFO - DAG(s) dict_keys(['example_task_group_decorator']) retrieved from /Library/Frameworks/Python.framework/Versions/3.11/lib/python3.11/site-packages/airflow/example_dags/example_task_group_decorator.py
[2023-07-27T20:47:23.827+0200] {logging_mixin.py:150} INFO - [2023-07-27T20:47:23.827+0200] {dag.py:2742} INFO - Sync 1 DAGs
[2023-07-27T20:47:23.832+0200] {logging_mixin.py:150} INFO - [2023-07-27T20:47:23.832+0200] {dag.py:3504} INFO - Setting next_dagrun for example_task_group_decorator to 2023-07-26T18:47:23.832729+00:00, run_after=2023-07-27T18:47:23.832729+00:00
[2023-07-27T20:47:23.838+0200] {processor.py:179} INFO - Processing /Library/Frameworks/Python.framework/Versions/3.11/lib/python3.11/site-packages/airflow/example_dags/example_task_group_decorator.py took 0.359 seconds
[2023-07-27T20:49:02.612+0200] {processor.py:157} INFO - Started process (PID=6353) to work on /Library/Frameworks/Python.framework/Versions/3.11/lib/python3.11/site-packages/airflow/example_dags/example_task_group_decorator.py
[2023-07-27T20:49:02.613+0200] {processor.py:826} INFO - Processing file /Library/Frameworks/Python.framework/Versions/3.11/lib/python3.11/site-packages/airflow/example_dags/example_task_group_decorator.py for tasks to queue
[2023-07-27T20:49:02.613+0200] {logging_mixin.py:150} INFO - [2023-07-27T20:49:02.613+0200] {dagbag.py:541} INFO - Filling up the DagBag from /Library/Frameworks/Python.framework/Versions/3.11/lib/python3.11/site-packages/airflow/example_dags/example_task_group_decorator.py
[2023-07-27T20:49:02.642+0200] {processor.py:836} INFO - DAG(s) dict_keys(['example_task_group_decorator']) retrieved from /Library/Frameworks/Python.framework/Versions/3.11/lib/python3.11/site-packages/airflow/example_dags/example_task_group_decorator.py
[2023-07-27T20:49:02.958+0200] {logging_mixin.py:150} INFO - [2023-07-27T20:49:02.958+0200] {dag.py:2742} INFO - Sync 1 DAGs
[2023-07-27T20:49:02.964+0200] {logging_mixin.py:150} INFO - [2023-07-27T20:49:02.964+0200] {dag.py:3504} INFO - Setting next_dagrun for example_task_group_decorator to 2023-07-26T18:49:02.964208+00:00, run_after=2023-07-27T18:49:02.964208+00:00
[2023-07-27T20:49:02.970+0200] {processor.py:179} INFO - Processing /Library/Frameworks/Python.framework/Versions/3.11/lib/python3.11/site-packages/airflow/example_dags/example_task_group_decorator.py took 0.358 seconds
[2023-07-27T22:51:10.673+0200] {processor.py:157} INFO - Started process (PID=8838) to work on /Library/Frameworks/Python.framework/Versions/3.11/lib/python3.11/site-packages/airflow/example_dags/example_task_group_decorator.py
[2023-07-27T22:51:10.675+0200] {processor.py:826} INFO - Processing file /Library/Frameworks/Python.framework/Versions/3.11/lib/python3.11/site-packages/airflow/example_dags/example_task_group_decorator.py for tasks to queue
[2023-07-27T22:51:10.675+0200] {logging_mixin.py:150} INFO - [2023-07-27T22:51:10.675+0200] {dagbag.py:541} INFO - Filling up the DagBag from /Library/Frameworks/Python.framework/Versions/3.11/lib/python3.11/site-packages/airflow/example_dags/example_task_group_decorator.py
[2023-07-27T22:51:10.705+0200] {processor.py:836} INFO - DAG(s) dict_keys(['example_task_group_decorator']) retrieved from /Library/Frameworks/Python.framework/Versions/3.11/lib/python3.11/site-packages/airflow/example_dags/example_task_group_decorator.py
[2023-07-27T22:51:11.113+0200] {logging_mixin.py:150} INFO - [2023-07-27T22:51:11.113+0200] {manager.py:504} INFO - Created Permission View: can delete on DAG:example_task_group_decorator
[2023-07-27T22:51:11.123+0200] {logging_mixin.py:150} INFO - [2023-07-27T22:51:11.123+0200] {manager.py:504} INFO - Created Permission View: can read on DAG:example_task_group_decorator
[2023-07-27T22:51:11.129+0200] {logging_mixin.py:150} INFO - [2023-07-27T22:51:11.129+0200] {manager.py:504} INFO - Created Permission View: can edit on DAG:example_task_group_decorator
[2023-07-27T22:51:11.137+0200] {logging_mixin.py:150} INFO - [2023-07-27T22:51:11.136+0200] {dag.py:2742} INFO - Sync 1 DAGs
[2023-07-27T22:51:11.140+0200] {logging_mixin.py:150} INFO - [2023-07-27T22:51:11.140+0200] {dag.py:2763} INFO - Creating ORM DAG for example_task_group_decorator
[2023-07-27T22:51:11.144+0200] {logging_mixin.py:150} INFO - [2023-07-27T22:51:11.144+0200] {dag.py:3504} INFO - Setting next_dagrun for example_task_group_decorator to 2023-07-26T20:51:11.144839+00:00, run_after=2023-07-27T20:51:11.144839+00:00
[2023-07-27T22:51:11.155+0200] {processor.py:179} INFO - Processing /Library/Frameworks/Python.framework/Versions/3.11/lib/python3.11/site-packages/airflow/example_dags/example_task_group_decorator.py took 0.482 seconds
