[2023-07-27T20:35:29.538+0200] {processor.py:157} INFO - Started process (PID=5730) to work on /Library/Frameworks/Python.framework/Versions/3.11/lib/python3.11/site-packages/airflow/example_dags/example_branch_labels.py
[2023-07-27T20:35:29.540+0200] {processor.py:826} INFO - Processing file /Library/Frameworks/Python.framework/Versions/3.11/lib/python3.11/site-packages/airflow/example_dags/example_branch_labels.py for tasks to queue
[2023-07-27T20:35:29.540+0200] {logging_mixin.py:150} INFO - [2023-07-27T20:35:29.540+0200] {dagbag.py:541} INFO - Filling up the DagBag from /Library/Frameworks/Python.framework/Versions/3.11/lib/python3.11/site-packages/airflow/example_dags/example_branch_labels.py
[2023-07-27T20:35:29.547+0200] {processor.py:836} INFO - DAG(s) dict_keys(['example_branch_labels']) retrieved from /Library/Frameworks/Python.framework/Versions/3.11/lib/python3.11/site-packages/airflow/example_dags/example_branch_labels.py
[2023-07-27T20:35:29.932+0200] {logging_mixin.py:150} INFO - [2023-07-27T20:35:29.932+0200] {manager.py:504} INFO - Created Permission View: can read on DAG:example_branch_labels
[2023-07-27T20:35:29.935+0200] {logging_mixin.py:150} INFO - [2023-07-27T20:35:29.935+0200] {manager.py:504} INFO - Created Permission View: can edit on DAG:example_branch_labels
[2023-07-27T20:35:29.936+0200] {logging_mixin.py:150} INFO - [2023-07-27T20:35:29.936+0200] {manager.py:504} INFO - Created Permission View: can delete on DAG:example_branch_labels
[2023-07-27T20:35:29.940+0200] {logging_mixin.py:150} INFO - [2023-07-27T20:35:29.940+0200] {dag.py:2742} INFO - Sync 1 DAGs
[2023-07-27T20:35:29.943+0200] {logging_mixin.py:150} INFO - [2023-07-27T20:35:29.942+0200] {dag.py:2763} INFO - Creating ORM DAG for example_branch_labels
[2023-07-27T20:35:29.945+0200] {logging_mixin.py:150} INFO - [2023-07-27T20:35:29.945+0200] {dag.py:3504} INFO - Setting next_dagrun for example_branch_labels to 2023-07-26T00:00:00+00:00, run_after=2023-07-27T00:00:00+00:00
[2023-07-27T20:35:29.950+0200] {processor.py:179} INFO - Processing /Library/Frameworks/Python.framework/Versions/3.11/lib/python3.11/site-packages/airflow/example_dags/example_branch_labels.py took 0.412 seconds
[2023-07-27T20:37:08.656+0200] {processor.py:157} INFO - Started process (PID=5801) to work on /Library/Frameworks/Python.framework/Versions/3.11/lib/python3.11/site-packages/airflow/example_dags/example_branch_labels.py
[2023-07-27T20:37:08.658+0200] {processor.py:826} INFO - Processing file /Library/Frameworks/Python.framework/Versions/3.11/lib/python3.11/site-packages/airflow/example_dags/example_branch_labels.py for tasks to queue
[2023-07-27T20:37:08.658+0200] {logging_mixin.py:150} INFO - [2023-07-27T20:37:08.658+0200] {dagbag.py:541} INFO - Filling up the DagBag from /Library/Frameworks/Python.framework/Versions/3.11/lib/python3.11/site-packages/airflow/example_dags/example_branch_labels.py
[2023-07-27T20:37:08.664+0200] {processor.py:836} INFO - DAG(s) dict_keys(['example_branch_labels']) retrieved from /Library/Frameworks/Python.framework/Versions/3.11/lib/python3.11/site-packages/airflow/example_dags/example_branch_labels.py
[2023-07-27T20:37:08.993+0200] {logging_mixin.py:150} INFO - [2023-07-27T20:37:08.993+0200] {dag.py:2742} INFO - Sync 1 DAGs
[2023-07-27T20:37:08.999+0200] {logging_mixin.py:150} INFO - [2023-07-27T20:37:08.999+0200] {dag.py:3504} INFO - Setting next_dagrun for example_branch_labels to 2023-07-26T00:00:00+00:00, run_after=2023-07-27T00:00:00+00:00
[2023-07-27T20:37:09.004+0200] {processor.py:179} INFO - Processing /Library/Frameworks/Python.framework/Versions/3.11/lib/python3.11/site-packages/airflow/example_dags/example_branch_labels.py took 0.349 seconds
[2023-07-27T20:38:49.395+0200] {processor.py:157} INFO - Started process (PID=5875) to work on /Library/Frameworks/Python.framework/Versions/3.11/lib/python3.11/site-packages/airflow/example_dags/example_branch_labels.py
[2023-07-27T20:38:49.397+0200] {processor.py:826} INFO - Processing file /Library/Frameworks/Python.framework/Versions/3.11/lib/python3.11/site-packages/airflow/example_dags/example_branch_labels.py for tasks to queue
[2023-07-27T20:38:49.397+0200] {logging_mixin.py:150} INFO - [2023-07-27T20:38:49.397+0200] {dagbag.py:541} INFO - Filling up the DagBag from /Library/Frameworks/Python.framework/Versions/3.11/lib/python3.11/site-packages/airflow/example_dags/example_branch_labels.py
[2023-07-27T20:38:49.403+0200] {processor.py:836} INFO - DAG(s) dict_keys(['example_branch_labels']) retrieved from /Library/Frameworks/Python.framework/Versions/3.11/lib/python3.11/site-packages/airflow/example_dags/example_branch_labels.py
[2023-07-27T20:38:49.728+0200] {logging_mixin.py:150} INFO - [2023-07-27T20:38:49.728+0200] {dag.py:2742} INFO - Sync 1 DAGs
[2023-07-27T20:38:49.733+0200] {logging_mixin.py:150} INFO - [2023-07-27T20:38:49.733+0200] {dag.py:3504} INFO - Setting next_dagrun for example_branch_labels to 2023-07-26T00:00:00+00:00, run_after=2023-07-27T00:00:00+00:00
[2023-07-27T20:38:49.739+0200] {processor.py:179} INFO - Processing /Library/Frameworks/Python.framework/Versions/3.11/lib/python3.11/site-packages/airflow/example_dags/example_branch_labels.py took 0.344 seconds
[2023-07-27T20:40:28.060+0200] {processor.py:157} INFO - Started process (PID=5953) to work on /Library/Frameworks/Python.framework/Versions/3.11/lib/python3.11/site-packages/airflow/example_dags/example_branch_labels.py
[2023-07-27T20:40:28.061+0200] {processor.py:826} INFO - Processing file /Library/Frameworks/Python.framework/Versions/3.11/lib/python3.11/site-packages/airflow/example_dags/example_branch_labels.py for tasks to queue
[2023-07-27T20:40:28.061+0200] {logging_mixin.py:150} INFO - [2023-07-27T20:40:28.061+0200] {dagbag.py:541} INFO - Filling up the DagBag from /Library/Frameworks/Python.framework/Versions/3.11/lib/python3.11/site-packages/airflow/example_dags/example_branch_labels.py
[2023-07-27T20:40:28.067+0200] {processor.py:836} INFO - DAG(s) dict_keys(['example_branch_labels']) retrieved from /Library/Frameworks/Python.framework/Versions/3.11/lib/python3.11/site-packages/airflow/example_dags/example_branch_labels.py
[2023-07-27T20:40:28.396+0200] {logging_mixin.py:150} INFO - [2023-07-27T20:40:28.396+0200] {dag.py:2742} INFO - Sync 1 DAGs
[2023-07-27T20:40:28.401+0200] {logging_mixin.py:150} INFO - [2023-07-27T20:40:28.401+0200] {dag.py:3504} INFO - Setting next_dagrun for example_branch_labels to 2023-07-26T00:00:00+00:00, run_after=2023-07-27T00:00:00+00:00
[2023-07-27T20:40:28.407+0200] {processor.py:179} INFO - Processing /Library/Frameworks/Python.framework/Versions/3.11/lib/python3.11/site-packages/airflow/example_dags/example_branch_labels.py took 0.347 seconds
[2023-07-27T20:42:07.961+0200] {processor.py:157} INFO - Started process (PID=6027) to work on /Library/Frameworks/Python.framework/Versions/3.11/lib/python3.11/site-packages/airflow/example_dags/example_branch_labels.py
[2023-07-27T20:42:07.962+0200] {processor.py:826} INFO - Processing file /Library/Frameworks/Python.framework/Versions/3.11/lib/python3.11/site-packages/airflow/example_dags/example_branch_labels.py for tasks to queue
[2023-07-27T20:42:07.962+0200] {logging_mixin.py:150} INFO - [2023-07-27T20:42:07.962+0200] {dagbag.py:541} INFO - Filling up the DagBag from /Library/Frameworks/Python.framework/Versions/3.11/lib/python3.11/site-packages/airflow/example_dags/example_branch_labels.py
[2023-07-27T20:42:07.968+0200] {processor.py:836} INFO - DAG(s) dict_keys(['example_branch_labels']) retrieved from /Library/Frameworks/Python.framework/Versions/3.11/lib/python3.11/site-packages/airflow/example_dags/example_branch_labels.py
[2023-07-27T20:42:08.321+0200] {logging_mixin.py:150} INFO - [2023-07-27T20:42:08.320+0200] {dag.py:2742} INFO - Sync 1 DAGs
[2023-07-27T20:42:08.326+0200] {logging_mixin.py:150} INFO - [2023-07-27T20:42:08.326+0200] {dag.py:3504} INFO - Setting next_dagrun for example_branch_labels to 2023-07-26T00:00:00+00:00, run_after=2023-07-27T00:00:00+00:00
[2023-07-27T20:42:08.332+0200] {processor.py:179} INFO - Processing /Library/Frameworks/Python.framework/Versions/3.11/lib/python3.11/site-packages/airflow/example_dags/example_branch_labels.py took 0.371 seconds
[2023-07-27T20:43:46.876+0200] {processor.py:157} INFO - Started process (PID=6109) to work on /Library/Frameworks/Python.framework/Versions/3.11/lib/python3.11/site-packages/airflow/example_dags/example_branch_labels.py
[2023-07-27T20:43:46.878+0200] {processor.py:826} INFO - Processing file /Library/Frameworks/Python.framework/Versions/3.11/lib/python3.11/site-packages/airflow/example_dags/example_branch_labels.py for tasks to queue
[2023-07-27T20:43:46.878+0200] {logging_mixin.py:150} INFO - [2023-07-27T20:43:46.878+0200] {dagbag.py:541} INFO - Filling up the DagBag from /Library/Frameworks/Python.framework/Versions/3.11/lib/python3.11/site-packages/airflow/example_dags/example_branch_labels.py
[2023-07-27T20:43:46.884+0200] {processor.py:836} INFO - DAG(s) dict_keys(['example_branch_labels']) retrieved from /Library/Frameworks/Python.framework/Versions/3.11/lib/python3.11/site-packages/airflow/example_dags/example_branch_labels.py
[2023-07-27T20:43:47.219+0200] {logging_mixin.py:150} INFO - [2023-07-27T20:43:47.219+0200] {dag.py:2742} INFO - Sync 1 DAGs
[2023-07-27T20:43:47.225+0200] {logging_mixin.py:150} INFO - [2023-07-27T20:43:47.225+0200] {dag.py:3504} INFO - Setting next_dagrun for example_branch_labels to 2023-07-26T00:00:00+00:00, run_after=2023-07-27T00:00:00+00:00
[2023-07-27T20:43:47.230+0200] {processor.py:179} INFO - Processing /Library/Frameworks/Python.framework/Versions/3.11/lib/python3.11/site-packages/airflow/example_dags/example_branch_labels.py took 0.354 seconds
[2023-07-27T20:45:21.790+0200] {processor.py:157} INFO - Started process (PID=6181) to work on /Library/Frameworks/Python.framework/Versions/3.11/lib/python3.11/site-packages/airflow/example_dags/example_branch_labels.py
[2023-07-27T20:45:21.792+0200] {processor.py:826} INFO - Processing file /Library/Frameworks/Python.framework/Versions/3.11/lib/python3.11/site-packages/airflow/example_dags/example_branch_labels.py for tasks to queue
[2023-07-27T20:45:21.792+0200] {logging_mixin.py:150} INFO - [2023-07-27T20:45:21.792+0200] {dagbag.py:541} INFO - Filling up the DagBag from /Library/Frameworks/Python.framework/Versions/3.11/lib/python3.11/site-packages/airflow/example_dags/example_branch_labels.py
[2023-07-27T20:45:21.798+0200] {processor.py:836} INFO - DAG(s) dict_keys(['example_branch_labels']) retrieved from /Library/Frameworks/Python.framework/Versions/3.11/lib/python3.11/site-packages/airflow/example_dags/example_branch_labels.py
[2023-07-27T20:45:22.121+0200] {logging_mixin.py:150} INFO - [2023-07-27T20:45:22.121+0200] {dag.py:2742} INFO - Sync 1 DAGs
[2023-07-27T20:45:22.126+0200] {logging_mixin.py:150} INFO - [2023-07-27T20:45:22.126+0200] {dag.py:3504} INFO - Setting next_dagrun for example_branch_labels to 2023-07-26T00:00:00+00:00, run_after=2023-07-27T00:00:00+00:00
[2023-07-27T20:45:22.132+0200] {processor.py:179} INFO - Processing /Library/Frameworks/Python.framework/Versions/3.11/lib/python3.11/site-packages/airflow/example_dags/example_branch_labels.py took 0.342 seconds
[2023-07-27T20:46:54.926+0200] {processor.py:157} INFO - Started process (PID=6262) to work on /Library/Frameworks/Python.framework/Versions/3.11/lib/python3.11/site-packages/airflow/example_dags/example_branch_labels.py
[2023-07-27T20:46:54.927+0200] {processor.py:826} INFO - Processing file /Library/Frameworks/Python.framework/Versions/3.11/lib/python3.11/site-packages/airflow/example_dags/example_branch_labels.py for tasks to queue
[2023-07-27T20:46:54.927+0200] {logging_mixin.py:150} INFO - [2023-07-27T20:46:54.927+0200] {dagbag.py:541} INFO - Filling up the DagBag from /Library/Frameworks/Python.framework/Versions/3.11/lib/python3.11/site-packages/airflow/example_dags/example_branch_labels.py
[2023-07-27T20:46:54.933+0200] {processor.py:836} INFO - DAG(s) dict_keys(['example_branch_labels']) retrieved from /Library/Frameworks/Python.framework/Versions/3.11/lib/python3.11/site-packages/airflow/example_dags/example_branch_labels.py
[2023-07-27T20:46:55.264+0200] {logging_mixin.py:150} INFO - [2023-07-27T20:46:55.264+0200] {dag.py:2742} INFO - Sync 1 DAGs
[2023-07-27T20:46:55.269+0200] {logging_mixin.py:150} INFO - [2023-07-27T20:46:55.269+0200] {dag.py:3504} INFO - Setting next_dagrun for example_branch_labels to 2023-07-26T00:00:00+00:00, run_after=2023-07-27T00:00:00+00:00
[2023-07-27T20:46:55.275+0200] {processor.py:179} INFO - Processing /Library/Frameworks/Python.framework/Versions/3.11/lib/python3.11/site-packages/airflow/example_dags/example_branch_labels.py took 0.350 seconds
[2023-07-27T20:48:33.670+0200] {processor.py:157} INFO - Started process (PID=6336) to work on /Library/Frameworks/Python.framework/Versions/3.11/lib/python3.11/site-packages/airflow/example_dags/example_branch_labels.py
[2023-07-27T20:48:33.672+0200] {processor.py:826} INFO - Processing file /Library/Frameworks/Python.framework/Versions/3.11/lib/python3.11/site-packages/airflow/example_dags/example_branch_labels.py for tasks to queue
[2023-07-27T20:48:33.672+0200] {logging_mixin.py:150} INFO - [2023-07-27T20:48:33.672+0200] {dagbag.py:541} INFO - Filling up the DagBag from /Library/Frameworks/Python.framework/Versions/3.11/lib/python3.11/site-packages/airflow/example_dags/example_branch_labels.py
[2023-07-27T20:48:33.678+0200] {processor.py:836} INFO - DAG(s) dict_keys(['example_branch_labels']) retrieved from /Library/Frameworks/Python.framework/Versions/3.11/lib/python3.11/site-packages/airflow/example_dags/example_branch_labels.py
[2023-07-27T20:48:34.028+0200] {logging_mixin.py:150} INFO - [2023-07-27T20:48:34.027+0200] {dag.py:2742} INFO - Sync 1 DAGs
[2023-07-27T20:48:34.033+0200] {logging_mixin.py:150} INFO - [2023-07-27T20:48:34.033+0200] {dag.py:3504} INFO - Setting next_dagrun for example_branch_labels to 2023-07-26T00:00:00+00:00, run_after=2023-07-27T00:00:00+00:00
[2023-07-27T20:48:34.038+0200] {processor.py:179} INFO - Processing /Library/Frameworks/Python.framework/Versions/3.11/lib/python3.11/site-packages/airflow/example_dags/example_branch_labels.py took 0.368 seconds
