[2023-07-27T20:34:50.667+0200] {processor.py:157} INFO - Started process (PID=5705) to work on /Library/Frameworks/Python.framework/Versions/3.11/lib/python3.11/site-packages/airflow/example_dags/example_setup_teardown_taskflow.py
[2023-07-27T20:34:50.668+0200] {processor.py:826} INFO - Processing file /Library/Frameworks/Python.framework/Versions/3.11/lib/python3.11/site-packages/airflow/example_dags/example_setup_teardown_taskflow.py for tasks to queue
[2023-07-27T20:34:50.668+0200] {logging_mixin.py:150} INFO - [2023-07-27T20:34:50.668+0200] {dagbag.py:541} INFO - Filling up the DagBag from /Library/Frameworks/Python.framework/Versions/3.11/lib/python3.11/site-packages/airflow/example_dags/example_setup_teardown_taskflow.py
[2023-07-27T20:34:50.697+0200] {processor.py:838} WARNING - No viable dags retrieved from /Library/Frameworks/Python.framework/Versions/3.11/lib/python3.11/site-packages/airflow/example_dags/example_setup_teardown_taskflow.py
[2023-07-27T20:34:50.989+0200] {processor.py:179} INFO - Processing /Library/Frameworks/Python.framework/Versions/3.11/lib/python3.11/site-packages/airflow/example_dags/example_setup_teardown_taskflow.py took 0.322 seconds
[2023-07-27T20:36:12.078+0200] {processor.py:157} INFO - Started process (PID=5765) to work on /Library/Frameworks/Python.framework/Versions/3.11/lib/python3.11/site-packages/airflow/example_dags/example_setup_teardown_taskflow.py
[2023-07-27T20:36:12.080+0200] {processor.py:826} INFO - Processing file /Library/Frameworks/Python.framework/Versions/3.11/lib/python3.11/site-packages/airflow/example_dags/example_setup_teardown_taskflow.py for tasks to queue
[2023-07-27T20:36:12.080+0200] {logging_mixin.py:150} INFO - [2023-07-27T20:36:12.080+0200] {dagbag.py:541} INFO - Filling up the DagBag from /Library/Frameworks/Python.framework/Versions/3.11/lib/python3.11/site-packages/airflow/example_dags/example_setup_teardown_taskflow.py
[2023-07-27T20:36:12.105+0200] {processor.py:838} WARNING - No viable dags retrieved from /Library/Frameworks/Python.framework/Versions/3.11/lib/python3.11/site-packages/airflow/example_dags/example_setup_teardown_taskflow.py
[2023-07-27T20:36:12.377+0200] {processor.py:179} INFO - Processing /Library/Frameworks/Python.framework/Versions/3.11/lib/python3.11/site-packages/airflow/example_dags/example_setup_teardown_taskflow.py took 0.300 seconds
[2023-07-27T20:37:51.299+0200] {processor.py:157} INFO - Started process (PID=5832) to work on /Library/Frameworks/Python.framework/Versions/3.11/lib/python3.11/site-packages/airflow/example_dags/example_setup_teardown_taskflow.py
[2023-07-27T20:37:51.301+0200] {processor.py:826} INFO - Processing file /Library/Frameworks/Python.framework/Versions/3.11/lib/python3.11/site-packages/airflow/example_dags/example_setup_teardown_taskflow.py for tasks to queue
[2023-07-27T20:37:51.302+0200] {logging_mixin.py:150} INFO - [2023-07-27T20:37:51.302+0200] {dagbag.py:541} INFO - Filling up the DagBag from /Library/Frameworks/Python.framework/Versions/3.11/lib/python3.11/site-packages/airflow/example_dags/example_setup_teardown_taskflow.py
[2023-07-27T20:37:51.326+0200] {processor.py:838} WARNING - No viable dags retrieved from /Library/Frameworks/Python.framework/Versions/3.11/lib/python3.11/site-packages/airflow/example_dags/example_setup_teardown_taskflow.py
[2023-07-27T20:37:51.597+0200] {processor.py:179} INFO - Processing /Library/Frameworks/Python.framework/Versions/3.11/lib/python3.11/site-packages/airflow/example_dags/example_setup_teardown_taskflow.py took 0.298 seconds
[2023-07-27T20:39:28.632+0200] {processor.py:157} INFO - Started process (PID=5910) to work on /Library/Frameworks/Python.framework/Versions/3.11/lib/python3.11/site-packages/airflow/example_dags/example_setup_teardown_taskflow.py
[2023-07-27T20:39:28.633+0200] {processor.py:826} INFO - Processing file /Library/Frameworks/Python.framework/Versions/3.11/lib/python3.11/site-packages/airflow/example_dags/example_setup_teardown_taskflow.py for tasks to queue
[2023-07-27T20:39:28.634+0200] {logging_mixin.py:150} INFO - [2023-07-27T20:39:28.634+0200] {dagbag.py:541} INFO - Filling up the DagBag from /Library/Frameworks/Python.framework/Versions/3.11/lib/python3.11/site-packages/airflow/example_dags/example_setup_teardown_taskflow.py
[2023-07-27T20:39:28.660+0200] {processor.py:838} WARNING - No viable dags retrieved from /Library/Frameworks/Python.framework/Versions/3.11/lib/python3.11/site-packages/airflow/example_dags/example_setup_teardown_taskflow.py
[2023-07-27T20:39:28.940+0200] {processor.py:179} INFO - Processing /Library/Frameworks/Python.framework/Versions/3.11/lib/python3.11/site-packages/airflow/example_dags/example_setup_teardown_taskflow.py took 0.308 seconds
[2023-07-27T20:41:10.422+0200] {processor.py:157} INFO - Started process (PID=5979) to work on /Library/Frameworks/Python.framework/Versions/3.11/lib/python3.11/site-packages/airflow/example_dags/example_setup_teardown_taskflow.py
[2023-07-27T20:41:10.423+0200] {processor.py:826} INFO - Processing file /Library/Frameworks/Python.framework/Versions/3.11/lib/python3.11/site-packages/airflow/example_dags/example_setup_teardown_taskflow.py for tasks to queue
[2023-07-27T20:41:10.423+0200] {logging_mixin.py:150} INFO - [2023-07-27T20:41:10.423+0200] {dagbag.py:541} INFO - Filling up the DagBag from /Library/Frameworks/Python.framework/Versions/3.11/lib/python3.11/site-packages/airflow/example_dags/example_setup_teardown_taskflow.py
[2023-07-27T20:41:10.449+0200] {processor.py:838} WARNING - No viable dags retrieved from /Library/Frameworks/Python.framework/Versions/3.11/lib/python3.11/site-packages/airflow/example_dags/example_setup_teardown_taskflow.py
[2023-07-27T20:41:10.730+0200] {processor.py:179} INFO - Processing /Library/Frameworks/Python.framework/Versions/3.11/lib/python3.11/site-packages/airflow/example_dags/example_setup_teardown_taskflow.py took 0.308 seconds
[2023-07-27T20:42:49.546+0200] {processor.py:157} INFO - Started process (PID=6063) to work on /Library/Frameworks/Python.framework/Versions/3.11/lib/python3.11/site-packages/airflow/example_dags/example_setup_teardown_taskflow.py
[2023-07-27T20:42:49.548+0200] {processor.py:826} INFO - Processing file /Library/Frameworks/Python.framework/Versions/3.11/lib/python3.11/site-packages/airflow/example_dags/example_setup_teardown_taskflow.py for tasks to queue
[2023-07-27T20:42:49.548+0200] {logging_mixin.py:150} INFO - [2023-07-27T20:42:49.548+0200] {dagbag.py:541} INFO - Filling up the DagBag from /Library/Frameworks/Python.framework/Versions/3.11/lib/python3.11/site-packages/airflow/example_dags/example_setup_teardown_taskflow.py
[2023-07-27T20:42:49.573+0200] {processor.py:838} WARNING - No viable dags retrieved from /Library/Frameworks/Python.framework/Versions/3.11/lib/python3.11/site-packages/airflow/example_dags/example_setup_teardown_taskflow.py
[2023-07-27T20:42:49.857+0200] {processor.py:179} INFO - Processing /Library/Frameworks/Python.framework/Versions/3.11/lib/python3.11/site-packages/airflow/example_dags/example_setup_teardown_taskflow.py took 0.311 seconds
[2023-07-27T20:44:24.710+0200] {processor.py:157} INFO - Started process (PID=6135) to work on /Library/Frameworks/Python.framework/Versions/3.11/lib/python3.11/site-packages/airflow/example_dags/example_setup_teardown_taskflow.py
[2023-07-27T20:44:24.711+0200] {processor.py:826} INFO - Processing file /Library/Frameworks/Python.framework/Versions/3.11/lib/python3.11/site-packages/airflow/example_dags/example_setup_teardown_taskflow.py for tasks to queue
[2023-07-27T20:44:24.711+0200] {logging_mixin.py:150} INFO - [2023-07-27T20:44:24.711+0200] {dagbag.py:541} INFO - Filling up the DagBag from /Library/Frameworks/Python.framework/Versions/3.11/lib/python3.11/site-packages/airflow/example_dags/example_setup_teardown_taskflow.py
[2023-07-27T20:44:24.745+0200] {processor.py:838} WARNING - No viable dags retrieved from /Library/Frameworks/Python.framework/Versions/3.11/lib/python3.11/site-packages/airflow/example_dags/example_setup_teardown_taskflow.py
[2023-07-27T20:44:25.055+0200] {processor.py:179} INFO - Processing /Library/Frameworks/Python.framework/Versions/3.11/lib/python3.11/site-packages/airflow/example_dags/example_setup_teardown_taskflow.py took 0.345 seconds
[2023-07-27T20:45:59.659+0200] {processor.py:157} INFO - Started process (PID=6211) to work on /Library/Frameworks/Python.framework/Versions/3.11/lib/python3.11/site-packages/airflow/example_dags/example_setup_teardown_taskflow.py
[2023-07-27T20:45:59.660+0200] {processor.py:826} INFO - Processing file /Library/Frameworks/Python.framework/Versions/3.11/lib/python3.11/site-packages/airflow/example_dags/example_setup_teardown_taskflow.py for tasks to queue
[2023-07-27T20:45:59.660+0200] {logging_mixin.py:150} INFO - [2023-07-27T20:45:59.660+0200] {dagbag.py:541} INFO - Filling up the DagBag from /Library/Frameworks/Python.framework/Versions/3.11/lib/python3.11/site-packages/airflow/example_dags/example_setup_teardown_taskflow.py
[2023-07-27T20:45:59.687+0200] {processor.py:838} WARNING - No viable dags retrieved from /Library/Frameworks/Python.framework/Versions/3.11/lib/python3.11/site-packages/airflow/example_dags/example_setup_teardown_taskflow.py
[2023-07-27T20:45:59.980+0200] {processor.py:179} INFO - Processing /Library/Frameworks/Python.framework/Versions/3.11/lib/python3.11/site-packages/airflow/example_dags/example_setup_teardown_taskflow.py took 0.321 seconds
[2023-07-27T20:47:35.743+0200] {processor.py:157} INFO - Started process (PID=6291) to work on /Library/Frameworks/Python.framework/Versions/3.11/lib/python3.11/site-packages/airflow/example_dags/example_setup_teardown_taskflow.py
[2023-07-27T20:47:35.745+0200] {processor.py:826} INFO - Processing file /Library/Frameworks/Python.framework/Versions/3.11/lib/python3.11/site-packages/airflow/example_dags/example_setup_teardown_taskflow.py for tasks to queue
[2023-07-27T20:47:35.745+0200] {logging_mixin.py:150} INFO - [2023-07-27T20:47:35.745+0200] {dagbag.py:541} INFO - Filling up the DagBag from /Library/Frameworks/Python.framework/Versions/3.11/lib/python3.11/site-packages/airflow/example_dags/example_setup_teardown_taskflow.py
[2023-07-27T20:47:35.770+0200] {processor.py:838} WARNING - No viable dags retrieved from /Library/Frameworks/Python.framework/Versions/3.11/lib/python3.11/site-packages/airflow/example_dags/example_setup_teardown_taskflow.py
[2023-07-27T20:47:36.042+0200] {processor.py:179} INFO - Processing /Library/Frameworks/Python.framework/Versions/3.11/lib/python3.11/site-packages/airflow/example_dags/example_setup_teardown_taskflow.py took 0.299 seconds
[2023-07-27T20:49:13.963+0200] {processor.py:157} INFO - Started process (PID=6360) to work on /Library/Frameworks/Python.framework/Versions/3.11/lib/python3.11/site-packages/airflow/example_dags/example_setup_teardown_taskflow.py
[2023-07-27T20:49:13.964+0200] {processor.py:826} INFO - Processing file /Library/Frameworks/Python.framework/Versions/3.11/lib/python3.11/site-packages/airflow/example_dags/example_setup_teardown_taskflow.py for tasks to queue
[2023-07-27T20:49:13.965+0200] {logging_mixin.py:150} INFO - [2023-07-27T20:49:13.965+0200] {dagbag.py:541} INFO - Filling up the DagBag from /Library/Frameworks/Python.framework/Versions/3.11/lib/python3.11/site-packages/airflow/example_dags/example_setup_teardown_taskflow.py
[2023-07-27T20:49:13.989+0200] {processor.py:838} WARNING - No viable dags retrieved from /Library/Frameworks/Python.framework/Versions/3.11/lib/python3.11/site-packages/airflow/example_dags/example_setup_teardown_taskflow.py
[2023-07-27T20:49:14.260+0200] {processor.py:179} INFO - Processing /Library/Frameworks/Python.framework/Versions/3.11/lib/python3.11/site-packages/airflow/example_dags/example_setup_teardown_taskflow.py took 0.297 seconds
[2023-07-27T22:51:14.633+0200] {processor.py:157} INFO - Started process (PID=8847) to work on /Library/Frameworks/Python.framework/Versions/3.11/lib/python3.11/site-packages/airflow/example_dags/example_setup_teardown_taskflow.py
[2023-07-27T22:51:14.635+0200] {processor.py:826} INFO - Processing file /Library/Frameworks/Python.framework/Versions/3.11/lib/python3.11/site-packages/airflow/example_dags/example_setup_teardown_taskflow.py for tasks to queue
[2023-07-27T22:51:14.635+0200] {logging_mixin.py:150} INFO - [2023-07-27T22:51:14.635+0200] {dagbag.py:541} INFO - Filling up the DagBag from /Library/Frameworks/Python.framework/Versions/3.11/lib/python3.11/site-packages/airflow/example_dags/example_setup_teardown_taskflow.py
[2023-07-27T22:51:14.664+0200] {processor.py:838} WARNING - No viable dags retrieved from /Library/Frameworks/Python.framework/Versions/3.11/lib/python3.11/site-packages/airflow/example_dags/example_setup_teardown_taskflow.py
[2023-07-27T22:51:14.993+0200] {processor.py:179} INFO - Processing /Library/Frameworks/Python.framework/Versions/3.11/lib/python3.11/site-packages/airflow/example_dags/example_setup_teardown_taskflow.py took 0.361 seconds
