[2023-07-27T20:34:48.782+0200] {processor.py:157} INFO - Started process (PID=5703) to work on /Library/Frameworks/Python.framework/Versions/3.11/lib/python3.11/site-packages/airflow/example_dags/example_short_circuit_decorator.py
[2023-07-27T20:34:48.783+0200] {processor.py:826} INFO - Processing file /Library/Frameworks/Python.framework/Versions/3.11/lib/python3.11/site-packages/airflow/example_dags/example_short_circuit_decorator.py for tasks to queue
[2023-07-27T20:34:48.784+0200] {logging_mixin.py:150} INFO - [2023-07-27T20:34:48.784+0200] {dagbag.py:541} INFO - Filling up the DagBag from /Library/Frameworks/Python.framework/Versions/3.11/lib/python3.11/site-packages/airflow/example_dags/example_short_circuit_decorator.py
[2023-07-27T20:34:48.814+0200] {processor.py:836} INFO - DAG(s) dict_keys(['example_short_circuit_decorator']) retrieved from /Library/Frameworks/Python.framework/Versions/3.11/lib/python3.11/site-packages/airflow/example_dags/example_short_circuit_decorator.py
[2023-07-27T20:34:49.170+0200] {logging_mixin.py:150} INFO - [2023-07-27T20:34:49.170+0200] {manager.py:504} INFO - Created Permission View: can read on DAG:example_short_circuit_decorator
[2023-07-27T20:34:49.172+0200] {logging_mixin.py:150} INFO - [2023-07-27T20:34:49.172+0200] {manager.py:504} INFO - Created Permission View: can delete on DAG:example_short_circuit_decorator
[2023-07-27T20:34:49.174+0200] {logging_mixin.py:150} INFO - [2023-07-27T20:34:49.174+0200] {manager.py:504} INFO - Created Permission View: can edit on DAG:example_short_circuit_decorator
[2023-07-27T20:34:49.177+0200] {logging_mixin.py:150} INFO - [2023-07-27T20:34:49.177+0200] {dag.py:2742} INFO - Sync 1 DAGs
[2023-07-27T20:34:49.180+0200] {logging_mixin.py:150} INFO - [2023-07-27T20:34:49.180+0200] {dag.py:2763} INFO - Creating ORM DAG for example_short_circuit_decorator
[2023-07-27T20:34:49.183+0200] {logging_mixin.py:150} INFO - [2023-07-27T20:34:49.182+0200] {dag.py:3504} INFO - Setting next_dagrun for example_short_circuit_decorator to 2023-07-26T18:34:49.182924+00:00, run_after=2023-07-27T18:34:49.182924+00:00
[2023-07-27T20:34:49.187+0200] {processor.py:179} INFO - Processing /Library/Frameworks/Python.framework/Versions/3.11/lib/python3.11/site-packages/airflow/example_dags/example_short_circuit_decorator.py took 0.406 seconds
[2023-07-27T20:36:10.223+0200] {processor.py:157} INFO - Started process (PID=5764) to work on /Library/Frameworks/Python.framework/Versions/3.11/lib/python3.11/site-packages/airflow/example_dags/example_short_circuit_decorator.py
[2023-07-27T20:36:10.225+0200] {processor.py:826} INFO - Processing file /Library/Frameworks/Python.framework/Versions/3.11/lib/python3.11/site-packages/airflow/example_dags/example_short_circuit_decorator.py for tasks to queue
[2023-07-27T20:36:10.225+0200] {logging_mixin.py:150} INFO - [2023-07-27T20:36:10.225+0200] {dagbag.py:541} INFO - Filling up the DagBag from /Library/Frameworks/Python.framework/Versions/3.11/lib/python3.11/site-packages/airflow/example_dags/example_short_circuit_decorator.py
[2023-07-27T20:36:10.259+0200] {processor.py:836} INFO - DAG(s) dict_keys(['example_short_circuit_decorator']) retrieved from /Library/Frameworks/Python.framework/Versions/3.11/lib/python3.11/site-packages/airflow/example_dags/example_short_circuit_decorator.py
[2023-07-27T20:36:10.586+0200] {logging_mixin.py:150} INFO - [2023-07-27T20:36:10.586+0200] {dag.py:2742} INFO - Sync 1 DAGs
[2023-07-27T20:36:10.591+0200] {logging_mixin.py:150} INFO - [2023-07-27T20:36:10.591+0200] {dag.py:3504} INFO - Setting next_dagrun for example_short_circuit_decorator to 2023-07-26T18:36:10.591051+00:00, run_after=2023-07-27T18:36:10.591051+00:00
[2023-07-27T20:36:10.597+0200] {processor.py:179} INFO - Processing /Library/Frameworks/Python.framework/Versions/3.11/lib/python3.11/site-packages/airflow/example_dags/example_short_circuit_decorator.py took 0.374 seconds
[2023-07-27T20:37:49.461+0200] {processor.py:157} INFO - Started process (PID=5831) to work on /Library/Frameworks/Python.framework/Versions/3.11/lib/python3.11/site-packages/airflow/example_dags/example_short_circuit_decorator.py
[2023-07-27T20:37:49.463+0200] {processor.py:826} INFO - Processing file /Library/Frameworks/Python.framework/Versions/3.11/lib/python3.11/site-packages/airflow/example_dags/example_short_circuit_decorator.py for tasks to queue
[2023-07-27T20:37:49.463+0200] {logging_mixin.py:150} INFO - [2023-07-27T20:37:49.463+0200] {dagbag.py:541} INFO - Filling up the DagBag from /Library/Frameworks/Python.framework/Versions/3.11/lib/python3.11/site-packages/airflow/example_dags/example_short_circuit_decorator.py
[2023-07-27T20:37:49.491+0200] {processor.py:836} INFO - DAG(s) dict_keys(['example_short_circuit_decorator']) retrieved from /Library/Frameworks/Python.framework/Versions/3.11/lib/python3.11/site-packages/airflow/example_dags/example_short_circuit_decorator.py
[2023-07-27T20:37:49.801+0200] {logging_mixin.py:150} INFO - [2023-07-27T20:37:49.801+0200] {dag.py:2742} INFO - Sync 1 DAGs
[2023-07-27T20:37:49.806+0200] {logging_mixin.py:150} INFO - [2023-07-27T20:37:49.805+0200] {dag.py:3504} INFO - Setting next_dagrun for example_short_circuit_decorator to 2023-07-26T18:37:49.805933+00:00, run_after=2023-07-27T18:37:49.805933+00:00
[2023-07-27T20:37:49.812+0200] {processor.py:179} INFO - Processing /Library/Frameworks/Python.framework/Versions/3.11/lib/python3.11/site-packages/airflow/example_dags/example_short_circuit_decorator.py took 0.351 seconds
[2023-07-27T20:39:26.775+0200] {processor.py:157} INFO - Started process (PID=5909) to work on /Library/Frameworks/Python.framework/Versions/3.11/lib/python3.11/site-packages/airflow/example_dags/example_short_circuit_decorator.py
[2023-07-27T20:39:26.776+0200] {processor.py:826} INFO - Processing file /Library/Frameworks/Python.framework/Versions/3.11/lib/python3.11/site-packages/airflow/example_dags/example_short_circuit_decorator.py for tasks to queue
[2023-07-27T20:39:26.776+0200] {logging_mixin.py:150} INFO - [2023-07-27T20:39:26.776+0200] {dagbag.py:541} INFO - Filling up the DagBag from /Library/Frameworks/Python.framework/Versions/3.11/lib/python3.11/site-packages/airflow/example_dags/example_short_circuit_decorator.py
[2023-07-27T20:39:26.805+0200] {processor.py:836} INFO - DAG(s) dict_keys(['example_short_circuit_decorator']) retrieved from /Library/Frameworks/Python.framework/Versions/3.11/lib/python3.11/site-packages/airflow/example_dags/example_short_circuit_decorator.py
[2023-07-27T20:39:27.122+0200] {logging_mixin.py:150} INFO - [2023-07-27T20:39:27.122+0200] {dag.py:2742} INFO - Sync 1 DAGs
[2023-07-27T20:39:27.127+0200] {logging_mixin.py:150} INFO - [2023-07-27T20:39:27.127+0200] {dag.py:3504} INFO - Setting next_dagrun for example_short_circuit_decorator to 2023-07-26T18:39:27.127254+00:00, run_after=2023-07-27T18:39:27.127254+00:00
[2023-07-27T20:39:27.133+0200] {processor.py:179} INFO - Processing /Library/Frameworks/Python.framework/Versions/3.11/lib/python3.11/site-packages/airflow/example_dags/example_short_circuit_decorator.py took 0.358 seconds
[2023-07-27T20:41:08.563+0200] {processor.py:157} INFO - Started process (PID=5978) to work on /Library/Frameworks/Python.framework/Versions/3.11/lib/python3.11/site-packages/airflow/example_dags/example_short_circuit_decorator.py
[2023-07-27T20:41:08.564+0200] {processor.py:826} INFO - Processing file /Library/Frameworks/Python.framework/Versions/3.11/lib/python3.11/site-packages/airflow/example_dags/example_short_circuit_decorator.py for tasks to queue
[2023-07-27T20:41:08.565+0200] {logging_mixin.py:150} INFO - [2023-07-27T20:41:08.564+0200] {dagbag.py:541} INFO - Filling up the DagBag from /Library/Frameworks/Python.framework/Versions/3.11/lib/python3.11/site-packages/airflow/example_dags/example_short_circuit_decorator.py
[2023-07-27T20:41:08.595+0200] {processor.py:836} INFO - DAG(s) dict_keys(['example_short_circuit_decorator']) retrieved from /Library/Frameworks/Python.framework/Versions/3.11/lib/python3.11/site-packages/airflow/example_dags/example_short_circuit_decorator.py
[2023-07-27T20:41:08.918+0200] {logging_mixin.py:150} INFO - [2023-07-27T20:41:08.918+0200] {dag.py:2742} INFO - Sync 1 DAGs
[2023-07-27T20:41:08.923+0200] {logging_mixin.py:150} INFO - [2023-07-27T20:41:08.923+0200] {dag.py:3504} INFO - Setting next_dagrun for example_short_circuit_decorator to 2023-07-26T18:41:08.923010+00:00, run_after=2023-07-27T18:41:08.923010+00:00
[2023-07-27T20:41:08.929+0200] {processor.py:179} INFO - Processing /Library/Frameworks/Python.framework/Versions/3.11/lib/python3.11/site-packages/airflow/example_dags/example_short_circuit_decorator.py took 0.366 seconds
[2023-07-27T20:42:47.685+0200] {processor.py:157} INFO - Started process (PID=6053) to work on /Library/Frameworks/Python.framework/Versions/3.11/lib/python3.11/site-packages/airflow/example_dags/example_short_circuit_decorator.py
[2023-07-27T20:42:47.686+0200] {processor.py:826} INFO - Processing file /Library/Frameworks/Python.framework/Versions/3.11/lib/python3.11/site-packages/airflow/example_dags/example_short_circuit_decorator.py for tasks to queue
[2023-07-27T20:42:47.686+0200] {logging_mixin.py:150} INFO - [2023-07-27T20:42:47.686+0200] {dagbag.py:541} INFO - Filling up the DagBag from /Library/Frameworks/Python.framework/Versions/3.11/lib/python3.11/site-packages/airflow/example_dags/example_short_circuit_decorator.py
[2023-07-27T20:42:47.717+0200] {processor.py:836} INFO - DAG(s) dict_keys(['example_short_circuit_decorator']) retrieved from /Library/Frameworks/Python.framework/Versions/3.11/lib/python3.11/site-packages/airflow/example_dags/example_short_circuit_decorator.py
[2023-07-27T20:42:48.040+0200] {logging_mixin.py:150} INFO - [2023-07-27T20:42:48.040+0200] {dag.py:2742} INFO - Sync 1 DAGs
[2023-07-27T20:42:48.045+0200] {logging_mixin.py:150} INFO - [2023-07-27T20:42:48.045+0200] {dag.py:3504} INFO - Setting next_dagrun for example_short_circuit_decorator to 2023-07-26T18:42:48.045634+00:00, run_after=2023-07-27T18:42:48.045634+00:00
[2023-07-27T20:42:48.051+0200] {processor.py:179} INFO - Processing /Library/Frameworks/Python.framework/Versions/3.11/lib/python3.11/site-packages/airflow/example_dags/example_short_circuit_decorator.py took 0.367 seconds
[2023-07-27T20:44:22.833+0200] {processor.py:157} INFO - Started process (PID=6134) to work on /Library/Frameworks/Python.framework/Versions/3.11/lib/python3.11/site-packages/airflow/example_dags/example_short_circuit_decorator.py
[2023-07-27T20:44:22.834+0200] {processor.py:826} INFO - Processing file /Library/Frameworks/Python.framework/Versions/3.11/lib/python3.11/site-packages/airflow/example_dags/example_short_circuit_decorator.py for tasks to queue
[2023-07-27T20:44:22.835+0200] {logging_mixin.py:150} INFO - [2023-07-27T20:44:22.835+0200] {dagbag.py:541} INFO - Filling up the DagBag from /Library/Frameworks/Python.framework/Versions/3.11/lib/python3.11/site-packages/airflow/example_dags/example_short_circuit_decorator.py
[2023-07-27T20:44:22.865+0200] {processor.py:836} INFO - DAG(s) dict_keys(['example_short_circuit_decorator']) retrieved from /Library/Frameworks/Python.framework/Versions/3.11/lib/python3.11/site-packages/airflow/example_dags/example_short_circuit_decorator.py
[2023-07-27T20:44:23.195+0200] {logging_mixin.py:150} INFO - [2023-07-27T20:44:23.195+0200] {dag.py:2742} INFO - Sync 1 DAGs
[2023-07-27T20:44:23.201+0200] {logging_mixin.py:150} INFO - [2023-07-27T20:44:23.201+0200] {dag.py:3504} INFO - Setting next_dagrun for example_short_circuit_decorator to 2023-07-26T18:44:23.201079+00:00, run_after=2023-07-27T18:44:23.201079+00:00
[2023-07-27T20:44:23.207+0200] {processor.py:179} INFO - Processing /Library/Frameworks/Python.framework/Versions/3.11/lib/python3.11/site-packages/airflow/example_dags/example_short_circuit_decorator.py took 0.374 seconds
[2023-07-27T20:45:57.754+0200] {processor.py:157} INFO - Started process (PID=6210) to work on /Library/Frameworks/Python.framework/Versions/3.11/lib/python3.11/site-packages/airflow/example_dags/example_short_circuit_decorator.py
[2023-07-27T20:45:57.755+0200] {processor.py:826} INFO - Processing file /Library/Frameworks/Python.framework/Versions/3.11/lib/python3.11/site-packages/airflow/example_dags/example_short_circuit_decorator.py for tasks to queue
[2023-07-27T20:45:57.755+0200] {logging_mixin.py:150} INFO - [2023-07-27T20:45:57.755+0200] {dagbag.py:541} INFO - Filling up the DagBag from /Library/Frameworks/Python.framework/Versions/3.11/lib/python3.11/site-packages/airflow/example_dags/example_short_circuit_decorator.py
[2023-07-27T20:45:57.789+0200] {processor.py:836} INFO - DAG(s) dict_keys(['example_short_circuit_decorator']) retrieved from /Library/Frameworks/Python.framework/Versions/3.11/lib/python3.11/site-packages/airflow/example_dags/example_short_circuit_decorator.py
[2023-07-27T20:45:58.133+0200] {logging_mixin.py:150} INFO - [2023-07-27T20:45:58.133+0200] {dag.py:2742} INFO - Sync 1 DAGs
[2023-07-27T20:45:58.138+0200] {logging_mixin.py:150} INFO - [2023-07-27T20:45:58.138+0200] {dag.py:3504} INFO - Setting next_dagrun for example_short_circuit_decorator to 2023-07-26T18:45:58.138832+00:00, run_after=2023-07-27T18:45:58.138832+00:00
[2023-07-27T20:45:58.145+0200] {processor.py:179} INFO - Processing /Library/Frameworks/Python.framework/Versions/3.11/lib/python3.11/site-packages/airflow/example_dags/example_short_circuit_decorator.py took 0.392 seconds
[2023-07-27T20:47:33.911+0200] {processor.py:157} INFO - Started process (PID=6290) to work on /Library/Frameworks/Python.framework/Versions/3.11/lib/python3.11/site-packages/airflow/example_dags/example_short_circuit_decorator.py
[2023-07-27T20:47:33.913+0200] {processor.py:826} INFO - Processing file /Library/Frameworks/Python.framework/Versions/3.11/lib/python3.11/site-packages/airflow/example_dags/example_short_circuit_decorator.py for tasks to queue
[2023-07-27T20:47:33.914+0200] {logging_mixin.py:150} INFO - [2023-07-27T20:47:33.914+0200] {dagbag.py:541} INFO - Filling up the DagBag from /Library/Frameworks/Python.framework/Versions/3.11/lib/python3.11/site-packages/airflow/example_dags/example_short_circuit_decorator.py
[2023-07-27T20:47:33.942+0200] {processor.py:836} INFO - DAG(s) dict_keys(['example_short_circuit_decorator']) retrieved from /Library/Frameworks/Python.framework/Versions/3.11/lib/python3.11/site-packages/airflow/example_dags/example_short_circuit_decorator.py
[2023-07-27T20:47:34.255+0200] {logging_mixin.py:150} INFO - [2023-07-27T20:47:34.254+0200] {dag.py:2742} INFO - Sync 1 DAGs
[2023-07-27T20:47:34.259+0200] {logging_mixin.py:150} INFO - [2023-07-27T20:47:34.259+0200] {dag.py:3504} INFO - Setting next_dagrun for example_short_circuit_decorator to 2023-07-26T18:47:34.259827+00:00, run_after=2023-07-27T18:47:34.259827+00:00
[2023-07-27T20:47:34.266+0200] {processor.py:179} INFO - Processing /Library/Frameworks/Python.framework/Versions/3.11/lib/python3.11/site-packages/airflow/example_dags/example_short_circuit_decorator.py took 0.355 seconds
[2023-07-27T20:49:12.111+0200] {processor.py:157} INFO - Started process (PID=6359) to work on /Library/Frameworks/Python.framework/Versions/3.11/lib/python3.11/site-packages/airflow/example_dags/example_short_circuit_decorator.py
[2023-07-27T20:49:12.112+0200] {processor.py:826} INFO - Processing file /Library/Frameworks/Python.framework/Versions/3.11/lib/python3.11/site-packages/airflow/example_dags/example_short_circuit_decorator.py for tasks to queue
[2023-07-27T20:49:12.112+0200] {logging_mixin.py:150} INFO - [2023-07-27T20:49:12.112+0200] {dagbag.py:541} INFO - Filling up the DagBag from /Library/Frameworks/Python.framework/Versions/3.11/lib/python3.11/site-packages/airflow/example_dags/example_short_circuit_decorator.py
[2023-07-27T20:49:12.142+0200] {processor.py:836} INFO - DAG(s) dict_keys(['example_short_circuit_decorator']) retrieved from /Library/Frameworks/Python.framework/Versions/3.11/lib/python3.11/site-packages/airflow/example_dags/example_short_circuit_decorator.py
[2023-07-27T20:49:12.465+0200] {logging_mixin.py:150} INFO - [2023-07-27T20:49:12.465+0200] {dag.py:2742} INFO - Sync 1 DAGs
[2023-07-27T20:49:12.470+0200] {logging_mixin.py:150} INFO - [2023-07-27T20:49:12.470+0200] {dag.py:3504} INFO - Setting next_dagrun for example_short_circuit_decorator to 2023-07-26T18:49:12.470794+00:00, run_after=2023-07-27T18:49:12.470794+00:00
[2023-07-27T20:49:12.477+0200] {processor.py:179} INFO - Processing /Library/Frameworks/Python.framework/Versions/3.11/lib/python3.11/site-packages/airflow/example_dags/example_short_circuit_decorator.py took 0.366 seconds
[2023-07-27T22:51:14.633+0200] {processor.py:157} INFO - Started process (PID=8846) to work on /Library/Frameworks/Python.framework/Versions/3.11/lib/python3.11/site-packages/airflow/example_dags/example_short_circuit_decorator.py
[2023-07-27T22:51:14.635+0200] {processor.py:826} INFO - Processing file /Library/Frameworks/Python.framework/Versions/3.11/lib/python3.11/site-packages/airflow/example_dags/example_short_circuit_decorator.py for tasks to queue
[2023-07-27T22:51:14.635+0200] {logging_mixin.py:150} INFO - [2023-07-27T22:51:14.635+0200] {dagbag.py:541} INFO - Filling up the DagBag from /Library/Frameworks/Python.framework/Versions/3.11/lib/python3.11/site-packages/airflow/example_dags/example_short_circuit_decorator.py
[2023-07-27T22:51:14.666+0200] {processor.py:836} INFO - DAG(s) dict_keys(['example_short_circuit_decorator']) retrieved from /Library/Frameworks/Python.framework/Versions/3.11/lib/python3.11/site-packages/airflow/example_dags/example_short_circuit_decorator.py
[2023-07-27T22:51:15.072+0200] {logging_mixin.py:150} INFO - [2023-07-27T22:51:15.072+0200] {manager.py:504} INFO - Created Permission View: can read on DAG:example_short_circuit_decorator
[2023-07-27T22:51:15.083+0200] {logging_mixin.py:150} INFO - [2023-07-27T22:51:15.083+0200] {manager.py:504} INFO - Created Permission View: can edit on DAG:example_short_circuit_decorator
[2023-07-27T22:51:15.092+0200] {logging_mixin.py:150} INFO - [2023-07-27T22:51:15.092+0200] {manager.py:504} INFO - Created Permission View: can delete on DAG:example_short_circuit_decorator
[2023-07-27T22:51:15.101+0200] {logging_mixin.py:150} INFO - [2023-07-27T22:51:15.101+0200] {dag.py:2742} INFO - Sync 1 DAGs
[2023-07-27T22:51:15.106+0200] {logging_mixin.py:150} INFO - [2023-07-27T22:51:15.106+0200] {dag.py:2763} INFO - Creating ORM DAG for example_short_circuit_decorator
[2023-07-27T22:51:15.111+0200] {logging_mixin.py:150} INFO - [2023-07-27T22:51:15.111+0200] {dag.py:3504} INFO - Setting next_dagrun for example_short_circuit_decorator to 2023-07-26T20:51:15.111765+00:00, run_after=2023-07-27T20:51:15.111765+00:00
[2023-07-27T22:51:15.128+0200] {processor.py:179} INFO - Processing /Library/Frameworks/Python.framework/Versions/3.11/lib/python3.11/site-packages/airflow/example_dags/example_short_circuit_decorator.py took 0.496 seconds
