[2023-07-27T20:34:41.734+0200] {processor.py:157} INFO - Started process (PID=5696) to work on /Library/Frameworks/Python.framework/Versions/3.11/lib/python3.11/site-packages/airflow/example_dags/example_subdag_operator.py
[2023-07-27T20:34:41.735+0200] {processor.py:826} INFO - Processing file /Library/Frameworks/Python.framework/Versions/3.11/lib/python3.11/site-packages/airflow/example_dags/example_subdag_operator.py for tasks to queue
[2023-07-27T20:34:41.736+0200] {logging_mixin.py:150} INFO - [2023-07-27T20:34:41.736+0200] {dagbag.py:541} INFO - Filling up the DagBag from /Library/Frameworks/Python.framework/Versions/3.11/lib/python3.11/site-packages/airflow/example_dags/example_subdag_operator.py
[2023-07-27T20:34:42.027+0200] {processor.py:836} INFO - DAG(s) dict_keys(['example_subdag_operator.section-1', 'example_subdag_operator.section-2', 'example_subdag_operator']) retrieved from /Library/Frameworks/Python.framework/Versions/3.11/lib/python3.11/site-packages/airflow/example_dags/example_subdag_operator.py
[2023-07-27T20:34:42.066+0200] {logging_mixin.py:150} INFO - [2023-07-27T20:34:42.066+0200] {manager.py:504} INFO - Created Permission View: can read on DAG:example_subdag_operator
[2023-07-27T20:34:42.069+0200] {logging_mixin.py:150} INFO - [2023-07-27T20:34:42.068+0200] {manager.py:504} INFO - Created Permission View: can delete on DAG:example_subdag_operator
[2023-07-27T20:34:42.070+0200] {logging_mixin.py:150} INFO - [2023-07-27T20:34:42.070+0200] {manager.py:504} INFO - Created Permission View: can edit on DAG:example_subdag_operator
[2023-07-27T20:34:42.073+0200] {logging_mixin.py:150} INFO - [2023-07-27T20:34:42.073+0200] {dag.py:2742} INFO - Sync 3 DAGs
[2023-07-27T20:34:42.076+0200] {logging_mixin.py:150} INFO - [2023-07-27T20:34:42.076+0200] {dag.py:2763} INFO - Creating ORM DAG for example_subdag_operator.section-2
[2023-07-27T20:34:42.076+0200] {logging_mixin.py:150} INFO - [2023-07-27T20:34:42.076+0200] {dag.py:2763} INFO - Creating ORM DAG for example_subdag_operator.section-1
[2023-07-27T20:34:42.076+0200] {logging_mixin.py:150} INFO - [2023-07-27T20:34:42.076+0200] {dag.py:2763} INFO - Creating ORM DAG for example_subdag_operator
[2023-07-27T20:34:42.078+0200] {logging_mixin.py:150} INFO - [2023-07-27T20:34:42.078+0200] {dag.py:3504} INFO - Setting next_dagrun for example_subdag_operator to 2022-01-01T00:00:00+00:00, run_after=2022-01-01T00:00:00+00:00
[2023-07-27T20:34:42.078+0200] {logging_mixin.py:150} INFO - [2023-07-27T20:34:42.078+0200] {dag.py:3504} INFO - Setting next_dagrun for example_subdag_operator.section-1 to None, run_after=None
[2023-07-27T20:34:42.078+0200] {logging_mixin.py:150} INFO - [2023-07-27T20:34:42.078+0200] {dag.py:3504} INFO - Setting next_dagrun for example_subdag_operator.section-2 to None, run_after=None
[2023-07-27T20:34:42.080+0200] {logging_mixin.py:150} INFO - [2023-07-27T20:34:42.080+0200] {dag.py:2742} INFO - Sync 2 DAGs
[2023-07-27T20:34:42.083+0200] {logging_mixin.py:150} INFO - [2023-07-27T20:34:42.082+0200] {dag.py:3504} INFO - Setting next_dagrun for example_subdag_operator.section-1 to None, run_after=None
[2023-07-27T20:34:42.083+0200] {logging_mixin.py:150} INFO - [2023-07-27T20:34:42.083+0200] {dag.py:3504} INFO - Setting next_dagrun for example_subdag_operator.section-2 to None, run_after=None
[2023-07-27T20:34:42.087+0200] {processor.py:179} INFO - Processing /Library/Frameworks/Python.framework/Versions/3.11/lib/python3.11/site-packages/airflow/example_dags/example_subdag_operator.py took 0.353 seconds
[2023-07-27T20:36:02.975+0200] {processor.py:157} INFO - Started process (PID=5751) to work on /Library/Frameworks/Python.framework/Versions/3.11/lib/python3.11/site-packages/airflow/example_dags/example_subdag_operator.py
[2023-07-27T20:36:02.977+0200] {processor.py:826} INFO - Processing file /Library/Frameworks/Python.framework/Versions/3.11/lib/python3.11/site-packages/airflow/example_dags/example_subdag_operator.py for tasks to queue
[2023-07-27T20:36:02.977+0200] {logging_mixin.py:150} INFO - [2023-07-27T20:36:02.977+0200] {dagbag.py:541} INFO - Filling up the DagBag from /Library/Frameworks/Python.framework/Versions/3.11/lib/python3.11/site-packages/airflow/example_dags/example_subdag_operator.py
[2023-07-27T20:36:03.289+0200] {processor.py:836} INFO - DAG(s) dict_keys(['example_subdag_operator.section-1', 'example_subdag_operator.section-2', 'example_subdag_operator']) retrieved from /Library/Frameworks/Python.framework/Versions/3.11/lib/python3.11/site-packages/airflow/example_dags/example_subdag_operator.py
[2023-07-27T20:36:03.303+0200] {logging_mixin.py:150} INFO - [2023-07-27T20:36:03.303+0200] {dag.py:2742} INFO - Sync 3 DAGs
[2023-07-27T20:36:03.308+0200] {logging_mixin.py:150} INFO - [2023-07-27T20:36:03.308+0200] {dag.py:3504} INFO - Setting next_dagrun for example_subdag_operator to 2022-01-01T00:00:00+00:00, run_after=2022-01-01T00:00:00+00:00
[2023-07-27T20:36:03.309+0200] {logging_mixin.py:150} INFO - [2023-07-27T20:36:03.309+0200] {dag.py:3504} INFO - Setting next_dagrun for example_subdag_operator.section-1 to None, run_after=None
[2023-07-27T20:36:03.309+0200] {logging_mixin.py:150} INFO - [2023-07-27T20:36:03.309+0200] {dag.py:3504} INFO - Setting next_dagrun for example_subdag_operator.section-2 to None, run_after=None
[2023-07-27T20:36:03.311+0200] {logging_mixin.py:150} INFO - [2023-07-27T20:36:03.311+0200] {dag.py:2742} INFO - Sync 2 DAGs
[2023-07-27T20:36:03.312+0200] {logging_mixin.py:150} INFO - [2023-07-27T20:36:03.312+0200] {dag.py:3504} INFO - Setting next_dagrun for example_subdag_operator.section-1 to None, run_after=None
[2023-07-27T20:36:03.312+0200] {logging_mixin.py:150} INFO - [2023-07-27T20:36:03.312+0200] {dag.py:3504} INFO - Setting next_dagrun for example_subdag_operator.section-2 to None, run_after=None
[2023-07-27T20:36:03.316+0200] {processor.py:179} INFO - Processing /Library/Frameworks/Python.framework/Versions/3.11/lib/python3.11/site-packages/airflow/example_dags/example_subdag_operator.py took 0.341 seconds
[2023-07-27T20:37:42.177+0200] {processor.py:157} INFO - Started process (PID=5827) to work on /Library/Frameworks/Python.framework/Versions/3.11/lib/python3.11/site-packages/airflow/example_dags/example_subdag_operator.py
[2023-07-27T20:37:42.180+0200] {processor.py:826} INFO - Processing file /Library/Frameworks/Python.framework/Versions/3.11/lib/python3.11/site-packages/airflow/example_dags/example_subdag_operator.py for tasks to queue
[2023-07-27T20:37:42.180+0200] {logging_mixin.py:150} INFO - [2023-07-27T20:37:42.180+0200] {dagbag.py:541} INFO - Filling up the DagBag from /Library/Frameworks/Python.framework/Versions/3.11/lib/python3.11/site-packages/airflow/example_dags/example_subdag_operator.py
[2023-07-27T20:37:42.468+0200] {processor.py:836} INFO - DAG(s) dict_keys(['example_subdag_operator.section-1', 'example_subdag_operator.section-2', 'example_subdag_operator']) retrieved from /Library/Frameworks/Python.framework/Versions/3.11/lib/python3.11/site-packages/airflow/example_dags/example_subdag_operator.py
[2023-07-27T20:37:42.482+0200] {logging_mixin.py:150} INFO - [2023-07-27T20:37:42.482+0200] {dag.py:2742} INFO - Sync 3 DAGs
[2023-07-27T20:37:42.486+0200] {logging_mixin.py:150} INFO - [2023-07-27T20:37:42.486+0200] {dag.py:3504} INFO - Setting next_dagrun for example_subdag_operator to 2022-01-01T00:00:00+00:00, run_after=2022-01-01T00:00:00+00:00
[2023-07-27T20:37:42.487+0200] {logging_mixin.py:150} INFO - [2023-07-27T20:37:42.487+0200] {dag.py:3504} INFO - Setting next_dagrun for example_subdag_operator.section-1 to None, run_after=None
[2023-07-27T20:37:42.488+0200] {logging_mixin.py:150} INFO - [2023-07-27T20:37:42.488+0200] {dag.py:3504} INFO - Setting next_dagrun for example_subdag_operator.section-2 to None, run_after=None
[2023-07-27T20:37:42.489+0200] {logging_mixin.py:150} INFO - [2023-07-27T20:37:42.489+0200] {dag.py:2742} INFO - Sync 2 DAGs
[2023-07-27T20:37:42.490+0200] {logging_mixin.py:150} INFO - [2023-07-27T20:37:42.490+0200] {dag.py:3504} INFO - Setting next_dagrun for example_subdag_operator.section-1 to None, run_after=None
[2023-07-27T20:37:42.490+0200] {logging_mixin.py:150} INFO - [2023-07-27T20:37:42.490+0200] {dag.py:3504} INFO - Setting next_dagrun for example_subdag_operator.section-2 to None, run_after=None
[2023-07-27T20:37:42.494+0200] {processor.py:179} INFO - Processing /Library/Frameworks/Python.framework/Versions/3.11/lib/python3.11/site-packages/airflow/example_dags/example_subdag_operator.py took 0.317 seconds
[2023-07-27T20:39:19.885+0200] {processor.py:157} INFO - Started process (PID=5904) to work on /Library/Frameworks/Python.framework/Versions/3.11/lib/python3.11/site-packages/airflow/example_dags/example_subdag_operator.py
[2023-07-27T20:39:19.887+0200] {processor.py:826} INFO - Processing file /Library/Frameworks/Python.framework/Versions/3.11/lib/python3.11/site-packages/airflow/example_dags/example_subdag_operator.py for tasks to queue
[2023-07-27T20:39:19.887+0200] {logging_mixin.py:150} INFO - [2023-07-27T20:39:19.887+0200] {dagbag.py:541} INFO - Filling up the DagBag from /Library/Frameworks/Python.framework/Versions/3.11/lib/python3.11/site-packages/airflow/example_dags/example_subdag_operator.py
[2023-07-27T20:39:20.222+0200] {processor.py:836} INFO - DAG(s) dict_keys(['example_subdag_operator.section-1', 'example_subdag_operator.section-2', 'example_subdag_operator']) retrieved from /Library/Frameworks/Python.framework/Versions/3.11/lib/python3.11/site-packages/airflow/example_dags/example_subdag_operator.py
[2023-07-27T20:39:20.236+0200] {logging_mixin.py:150} INFO - [2023-07-27T20:39:20.236+0200] {dag.py:2742} INFO - Sync 3 DAGs
[2023-07-27T20:39:20.241+0200] {logging_mixin.py:150} INFO - [2023-07-27T20:39:20.241+0200] {dag.py:3504} INFO - Setting next_dagrun for example_subdag_operator to 2022-01-01T00:00:00+00:00, run_after=2022-01-01T00:00:00+00:00
[2023-07-27T20:39:20.242+0200] {logging_mixin.py:150} INFO - [2023-07-27T20:39:20.242+0200] {dag.py:3504} INFO - Setting next_dagrun for example_subdag_operator.section-1 to None, run_after=None
[2023-07-27T20:39:20.242+0200] {logging_mixin.py:150} INFO - [2023-07-27T20:39:20.242+0200] {dag.py:3504} INFO - Setting next_dagrun for example_subdag_operator.section-2 to None, run_after=None
[2023-07-27T20:39:20.244+0200] {logging_mixin.py:150} INFO - [2023-07-27T20:39:20.244+0200] {dag.py:2742} INFO - Sync 2 DAGs
[2023-07-27T20:39:20.245+0200] {logging_mixin.py:150} INFO - [2023-07-27T20:39:20.245+0200] {dag.py:3504} INFO - Setting next_dagrun for example_subdag_operator.section-1 to None, run_after=None
[2023-07-27T20:39:20.245+0200] {logging_mixin.py:150} INFO - [2023-07-27T20:39:20.245+0200] {dag.py:3504} INFO - Setting next_dagrun for example_subdag_operator.section-2 to None, run_after=None
[2023-07-27T20:39:20.249+0200] {processor.py:179} INFO - Processing /Library/Frameworks/Python.framework/Versions/3.11/lib/python3.11/site-packages/airflow/example_dags/example_subdag_operator.py took 0.364 seconds
[2023-07-27T20:41:01.427+0200] {processor.py:157} INFO - Started process (PID=5974) to work on /Library/Frameworks/Python.framework/Versions/3.11/lib/python3.11/site-packages/airflow/example_dags/example_subdag_operator.py
[2023-07-27T20:41:01.428+0200] {processor.py:826} INFO - Processing file /Library/Frameworks/Python.framework/Versions/3.11/lib/python3.11/site-packages/airflow/example_dags/example_subdag_operator.py for tasks to queue
[2023-07-27T20:41:01.429+0200] {logging_mixin.py:150} INFO - [2023-07-27T20:41:01.429+0200] {dagbag.py:541} INFO - Filling up the DagBag from /Library/Frameworks/Python.framework/Versions/3.11/lib/python3.11/site-packages/airflow/example_dags/example_subdag_operator.py
[2023-07-27T20:41:01.727+0200] {processor.py:836} INFO - DAG(s) dict_keys(['example_subdag_operator.section-1', 'example_subdag_operator.section-2', 'example_subdag_operator']) retrieved from /Library/Frameworks/Python.framework/Versions/3.11/lib/python3.11/site-packages/airflow/example_dags/example_subdag_operator.py
[2023-07-27T20:41:01.742+0200] {logging_mixin.py:150} INFO - [2023-07-27T20:41:01.742+0200] {dag.py:2742} INFO - Sync 3 DAGs
[2023-07-27T20:41:01.747+0200] {logging_mixin.py:150} INFO - [2023-07-27T20:41:01.747+0200] {dag.py:3504} INFO - Setting next_dagrun for example_subdag_operator to 2022-01-01T00:00:00+00:00, run_after=2022-01-01T00:00:00+00:00
[2023-07-27T20:41:01.748+0200] {logging_mixin.py:150} INFO - [2023-07-27T20:41:01.747+0200] {dag.py:3504} INFO - Setting next_dagrun for example_subdag_operator.section-1 to None, run_after=None
[2023-07-27T20:41:01.748+0200] {logging_mixin.py:150} INFO - [2023-07-27T20:41:01.748+0200] {dag.py:3504} INFO - Setting next_dagrun for example_subdag_operator.section-2 to None, run_after=None
[2023-07-27T20:41:01.749+0200] {logging_mixin.py:150} INFO - [2023-07-27T20:41:01.749+0200] {dag.py:2742} INFO - Sync 2 DAGs
[2023-07-27T20:41:01.750+0200] {logging_mixin.py:150} INFO - [2023-07-27T20:41:01.750+0200] {dag.py:3504} INFO - Setting next_dagrun for example_subdag_operator.section-1 to None, run_after=None
[2023-07-27T20:41:01.750+0200] {logging_mixin.py:150} INFO - [2023-07-27T20:41:01.750+0200] {dag.py:3504} INFO - Setting next_dagrun for example_subdag_operator.section-2 to None, run_after=None
[2023-07-27T20:41:01.754+0200] {processor.py:179} INFO - Processing /Library/Frameworks/Python.framework/Versions/3.11/lib/python3.11/site-packages/airflow/example_dags/example_subdag_operator.py took 0.327 seconds
[2023-07-27T20:42:40.522+0200] {processor.py:157} INFO - Started process (PID=6049) to work on /Library/Frameworks/Python.framework/Versions/3.11/lib/python3.11/site-packages/airflow/example_dags/example_subdag_operator.py
[2023-07-27T20:42:40.523+0200] {processor.py:826} INFO - Processing file /Library/Frameworks/Python.framework/Versions/3.11/lib/python3.11/site-packages/airflow/example_dags/example_subdag_operator.py for tasks to queue
[2023-07-27T20:42:40.523+0200] {logging_mixin.py:150} INFO - [2023-07-27T20:42:40.523+0200] {dagbag.py:541} INFO - Filling up the DagBag from /Library/Frameworks/Python.framework/Versions/3.11/lib/python3.11/site-packages/airflow/example_dags/example_subdag_operator.py
[2023-07-27T20:42:40.821+0200] {processor.py:836} INFO - DAG(s) dict_keys(['example_subdag_operator.section-1', 'example_subdag_operator.section-2', 'example_subdag_operator']) retrieved from /Library/Frameworks/Python.framework/Versions/3.11/lib/python3.11/site-packages/airflow/example_dags/example_subdag_operator.py
[2023-07-27T20:42:40.835+0200] {logging_mixin.py:150} INFO - [2023-07-27T20:42:40.835+0200] {dag.py:2742} INFO - Sync 3 DAGs
[2023-07-27T20:42:40.840+0200] {logging_mixin.py:150} INFO - [2023-07-27T20:42:40.840+0200] {dag.py:3504} INFO - Setting next_dagrun for example_subdag_operator to 2022-01-01T00:00:00+00:00, run_after=2022-01-01T00:00:00+00:00
[2023-07-27T20:42:40.841+0200] {logging_mixin.py:150} INFO - [2023-07-27T20:42:40.841+0200] {dag.py:3504} INFO - Setting next_dagrun for example_subdag_operator.section-1 to None, run_after=None
[2023-07-27T20:42:40.841+0200] {logging_mixin.py:150} INFO - [2023-07-27T20:42:40.841+0200] {dag.py:3504} INFO - Setting next_dagrun for example_subdag_operator.section-2 to None, run_after=None
[2023-07-27T20:42:40.843+0200] {logging_mixin.py:150} INFO - [2023-07-27T20:42:40.843+0200] {dag.py:2742} INFO - Sync 2 DAGs
[2023-07-27T20:42:40.844+0200] {logging_mixin.py:150} INFO - [2023-07-27T20:42:40.844+0200] {dag.py:3504} INFO - Setting next_dagrun for example_subdag_operator.section-1 to None, run_after=None
[2023-07-27T20:42:40.844+0200] {logging_mixin.py:150} INFO - [2023-07-27T20:42:40.844+0200] {dag.py:3504} INFO - Setting next_dagrun for example_subdag_operator.section-2 to None, run_after=None
[2023-07-27T20:42:40.848+0200] {processor.py:179} INFO - Processing /Library/Frameworks/Python.framework/Versions/3.11/lib/python3.11/site-packages/airflow/example_dags/example_subdag_operator.py took 0.326 seconds
[2023-07-27T20:44:15.527+0200] {processor.py:157} INFO - Started process (PID=6130) to work on /Library/Frameworks/Python.framework/Versions/3.11/lib/python3.11/site-packages/airflow/example_dags/example_subdag_operator.py
[2023-07-27T20:44:15.528+0200] {processor.py:826} INFO - Processing file /Library/Frameworks/Python.framework/Versions/3.11/lib/python3.11/site-packages/airflow/example_dags/example_subdag_operator.py for tasks to queue
[2023-07-27T20:44:15.528+0200] {logging_mixin.py:150} INFO - [2023-07-27T20:44:15.528+0200] {dagbag.py:541} INFO - Filling up the DagBag from /Library/Frameworks/Python.framework/Versions/3.11/lib/python3.11/site-packages/airflow/example_dags/example_subdag_operator.py
[2023-07-27T20:44:15.819+0200] {processor.py:836} INFO - DAG(s) dict_keys(['example_subdag_operator.section-1', 'example_subdag_operator.section-2', 'example_subdag_operator']) retrieved from /Library/Frameworks/Python.framework/Versions/3.11/lib/python3.11/site-packages/airflow/example_dags/example_subdag_operator.py
[2023-07-27T20:44:15.833+0200] {logging_mixin.py:150} INFO - [2023-07-27T20:44:15.833+0200] {dag.py:2742} INFO - Sync 3 DAGs
[2023-07-27T20:44:15.838+0200] {logging_mixin.py:150} INFO - [2023-07-27T20:44:15.838+0200] {dag.py:3504} INFO - Setting next_dagrun for example_subdag_operator to 2022-01-01T00:00:00+00:00, run_after=2022-01-01T00:00:00+00:00
[2023-07-27T20:44:15.839+0200] {logging_mixin.py:150} INFO - [2023-07-27T20:44:15.839+0200] {dag.py:3504} INFO - Setting next_dagrun for example_subdag_operator.section-1 to None, run_after=None
[2023-07-27T20:44:15.839+0200] {logging_mixin.py:150} INFO - [2023-07-27T20:44:15.839+0200] {dag.py:3504} INFO - Setting next_dagrun for example_subdag_operator.section-2 to None, run_after=None
[2023-07-27T20:44:15.841+0200] {logging_mixin.py:150} INFO - [2023-07-27T20:44:15.841+0200] {dag.py:2742} INFO - Sync 2 DAGs
[2023-07-27T20:44:15.842+0200] {logging_mixin.py:150} INFO - [2023-07-27T20:44:15.842+0200] {dag.py:3504} INFO - Setting next_dagrun for example_subdag_operator.section-1 to None, run_after=None
[2023-07-27T20:44:15.842+0200] {logging_mixin.py:150} INFO - [2023-07-27T20:44:15.842+0200] {dag.py:3504} INFO - Setting next_dagrun for example_subdag_operator.section-2 to None, run_after=None
[2023-07-27T20:44:15.846+0200] {processor.py:179} INFO - Processing /Library/Frameworks/Python.framework/Versions/3.11/lib/python3.11/site-packages/airflow/example_dags/example_subdag_operator.py took 0.319 seconds
[2023-07-27T20:45:50.622+0200] {processor.py:157} INFO - Started process (PID=6206) to work on /Library/Frameworks/Python.framework/Versions/3.11/lib/python3.11/site-packages/airflow/example_dags/example_subdag_operator.py
[2023-07-27T20:45:50.624+0200] {processor.py:826} INFO - Processing file /Library/Frameworks/Python.framework/Versions/3.11/lib/python3.11/site-packages/airflow/example_dags/example_subdag_operator.py for tasks to queue
[2023-07-27T20:45:50.625+0200] {logging_mixin.py:150} INFO - [2023-07-27T20:45:50.625+0200] {dagbag.py:541} INFO - Filling up the DagBag from /Library/Frameworks/Python.framework/Versions/3.11/lib/python3.11/site-packages/airflow/example_dags/example_subdag_operator.py
[2023-07-27T20:45:50.942+0200] {processor.py:836} INFO - DAG(s) dict_keys(['example_subdag_operator.section-1', 'example_subdag_operator.section-2', 'example_subdag_operator']) retrieved from /Library/Frameworks/Python.framework/Versions/3.11/lib/python3.11/site-packages/airflow/example_dags/example_subdag_operator.py
[2023-07-27T20:45:50.958+0200] {logging_mixin.py:150} INFO - [2023-07-27T20:45:50.958+0200] {dag.py:2742} INFO - Sync 3 DAGs
[2023-07-27T20:45:50.964+0200] {logging_mixin.py:150} INFO - [2023-07-27T20:45:50.964+0200] {dag.py:3504} INFO - Setting next_dagrun for example_subdag_operator to 2022-01-01T00:00:00+00:00, run_after=2022-01-01T00:00:00+00:00
[2023-07-27T20:45:50.965+0200] {logging_mixin.py:150} INFO - [2023-07-27T20:45:50.965+0200] {dag.py:3504} INFO - Setting next_dagrun for example_subdag_operator.section-1 to None, run_after=None
[2023-07-27T20:45:50.965+0200] {logging_mixin.py:150} INFO - [2023-07-27T20:45:50.965+0200] {dag.py:3504} INFO - Setting next_dagrun for example_subdag_operator.section-2 to None, run_after=None
[2023-07-27T20:45:50.967+0200] {logging_mixin.py:150} INFO - [2023-07-27T20:45:50.967+0200] {dag.py:2742} INFO - Sync 2 DAGs
[2023-07-27T20:45:50.968+0200] {logging_mixin.py:150} INFO - [2023-07-27T20:45:50.968+0200] {dag.py:3504} INFO - Setting next_dagrun for example_subdag_operator.section-1 to None, run_after=None
[2023-07-27T20:45:50.968+0200] {logging_mixin.py:150} INFO - [2023-07-27T20:45:50.968+0200] {dag.py:3504} INFO - Setting next_dagrun for example_subdag_operator.section-2 to None, run_after=None
[2023-07-27T20:45:50.972+0200] {processor.py:179} INFO - Processing /Library/Frameworks/Python.framework/Versions/3.11/lib/python3.11/site-packages/airflow/example_dags/example_subdag_operator.py took 0.350 seconds
[2023-07-27T20:47:27.185+0200] {processor.py:157} INFO - Started process (PID=6286) to work on /Library/Frameworks/Python.framework/Versions/3.11/lib/python3.11/site-packages/airflow/example_dags/example_subdag_operator.py
[2023-07-27T20:47:27.187+0200] {processor.py:826} INFO - Processing file /Library/Frameworks/Python.framework/Versions/3.11/lib/python3.11/site-packages/airflow/example_dags/example_subdag_operator.py for tasks to queue
[2023-07-27T20:47:27.187+0200] {logging_mixin.py:150} INFO - [2023-07-27T20:47:27.187+0200] {dagbag.py:541} INFO - Filling up the DagBag from /Library/Frameworks/Python.framework/Versions/3.11/lib/python3.11/site-packages/airflow/example_dags/example_subdag_operator.py
[2023-07-27T20:47:27.497+0200] {processor.py:836} INFO - DAG(s) dict_keys(['example_subdag_operator.section-1', 'example_subdag_operator.section-2', 'example_subdag_operator']) retrieved from /Library/Frameworks/Python.framework/Versions/3.11/lib/python3.11/site-packages/airflow/example_dags/example_subdag_operator.py
[2023-07-27T20:47:27.512+0200] {logging_mixin.py:150} INFO - [2023-07-27T20:47:27.512+0200] {dag.py:2742} INFO - Sync 3 DAGs
[2023-07-27T20:47:27.517+0200] {logging_mixin.py:150} INFO - [2023-07-27T20:47:27.516+0200] {dag.py:3504} INFO - Setting next_dagrun for example_subdag_operator to 2022-01-01T00:00:00+00:00, run_after=2022-01-01T00:00:00+00:00
[2023-07-27T20:47:27.517+0200] {logging_mixin.py:150} INFO - [2023-07-27T20:47:27.517+0200] {dag.py:3504} INFO - Setting next_dagrun for example_subdag_operator.section-1 to None, run_after=None
[2023-07-27T20:47:27.518+0200] {logging_mixin.py:150} INFO - [2023-07-27T20:47:27.518+0200] {dag.py:3504} INFO - Setting next_dagrun for example_subdag_operator.section-2 to None, run_after=None
[2023-07-27T20:47:27.519+0200] {logging_mixin.py:150} INFO - [2023-07-27T20:47:27.519+0200] {dag.py:2742} INFO - Sync 2 DAGs
[2023-07-27T20:47:27.520+0200] {logging_mixin.py:150} INFO - [2023-07-27T20:47:27.520+0200] {dag.py:3504} INFO - Setting next_dagrun for example_subdag_operator.section-1 to None, run_after=None
[2023-07-27T20:47:27.520+0200] {logging_mixin.py:150} INFO - [2023-07-27T20:47:27.520+0200] {dag.py:3504} INFO - Setting next_dagrun for example_subdag_operator.section-2 to None, run_after=None
[2023-07-27T20:47:27.524+0200] {processor.py:179} INFO - Processing /Library/Frameworks/Python.framework/Versions/3.11/lib/python3.11/site-packages/airflow/example_dags/example_subdag_operator.py took 0.339 seconds
[2023-07-27T20:49:06.294+0200] {processor.py:157} INFO - Started process (PID=6355) to work on /Library/Frameworks/Python.framework/Versions/3.11/lib/python3.11/site-packages/airflow/example_dags/example_subdag_operator.py
[2023-07-27T20:49:06.295+0200] {processor.py:826} INFO - Processing file /Library/Frameworks/Python.framework/Versions/3.11/lib/python3.11/site-packages/airflow/example_dags/example_subdag_operator.py for tasks to queue
[2023-07-27T20:49:06.296+0200] {logging_mixin.py:150} INFO - [2023-07-27T20:49:06.295+0200] {dagbag.py:541} INFO - Filling up the DagBag from /Library/Frameworks/Python.framework/Versions/3.11/lib/python3.11/site-packages/airflow/example_dags/example_subdag_operator.py
[2023-07-27T20:49:06.593+0200] {processor.py:836} INFO - DAG(s) dict_keys(['example_subdag_operator.section-1', 'example_subdag_operator.section-2', 'example_subdag_operator']) retrieved from /Library/Frameworks/Python.framework/Versions/3.11/lib/python3.11/site-packages/airflow/example_dags/example_subdag_operator.py
[2023-07-27T20:49:06.607+0200] {logging_mixin.py:150} INFO - [2023-07-27T20:49:06.607+0200] {dag.py:2742} INFO - Sync 3 DAGs
[2023-07-27T20:49:06.612+0200] {logging_mixin.py:150} INFO - [2023-07-27T20:49:06.612+0200] {dag.py:3504} INFO - Setting next_dagrun for example_subdag_operator to 2022-01-01T00:00:00+00:00, run_after=2022-01-01T00:00:00+00:00
[2023-07-27T20:49:06.613+0200] {logging_mixin.py:150} INFO - [2023-07-27T20:49:06.613+0200] {dag.py:3504} INFO - Setting next_dagrun for example_subdag_operator.section-1 to None, run_after=None
[2023-07-27T20:49:06.613+0200] {logging_mixin.py:150} INFO - [2023-07-27T20:49:06.613+0200] {dag.py:3504} INFO - Setting next_dagrun for example_subdag_operator.section-2 to None, run_after=None
[2023-07-27T20:49:06.615+0200] {logging_mixin.py:150} INFO - [2023-07-27T20:49:06.615+0200] {dag.py:2742} INFO - Sync 2 DAGs
[2023-07-27T20:49:06.616+0200] {logging_mixin.py:150} INFO - [2023-07-27T20:49:06.616+0200] {dag.py:3504} INFO - Setting next_dagrun for example_subdag_operator.section-1 to None, run_after=None
[2023-07-27T20:49:06.616+0200] {logging_mixin.py:150} INFO - [2023-07-27T20:49:06.616+0200] {dag.py:3504} INFO - Setting next_dagrun for example_subdag_operator.section-2 to None, run_after=None
[2023-07-27T20:49:06.619+0200] {processor.py:179} INFO - Processing /Library/Frameworks/Python.framework/Versions/3.11/lib/python3.11/site-packages/airflow/example_dags/example_subdag_operator.py took 0.326 seconds
[2023-07-27T22:51:11.664+0200] {processor.py:157} INFO - Started process (PID=8840) to work on /Library/Frameworks/Python.framework/Versions/3.11/lib/python3.11/site-packages/airflow/example_dags/example_subdag_operator.py
[2023-07-27T22:51:11.666+0200] {processor.py:826} INFO - Processing file /Library/Frameworks/Python.framework/Versions/3.11/lib/python3.11/site-packages/airflow/example_dags/example_subdag_operator.py for tasks to queue
[2023-07-27T22:51:11.667+0200] {logging_mixin.py:150} INFO - [2023-07-27T22:51:11.667+0200] {dagbag.py:541} INFO - Filling up the DagBag from /Library/Frameworks/Python.framework/Versions/3.11/lib/python3.11/site-packages/airflow/example_dags/example_subdag_operator.py
[2023-07-27T22:51:12.007+0200] {processor.py:836} INFO - DAG(s) dict_keys(['example_subdag_operator.section-1', 'example_subdag_operator.section-2', 'example_subdag_operator']) retrieved from /Library/Frameworks/Python.framework/Versions/3.11/lib/python3.11/site-packages/airflow/example_dags/example_subdag_operator.py
[2023-07-27T22:51:12.061+0200] {logging_mixin.py:150} INFO - [2023-07-27T22:51:12.061+0200] {manager.py:504} INFO - Created Permission View: can read on DAG:example_subdag_operator
[2023-07-27T22:51:12.068+0200] {logging_mixin.py:150} INFO - [2023-07-27T22:51:12.068+0200] {manager.py:504} INFO - Created Permission View: can delete on DAG:example_subdag_operator
[2023-07-27T22:51:12.074+0200] {logging_mixin.py:150} INFO - [2023-07-27T22:51:12.074+0200] {manager.py:504} INFO - Created Permission View: can edit on DAG:example_subdag_operator
[2023-07-27T22:51:12.080+0200] {logging_mixin.py:150} INFO - [2023-07-27T22:51:12.080+0200] {dag.py:2742} INFO - Sync 3 DAGs
[2023-07-27T22:51:12.084+0200] {logging_mixin.py:150} INFO - [2023-07-27T22:51:12.084+0200] {dag.py:2763} INFO - Creating ORM DAG for example_subdag_operator.section-2
[2023-07-27T22:51:12.084+0200] {logging_mixin.py:150} INFO - [2023-07-27T22:51:12.084+0200] {dag.py:2763} INFO - Creating ORM DAG for example_subdag_operator
[2023-07-27T22:51:12.085+0200] {logging_mixin.py:150} INFO - [2023-07-27T22:51:12.085+0200] {dag.py:2763} INFO - Creating ORM DAG for example_subdag_operator.section-1
[2023-07-27T22:51:12.089+0200] {logging_mixin.py:150} INFO - [2023-07-27T22:51:12.089+0200] {dag.py:3504} INFO - Setting next_dagrun for example_subdag_operator to 2022-01-01T00:00:00+00:00, run_after=2022-01-01T00:00:00+00:00
[2023-07-27T22:51:12.089+0200] {logging_mixin.py:150} INFO - [2023-07-27T22:51:12.089+0200] {dag.py:3504} INFO - Setting next_dagrun for example_subdag_operator.section-1 to None, run_after=None
[2023-07-27T22:51:12.089+0200] {logging_mixin.py:150} INFO - [2023-07-27T22:51:12.089+0200] {dag.py:3504} INFO - Setting next_dagrun for example_subdag_operator.section-2 to None, run_after=None
[2023-07-27T22:51:12.093+0200] {logging_mixin.py:150} INFO - [2023-07-27T22:51:12.093+0200] {dag.py:2742} INFO - Sync 2 DAGs
[2023-07-27T22:51:12.096+0200] {logging_mixin.py:150} INFO - [2023-07-27T22:51:12.096+0200] {dag.py:3504} INFO - Setting next_dagrun for example_subdag_operator.section-1 to None, run_after=None
[2023-07-27T22:51:12.097+0200] {logging_mixin.py:150} INFO - [2023-07-27T22:51:12.097+0200] {dag.py:3504} INFO - Setting next_dagrun for example_subdag_operator.section-2 to None, run_after=None
[2023-07-27T22:51:12.106+0200] {processor.py:179} INFO - Processing /Library/Frameworks/Python.framework/Versions/3.11/lib/python3.11/site-packages/airflow/example_dags/example_subdag_operator.py took 0.442 seconds
