[2023-07-27T20:35:12.360+0200] {processor.py:157} INFO - Started process (PID=5720) to work on /Library/Frameworks/Python.framework/Versions/3.11/lib/python3.11/site-packages/airflow/example_dags/example_kubernetes_executor.py
[2023-07-27T20:35:12.362+0200] {processor.py:826} INFO - Processing file /Library/Frameworks/Python.framework/Versions/3.11/lib/python3.11/site-packages/airflow/example_dags/example_kubernetes_executor.py for tasks to queue
[2023-07-27T20:35:12.362+0200] {logging_mixin.py:150} INFO - [2023-07-27T20:35:12.362+0200] {dagbag.py:541} INFO - Filling up the DagBag from /Library/Frameworks/Python.framework/Versions/3.11/lib/python3.11/site-packages/airflow/example_dags/example_kubernetes_executor.py
[2023-07-27T20:35:12.389+0200] {logging_mixin.py:150} INFO - [2023-07-27T20:35:12.389+0200] {example_kubernetes_executor.py:41} WARNING - The example_kubernetes_executor example DAG requires the kubernetes provider. Please install it with: pip install apache-airflow[cncf.kubernetes]
[2023-07-27T20:35:12.389+0200] {processor.py:838} WARNING - No viable dags retrieved from /Library/Frameworks/Python.framework/Versions/3.11/lib/python3.11/site-packages/airflow/example_dags/example_kubernetes_executor.py
[2023-07-27T20:35:12.681+0200] {processor.py:179} INFO - Processing /Library/Frameworks/Python.framework/Versions/3.11/lib/python3.11/site-packages/airflow/example_dags/example_kubernetes_executor.py took 0.321 seconds
[2023-07-27T20:36:50.989+0200] {processor.py:157} INFO - Started process (PID=5791) to work on /Library/Frameworks/Python.framework/Versions/3.11/lib/python3.11/site-packages/airflow/example_dags/example_kubernetes_executor.py
[2023-07-27T20:36:50.991+0200] {processor.py:826} INFO - Processing file /Library/Frameworks/Python.framework/Versions/3.11/lib/python3.11/site-packages/airflow/example_dags/example_kubernetes_executor.py for tasks to queue
[2023-07-27T20:36:50.991+0200] {logging_mixin.py:150} INFO - [2023-07-27T20:36:50.991+0200] {dagbag.py:541} INFO - Filling up the DagBag from /Library/Frameworks/Python.framework/Versions/3.11/lib/python3.11/site-packages/airflow/example_dags/example_kubernetes_executor.py
[2023-07-27T20:36:51.016+0200] {logging_mixin.py:150} INFO - [2023-07-27T20:36:51.016+0200] {example_kubernetes_executor.py:41} WARNING - The example_kubernetes_executor example DAG requires the kubernetes provider. Please install it with: pip install apache-airflow[cncf.kubernetes]
[2023-07-27T20:36:51.016+0200] {processor.py:838} WARNING - No viable dags retrieved from /Library/Frameworks/Python.framework/Versions/3.11/lib/python3.11/site-packages/airflow/example_dags/example_kubernetes_executor.py
[2023-07-27T20:36:51.297+0200] {processor.py:179} INFO - Processing /Library/Frameworks/Python.framework/Versions/3.11/lib/python3.11/site-packages/airflow/example_dags/example_kubernetes_executor.py took 0.308 seconds
[2023-07-27T20:38:33.178+0200] {processor.py:157} INFO - Started process (PID=5865) to work on /Library/Frameworks/Python.framework/Versions/3.11/lib/python3.11/site-packages/airflow/example_dags/example_kubernetes_executor.py
[2023-07-27T20:38:33.180+0200] {processor.py:826} INFO - Processing file /Library/Frameworks/Python.framework/Versions/3.11/lib/python3.11/site-packages/airflow/example_dags/example_kubernetes_executor.py for tasks to queue
[2023-07-27T20:38:33.181+0200] {logging_mixin.py:150} INFO - [2023-07-27T20:38:33.181+0200] {dagbag.py:541} INFO - Filling up the DagBag from /Library/Frameworks/Python.framework/Versions/3.11/lib/python3.11/site-packages/airflow/example_dags/example_kubernetes_executor.py
[2023-07-27T20:38:33.206+0200] {logging_mixin.py:150} INFO - [2023-07-27T20:38:33.206+0200] {example_kubernetes_executor.py:41} WARNING - The example_kubernetes_executor example DAG requires the kubernetes provider. Please install it with: pip install apache-airflow[cncf.kubernetes]
[2023-07-27T20:38:33.206+0200] {processor.py:838} WARNING - No viable dags retrieved from /Library/Frameworks/Python.framework/Versions/3.11/lib/python3.11/site-packages/airflow/example_dags/example_kubernetes_executor.py
[2023-07-27T20:38:33.476+0200] {processor.py:179} INFO - Processing /Library/Frameworks/Python.framework/Versions/3.11/lib/python3.11/site-packages/airflow/example_dags/example_kubernetes_executor.py took 0.298 seconds
[2023-07-27T20:40:11.423+0200] {processor.py:157} INFO - Started process (PID=5934) to work on /Library/Frameworks/Python.framework/Versions/3.11/lib/python3.11/site-packages/airflow/example_dags/example_kubernetes_executor.py
[2023-07-27T20:40:11.424+0200] {processor.py:826} INFO - Processing file /Library/Frameworks/Python.framework/Versions/3.11/lib/python3.11/site-packages/airflow/example_dags/example_kubernetes_executor.py for tasks to queue
[2023-07-27T20:40:11.424+0200] {logging_mixin.py:150} INFO - [2023-07-27T20:40:11.424+0200] {dagbag.py:541} INFO - Filling up the DagBag from /Library/Frameworks/Python.framework/Versions/3.11/lib/python3.11/site-packages/airflow/example_dags/example_kubernetes_executor.py
[2023-07-27T20:40:11.454+0200] {logging_mixin.py:150} INFO - [2023-07-27T20:40:11.454+0200] {example_kubernetes_executor.py:41} WARNING - The example_kubernetes_executor example DAG requires the kubernetes provider. Please install it with: pip install apache-airflow[cncf.kubernetes]
[2023-07-27T20:40:11.455+0200] {processor.py:838} WARNING - No viable dags retrieved from /Library/Frameworks/Python.framework/Versions/3.11/lib/python3.11/site-packages/airflow/example_dags/example_kubernetes_executor.py
[2023-07-27T20:40:11.745+0200] {processor.py:179} INFO - Processing /Library/Frameworks/Python.framework/Versions/3.11/lib/python3.11/site-packages/airflow/example_dags/example_kubernetes_executor.py took 0.322 seconds
[2023-07-27T20:41:50.050+0200] {processor.py:157} INFO - Started process (PID=6017) to work on /Library/Frameworks/Python.framework/Versions/3.11/lib/python3.11/site-packages/airflow/example_dags/example_kubernetes_executor.py
[2023-07-27T20:41:50.051+0200] {processor.py:826} INFO - Processing file /Library/Frameworks/Python.framework/Versions/3.11/lib/python3.11/site-packages/airflow/example_dags/example_kubernetes_executor.py for tasks to queue
[2023-07-27T20:41:50.052+0200] {logging_mixin.py:150} INFO - [2023-07-27T20:41:50.052+0200] {dagbag.py:541} INFO - Filling up the DagBag from /Library/Frameworks/Python.framework/Versions/3.11/lib/python3.11/site-packages/airflow/example_dags/example_kubernetes_executor.py
[2023-07-27T20:41:50.076+0200] {logging_mixin.py:150} INFO - [2023-07-27T20:41:50.076+0200] {example_kubernetes_executor.py:41} WARNING - The example_kubernetes_executor example DAG requires the kubernetes provider. Please install it with: pip install apache-airflow[cncf.kubernetes]
[2023-07-27T20:41:50.077+0200] {processor.py:838} WARNING - No viable dags retrieved from /Library/Frameworks/Python.framework/Versions/3.11/lib/python3.11/site-packages/airflow/example_dags/example_kubernetes_executor.py
[2023-07-27T20:41:50.364+0200] {processor.py:179} INFO - Processing /Library/Frameworks/Python.framework/Versions/3.11/lib/python3.11/site-packages/airflow/example_dags/example_kubernetes_executor.py took 0.314 seconds
[2023-07-27T20:43:29.390+0200] {processor.py:157} INFO - Started process (PID=6089) to work on /Library/Frameworks/Python.framework/Versions/3.11/lib/python3.11/site-packages/airflow/example_dags/example_kubernetes_executor.py
[2023-07-27T20:43:29.391+0200] {processor.py:826} INFO - Processing file /Library/Frameworks/Python.framework/Versions/3.11/lib/python3.11/site-packages/airflow/example_dags/example_kubernetes_executor.py for tasks to queue
[2023-07-27T20:43:29.391+0200] {logging_mixin.py:150} INFO - [2023-07-27T20:43:29.391+0200] {dagbag.py:541} INFO - Filling up the DagBag from /Library/Frameworks/Python.framework/Versions/3.11/lib/python3.11/site-packages/airflow/example_dags/example_kubernetes_executor.py
[2023-07-27T20:43:29.416+0200] {logging_mixin.py:150} INFO - [2023-07-27T20:43:29.416+0200] {example_kubernetes_executor.py:41} WARNING - The example_kubernetes_executor example DAG requires the kubernetes provider. Please install it with: pip install apache-airflow[cncf.kubernetes]
[2023-07-27T20:43:29.417+0200] {processor.py:838} WARNING - No viable dags retrieved from /Library/Frameworks/Python.framework/Versions/3.11/lib/python3.11/site-packages/airflow/example_dags/example_kubernetes_executor.py
[2023-07-27T20:43:29.694+0200] {processor.py:179} INFO - Processing /Library/Frameworks/Python.framework/Versions/3.11/lib/python3.11/site-packages/airflow/example_dags/example_kubernetes_executor.py took 0.304 seconds
[2023-07-27T20:45:05.426+0200] {processor.py:157} INFO - Started process (PID=6164) to work on /Library/Frameworks/Python.framework/Versions/3.11/lib/python3.11/site-packages/airflow/example_dags/example_kubernetes_executor.py
[2023-07-27T20:45:05.428+0200] {processor.py:826} INFO - Processing file /Library/Frameworks/Python.framework/Versions/3.11/lib/python3.11/site-packages/airflow/example_dags/example_kubernetes_executor.py for tasks to queue
[2023-07-27T20:45:05.428+0200] {logging_mixin.py:150} INFO - [2023-07-27T20:45:05.428+0200] {dagbag.py:541} INFO - Filling up the DagBag from /Library/Frameworks/Python.framework/Versions/3.11/lib/python3.11/site-packages/airflow/example_dags/example_kubernetes_executor.py
[2023-07-27T20:45:05.454+0200] {logging_mixin.py:150} INFO - [2023-07-27T20:45:05.454+0200] {example_kubernetes_executor.py:41} WARNING - The example_kubernetes_executor example DAG requires the kubernetes provider. Please install it with: pip install apache-airflow[cncf.kubernetes]
[2023-07-27T20:45:05.454+0200] {processor.py:838} WARNING - No viable dags retrieved from /Library/Frameworks/Python.framework/Versions/3.11/lib/python3.11/site-packages/airflow/example_dags/example_kubernetes_executor.py
[2023-07-27T20:45:05.729+0200] {processor.py:179} INFO - Processing /Library/Frameworks/Python.framework/Versions/3.11/lib/python3.11/site-packages/airflow/example_dags/example_kubernetes_executor.py took 0.304 seconds
[2023-07-27T20:46:39.931+0200] {processor.py:157} INFO - Started process (PID=6249) to work on /Library/Frameworks/Python.framework/Versions/3.11/lib/python3.11/site-packages/airflow/example_dags/example_kubernetes_executor.py
[2023-07-27T20:46:39.932+0200] {processor.py:826} INFO - Processing file /Library/Frameworks/Python.framework/Versions/3.11/lib/python3.11/site-packages/airflow/example_dags/example_kubernetes_executor.py for tasks to queue
[2023-07-27T20:46:39.933+0200] {logging_mixin.py:150} INFO - [2023-07-27T20:46:39.933+0200] {dagbag.py:541} INFO - Filling up the DagBag from /Library/Frameworks/Python.framework/Versions/3.11/lib/python3.11/site-packages/airflow/example_dags/example_kubernetes_executor.py
[2023-07-27T20:46:39.959+0200] {logging_mixin.py:150} INFO - [2023-07-27T20:46:39.959+0200] {example_kubernetes_executor.py:41} WARNING - The example_kubernetes_executor example DAG requires the kubernetes provider. Please install it with: pip install apache-airflow[cncf.kubernetes]
[2023-07-27T20:46:39.959+0200] {processor.py:838} WARNING - No viable dags retrieved from /Library/Frameworks/Python.framework/Versions/3.11/lib/python3.11/site-packages/airflow/example_dags/example_kubernetes_executor.py
[2023-07-27T20:46:40.251+0200] {processor.py:179} INFO - Processing /Library/Frameworks/Python.framework/Versions/3.11/lib/python3.11/site-packages/airflow/example_dags/example_kubernetes_executor.py took 0.320 seconds
[2023-07-27T20:48:17.391+0200] {processor.py:157} INFO - Started process (PID=6326) to work on /Library/Frameworks/Python.framework/Versions/3.11/lib/python3.11/site-packages/airflow/example_dags/example_kubernetes_executor.py
[2023-07-27T20:48:17.393+0200] {processor.py:826} INFO - Processing file /Library/Frameworks/Python.framework/Versions/3.11/lib/python3.11/site-packages/airflow/example_dags/example_kubernetes_executor.py for tasks to queue
[2023-07-27T20:48:17.393+0200] {logging_mixin.py:150} INFO - [2023-07-27T20:48:17.393+0200] {dagbag.py:541} INFO - Filling up the DagBag from /Library/Frameworks/Python.framework/Versions/3.11/lib/python3.11/site-packages/airflow/example_dags/example_kubernetes_executor.py
[2023-07-27T20:48:17.418+0200] {logging_mixin.py:150} INFO - [2023-07-27T20:48:17.418+0200] {example_kubernetes_executor.py:41} WARNING - The example_kubernetes_executor example DAG requires the kubernetes provider. Please install it with: pip install apache-airflow[cncf.kubernetes]
[2023-07-27T20:48:17.418+0200] {processor.py:838} WARNING - No viable dags retrieved from /Library/Frameworks/Python.framework/Versions/3.11/lib/python3.11/site-packages/airflow/example_dags/example_kubernetes_executor.py
[2023-07-27T20:48:17.692+0200] {processor.py:179} INFO - Processing /Library/Frameworks/Python.framework/Versions/3.11/lib/python3.11/site-packages/airflow/example_dags/example_kubernetes_executor.py took 0.301 seconds
[2023-07-27T20:49:56.655+0200] {processor.py:157} INFO - Started process (PID=6503) to work on /Library/Frameworks/Python.framework/Versions/3.11/lib/python3.11/site-packages/airflow/example_dags/example_kubernetes_executor.py
[2023-07-27T20:49:56.657+0200] {processor.py:826} INFO - Processing file /Library/Frameworks/Python.framework/Versions/3.11/lib/python3.11/site-packages/airflow/example_dags/example_kubernetes_executor.py for tasks to queue
[2023-07-27T20:49:56.657+0200] {logging_mixin.py:150} INFO - [2023-07-27T20:49:56.657+0200] {dagbag.py:541} INFO - Filling up the DagBag from /Library/Frameworks/Python.framework/Versions/3.11/lib/python3.11/site-packages/airflow/example_dags/example_kubernetes_executor.py
[2023-07-27T20:49:56.682+0200] {logging_mixin.py:150} INFO - [2023-07-27T20:49:56.682+0200] {example_kubernetes_executor.py:41} WARNING - The example_kubernetes_executor example DAG requires the kubernetes provider. Please install it with: pip install apache-airflow[cncf.kubernetes]
[2023-07-27T20:49:56.682+0200] {processor.py:838} WARNING - No viable dags retrieved from /Library/Frameworks/Python.framework/Versions/3.11/lib/python3.11/site-packages/airflow/example_dags/example_kubernetes_executor.py
[2023-07-27T20:49:56.958+0200] {processor.py:179} INFO - Processing /Library/Frameworks/Python.framework/Versions/3.11/lib/python3.11/site-packages/airflow/example_dags/example_kubernetes_executor.py took 0.303 seconds
