[2023-07-27T20:34:32.246+0200] {processor.py:157} INFO - Started process (PID=5687) to work on /Library/Frameworks/Python.framework/Versions/3.11/lib/python3.11/site-packages/airflow/example_dags/example_trigger_target_dag.py
[2023-07-27T20:34:32.248+0200] {processor.py:826} INFO - Processing file /Library/Frameworks/Python.framework/Versions/3.11/lib/python3.11/site-packages/airflow/example_dags/example_trigger_target_dag.py for tasks to queue
[2023-07-27T20:34:32.248+0200] {logging_mixin.py:150} INFO - [2023-07-27T20:34:32.248+0200] {dagbag.py:541} INFO - Filling up the DagBag from /Library/Frameworks/Python.framework/Versions/3.11/lib/python3.11/site-packages/airflow/example_dags/example_trigger_target_dag.py
[2023-07-27T20:34:32.283+0200] {processor.py:836} INFO - DAG(s) dict_keys(['example_trigger_target_dag']) retrieved from /Library/Frameworks/Python.framework/Versions/3.11/lib/python3.11/site-packages/airflow/example_dags/example_trigger_target_dag.py
[2023-07-27T20:34:32.654+0200] {logging_mixin.py:150} INFO - [2023-07-27T20:34:32.654+0200] {manager.py:504} INFO - Created Permission View: can delete on DAG:example_trigger_target_dag
[2023-07-27T20:34:32.657+0200] {logging_mixin.py:150} INFO - [2023-07-27T20:34:32.657+0200] {manager.py:504} INFO - Created Permission View: can read on DAG:example_trigger_target_dag
[2023-07-27T20:34:32.658+0200] {logging_mixin.py:150} INFO - [2023-07-27T20:34:32.658+0200] {manager.py:504} INFO - Created Permission View: can edit on DAG:example_trigger_target_dag
[2023-07-27T20:34:32.661+0200] {logging_mixin.py:150} INFO - [2023-07-27T20:34:32.661+0200] {dag.py:2742} INFO - Sync 1 DAGs
[2023-07-27T20:34:32.664+0200] {logging_mixin.py:150} INFO - [2023-07-27T20:34:32.664+0200] {dag.py:2763} INFO - Creating ORM DAG for example_trigger_target_dag
[2023-07-27T20:34:32.667+0200] {logging_mixin.py:150} INFO - [2023-07-27T20:34:32.667+0200] {dag.py:3504} INFO - Setting next_dagrun for example_trigger_target_dag to None, run_after=None
[2023-07-27T20:34:32.671+0200] {processor.py:179} INFO - Processing /Library/Frameworks/Python.framework/Versions/3.11/lib/python3.11/site-packages/airflow/example_dags/example_trigger_target_dag.py took 0.425 seconds
[2023-07-27T20:35:53.785+0200] {processor.py:157} INFO - Started process (PID=5745) to work on /Library/Frameworks/Python.framework/Versions/3.11/lib/python3.11/site-packages/airflow/example_dags/example_trigger_target_dag.py
[2023-07-27T20:35:53.787+0200] {processor.py:826} INFO - Processing file /Library/Frameworks/Python.framework/Versions/3.11/lib/python3.11/site-packages/airflow/example_dags/example_trigger_target_dag.py for tasks to queue
[2023-07-27T20:35:53.787+0200] {logging_mixin.py:150} INFO - [2023-07-27T20:35:53.787+0200] {dagbag.py:541} INFO - Filling up the DagBag from /Library/Frameworks/Python.framework/Versions/3.11/lib/python3.11/site-packages/airflow/example_dags/example_trigger_target_dag.py
[2023-07-27T20:35:53.819+0200] {processor.py:836} INFO - DAG(s) dict_keys(['example_trigger_target_dag']) retrieved from /Library/Frameworks/Python.framework/Versions/3.11/lib/python3.11/site-packages/airflow/example_dags/example_trigger_target_dag.py
[2023-07-27T20:35:54.150+0200] {logging_mixin.py:150} INFO - [2023-07-27T20:35:54.149+0200] {dag.py:2742} INFO - Sync 1 DAGs
[2023-07-27T20:35:54.155+0200] {logging_mixin.py:150} INFO - [2023-07-27T20:35:54.155+0200] {dag.py:3504} INFO - Setting next_dagrun for example_trigger_target_dag to None, run_after=None
[2023-07-27T20:35:54.161+0200] {processor.py:179} INFO - Processing /Library/Frameworks/Python.framework/Versions/3.11/lib/python3.11/site-packages/airflow/example_dags/example_trigger_target_dag.py took 0.376 seconds
[2023-07-27T20:36:44.153+0200] {processor.py:157} INFO - Started process (PID=5787) to work on /Library/Frameworks/Python.framework/Versions/3.11/lib/python3.11/site-packages/airflow/example_dags/example_trigger_target_dag.py
[2023-07-27T20:36:44.155+0200] {processor.py:826} INFO - Processing file /Library/Frameworks/Python.framework/Versions/3.11/lib/python3.11/site-packages/airflow/example_dags/example_trigger_target_dag.py for tasks to queue
[2023-07-27T20:36:44.155+0200] {logging_mixin.py:150} INFO - [2023-07-27T20:36:44.155+0200] {dagbag.py:541} INFO - Filling up the DagBag from /Library/Frameworks/Python.framework/Versions/3.11/lib/python3.11/site-packages/airflow/example_dags/example_trigger_target_dag.py
[2023-07-27T20:36:44.183+0200] {processor.py:836} INFO - DAG(s) dict_keys(['example_trigger_target_dag']) retrieved from /Library/Frameworks/Python.framework/Versions/3.11/lib/python3.11/site-packages/airflow/example_dags/example_trigger_target_dag.py
[2023-07-27T20:36:44.491+0200] {logging_mixin.py:150} INFO - [2023-07-27T20:36:44.491+0200] {dag.py:2742} INFO - Sync 1 DAGs
[2023-07-27T20:36:44.497+0200] {logging_mixin.py:150} INFO - [2023-07-27T20:36:44.497+0200] {dag.py:3504} INFO - Setting next_dagrun for example_trigger_target_dag to None, run_after=None
[2023-07-27T20:36:44.503+0200] {processor.py:179} INFO - Processing /Library/Frameworks/Python.framework/Versions/3.11/lib/python3.11/site-packages/airflow/example_dags/example_trigger_target_dag.py took 0.350 seconds
[2023-07-27T20:37:33.654+0200] {processor.py:157} INFO - Started process (PID=5822) to work on /Library/Frameworks/Python.framework/Versions/3.11/lib/python3.11/site-packages/airflow/example_dags/example_trigger_target_dag.py
[2023-07-27T20:37:33.656+0200] {processor.py:826} INFO - Processing file /Library/Frameworks/Python.framework/Versions/3.11/lib/python3.11/site-packages/airflow/example_dags/example_trigger_target_dag.py for tasks to queue
[2023-07-27T20:37:33.656+0200] {logging_mixin.py:150} INFO - [2023-07-27T20:37:33.656+0200] {dagbag.py:541} INFO - Filling up the DagBag from /Library/Frameworks/Python.framework/Versions/3.11/lib/python3.11/site-packages/airflow/example_dags/example_trigger_target_dag.py
[2023-07-27T20:37:33.684+0200] {processor.py:836} INFO - DAG(s) dict_keys(['example_trigger_target_dag']) retrieved from /Library/Frameworks/Python.framework/Versions/3.11/lib/python3.11/site-packages/airflow/example_dags/example_trigger_target_dag.py
[2023-07-27T20:37:33.998+0200] {logging_mixin.py:150} INFO - [2023-07-27T20:37:33.998+0200] {dag.py:2742} INFO - Sync 1 DAGs
[2023-07-27T20:37:34.003+0200] {logging_mixin.py:150} INFO - [2023-07-27T20:37:34.003+0200] {dag.py:3504} INFO - Setting next_dagrun for example_trigger_target_dag to None, run_after=None
[2023-07-27T20:37:34.009+0200] {processor.py:179} INFO - Processing /Library/Frameworks/Python.framework/Versions/3.11/lib/python3.11/site-packages/airflow/example_dags/example_trigger_target_dag.py took 0.355 seconds
[2023-07-27T20:38:24.078+0200] {processor.py:157} INFO - Started process (PID=5860) to work on /Library/Frameworks/Python.framework/Versions/3.11/lib/python3.11/site-packages/airflow/example_dags/example_trigger_target_dag.py
[2023-07-27T20:38:24.080+0200] {processor.py:826} INFO - Processing file /Library/Frameworks/Python.framework/Versions/3.11/lib/python3.11/site-packages/airflow/example_dags/example_trigger_target_dag.py for tasks to queue
[2023-07-27T20:38:24.080+0200] {logging_mixin.py:150} INFO - [2023-07-27T20:38:24.080+0200] {dagbag.py:541} INFO - Filling up the DagBag from /Library/Frameworks/Python.framework/Versions/3.11/lib/python3.11/site-packages/airflow/example_dags/example_trigger_target_dag.py
[2023-07-27T20:38:24.107+0200] {processor.py:836} INFO - DAG(s) dict_keys(['example_trigger_target_dag']) retrieved from /Library/Frameworks/Python.framework/Versions/3.11/lib/python3.11/site-packages/airflow/example_dags/example_trigger_target_dag.py
[2023-07-27T20:38:24.415+0200] {logging_mixin.py:150} INFO - [2023-07-27T20:38:24.415+0200] {dag.py:2742} INFO - Sync 1 DAGs
[2023-07-27T20:38:24.421+0200] {logging_mixin.py:150} INFO - [2023-07-27T20:38:24.421+0200] {dag.py:3504} INFO - Setting next_dagrun for example_trigger_target_dag to None, run_after=None
[2023-07-27T20:38:24.426+0200] {processor.py:179} INFO - Processing /Library/Frameworks/Python.framework/Versions/3.11/lib/python3.11/site-packages/airflow/example_dags/example_trigger_target_dag.py took 0.348 seconds
[2023-07-27T20:39:13.379+0200] {processor.py:157} INFO - Started process (PID=5889) to work on /Library/Frameworks/Python.framework/Versions/3.11/lib/python3.11/site-packages/airflow/example_dags/example_trigger_target_dag.py
[2023-07-27T20:39:13.380+0200] {processor.py:826} INFO - Processing file /Library/Frameworks/Python.framework/Versions/3.11/lib/python3.11/site-packages/airflow/example_dags/example_trigger_target_dag.py for tasks to queue
[2023-07-27T20:39:13.381+0200] {logging_mixin.py:150} INFO - [2023-07-27T20:39:13.381+0200] {dagbag.py:541} INFO - Filling up the DagBag from /Library/Frameworks/Python.framework/Versions/3.11/lib/python3.11/site-packages/airflow/example_dags/example_trigger_target_dag.py
[2023-07-27T20:39:13.410+0200] {processor.py:836} INFO - DAG(s) dict_keys(['example_trigger_target_dag']) retrieved from /Library/Frameworks/Python.framework/Versions/3.11/lib/python3.11/site-packages/airflow/example_dags/example_trigger_target_dag.py
[2023-07-27T20:39:13.728+0200] {logging_mixin.py:150} INFO - [2023-07-27T20:39:13.728+0200] {dag.py:2742} INFO - Sync 1 DAGs
[2023-07-27T20:39:13.733+0200] {logging_mixin.py:150} INFO - [2023-07-27T20:39:13.733+0200] {dag.py:3504} INFO - Setting next_dagrun for example_trigger_target_dag to None, run_after=None
[2023-07-27T20:39:13.739+0200] {processor.py:179} INFO - Processing /Library/Frameworks/Python.framework/Versions/3.11/lib/python3.11/site-packages/airflow/example_dags/example_trigger_target_dag.py took 0.360 seconds
[2023-07-27T20:40:02.207+0200] {processor.py:157} INFO - Started process (PID=5929) to work on /Library/Frameworks/Python.framework/Versions/3.11/lib/python3.11/site-packages/airflow/example_dags/example_trigger_target_dag.py
[2023-07-27T20:40:02.209+0200] {processor.py:826} INFO - Processing file /Library/Frameworks/Python.framework/Versions/3.11/lib/python3.11/site-packages/airflow/example_dags/example_trigger_target_dag.py for tasks to queue
[2023-07-27T20:40:02.209+0200] {logging_mixin.py:150} INFO - [2023-07-27T20:40:02.209+0200] {dagbag.py:541} INFO - Filling up the DagBag from /Library/Frameworks/Python.framework/Versions/3.11/lib/python3.11/site-packages/airflow/example_dags/example_trigger_target_dag.py
[2023-07-27T20:40:02.239+0200] {processor.py:836} INFO - DAG(s) dict_keys(['example_trigger_target_dag']) retrieved from /Library/Frameworks/Python.framework/Versions/3.11/lib/python3.11/site-packages/airflow/example_dags/example_trigger_target_dag.py
[2023-07-27T20:40:02.558+0200] {logging_mixin.py:150} INFO - [2023-07-27T20:40:02.558+0200] {dag.py:2742} INFO - Sync 1 DAGs
[2023-07-27T20:40:02.563+0200] {logging_mixin.py:150} INFO - [2023-07-27T20:40:02.563+0200] {dag.py:3504} INFO - Setting next_dagrun for example_trigger_target_dag to None, run_after=None
[2023-07-27T20:40:02.569+0200] {processor.py:179} INFO - Processing /Library/Frameworks/Python.framework/Versions/3.11/lib/python3.11/site-packages/airflow/example_dags/example_trigger_target_dag.py took 0.362 seconds
[2023-07-27T20:40:52.148+0200] {processor.py:157} INFO - Started process (PID=5968) to work on /Library/Frameworks/Python.framework/Versions/3.11/lib/python3.11/site-packages/airflow/example_dags/example_trigger_target_dag.py
[2023-07-27T20:40:52.150+0200] {processor.py:826} INFO - Processing file /Library/Frameworks/Python.framework/Versions/3.11/lib/python3.11/site-packages/airflow/example_dags/example_trigger_target_dag.py for tasks to queue
[2023-07-27T20:40:52.150+0200] {logging_mixin.py:150} INFO - [2023-07-27T20:40:52.150+0200] {dagbag.py:541} INFO - Filling up the DagBag from /Library/Frameworks/Python.framework/Versions/3.11/lib/python3.11/site-packages/airflow/example_dags/example_trigger_target_dag.py
[2023-07-27T20:40:52.179+0200] {processor.py:836} INFO - DAG(s) dict_keys(['example_trigger_target_dag']) retrieved from /Library/Frameworks/Python.framework/Versions/3.11/lib/python3.11/site-packages/airflow/example_dags/example_trigger_target_dag.py
[2023-07-27T20:40:52.492+0200] {logging_mixin.py:150} INFO - [2023-07-27T20:40:52.492+0200] {dag.py:2742} INFO - Sync 1 DAGs
[2023-07-27T20:40:52.498+0200] {logging_mixin.py:150} INFO - [2023-07-27T20:40:52.497+0200] {dag.py:3504} INFO - Setting next_dagrun for example_trigger_target_dag to None, run_after=None
[2023-07-27T20:40:52.503+0200] {processor.py:179} INFO - Processing /Library/Frameworks/Python.framework/Versions/3.11/lib/python3.11/site-packages/airflow/example_dags/example_trigger_target_dag.py took 0.355 seconds
[2023-07-27T20:41:41.847+0200] {processor.py:157} INFO - Started process (PID=6012) to work on /Library/Frameworks/Python.framework/Versions/3.11/lib/python3.11/site-packages/airflow/example_dags/example_trigger_target_dag.py
[2023-07-27T20:41:41.848+0200] {processor.py:826} INFO - Processing file /Library/Frameworks/Python.framework/Versions/3.11/lib/python3.11/site-packages/airflow/example_dags/example_trigger_target_dag.py for tasks to queue
[2023-07-27T20:41:41.849+0200] {logging_mixin.py:150} INFO - [2023-07-27T20:41:41.849+0200] {dagbag.py:541} INFO - Filling up the DagBag from /Library/Frameworks/Python.framework/Versions/3.11/lib/python3.11/site-packages/airflow/example_dags/example_trigger_target_dag.py
[2023-07-27T20:41:41.876+0200] {processor.py:836} INFO - DAG(s) dict_keys(['example_trigger_target_dag']) retrieved from /Library/Frameworks/Python.framework/Versions/3.11/lib/python3.11/site-packages/airflow/example_dags/example_trigger_target_dag.py
[2023-07-27T20:41:42.196+0200] {logging_mixin.py:150} INFO - [2023-07-27T20:41:42.196+0200] {dag.py:2742} INFO - Sync 1 DAGs
[2023-07-27T20:41:42.201+0200] {logging_mixin.py:150} INFO - [2023-07-27T20:41:42.201+0200] {dag.py:3504} INFO - Setting next_dagrun for example_trigger_target_dag to None, run_after=None
[2023-07-27T20:41:42.207+0200] {processor.py:179} INFO - Processing /Library/Frameworks/Python.framework/Versions/3.11/lib/python3.11/site-packages/airflow/example_dags/example_trigger_target_dag.py took 0.360 seconds
[2023-07-27T20:42:31.489+0200] {processor.py:157} INFO - Started process (PID=6044) to work on /Library/Frameworks/Python.framework/Versions/3.11/lib/python3.11/site-packages/airflow/example_dags/example_trigger_target_dag.py
[2023-07-27T20:42:31.490+0200] {processor.py:826} INFO - Processing file /Library/Frameworks/Python.framework/Versions/3.11/lib/python3.11/site-packages/airflow/example_dags/example_trigger_target_dag.py for tasks to queue
[2023-07-27T20:42:31.490+0200] {logging_mixin.py:150} INFO - [2023-07-27T20:42:31.490+0200] {dagbag.py:541} INFO - Filling up the DagBag from /Library/Frameworks/Python.framework/Versions/3.11/lib/python3.11/site-packages/airflow/example_dags/example_trigger_target_dag.py
[2023-07-27T20:42:31.519+0200] {processor.py:836} INFO - DAG(s) dict_keys(['example_trigger_target_dag']) retrieved from /Library/Frameworks/Python.framework/Versions/3.11/lib/python3.11/site-packages/airflow/example_dags/example_trigger_target_dag.py
[2023-07-27T20:42:31.835+0200] {logging_mixin.py:150} INFO - [2023-07-27T20:42:31.835+0200] {dag.py:2742} INFO - Sync 1 DAGs
[2023-07-27T20:42:31.841+0200] {logging_mixin.py:150} INFO - [2023-07-27T20:42:31.841+0200] {dag.py:3504} INFO - Setting next_dagrun for example_trigger_target_dag to None, run_after=None
[2023-07-27T20:42:31.846+0200] {processor.py:179} INFO - Processing /Library/Frameworks/Python.framework/Versions/3.11/lib/python3.11/site-packages/airflow/example_dags/example_trigger_target_dag.py took 0.358 seconds
[2023-07-27T20:43:21.712+0200] {processor.py:157} INFO - Started process (PID=6084) to work on /Library/Frameworks/Python.framework/Versions/3.11/lib/python3.11/site-packages/airflow/example_dags/example_trigger_target_dag.py
[2023-07-27T20:43:21.713+0200] {processor.py:826} INFO - Processing file /Library/Frameworks/Python.framework/Versions/3.11/lib/python3.11/site-packages/airflow/example_dags/example_trigger_target_dag.py for tasks to queue
[2023-07-27T20:43:21.713+0200] {logging_mixin.py:150} INFO - [2023-07-27T20:43:21.713+0200] {dagbag.py:541} INFO - Filling up the DagBag from /Library/Frameworks/Python.framework/Versions/3.11/lib/python3.11/site-packages/airflow/example_dags/example_trigger_target_dag.py
[2023-07-27T20:43:21.741+0200] {processor.py:836} INFO - DAG(s) dict_keys(['example_trigger_target_dag']) retrieved from /Library/Frameworks/Python.framework/Versions/3.11/lib/python3.11/site-packages/airflow/example_dags/example_trigger_target_dag.py
[2023-07-27T20:43:22.048+0200] {logging_mixin.py:150} INFO - [2023-07-27T20:43:22.047+0200] {dag.py:2742} INFO - Sync 1 DAGs
[2023-07-27T20:43:22.053+0200] {logging_mixin.py:150} INFO - [2023-07-27T20:43:22.053+0200] {dag.py:3504} INFO - Setting next_dagrun for example_trigger_target_dag to None, run_after=None
[2023-07-27T20:43:22.058+0200] {processor.py:179} INFO - Processing /Library/Frameworks/Python.framework/Versions/3.11/lib/python3.11/site-packages/airflow/example_dags/example_trigger_target_dag.py took 0.347 seconds
[2023-07-27T20:44:09.227+0200] {processor.py:157} INFO - Started process (PID=6126) to work on /Library/Frameworks/Python.framework/Versions/3.11/lib/python3.11/site-packages/airflow/example_dags/example_trigger_target_dag.py
[2023-07-27T20:44:09.229+0200] {processor.py:826} INFO - Processing file /Library/Frameworks/Python.framework/Versions/3.11/lib/python3.11/site-packages/airflow/example_dags/example_trigger_target_dag.py for tasks to queue
[2023-07-27T20:44:09.229+0200] {logging_mixin.py:150} INFO - [2023-07-27T20:44:09.229+0200] {dagbag.py:541} INFO - Filling up the DagBag from /Library/Frameworks/Python.framework/Versions/3.11/lib/python3.11/site-packages/airflow/example_dags/example_trigger_target_dag.py
[2023-07-27T20:44:09.256+0200] {processor.py:836} INFO - DAG(s) dict_keys(['example_trigger_target_dag']) retrieved from /Library/Frameworks/Python.framework/Versions/3.11/lib/python3.11/site-packages/airflow/example_dags/example_trigger_target_dag.py
[2023-07-27T20:44:09.570+0200] {logging_mixin.py:150} INFO - [2023-07-27T20:44:09.570+0200] {dag.py:2742} INFO - Sync 1 DAGs
[2023-07-27T20:44:09.575+0200] {logging_mixin.py:150} INFO - [2023-07-27T20:44:09.575+0200] {dag.py:3504} INFO - Setting next_dagrun for example_trigger_target_dag to None, run_after=None
[2023-07-27T20:44:09.581+0200] {processor.py:179} INFO - Processing /Library/Frameworks/Python.framework/Versions/3.11/lib/python3.11/site-packages/airflow/example_dags/example_trigger_target_dag.py took 0.354 seconds
[2023-07-27T20:44:56.342+0200] {processor.py:157} INFO - Started process (PID=6159) to work on /Library/Frameworks/Python.framework/Versions/3.11/lib/python3.11/site-packages/airflow/example_dags/example_trigger_target_dag.py
[2023-07-27T20:44:56.345+0200] {processor.py:826} INFO - Processing file /Library/Frameworks/Python.framework/Versions/3.11/lib/python3.11/site-packages/airflow/example_dags/example_trigger_target_dag.py for tasks to queue
[2023-07-27T20:44:56.345+0200] {logging_mixin.py:150} INFO - [2023-07-27T20:44:56.345+0200] {dagbag.py:541} INFO - Filling up the DagBag from /Library/Frameworks/Python.framework/Versions/3.11/lib/python3.11/site-packages/airflow/example_dags/example_trigger_target_dag.py
[2023-07-27T20:44:56.372+0200] {processor.py:836} INFO - DAG(s) dict_keys(['example_trigger_target_dag']) retrieved from /Library/Frameworks/Python.framework/Versions/3.11/lib/python3.11/site-packages/airflow/example_dags/example_trigger_target_dag.py
[2023-07-27T20:44:56.680+0200] {logging_mixin.py:150} INFO - [2023-07-27T20:44:56.680+0200] {dag.py:2742} INFO - Sync 1 DAGs
[2023-07-27T20:44:56.685+0200] {logging_mixin.py:150} INFO - [2023-07-27T20:44:56.685+0200] {dag.py:3504} INFO - Setting next_dagrun for example_trigger_target_dag to None, run_after=None
[2023-07-27T20:44:56.691+0200] {processor.py:179} INFO - Processing /Library/Frameworks/Python.framework/Versions/3.11/lib/python3.11/site-packages/airflow/example_dags/example_trigger_target_dag.py took 0.349 seconds
[2023-07-27T20:45:43.836+0200] {processor.py:157} INFO - Started process (PID=6202) to work on /Library/Frameworks/Python.framework/Versions/3.11/lib/python3.11/site-packages/airflow/example_dags/example_trigger_target_dag.py
[2023-07-27T20:45:43.838+0200] {processor.py:826} INFO - Processing file /Library/Frameworks/Python.framework/Versions/3.11/lib/python3.11/site-packages/airflow/example_dags/example_trigger_target_dag.py for tasks to queue
[2023-07-27T20:45:43.838+0200] {logging_mixin.py:150} INFO - [2023-07-27T20:45:43.838+0200] {dagbag.py:541} INFO - Filling up the DagBag from /Library/Frameworks/Python.framework/Versions/3.11/lib/python3.11/site-packages/airflow/example_dags/example_trigger_target_dag.py
[2023-07-27T20:45:43.866+0200] {processor.py:836} INFO - DAG(s) dict_keys(['example_trigger_target_dag']) retrieved from /Library/Frameworks/Python.framework/Versions/3.11/lib/python3.11/site-packages/airflow/example_dags/example_trigger_target_dag.py
[2023-07-27T20:45:44.183+0200] {logging_mixin.py:150} INFO - [2023-07-27T20:45:44.183+0200] {dag.py:2742} INFO - Sync 1 DAGs
[2023-07-27T20:45:44.189+0200] {logging_mixin.py:150} INFO - [2023-07-27T20:45:44.188+0200] {dag.py:3504} INFO - Setting next_dagrun for example_trigger_target_dag to None, run_after=None
[2023-07-27T20:45:44.194+0200] {processor.py:179} INFO - Processing /Library/Frameworks/Python.framework/Versions/3.11/lib/python3.11/site-packages/airflow/example_dags/example_trigger_target_dag.py took 0.358 seconds
[2023-07-27T20:46:31.318+0200] {processor.py:157} INFO - Started process (PID=6239) to work on /Library/Frameworks/Python.framework/Versions/3.11/lib/python3.11/site-packages/airflow/example_dags/example_trigger_target_dag.py
[2023-07-27T20:46:31.320+0200] {processor.py:826} INFO - Processing file /Library/Frameworks/Python.framework/Versions/3.11/lib/python3.11/site-packages/airflow/example_dags/example_trigger_target_dag.py for tasks to queue
[2023-07-27T20:46:31.320+0200] {logging_mixin.py:150} INFO - [2023-07-27T20:46:31.320+0200] {dagbag.py:541} INFO - Filling up the DagBag from /Library/Frameworks/Python.framework/Versions/3.11/lib/python3.11/site-packages/airflow/example_dags/example_trigger_target_dag.py
[2023-07-27T20:46:31.351+0200] {processor.py:836} INFO - DAG(s) dict_keys(['example_trigger_target_dag']) retrieved from /Library/Frameworks/Python.framework/Versions/3.11/lib/python3.11/site-packages/airflow/example_dags/example_trigger_target_dag.py
[2023-07-27T20:46:31.690+0200] {logging_mixin.py:150} INFO - [2023-07-27T20:46:31.690+0200] {dag.py:2742} INFO - Sync 1 DAGs
[2023-07-27T20:46:31.695+0200] {logging_mixin.py:150} INFO - [2023-07-27T20:46:31.695+0200] {dag.py:3504} INFO - Setting next_dagrun for example_trigger_target_dag to None, run_after=None
[2023-07-27T20:46:31.701+0200] {processor.py:179} INFO - Processing /Library/Frameworks/Python.framework/Versions/3.11/lib/python3.11/site-packages/airflow/example_dags/example_trigger_target_dag.py took 0.383 seconds
[2023-07-27T20:47:19.916+0200] {processor.py:157} INFO - Started process (PID=6282) to work on /Library/Frameworks/Python.framework/Versions/3.11/lib/python3.11/site-packages/airflow/example_dags/example_trigger_target_dag.py
[2023-07-27T20:47:19.917+0200] {processor.py:826} INFO - Processing file /Library/Frameworks/Python.framework/Versions/3.11/lib/python3.11/site-packages/airflow/example_dags/example_trigger_target_dag.py for tasks to queue
[2023-07-27T20:47:19.918+0200] {logging_mixin.py:150} INFO - [2023-07-27T20:47:19.918+0200] {dagbag.py:541} INFO - Filling up the DagBag from /Library/Frameworks/Python.framework/Versions/3.11/lib/python3.11/site-packages/airflow/example_dags/example_trigger_target_dag.py
[2023-07-27T20:47:19.945+0200] {processor.py:836} INFO - DAG(s) dict_keys(['example_trigger_target_dag']) retrieved from /Library/Frameworks/Python.framework/Versions/3.11/lib/python3.11/site-packages/airflow/example_dags/example_trigger_target_dag.py
[2023-07-27T20:47:20.254+0200] {logging_mixin.py:150} INFO - [2023-07-27T20:47:20.254+0200] {dag.py:2742} INFO - Sync 1 DAGs
[2023-07-27T20:47:20.259+0200] {logging_mixin.py:150} INFO - [2023-07-27T20:47:20.259+0200] {dag.py:3504} INFO - Setting next_dagrun for example_trigger_target_dag to None, run_after=None
[2023-07-27T20:47:20.265+0200] {processor.py:179} INFO - Processing /Library/Frameworks/Python.framework/Versions/3.11/lib/python3.11/site-packages/airflow/example_dags/example_trigger_target_dag.py took 0.349 seconds
[2023-07-27T20:48:09.001+0200] {processor.py:157} INFO - Started process (PID=6320) to work on /Library/Frameworks/Python.framework/Versions/3.11/lib/python3.11/site-packages/airflow/example_dags/example_trigger_target_dag.py
[2023-07-27T20:48:09.002+0200] {processor.py:826} INFO - Processing file /Library/Frameworks/Python.framework/Versions/3.11/lib/python3.11/site-packages/airflow/example_dags/example_trigger_target_dag.py for tasks to queue
[2023-07-27T20:48:09.003+0200] {logging_mixin.py:150} INFO - [2023-07-27T20:48:09.002+0200] {dagbag.py:541} INFO - Filling up the DagBag from /Library/Frameworks/Python.framework/Versions/3.11/lib/python3.11/site-packages/airflow/example_dags/example_trigger_target_dag.py
[2023-07-27T20:48:09.031+0200] {processor.py:836} INFO - DAG(s) dict_keys(['example_trigger_target_dag']) retrieved from /Library/Frameworks/Python.framework/Versions/3.11/lib/python3.11/site-packages/airflow/example_dags/example_trigger_target_dag.py
[2023-07-27T20:48:09.342+0200] {logging_mixin.py:150} INFO - [2023-07-27T20:48:09.342+0200] {dag.py:2742} INFO - Sync 1 DAGs
[2023-07-27T20:48:09.349+0200] {logging_mixin.py:150} INFO - [2023-07-27T20:48:09.349+0200] {dag.py:3504} INFO - Setting next_dagrun for example_trigger_target_dag to None, run_after=None
[2023-07-27T20:48:09.354+0200] {processor.py:179} INFO - Processing /Library/Frameworks/Python.framework/Versions/3.11/lib/python3.11/site-packages/airflow/example_dags/example_trigger_target_dag.py took 0.353 seconds
[2023-07-27T20:48:58.877+0200] {processor.py:157} INFO - Started process (PID=6351) to work on /Library/Frameworks/Python.framework/Versions/3.11/lib/python3.11/site-packages/airflow/example_dags/example_trigger_target_dag.py
[2023-07-27T20:48:58.878+0200] {processor.py:826} INFO - Processing file /Library/Frameworks/Python.framework/Versions/3.11/lib/python3.11/site-packages/airflow/example_dags/example_trigger_target_dag.py for tasks to queue
[2023-07-27T20:48:58.878+0200] {logging_mixin.py:150} INFO - [2023-07-27T20:48:58.878+0200] {dagbag.py:541} INFO - Filling up the DagBag from /Library/Frameworks/Python.framework/Versions/3.11/lib/python3.11/site-packages/airflow/example_dags/example_trigger_target_dag.py
[2023-07-27T20:48:58.907+0200] {processor.py:836} INFO - DAG(s) dict_keys(['example_trigger_target_dag']) retrieved from /Library/Frameworks/Python.framework/Versions/3.11/lib/python3.11/site-packages/airflow/example_dags/example_trigger_target_dag.py
[2023-07-27T20:48:59.220+0200] {logging_mixin.py:150} INFO - [2023-07-27T20:48:59.220+0200] {dag.py:2742} INFO - Sync 1 DAGs
[2023-07-27T20:48:59.225+0200] {logging_mixin.py:150} INFO - [2023-07-27T20:48:59.225+0200] {dag.py:3504} INFO - Setting next_dagrun for example_trigger_target_dag to None, run_after=None
[2023-07-27T20:48:59.231+0200] {processor.py:179} INFO - Processing /Library/Frameworks/Python.framework/Versions/3.11/lib/python3.11/site-packages/airflow/example_dags/example_trigger_target_dag.py took 0.354 seconds
[2023-07-27T20:49:47.616+0200] {processor.py:157} INFO - Started process (PID=6498) to work on /Library/Frameworks/Python.framework/Versions/3.11/lib/python3.11/site-packages/airflow/example_dags/example_trigger_target_dag.py
[2023-07-27T20:49:47.618+0200] {processor.py:826} INFO - Processing file /Library/Frameworks/Python.framework/Versions/3.11/lib/python3.11/site-packages/airflow/example_dags/example_trigger_target_dag.py for tasks to queue
[2023-07-27T20:49:47.618+0200] {logging_mixin.py:150} INFO - [2023-07-27T20:49:47.618+0200] {dagbag.py:541} INFO - Filling up the DagBag from /Library/Frameworks/Python.framework/Versions/3.11/lib/python3.11/site-packages/airflow/example_dags/example_trigger_target_dag.py
[2023-07-27T20:49:47.647+0200] {processor.py:836} INFO - DAG(s) dict_keys(['example_trigger_target_dag']) retrieved from /Library/Frameworks/Python.framework/Versions/3.11/lib/python3.11/site-packages/airflow/example_dags/example_trigger_target_dag.py
[2023-07-27T20:49:47.963+0200] {logging_mixin.py:150} INFO - [2023-07-27T20:49:47.963+0200] {dag.py:2742} INFO - Sync 1 DAGs
[2023-07-27T20:49:47.969+0200] {logging_mixin.py:150} INFO - [2023-07-27T20:49:47.969+0200] {dag.py:3504} INFO - Setting next_dagrun for example_trigger_target_dag to None, run_after=None
[2023-07-27T20:49:47.974+0200] {processor.py:179} INFO - Processing /Library/Frameworks/Python.framework/Versions/3.11/lib/python3.11/site-packages/airflow/example_dags/example_trigger_target_dag.py took 0.358 seconds
[2023-07-27T22:51:08.651+0200] {processor.py:157} INFO - Started process (PID=8835) to work on /Library/Frameworks/Python.framework/Versions/3.11/lib/python3.11/site-packages/airflow/example_dags/example_trigger_target_dag.py
[2023-07-27T22:51:08.653+0200] {processor.py:826} INFO - Processing file /Library/Frameworks/Python.framework/Versions/3.11/lib/python3.11/site-packages/airflow/example_dags/example_trigger_target_dag.py for tasks to queue
[2023-07-27T22:51:08.653+0200] {logging_mixin.py:150} INFO - [2023-07-27T22:51:08.653+0200] {dagbag.py:541} INFO - Filling up the DagBag from /Library/Frameworks/Python.framework/Versions/3.11/lib/python3.11/site-packages/airflow/example_dags/example_trigger_target_dag.py
[2023-07-27T22:51:08.682+0200] {processor.py:836} INFO - DAG(s) dict_keys(['example_trigger_target_dag']) retrieved from /Library/Frameworks/Python.framework/Versions/3.11/lib/python3.11/site-packages/airflow/example_dags/example_trigger_target_dag.py
[2023-07-27T22:51:09.073+0200] {logging_mixin.py:150} INFO - [2023-07-27T22:51:09.073+0200] {manager.py:504} INFO - Created Permission View: can edit on DAG:example_trigger_target_dag
[2023-07-27T22:51:09.086+0200] {logging_mixin.py:150} INFO - [2023-07-27T22:51:09.086+0200] {manager.py:504} INFO - Created Permission View: can delete on DAG:example_trigger_target_dag
[2023-07-27T22:51:09.094+0200] {logging_mixin.py:150} INFO - [2023-07-27T22:51:09.094+0200] {manager.py:504} INFO - Created Permission View: can read on DAG:example_trigger_target_dag
[2023-07-27T22:51:09.104+0200] {logging_mixin.py:150} INFO - [2023-07-27T22:51:09.104+0200] {dag.py:2742} INFO - Sync 1 DAGs
[2023-07-27T22:51:09.110+0200] {logging_mixin.py:150} INFO - [2023-07-27T22:51:09.110+0200] {dag.py:2763} INFO - Creating ORM DAG for example_trigger_target_dag
[2023-07-27T22:51:09.116+0200] {logging_mixin.py:150} INFO - [2023-07-27T22:51:09.116+0200] {dag.py:3504} INFO - Setting next_dagrun for example_trigger_target_dag to None, run_after=None
[2023-07-27T22:51:09.133+0200] {processor.py:179} INFO - Processing /Library/Frameworks/Python.framework/Versions/3.11/lib/python3.11/site-packages/airflow/example_dags/example_trigger_target_dag.py took 0.482 seconds
