[2023-07-27T20:35:17.278+0200] {processor.py:157} INFO - Started process (PID=5723) to work on /Library/Frameworks/Python.framework/Versions/3.11/lib/python3.11/site-packages/airflow/example_dags/example_dynamic_task_mapping.py
[2023-07-27T20:35:17.279+0200] {processor.py:826} INFO - Processing file /Library/Frameworks/Python.framework/Versions/3.11/lib/python3.11/site-packages/airflow/example_dags/example_dynamic_task_mapping.py for tasks to queue
[2023-07-27T20:35:17.280+0200] {logging_mixin.py:150} INFO - [2023-07-27T20:35:17.280+0200] {dagbag.py:541} INFO - Filling up the DagBag from /Library/Frameworks/Python.framework/Versions/3.11/lib/python3.11/site-packages/airflow/example_dags/example_dynamic_task_mapping.py
[2023-07-27T20:35:17.313+0200] {processor.py:836} INFO - DAG(s) dict_keys(['example_dynamic_task_mapping']) retrieved from /Library/Frameworks/Python.framework/Versions/3.11/lib/python3.11/site-packages/airflow/example_dags/example_dynamic_task_mapping.py
[2023-07-27T20:35:17.659+0200] {logging_mixin.py:150} INFO - [2023-07-27T20:35:17.659+0200] {manager.py:504} INFO - Created Permission View: can edit on DAG:example_dynamic_task_mapping
[2023-07-27T20:35:17.662+0200] {logging_mixin.py:150} INFO - [2023-07-27T20:35:17.662+0200] {manager.py:504} INFO - Created Permission View: can delete on DAG:example_dynamic_task_mapping
[2023-07-27T20:35:17.663+0200] {logging_mixin.py:150} INFO - [2023-07-27T20:35:17.663+0200] {manager.py:504} INFO - Created Permission View: can read on DAG:example_dynamic_task_mapping
[2023-07-27T20:35:17.666+0200] {logging_mixin.py:150} INFO - [2023-07-27T20:35:17.666+0200] {dag.py:2742} INFO - Sync 1 DAGs
[2023-07-27T20:35:17.669+0200] {logging_mixin.py:150} INFO - [2023-07-27T20:35:17.669+0200] {dag.py:2763} INFO - Creating ORM DAG for example_dynamic_task_mapping
[2023-07-27T20:35:17.671+0200] {logging_mixin.py:150} INFO - [2023-07-27T20:35:17.671+0200] {dag.py:3504} INFO - Setting next_dagrun for example_dynamic_task_mapping to 2022-03-04T00:00:00+00:00, run_after=2022-03-05T00:00:00+00:00
[2023-07-27T20:35:17.676+0200] {processor.py:179} INFO - Processing /Library/Frameworks/Python.framework/Versions/3.11/lib/python3.11/site-packages/airflow/example_dags/example_dynamic_task_mapping.py took 0.398 seconds
[2023-07-27T20:36:56.491+0200] {processor.py:157} INFO - Started process (PID=5794) to work on /Library/Frameworks/Python.framework/Versions/3.11/lib/python3.11/site-packages/airflow/example_dags/example_dynamic_task_mapping.py
[2023-07-27T20:36:56.493+0200] {processor.py:826} INFO - Processing file /Library/Frameworks/Python.framework/Versions/3.11/lib/python3.11/site-packages/airflow/example_dags/example_dynamic_task_mapping.py for tasks to queue
[2023-07-27T20:36:56.494+0200] {logging_mixin.py:150} INFO - [2023-07-27T20:36:56.493+0200] {dagbag.py:541} INFO - Filling up the DagBag from /Library/Frameworks/Python.framework/Versions/3.11/lib/python3.11/site-packages/airflow/example_dags/example_dynamic_task_mapping.py
[2023-07-27T20:36:56.523+0200] {processor.py:836} INFO - DAG(s) dict_keys(['example_dynamic_task_mapping']) retrieved from /Library/Frameworks/Python.framework/Versions/3.11/lib/python3.11/site-packages/airflow/example_dags/example_dynamic_task_mapping.py
[2023-07-27T20:36:56.841+0200] {logging_mixin.py:150} INFO - [2023-07-27T20:36:56.841+0200] {dag.py:2742} INFO - Sync 1 DAGs
[2023-07-27T20:36:56.846+0200] {logging_mixin.py:150} INFO - [2023-07-27T20:36:56.846+0200] {dag.py:3504} INFO - Setting next_dagrun for example_dynamic_task_mapping to 2022-03-04T00:00:00+00:00, run_after=2022-03-05T00:00:00+00:00
[2023-07-27T20:36:56.852+0200] {processor.py:179} INFO - Processing /Library/Frameworks/Python.framework/Versions/3.11/lib/python3.11/site-packages/airflow/example_dags/example_dynamic_task_mapping.py took 0.361 seconds
[2023-07-27T20:38:38.534+0200] {processor.py:157} INFO - Started process (PID=5868) to work on /Library/Frameworks/Python.framework/Versions/3.11/lib/python3.11/site-packages/airflow/example_dags/example_dynamic_task_mapping.py
[2023-07-27T20:38:38.536+0200] {processor.py:826} INFO - Processing file /Library/Frameworks/Python.framework/Versions/3.11/lib/python3.11/site-packages/airflow/example_dags/example_dynamic_task_mapping.py for tasks to queue
[2023-07-27T20:38:38.536+0200] {logging_mixin.py:150} INFO - [2023-07-27T20:38:38.536+0200] {dagbag.py:541} INFO - Filling up the DagBag from /Library/Frameworks/Python.framework/Versions/3.11/lib/python3.11/site-packages/airflow/example_dags/example_dynamic_task_mapping.py
[2023-07-27T20:38:38.563+0200] {processor.py:836} INFO - DAG(s) dict_keys(['example_dynamic_task_mapping']) retrieved from /Library/Frameworks/Python.framework/Versions/3.11/lib/python3.11/site-packages/airflow/example_dags/example_dynamic_task_mapping.py
[2023-07-27T20:38:38.884+0200] {logging_mixin.py:150} INFO - [2023-07-27T20:38:38.884+0200] {dag.py:2742} INFO - Sync 1 DAGs
[2023-07-27T20:38:38.889+0200] {logging_mixin.py:150} INFO - [2023-07-27T20:38:38.889+0200] {dag.py:3504} INFO - Setting next_dagrun for example_dynamic_task_mapping to 2022-03-04T00:00:00+00:00, run_after=2022-03-05T00:00:00+00:00
[2023-07-27T20:38:38.895+0200] {processor.py:179} INFO - Processing /Library/Frameworks/Python.framework/Versions/3.11/lib/python3.11/site-packages/airflow/example_dags/example_dynamic_task_mapping.py took 0.362 seconds
[2023-07-27T20:40:16.183+0200] {processor.py:157} INFO - Started process (PID=5937) to work on /Library/Frameworks/Python.framework/Versions/3.11/lib/python3.11/site-packages/airflow/example_dags/example_dynamic_task_mapping.py
[2023-07-27T20:40:16.184+0200] {processor.py:826} INFO - Processing file /Library/Frameworks/Python.framework/Versions/3.11/lib/python3.11/site-packages/airflow/example_dags/example_dynamic_task_mapping.py for tasks to queue
[2023-07-27T20:40:16.185+0200] {logging_mixin.py:150} INFO - [2023-07-27T20:40:16.185+0200] {dagbag.py:541} INFO - Filling up the DagBag from /Library/Frameworks/Python.framework/Versions/3.11/lib/python3.11/site-packages/airflow/example_dags/example_dynamic_task_mapping.py
[2023-07-27T20:40:16.214+0200] {processor.py:836} INFO - DAG(s) dict_keys(['example_dynamic_task_mapping']) retrieved from /Library/Frameworks/Python.framework/Versions/3.11/lib/python3.11/site-packages/airflow/example_dags/example_dynamic_task_mapping.py
[2023-07-27T20:40:16.528+0200] {logging_mixin.py:150} INFO - [2023-07-27T20:40:16.528+0200] {dag.py:2742} INFO - Sync 1 DAGs
[2023-07-27T20:40:16.533+0200] {logging_mixin.py:150} INFO - [2023-07-27T20:40:16.533+0200] {dag.py:3504} INFO - Setting next_dagrun for example_dynamic_task_mapping to 2022-03-04T00:00:00+00:00, run_after=2022-03-05T00:00:00+00:00
[2023-07-27T20:40:16.539+0200] {processor.py:179} INFO - Processing /Library/Frameworks/Python.framework/Versions/3.11/lib/python3.11/site-packages/airflow/example_dags/example_dynamic_task_mapping.py took 0.356 seconds
[2023-07-27T20:41:54.998+0200] {processor.py:157} INFO - Started process (PID=6020) to work on /Library/Frameworks/Python.framework/Versions/3.11/lib/python3.11/site-packages/airflow/example_dags/example_dynamic_task_mapping.py
[2023-07-27T20:41:54.999+0200] {processor.py:826} INFO - Processing file /Library/Frameworks/Python.framework/Versions/3.11/lib/python3.11/site-packages/airflow/example_dags/example_dynamic_task_mapping.py for tasks to queue
[2023-07-27T20:41:54.999+0200] {logging_mixin.py:150} INFO - [2023-07-27T20:41:54.999+0200] {dagbag.py:541} INFO - Filling up the DagBag from /Library/Frameworks/Python.framework/Versions/3.11/lib/python3.11/site-packages/airflow/example_dags/example_dynamic_task_mapping.py
[2023-07-27T20:41:55.027+0200] {processor.py:836} INFO - DAG(s) dict_keys(['example_dynamic_task_mapping']) retrieved from /Library/Frameworks/Python.framework/Versions/3.11/lib/python3.11/site-packages/airflow/example_dags/example_dynamic_task_mapping.py
[2023-07-27T20:41:55.339+0200] {logging_mixin.py:150} INFO - [2023-07-27T20:41:55.339+0200] {dag.py:2742} INFO - Sync 1 DAGs
[2023-07-27T20:41:55.344+0200] {logging_mixin.py:150} INFO - [2023-07-27T20:41:55.344+0200] {dag.py:3504} INFO - Setting next_dagrun for example_dynamic_task_mapping to 2022-03-04T00:00:00+00:00, run_after=2022-03-05T00:00:00+00:00
[2023-07-27T20:41:55.350+0200] {processor.py:179} INFO - Processing /Library/Frameworks/Python.framework/Versions/3.11/lib/python3.11/site-packages/airflow/example_dags/example_dynamic_task_mapping.py took 0.352 seconds
[2023-07-27T20:43:33.852+0200] {processor.py:157} INFO - Started process (PID=6092) to work on /Library/Frameworks/Python.framework/Versions/3.11/lib/python3.11/site-packages/airflow/example_dags/example_dynamic_task_mapping.py
[2023-07-27T20:43:33.853+0200] {processor.py:826} INFO - Processing file /Library/Frameworks/Python.framework/Versions/3.11/lib/python3.11/site-packages/airflow/example_dags/example_dynamic_task_mapping.py for tasks to queue
[2023-07-27T20:43:33.853+0200] {logging_mixin.py:150} INFO - [2023-07-27T20:43:33.853+0200] {dagbag.py:541} INFO - Filling up the DagBag from /Library/Frameworks/Python.framework/Versions/3.11/lib/python3.11/site-packages/airflow/example_dags/example_dynamic_task_mapping.py
[2023-07-27T20:43:33.881+0200] {processor.py:836} INFO - DAG(s) dict_keys(['example_dynamic_task_mapping']) retrieved from /Library/Frameworks/Python.framework/Versions/3.11/lib/python3.11/site-packages/airflow/example_dags/example_dynamic_task_mapping.py
[2023-07-27T20:43:34.190+0200] {logging_mixin.py:150} INFO - [2023-07-27T20:43:34.190+0200] {dag.py:2742} INFO - Sync 1 DAGs
[2023-07-27T20:43:34.195+0200] {logging_mixin.py:150} INFO - [2023-07-27T20:43:34.195+0200] {dag.py:3504} INFO - Setting next_dagrun for example_dynamic_task_mapping to 2022-03-04T00:00:00+00:00, run_after=2022-03-05T00:00:00+00:00
[2023-07-27T20:43:34.201+0200] {processor.py:179} INFO - Processing /Library/Frameworks/Python.framework/Versions/3.11/lib/python3.11/site-packages/airflow/example_dags/example_dynamic_task_mapping.py took 0.349 seconds
[2023-07-27T20:45:10.988+0200] {processor.py:157} INFO - Started process (PID=6173) to work on /Library/Frameworks/Python.framework/Versions/3.11/lib/python3.11/site-packages/airflow/example_dags/example_dynamic_task_mapping.py
[2023-07-27T20:45:10.990+0200] {processor.py:826} INFO - Processing file /Library/Frameworks/Python.framework/Versions/3.11/lib/python3.11/site-packages/airflow/example_dags/example_dynamic_task_mapping.py for tasks to queue
[2023-07-27T20:45:10.990+0200] {logging_mixin.py:150} INFO - [2023-07-27T20:45:10.990+0200] {dagbag.py:541} INFO - Filling up the DagBag from /Library/Frameworks/Python.framework/Versions/3.11/lib/python3.11/site-packages/airflow/example_dags/example_dynamic_task_mapping.py
[2023-07-27T20:45:11.018+0200] {processor.py:836} INFO - DAG(s) dict_keys(['example_dynamic_task_mapping']) retrieved from /Library/Frameworks/Python.framework/Versions/3.11/lib/python3.11/site-packages/airflow/example_dags/example_dynamic_task_mapping.py
[2023-07-27T20:45:11.341+0200] {logging_mixin.py:150} INFO - [2023-07-27T20:45:11.341+0200] {dag.py:2742} INFO - Sync 1 DAGs
[2023-07-27T20:45:11.346+0200] {logging_mixin.py:150} INFO - [2023-07-27T20:45:11.346+0200] {dag.py:3504} INFO - Setting next_dagrun for example_dynamic_task_mapping to 2022-03-04T00:00:00+00:00, run_after=2022-03-05T00:00:00+00:00
[2023-07-27T20:45:11.352+0200] {processor.py:179} INFO - Processing /Library/Frameworks/Python.framework/Versions/3.11/lib/python3.11/site-packages/airflow/example_dags/example_dynamic_task_mapping.py took 0.365 seconds
[2023-07-27T20:46:43.814+0200] {processor.py:157} INFO - Started process (PID=6254) to work on /Library/Frameworks/Python.framework/Versions/3.11/lib/python3.11/site-packages/airflow/example_dags/example_dynamic_task_mapping.py
[2023-07-27T20:46:43.815+0200] {processor.py:826} INFO - Processing file /Library/Frameworks/Python.framework/Versions/3.11/lib/python3.11/site-packages/airflow/example_dags/example_dynamic_task_mapping.py for tasks to queue
[2023-07-27T20:46:43.815+0200] {logging_mixin.py:150} INFO - [2023-07-27T20:46:43.815+0200] {dagbag.py:541} INFO - Filling up the DagBag from /Library/Frameworks/Python.framework/Versions/3.11/lib/python3.11/site-packages/airflow/example_dags/example_dynamic_task_mapping.py
[2023-07-27T20:46:43.843+0200] {processor.py:836} INFO - DAG(s) dict_keys(['example_dynamic_task_mapping']) retrieved from /Library/Frameworks/Python.framework/Versions/3.11/lib/python3.11/site-packages/airflow/example_dags/example_dynamic_task_mapping.py
[2023-07-27T20:46:44.185+0200] {logging_mixin.py:150} INFO - [2023-07-27T20:46:44.185+0200] {dag.py:2742} INFO - Sync 1 DAGs
[2023-07-27T20:46:44.190+0200] {logging_mixin.py:150} INFO - [2023-07-27T20:46:44.190+0200] {dag.py:3504} INFO - Setting next_dagrun for example_dynamic_task_mapping to 2022-03-04T00:00:00+00:00, run_after=2022-03-05T00:00:00+00:00
[2023-07-27T20:46:44.197+0200] {processor.py:179} INFO - Processing /Library/Frameworks/Python.framework/Versions/3.11/lib/python3.11/site-packages/airflow/example_dags/example_dynamic_task_mapping.py took 0.383 seconds
[2023-07-27T20:48:22.195+0200] {processor.py:157} INFO - Started process (PID=6329) to work on /Library/Frameworks/Python.framework/Versions/3.11/lib/python3.11/site-packages/airflow/example_dags/example_dynamic_task_mapping.py
[2023-07-27T20:48:22.196+0200] {processor.py:826} INFO - Processing file /Library/Frameworks/Python.framework/Versions/3.11/lib/python3.11/site-packages/airflow/example_dags/example_dynamic_task_mapping.py for tasks to queue
[2023-07-27T20:48:22.196+0200] {logging_mixin.py:150} INFO - [2023-07-27T20:48:22.196+0200] {dagbag.py:541} INFO - Filling up the DagBag from /Library/Frameworks/Python.framework/Versions/3.11/lib/python3.11/site-packages/airflow/example_dags/example_dynamic_task_mapping.py
[2023-07-27T20:48:22.223+0200] {processor.py:836} INFO - DAG(s) dict_keys(['example_dynamic_task_mapping']) retrieved from /Library/Frameworks/Python.framework/Versions/3.11/lib/python3.11/site-packages/airflow/example_dags/example_dynamic_task_mapping.py
[2023-07-27T20:48:22.533+0200] {logging_mixin.py:150} INFO - [2023-07-27T20:48:22.533+0200] {dag.py:2742} INFO - Sync 1 DAGs
[2023-07-27T20:48:22.538+0200] {logging_mixin.py:150} INFO - [2023-07-27T20:48:22.538+0200] {dag.py:3504} INFO - Setting next_dagrun for example_dynamic_task_mapping to 2022-03-04T00:00:00+00:00, run_after=2022-03-05T00:00:00+00:00
[2023-07-27T20:48:22.544+0200] {processor.py:179} INFO - Processing /Library/Frameworks/Python.framework/Versions/3.11/lib/python3.11/site-packages/airflow/example_dags/example_dynamic_task_mapping.py took 0.350 seconds
[2023-07-27T20:50:02.155+0200] {processor.py:157} INFO - Started process (PID=6506) to work on /Library/Frameworks/Python.framework/Versions/3.11/lib/python3.11/site-packages/airflow/example_dags/example_dynamic_task_mapping.py
[2023-07-27T20:50:02.157+0200] {processor.py:826} INFO - Processing file /Library/Frameworks/Python.framework/Versions/3.11/lib/python3.11/site-packages/airflow/example_dags/example_dynamic_task_mapping.py for tasks to queue
[2023-07-27T20:50:02.157+0200] {logging_mixin.py:150} INFO - [2023-07-27T20:50:02.157+0200] {dagbag.py:541} INFO - Filling up the DagBag from /Library/Frameworks/Python.framework/Versions/3.11/lib/python3.11/site-packages/airflow/example_dags/example_dynamic_task_mapping.py
[2023-07-27T20:50:02.188+0200] {processor.py:836} INFO - DAG(s) dict_keys(['example_dynamic_task_mapping']) retrieved from /Library/Frameworks/Python.framework/Versions/3.11/lib/python3.11/site-packages/airflow/example_dags/example_dynamic_task_mapping.py
[2023-07-27T20:50:02.507+0200] {logging_mixin.py:150} INFO - [2023-07-27T20:50:02.507+0200] {dag.py:2742} INFO - Sync 1 DAGs
[2023-07-27T20:50:02.512+0200] {logging_mixin.py:150} INFO - [2023-07-27T20:50:02.512+0200] {dag.py:3504} INFO - Setting next_dagrun for example_dynamic_task_mapping to 2022-03-04T00:00:00+00:00, run_after=2022-03-05T00:00:00+00:00
[2023-07-27T20:50:02.518+0200] {processor.py:179} INFO - Processing /Library/Frameworks/Python.framework/Versions/3.11/lib/python3.11/site-packages/airflow/example_dags/example_dynamic_task_mapping.py took 0.363 seconds
