[2023-07-27T20:35:01.387+0200] {processor.py:157} INFO - Started process (PID=5714) to work on /Library/Frameworks/Python.framework/Versions/3.11/lib/python3.11/site-packages/airflow/example_dags/example_params_ui_tutorial.py
[2023-07-27T20:35:01.388+0200] {processor.py:826} INFO - Processing file /Library/Frameworks/Python.framework/Versions/3.11/lib/python3.11/site-packages/airflow/example_dags/example_params_ui_tutorial.py for tasks to queue
[2023-07-27T20:35:01.388+0200] {logging_mixin.py:150} INFO - [2023-07-27T20:35:01.388+0200] {dagbag.py:541} INFO - Filling up the DagBag from /Library/Frameworks/Python.framework/Versions/3.11/lib/python3.11/site-packages/airflow/example_dags/example_params_ui_tutorial.py
[2023-07-27T20:35:01.452+0200] {processor.py:836} INFO - DAG(s) dict_keys(['example_params_ui_tutorial']) retrieved from /Library/Frameworks/Python.framework/Versions/3.11/lib/python3.11/site-packages/airflow/example_dags/example_params_ui_tutorial.py
[2023-07-27T20:35:01.790+0200] {logging_mixin.py:150} INFO - [2023-07-27T20:35:01.790+0200] {manager.py:504} INFO - Created Permission View: can read on DAG:example_params_ui_tutorial
[2023-07-27T20:35:01.793+0200] {logging_mixin.py:150} INFO - [2023-07-27T20:35:01.793+0200] {manager.py:504} INFO - Created Permission View: can edit on DAG:example_params_ui_tutorial
[2023-07-27T20:35:01.795+0200] {logging_mixin.py:150} INFO - [2023-07-27T20:35:01.795+0200] {manager.py:504} INFO - Created Permission View: can delete on DAG:example_params_ui_tutorial
[2023-07-27T20:35:01.798+0200] {logging_mixin.py:150} INFO - [2023-07-27T20:35:01.798+0200] {dag.py:2742} INFO - Sync 1 DAGs
[2023-07-27T20:35:01.801+0200] {logging_mixin.py:150} INFO - [2023-07-27T20:35:01.801+0200] {dag.py:2763} INFO - Creating ORM DAG for example_params_ui_tutorial
[2023-07-27T20:35:01.804+0200] {logging_mixin.py:150} INFO - [2023-07-27T20:35:01.804+0200] {dag.py:3504} INFO - Setting next_dagrun for example_params_ui_tutorial to None, run_after=None
[2023-07-27T20:35:01.809+0200] {processor.py:179} INFO - Processing /Library/Frameworks/Python.framework/Versions/3.11/lib/python3.11/site-packages/airflow/example_dags/example_params_ui_tutorial.py took 0.422 seconds
[2023-07-27T20:36:21.078+0200] {processor.py:157} INFO - Started process (PID=5774) to work on /Library/Frameworks/Python.framework/Versions/3.11/lib/python3.11/site-packages/airflow/example_dags/example_params_ui_tutorial.py
[2023-07-27T20:36:21.080+0200] {processor.py:826} INFO - Processing file /Library/Frameworks/Python.framework/Versions/3.11/lib/python3.11/site-packages/airflow/example_dags/example_params_ui_tutorial.py for tasks to queue
[2023-07-27T20:36:21.081+0200] {logging_mixin.py:150} INFO - [2023-07-27T20:36:21.081+0200] {dagbag.py:541} INFO - Filling up the DagBag from /Library/Frameworks/Python.framework/Versions/3.11/lib/python3.11/site-packages/airflow/example_dags/example_params_ui_tutorial.py
[2023-07-27T20:36:21.137+0200] {processor.py:836} INFO - DAG(s) dict_keys(['example_params_ui_tutorial']) retrieved from /Library/Frameworks/Python.framework/Versions/3.11/lib/python3.11/site-packages/airflow/example_dags/example_params_ui_tutorial.py
[2023-07-27T20:36:21.426+0200] {logging_mixin.py:150} INFO - [2023-07-27T20:36:21.426+0200] {dag.py:2742} INFO - Sync 1 DAGs
[2023-07-27T20:36:21.431+0200] {logging_mixin.py:150} INFO - [2023-07-27T20:36:21.431+0200] {dag.py:3504} INFO - Setting next_dagrun for example_params_ui_tutorial to None, run_after=None
[2023-07-27T20:36:21.437+0200] {processor.py:179} INFO - Processing /Library/Frameworks/Python.framework/Versions/3.11/lib/python3.11/site-packages/airflow/example_dags/example_params_ui_tutorial.py took 0.359 seconds
[2023-07-27T20:38:00.738+0200] {processor.py:157} INFO - Started process (PID=5838) to work on /Library/Frameworks/Python.framework/Versions/3.11/lib/python3.11/site-packages/airflow/example_dags/example_params_ui_tutorial.py
[2023-07-27T20:38:00.740+0200] {processor.py:826} INFO - Processing file /Library/Frameworks/Python.framework/Versions/3.11/lib/python3.11/site-packages/airflow/example_dags/example_params_ui_tutorial.py for tasks to queue
[2023-07-27T20:38:00.740+0200] {logging_mixin.py:150} INFO - [2023-07-27T20:38:00.740+0200] {dagbag.py:541} INFO - Filling up the DagBag from /Library/Frameworks/Python.framework/Versions/3.11/lib/python3.11/site-packages/airflow/example_dags/example_params_ui_tutorial.py
[2023-07-27T20:38:00.796+0200] {processor.py:836} INFO - DAG(s) dict_keys(['example_params_ui_tutorial']) retrieved from /Library/Frameworks/Python.framework/Versions/3.11/lib/python3.11/site-packages/airflow/example_dags/example_params_ui_tutorial.py
[2023-07-27T20:38:01.091+0200] {logging_mixin.py:150} INFO - [2023-07-27T20:38:01.090+0200] {dag.py:2742} INFO - Sync 1 DAGs
[2023-07-27T20:38:01.095+0200] {logging_mixin.py:150} INFO - [2023-07-27T20:38:01.095+0200] {dag.py:3504} INFO - Setting next_dagrun for example_params_ui_tutorial to None, run_after=None
[2023-07-27T20:38:01.102+0200] {processor.py:179} INFO - Processing /Library/Frameworks/Python.framework/Versions/3.11/lib/python3.11/site-packages/airflow/example_dags/example_params_ui_tutorial.py took 0.364 seconds
[2023-07-27T20:39:39.494+0200] {processor.py:157} INFO - Started process (PID=5916) to work on /Library/Frameworks/Python.framework/Versions/3.11/lib/python3.11/site-packages/airflow/example_dags/example_params_ui_tutorial.py
[2023-07-27T20:39:39.496+0200] {processor.py:826} INFO - Processing file /Library/Frameworks/Python.framework/Versions/3.11/lib/python3.11/site-packages/airflow/example_dags/example_params_ui_tutorial.py for tasks to queue
[2023-07-27T20:39:39.496+0200] {logging_mixin.py:150} INFO - [2023-07-27T20:39:39.496+0200] {dagbag.py:541} INFO - Filling up the DagBag from /Library/Frameworks/Python.framework/Versions/3.11/lib/python3.11/site-packages/airflow/example_dags/example_params_ui_tutorial.py
[2023-07-27T20:39:39.555+0200] {processor.py:836} INFO - DAG(s) dict_keys(['example_params_ui_tutorial']) retrieved from /Library/Frameworks/Python.framework/Versions/3.11/lib/python3.11/site-packages/airflow/example_dags/example_params_ui_tutorial.py
[2023-07-27T20:39:39.849+0200] {logging_mixin.py:150} INFO - [2023-07-27T20:39:39.849+0200] {dag.py:2742} INFO - Sync 1 DAGs
[2023-07-27T20:39:39.854+0200] {logging_mixin.py:150} INFO - [2023-07-27T20:39:39.854+0200] {dag.py:3504} INFO - Setting next_dagrun for example_params_ui_tutorial to None, run_after=None
[2023-07-27T20:39:39.860+0200] {processor.py:179} INFO - Processing /Library/Frameworks/Python.framework/Versions/3.11/lib/python3.11/site-packages/airflow/example_dags/example_params_ui_tutorial.py took 0.366 seconds
[2023-07-27T20:41:20.974+0200] {processor.py:157} INFO - Started process (PID=5988) to work on /Library/Frameworks/Python.framework/Versions/3.11/lib/python3.11/site-packages/airflow/example_dags/example_params_ui_tutorial.py
[2023-07-27T20:41:20.975+0200] {processor.py:826} INFO - Processing file /Library/Frameworks/Python.framework/Versions/3.11/lib/python3.11/site-packages/airflow/example_dags/example_params_ui_tutorial.py for tasks to queue
[2023-07-27T20:41:20.975+0200] {logging_mixin.py:150} INFO - [2023-07-27T20:41:20.975+0200] {dagbag.py:541} INFO - Filling up the DagBag from /Library/Frameworks/Python.framework/Versions/3.11/lib/python3.11/site-packages/airflow/example_dags/example_params_ui_tutorial.py
[2023-07-27T20:41:21.031+0200] {processor.py:836} INFO - DAG(s) dict_keys(['example_params_ui_tutorial']) retrieved from /Library/Frameworks/Python.framework/Versions/3.11/lib/python3.11/site-packages/airflow/example_dags/example_params_ui_tutorial.py
[2023-07-27T20:41:21.323+0200] {logging_mixin.py:150} INFO - [2023-07-27T20:41:21.323+0200] {dag.py:2742} INFO - Sync 1 DAGs
[2023-07-27T20:41:21.328+0200] {logging_mixin.py:150} INFO - [2023-07-27T20:41:21.328+0200] {dag.py:3504} INFO - Setting next_dagrun for example_params_ui_tutorial to None, run_after=None
[2023-07-27T20:41:21.334+0200] {processor.py:179} INFO - Processing /Library/Frameworks/Python.framework/Versions/3.11/lib/python3.11/site-packages/airflow/example_dags/example_params_ui_tutorial.py took 0.360 seconds
[2023-07-27T20:42:58.602+0200] {processor.py:157} INFO - Started process (PID=6070) to work on /Library/Frameworks/Python.framework/Versions/3.11/lib/python3.11/site-packages/airflow/example_dags/example_params_ui_tutorial.py
[2023-07-27T20:42:58.603+0200] {processor.py:826} INFO - Processing file /Library/Frameworks/Python.framework/Versions/3.11/lib/python3.11/site-packages/airflow/example_dags/example_params_ui_tutorial.py for tasks to queue
[2023-07-27T20:42:58.603+0200] {logging_mixin.py:150} INFO - [2023-07-27T20:42:58.603+0200] {dagbag.py:541} INFO - Filling up the DagBag from /Library/Frameworks/Python.framework/Versions/3.11/lib/python3.11/site-packages/airflow/example_dags/example_params_ui_tutorial.py
[2023-07-27T20:42:58.660+0200] {processor.py:836} INFO - DAG(s) dict_keys(['example_params_ui_tutorial']) retrieved from /Library/Frameworks/Python.framework/Versions/3.11/lib/python3.11/site-packages/airflow/example_dags/example_params_ui_tutorial.py
[2023-07-27T20:42:58.955+0200] {logging_mixin.py:150} INFO - [2023-07-27T20:42:58.955+0200] {dag.py:2742} INFO - Sync 1 DAGs
[2023-07-27T20:42:58.960+0200] {logging_mixin.py:150} INFO - [2023-07-27T20:42:58.960+0200] {dag.py:3504} INFO - Setting next_dagrun for example_params_ui_tutorial to None, run_after=None
[2023-07-27T20:42:58.966+0200] {processor.py:179} INFO - Processing /Library/Frameworks/Python.framework/Versions/3.11/lib/python3.11/site-packages/airflow/example_dags/example_params_ui_tutorial.py took 0.364 seconds
[2023-07-27T20:44:35.594+0200] {processor.py:157} INFO - Started process (PID=6141) to work on /Library/Frameworks/Python.framework/Versions/3.11/lib/python3.11/site-packages/airflow/example_dags/example_params_ui_tutorial.py
[2023-07-27T20:44:35.596+0200] {processor.py:826} INFO - Processing file /Library/Frameworks/Python.framework/Versions/3.11/lib/python3.11/site-packages/airflow/example_dags/example_params_ui_tutorial.py for tasks to queue
[2023-07-27T20:44:35.597+0200] {logging_mixin.py:150} INFO - [2023-07-27T20:44:35.596+0200] {dagbag.py:541} INFO - Filling up the DagBag from /Library/Frameworks/Python.framework/Versions/3.11/lib/python3.11/site-packages/airflow/example_dags/example_params_ui_tutorial.py
[2023-07-27T20:44:35.654+0200] {processor.py:836} INFO - DAG(s) dict_keys(['example_params_ui_tutorial']) retrieved from /Library/Frameworks/Python.framework/Versions/3.11/lib/python3.11/site-packages/airflow/example_dags/example_params_ui_tutorial.py
[2023-07-27T20:44:35.946+0200] {logging_mixin.py:150} INFO - [2023-07-27T20:44:35.946+0200] {dag.py:2742} INFO - Sync 1 DAGs
[2023-07-27T20:44:35.951+0200] {logging_mixin.py:150} INFO - [2023-07-27T20:44:35.951+0200] {dag.py:3504} INFO - Setting next_dagrun for example_params_ui_tutorial to None, run_after=None
[2023-07-27T20:44:35.957+0200] {processor.py:179} INFO - Processing /Library/Frameworks/Python.framework/Versions/3.11/lib/python3.11/site-packages/airflow/example_dags/example_params_ui_tutorial.py took 0.363 seconds
[2023-07-27T20:46:10.530+0200] {processor.py:157} INFO - Started process (PID=6217) to work on /Library/Frameworks/Python.framework/Versions/3.11/lib/python3.11/site-packages/airflow/example_dags/example_params_ui_tutorial.py
[2023-07-27T20:46:10.531+0200] {processor.py:826} INFO - Processing file /Library/Frameworks/Python.framework/Versions/3.11/lib/python3.11/site-packages/airflow/example_dags/example_params_ui_tutorial.py for tasks to queue
[2023-07-27T20:46:10.532+0200] {logging_mixin.py:150} INFO - [2023-07-27T20:46:10.532+0200] {dagbag.py:541} INFO - Filling up the DagBag from /Library/Frameworks/Python.framework/Versions/3.11/lib/python3.11/site-packages/airflow/example_dags/example_params_ui_tutorial.py
[2023-07-27T20:46:10.587+0200] {processor.py:836} INFO - DAG(s) dict_keys(['example_params_ui_tutorial']) retrieved from /Library/Frameworks/Python.framework/Versions/3.11/lib/python3.11/site-packages/airflow/example_dags/example_params_ui_tutorial.py
[2023-07-27T20:46:10.873+0200] {logging_mixin.py:150} INFO - [2023-07-27T20:46:10.873+0200] {dag.py:2742} INFO - Sync 1 DAGs
[2023-07-27T20:46:10.878+0200] {logging_mixin.py:150} INFO - [2023-07-27T20:46:10.878+0200] {dag.py:3504} INFO - Setting next_dagrun for example_params_ui_tutorial to None, run_after=None
[2023-07-27T20:46:10.884+0200] {processor.py:179} INFO - Processing /Library/Frameworks/Python.framework/Versions/3.11/lib/python3.11/site-packages/airflow/example_dags/example_params_ui_tutorial.py took 0.354 seconds
[2023-07-27T20:47:45.790+0200] {processor.py:157} INFO - Started process (PID=6297) to work on /Library/Frameworks/Python.framework/Versions/3.11/lib/python3.11/site-packages/airflow/example_dags/example_params_ui_tutorial.py
[2023-07-27T20:47:45.792+0200] {processor.py:826} INFO - Processing file /Library/Frameworks/Python.framework/Versions/3.11/lib/python3.11/site-packages/airflow/example_dags/example_params_ui_tutorial.py for tasks to queue
[2023-07-27T20:47:45.792+0200] {logging_mixin.py:150} INFO - [2023-07-27T20:47:45.792+0200] {dagbag.py:541} INFO - Filling up the DagBag from /Library/Frameworks/Python.framework/Versions/3.11/lib/python3.11/site-packages/airflow/example_dags/example_params_ui_tutorial.py
[2023-07-27T20:47:45.847+0200] {processor.py:836} INFO - DAG(s) dict_keys(['example_params_ui_tutorial']) retrieved from /Library/Frameworks/Python.framework/Versions/3.11/lib/python3.11/site-packages/airflow/example_dags/example_params_ui_tutorial.py
[2023-07-27T20:47:46.134+0200] {logging_mixin.py:150} INFO - [2023-07-27T20:47:46.133+0200] {dag.py:2742} INFO - Sync 1 DAGs
[2023-07-27T20:47:46.138+0200] {logging_mixin.py:150} INFO - [2023-07-27T20:47:46.138+0200] {dag.py:3504} INFO - Setting next_dagrun for example_params_ui_tutorial to None, run_after=None
[2023-07-27T20:47:46.144+0200] {processor.py:179} INFO - Processing /Library/Frameworks/Python.framework/Versions/3.11/lib/python3.11/site-packages/airflow/example_dags/example_params_ui_tutorial.py took 0.355 seconds
[2023-07-27T20:49:24.819+0200] {processor.py:157} INFO - Started process (PID=6369) to work on /Library/Frameworks/Python.framework/Versions/3.11/lib/python3.11/site-packages/airflow/example_dags/example_params_ui_tutorial.py
[2023-07-27T20:49:24.820+0200] {processor.py:826} INFO - Processing file /Library/Frameworks/Python.framework/Versions/3.11/lib/python3.11/site-packages/airflow/example_dags/example_params_ui_tutorial.py for tasks to queue
[2023-07-27T20:49:24.820+0200] {logging_mixin.py:150} INFO - [2023-07-27T20:49:24.820+0200] {dagbag.py:541} INFO - Filling up the DagBag from /Library/Frameworks/Python.framework/Versions/3.11/lib/python3.11/site-packages/airflow/example_dags/example_params_ui_tutorial.py
[2023-07-27T20:49:24.875+0200] {processor.py:836} INFO - DAG(s) dict_keys(['example_params_ui_tutorial']) retrieved from /Library/Frameworks/Python.framework/Versions/3.11/lib/python3.11/site-packages/airflow/example_dags/example_params_ui_tutorial.py
[2023-07-27T20:49:25.161+0200] {logging_mixin.py:150} INFO - [2023-07-27T20:49:25.161+0200] {dag.py:2742} INFO - Sync 1 DAGs
[2023-07-27T20:49:25.166+0200] {logging_mixin.py:150} INFO - [2023-07-27T20:49:25.166+0200] {dag.py:3504} INFO - Setting next_dagrun for example_params_ui_tutorial to None, run_after=None
[2023-07-27T20:49:25.171+0200] {processor.py:179} INFO - Processing /Library/Frameworks/Python.framework/Versions/3.11/lib/python3.11/site-packages/airflow/example_dags/example_params_ui_tutorial.py took 0.353 seconds
[2023-07-27T22:51:17.645+0200] {processor.py:157} INFO - Started process (PID=8853) to work on /Library/Frameworks/Python.framework/Versions/3.11/lib/python3.11/site-packages/airflow/example_dags/example_params_ui_tutorial.py
[2023-07-27T22:51:17.647+0200] {processor.py:826} INFO - Processing file /Library/Frameworks/Python.framework/Versions/3.11/lib/python3.11/site-packages/airflow/example_dags/example_params_ui_tutorial.py for tasks to queue
[2023-07-27T22:51:17.648+0200] {logging_mixin.py:150} INFO - [2023-07-27T22:51:17.647+0200] {dagbag.py:541} INFO - Filling up the DagBag from /Library/Frameworks/Python.framework/Versions/3.11/lib/python3.11/site-packages/airflow/example_dags/example_params_ui_tutorial.py
[2023-07-27T22:51:17.708+0200] {processor.py:836} INFO - DAG(s) dict_keys(['example_params_ui_tutorial']) retrieved from /Library/Frameworks/Python.framework/Versions/3.11/lib/python3.11/site-packages/airflow/example_dags/example_params_ui_tutorial.py
