[2023-07-27T20:34:43.564+0200] {processor.py:157} INFO - Started process (PID=5697) to work on /Library/Frameworks/Python.framework/Versions/3.11/lib/python3.11/site-packages/airflow/example_dags/example_sla_dag.py
[2023-07-27T20:34:43.566+0200] {processor.py:826} INFO - Processing file /Library/Frameworks/Python.framework/Versions/3.11/lib/python3.11/site-packages/airflow/example_dags/example_sla_dag.py for tasks to queue
[2023-07-27T20:34:43.566+0200] {logging_mixin.py:150} INFO - [2023-07-27T20:34:43.566+0200] {dagbag.py:541} INFO - Filling up the DagBag from /Library/Frameworks/Python.framework/Versions/3.11/lib/python3.11/site-packages/airflow/example_dags/example_sla_dag.py
[2023-07-27T20:34:43.595+0200] {processor.py:836} INFO - DAG(s) dict_keys(['example_sla_dag']) retrieved from /Library/Frameworks/Python.framework/Versions/3.11/lib/python3.11/site-packages/airflow/example_dags/example_sla_dag.py
[2023-07-27T20:34:43.961+0200] {logging_mixin.py:150} INFO - [2023-07-27T20:34:43.961+0200] {manager.py:504} INFO - Created Permission View: can delete on DAG:example_sla_dag
[2023-07-27T20:34:43.964+0200] {logging_mixin.py:150} INFO - [2023-07-27T20:34:43.964+0200] {manager.py:504} INFO - Created Permission View: can edit on DAG:example_sla_dag
[2023-07-27T20:34:43.966+0200] {logging_mixin.py:150} INFO - [2023-07-27T20:34:43.966+0200] {manager.py:504} INFO - Created Permission View: can read on DAG:example_sla_dag
[2023-07-27T20:34:43.969+0200] {logging_mixin.py:150} INFO - [2023-07-27T20:34:43.969+0200] {dag.py:2742} INFO - Sync 1 DAGs
[2023-07-27T20:34:43.973+0200] {logging_mixin.py:150} INFO - [2023-07-27T20:34:43.972+0200] {dag.py:2763} INFO - Creating ORM DAG for example_sla_dag
[2023-07-27T20:34:43.976+0200] {logging_mixin.py:150} INFO - [2023-07-27T20:34:43.976+0200] {dag.py:3504} INFO - Setting next_dagrun for example_sla_dag to 2023-07-27T18:32:00+00:00, run_after=2023-07-27T18:34:00+00:00
[2023-07-27T20:34:43.981+0200] {processor.py:179} INFO - Processing /Library/Frameworks/Python.framework/Versions/3.11/lib/python3.11/site-packages/airflow/example_dags/example_sla_dag.py took 0.417 seconds
[2023-07-27T20:36:04.806+0200] {processor.py:157} INFO - Started process (PID=5752) to work on /Library/Frameworks/Python.framework/Versions/3.11/lib/python3.11/site-packages/airflow/example_dags/example_sla_dag.py
[2023-07-27T20:36:04.808+0200] {processor.py:826} INFO - Processing file /Library/Frameworks/Python.framework/Versions/3.11/lib/python3.11/site-packages/airflow/example_dags/example_sla_dag.py for tasks to queue
[2023-07-27T20:36:04.808+0200] {logging_mixin.py:150} INFO - [2023-07-27T20:36:04.808+0200] {dagbag.py:541} INFO - Filling up the DagBag from /Library/Frameworks/Python.framework/Versions/3.11/lib/python3.11/site-packages/airflow/example_dags/example_sla_dag.py
[2023-07-27T20:36:04.844+0200] {processor.py:836} INFO - DAG(s) dict_keys(['example_sla_dag']) retrieved from /Library/Frameworks/Python.framework/Versions/3.11/lib/python3.11/site-packages/airflow/example_dags/example_sla_dag.py
[2023-07-27T20:36:05.218+0200] {logging_mixin.py:150} INFO - [2023-07-27T20:36:05.218+0200] {dag.py:2742} INFO - Sync 1 DAGs
[2023-07-27T20:36:05.225+0200] {logging_mixin.py:150} INFO - [2023-07-27T20:36:05.225+0200] {dag.py:3504} INFO - Setting next_dagrun for example_sla_dag to 2023-07-27T18:34:00+00:00, run_after=2023-07-27T18:36:00+00:00
[2023-07-27T20:36:05.232+0200] {processor.py:179} INFO - Processing /Library/Frameworks/Python.framework/Versions/3.11/lib/python3.11/site-packages/airflow/example_dags/example_sla_dag.py took 0.426 seconds
[2023-07-27T20:37:43.968+0200] {processor.py:157} INFO - Started process (PID=5828) to work on /Library/Frameworks/Python.framework/Versions/3.11/lib/python3.11/site-packages/airflow/example_dags/example_sla_dag.py
[2023-07-27T20:37:43.970+0200] {processor.py:826} INFO - Processing file /Library/Frameworks/Python.framework/Versions/3.11/lib/python3.11/site-packages/airflow/example_dags/example_sla_dag.py for tasks to queue
[2023-07-27T20:37:43.970+0200] {logging_mixin.py:150} INFO - [2023-07-27T20:37:43.970+0200] {dagbag.py:541} INFO - Filling up the DagBag from /Library/Frameworks/Python.framework/Versions/3.11/lib/python3.11/site-packages/airflow/example_dags/example_sla_dag.py
[2023-07-27T20:37:43.998+0200] {processor.py:836} INFO - DAG(s) dict_keys(['example_sla_dag']) retrieved from /Library/Frameworks/Python.framework/Versions/3.11/lib/python3.11/site-packages/airflow/example_dags/example_sla_dag.py
[2023-07-27T20:37:44.312+0200] {logging_mixin.py:150} INFO - [2023-07-27T20:37:44.311+0200] {dag.py:2742} INFO - Sync 1 DAGs
[2023-07-27T20:37:44.317+0200] {logging_mixin.py:150} INFO - [2023-07-27T20:37:44.317+0200] {dag.py:3504} INFO - Setting next_dagrun for example_sla_dag to 2023-07-27T18:34:00+00:00, run_after=2023-07-27T18:36:00+00:00
[2023-07-27T20:37:44.324+0200] {processor.py:179} INFO - Processing /Library/Frameworks/Python.framework/Versions/3.11/lib/python3.11/site-packages/airflow/example_dags/example_sla_dag.py took 0.356 seconds
[2023-07-27T20:39:21.178+0200] {processor.py:157} INFO - Started process (PID=5906) to work on /Library/Frameworks/Python.framework/Versions/3.11/lib/python3.11/site-packages/airflow/example_dags/example_sla_dag.py
[2023-07-27T20:39:21.179+0200] {processor.py:826} INFO - Processing file /Library/Frameworks/Python.framework/Versions/3.11/lib/python3.11/site-packages/airflow/example_dags/example_sla_dag.py for tasks to queue
[2023-07-27T20:39:21.179+0200] {logging_mixin.py:150} INFO - [2023-07-27T20:39:21.179+0200] {dagbag.py:541} INFO - Filling up the DagBag from /Library/Frameworks/Python.framework/Versions/3.11/lib/python3.11/site-packages/airflow/example_dags/example_sla_dag.py
[2023-07-27T20:39:21.207+0200] {processor.py:836} INFO - DAG(s) dict_keys(['example_sla_dag']) retrieved from /Library/Frameworks/Python.framework/Versions/3.11/lib/python3.11/site-packages/airflow/example_dags/example_sla_dag.py
[2023-07-27T20:39:21.539+0200] {logging_mixin.py:150} INFO - [2023-07-27T20:39:21.538+0200] {dag.py:2742} INFO - Sync 1 DAGs
[2023-07-27T20:39:21.545+0200] {logging_mixin.py:150} INFO - [2023-07-27T20:39:21.545+0200] {dag.py:3504} INFO - Setting next_dagrun for example_sla_dag to 2023-07-27T18:36:00+00:00, run_after=2023-07-27T18:38:00+00:00
[2023-07-27T20:39:21.553+0200] {processor.py:179} INFO - Processing /Library/Frameworks/Python.framework/Versions/3.11/lib/python3.11/site-packages/airflow/example_dags/example_sla_dag.py took 0.375 seconds
[2023-07-27T20:41:03.245+0200] {processor.py:157} INFO - Started process (PID=5975) to work on /Library/Frameworks/Python.framework/Versions/3.11/lib/python3.11/site-packages/airflow/example_dags/example_sla_dag.py
[2023-07-27T20:41:03.246+0200] {processor.py:826} INFO - Processing file /Library/Frameworks/Python.framework/Versions/3.11/lib/python3.11/site-packages/airflow/example_dags/example_sla_dag.py for tasks to queue
[2023-07-27T20:41:03.247+0200] {logging_mixin.py:150} INFO - [2023-07-27T20:41:03.247+0200] {dagbag.py:541} INFO - Filling up the DagBag from /Library/Frameworks/Python.framework/Versions/3.11/lib/python3.11/site-packages/airflow/example_dags/example_sla_dag.py
[2023-07-27T20:41:03.274+0200] {processor.py:836} INFO - DAG(s) dict_keys(['example_sla_dag']) retrieved from /Library/Frameworks/Python.framework/Versions/3.11/lib/python3.11/site-packages/airflow/example_dags/example_sla_dag.py
[2023-07-27T20:41:03.588+0200] {logging_mixin.py:150} INFO - [2023-07-27T20:41:03.588+0200] {dag.py:2742} INFO - Sync 1 DAGs
[2023-07-27T20:41:03.594+0200] {logging_mixin.py:150} INFO - [2023-07-27T20:41:03.594+0200] {dag.py:3504} INFO - Setting next_dagrun for example_sla_dag to 2023-07-27T18:38:00+00:00, run_after=2023-07-27T18:40:00+00:00
[2023-07-27T20:41:03.600+0200] {processor.py:179} INFO - Processing /Library/Frameworks/Python.framework/Versions/3.11/lib/python3.11/site-packages/airflow/example_dags/example_sla_dag.py took 0.355 seconds
[2023-07-27T20:42:42.336+0200] {processor.py:157} INFO - Started process (PID=6050) to work on /Library/Frameworks/Python.framework/Versions/3.11/lib/python3.11/site-packages/airflow/example_dags/example_sla_dag.py
[2023-07-27T20:42:42.338+0200] {processor.py:826} INFO - Processing file /Library/Frameworks/Python.framework/Versions/3.11/lib/python3.11/site-packages/airflow/example_dags/example_sla_dag.py for tasks to queue
[2023-07-27T20:42:42.338+0200] {logging_mixin.py:150} INFO - [2023-07-27T20:42:42.338+0200] {dagbag.py:541} INFO - Filling up the DagBag from /Library/Frameworks/Python.framework/Versions/3.11/lib/python3.11/site-packages/airflow/example_dags/example_sla_dag.py
[2023-07-27T20:42:42.368+0200] {processor.py:836} INFO - DAG(s) dict_keys(['example_sla_dag']) retrieved from /Library/Frameworks/Python.framework/Versions/3.11/lib/python3.11/site-packages/airflow/example_dags/example_sla_dag.py
[2023-07-27T20:42:42.687+0200] {logging_mixin.py:150} INFO - [2023-07-27T20:42:42.687+0200] {dag.py:2742} INFO - Sync 1 DAGs
[2023-07-27T20:42:42.693+0200] {logging_mixin.py:150} INFO - [2023-07-27T20:42:42.693+0200] {dag.py:3504} INFO - Setting next_dagrun for example_sla_dag to 2023-07-27T18:40:00+00:00, run_after=2023-07-27T18:42:00+00:00
[2023-07-27T20:42:42.699+0200] {processor.py:179} INFO - Processing /Library/Frameworks/Python.framework/Versions/3.11/lib/python3.11/site-packages/airflow/example_dags/example_sla_dag.py took 0.363 seconds
[2023-07-27T20:44:17.335+0200] {processor.py:157} INFO - Started process (PID=6131) to work on /Library/Frameworks/Python.framework/Versions/3.11/lib/python3.11/site-packages/airflow/example_dags/example_sla_dag.py
[2023-07-27T20:44:17.336+0200] {processor.py:826} INFO - Processing file /Library/Frameworks/Python.framework/Versions/3.11/lib/python3.11/site-packages/airflow/example_dags/example_sla_dag.py for tasks to queue
[2023-07-27T20:44:17.337+0200] {logging_mixin.py:150} INFO - [2023-07-27T20:44:17.337+0200] {dagbag.py:541} INFO - Filling up the DagBag from /Library/Frameworks/Python.framework/Versions/3.11/lib/python3.11/site-packages/airflow/example_dags/example_sla_dag.py
[2023-07-27T20:44:17.366+0200] {processor.py:836} INFO - DAG(s) dict_keys(['example_sla_dag']) retrieved from /Library/Frameworks/Python.framework/Versions/3.11/lib/python3.11/site-packages/airflow/example_dags/example_sla_dag.py
[2023-07-27T20:44:17.685+0200] {logging_mixin.py:150} INFO - [2023-07-27T20:44:17.685+0200] {dag.py:2742} INFO - Sync 1 DAGs
[2023-07-27T20:44:17.691+0200] {logging_mixin.py:150} INFO - [2023-07-27T20:44:17.691+0200] {dag.py:3504} INFO - Setting next_dagrun for example_sla_dag to 2023-07-27T18:42:00+00:00, run_after=2023-07-27T18:44:00+00:00
[2023-07-27T20:44:17.698+0200] {processor.py:179} INFO - Processing /Library/Frameworks/Python.framework/Versions/3.11/lib/python3.11/site-packages/airflow/example_dags/example_sla_dag.py took 0.363 seconds
[2023-07-27T20:45:52.476+0200] {processor.py:157} INFO - Started process (PID=6207) to work on /Library/Frameworks/Python.framework/Versions/3.11/lib/python3.11/site-packages/airflow/example_dags/example_sla_dag.py
[2023-07-27T20:45:52.477+0200] {processor.py:826} INFO - Processing file /Library/Frameworks/Python.framework/Versions/3.11/lib/python3.11/site-packages/airflow/example_dags/example_sla_dag.py for tasks to queue
[2023-07-27T20:45:52.477+0200] {logging_mixin.py:150} INFO - [2023-07-27T20:45:52.477+0200] {dagbag.py:541} INFO - Filling up the DagBag from /Library/Frameworks/Python.framework/Versions/3.11/lib/python3.11/site-packages/airflow/example_dags/example_sla_dag.py
[2023-07-27T20:45:52.511+0200] {processor.py:836} INFO - DAG(s) dict_keys(['example_sla_dag']) retrieved from /Library/Frameworks/Python.framework/Versions/3.11/lib/python3.11/site-packages/airflow/example_dags/example_sla_dag.py
[2023-07-27T20:45:52.847+0200] {logging_mixin.py:150} INFO - [2023-07-27T20:45:52.847+0200] {dag.py:2742} INFO - Sync 1 DAGs
[2023-07-27T20:45:52.853+0200] {logging_mixin.py:150} INFO - [2023-07-27T20:45:52.853+0200] {dag.py:3504} INFO - Setting next_dagrun for example_sla_dag to 2023-07-27T18:42:00+00:00, run_after=2023-07-27T18:44:00+00:00
[2023-07-27T20:45:52.860+0200] {processor.py:179} INFO - Processing /Library/Frameworks/Python.framework/Versions/3.11/lib/python3.11/site-packages/airflow/example_dags/example_sla_dag.py took 0.385 seconds
[2023-07-27T20:47:29.002+0200] {processor.py:157} INFO - Started process (PID=6287) to work on /Library/Frameworks/Python.framework/Versions/3.11/lib/python3.11/site-packages/airflow/example_dags/example_sla_dag.py
[2023-07-27T20:47:29.004+0200] {processor.py:826} INFO - Processing file /Library/Frameworks/Python.framework/Versions/3.11/lib/python3.11/site-packages/airflow/example_dags/example_sla_dag.py for tasks to queue
[2023-07-27T20:47:29.004+0200] {logging_mixin.py:150} INFO - [2023-07-27T20:47:29.004+0200] {dagbag.py:541} INFO - Filling up the DagBag from /Library/Frameworks/Python.framework/Versions/3.11/lib/python3.11/site-packages/airflow/example_dags/example_sla_dag.py
[2023-07-27T20:47:29.031+0200] {processor.py:836} INFO - DAG(s) dict_keys(['example_sla_dag']) retrieved from /Library/Frameworks/Python.framework/Versions/3.11/lib/python3.11/site-packages/airflow/example_dags/example_sla_dag.py
[2023-07-27T20:47:29.340+0200] {logging_mixin.py:150} INFO - [2023-07-27T20:47:29.340+0200] {dag.py:2742} INFO - Sync 1 DAGs
[2023-07-27T20:47:29.346+0200] {logging_mixin.py:150} INFO - [2023-07-27T20:47:29.346+0200] {dag.py:3504} INFO - Setting next_dagrun for example_sla_dag to 2023-07-27T18:44:00+00:00, run_after=2023-07-27T18:46:00+00:00
[2023-07-27T20:47:29.352+0200] {processor.py:179} INFO - Processing /Library/Frameworks/Python.framework/Versions/3.11/lib/python3.11/site-packages/airflow/example_dags/example_sla_dag.py took 0.351 seconds
[2023-07-27T20:49:07.197+0200] {processor.py:157} INFO - Started process (PID=6356) to work on /Library/Frameworks/Python.framework/Versions/3.11/lib/python3.11/site-packages/airflow/example_dags/example_sla_dag.py
[2023-07-27T20:49:07.199+0200] {processor.py:826} INFO - Processing file /Library/Frameworks/Python.framework/Versions/3.11/lib/python3.11/site-packages/airflow/example_dags/example_sla_dag.py for tasks to queue
[2023-07-27T20:49:07.199+0200] {logging_mixin.py:150} INFO - [2023-07-27T20:49:07.199+0200] {dagbag.py:541} INFO - Filling up the DagBag from /Library/Frameworks/Python.framework/Versions/3.11/lib/python3.11/site-packages/airflow/example_dags/example_sla_dag.py
[2023-07-27T20:49:07.226+0200] {processor.py:836} INFO - DAG(s) dict_keys(['example_sla_dag']) retrieved from /Library/Frameworks/Python.framework/Versions/3.11/lib/python3.11/site-packages/airflow/example_dags/example_sla_dag.py
[2023-07-27T20:49:07.534+0200] {logging_mixin.py:150} INFO - [2023-07-27T20:49:07.534+0200] {dag.py:2742} INFO - Sync 1 DAGs
[2023-07-27T20:49:07.540+0200] {logging_mixin.py:150} INFO - [2023-07-27T20:49:07.539+0200] {dag.py:3504} INFO - Setting next_dagrun for example_sla_dag to 2023-07-27T18:46:00+00:00, run_after=2023-07-27T18:48:00+00:00
[2023-07-27T20:49:07.546+0200] {processor.py:179} INFO - Processing /Library/Frameworks/Python.framework/Versions/3.11/lib/python3.11/site-packages/airflow/example_dags/example_sla_dag.py took 0.349 seconds
[2023-07-27T22:51:12.627+0200] {processor.py:157} INFO - Started process (PID=8841) to work on /Library/Frameworks/Python.framework/Versions/3.11/lib/python3.11/site-packages/airflow/example_dags/example_sla_dag.py
[2023-07-27T22:51:12.629+0200] {processor.py:826} INFO - Processing file /Library/Frameworks/Python.framework/Versions/3.11/lib/python3.11/site-packages/airflow/example_dags/example_sla_dag.py for tasks to queue
[2023-07-27T22:51:12.629+0200] {logging_mixin.py:150} INFO - [2023-07-27T22:51:12.629+0200] {dagbag.py:541} INFO - Filling up the DagBag from /Library/Frameworks/Python.framework/Versions/3.11/lib/python3.11/site-packages/airflow/example_dags/example_sla_dag.py
[2023-07-27T22:51:12.661+0200] {processor.py:836} INFO - DAG(s) dict_keys(['example_sla_dag']) retrieved from /Library/Frameworks/Python.framework/Versions/3.11/lib/python3.11/site-packages/airflow/example_dags/example_sla_dag.py
[2023-07-27T22:51:13.079+0200] {logging_mixin.py:150} INFO - [2023-07-27T22:51:13.079+0200] {manager.py:504} INFO - Created Permission View: can delete on DAG:example_sla_dag
[2023-07-27T22:51:13.087+0200] {logging_mixin.py:150} INFO - [2023-07-27T22:51:13.087+0200] {manager.py:504} INFO - Created Permission View: can edit on DAG:example_sla_dag
[2023-07-27T22:51:13.095+0200] {logging_mixin.py:150} INFO - [2023-07-27T22:51:13.095+0200] {manager.py:504} INFO - Created Permission View: can read on DAG:example_sla_dag
[2023-07-27T22:51:13.104+0200] {logging_mixin.py:150} INFO - [2023-07-27T22:51:13.104+0200] {dag.py:2742} INFO - Sync 1 DAGs
[2023-07-27T22:51:13.109+0200] {logging_mixin.py:150} INFO - [2023-07-27T22:51:13.109+0200] {dag.py:2763} INFO - Creating ORM DAG for example_sla_dag
[2023-07-27T22:51:13.116+0200] {logging_mixin.py:150} INFO - [2023-07-27T22:51:13.116+0200] {dag.py:3504} INFO - Setting next_dagrun for example_sla_dag to 2023-07-27T20:48:00+00:00, run_after=2023-07-27T20:50:00+00:00
[2023-07-27T22:51:13.128+0200] {processor.py:179} INFO - Processing /Library/Frameworks/Python.framework/Versions/3.11/lib/python3.11/site-packages/airflow/example_dags/example_sla_dag.py took 0.501 seconds
