[2023-07-27T20:35:20.060+0200] {processor.py:157} INFO - Started process (PID=5725) to work on /Library/Frameworks/Python.framework/Versions/3.11/lib/python3.11/site-packages/airflow/example_dags/example_dag_decorator.py
[2023-07-27T20:35:20.062+0200] {processor.py:826} INFO - Processing file /Library/Frameworks/Python.framework/Versions/3.11/lib/python3.11/site-packages/airflow/example_dags/example_dag_decorator.py for tasks to queue
[2023-07-27T20:35:20.062+0200] {logging_mixin.py:150} INFO - [2023-07-27T20:35:20.062+0200] {dagbag.py:541} INFO - Filling up the DagBag from /Library/Frameworks/Python.framework/Versions/3.11/lib/python3.11/site-packages/airflow/example_dags/example_dag_decorator.py
[2023-07-27T20:35:20.164+0200] {processor.py:836} INFO - DAG(s) dict_keys(['example_dag_decorator']) retrieved from /Library/Frameworks/Python.framework/Versions/3.11/lib/python3.11/site-packages/airflow/example_dags/example_dag_decorator.py
[2023-07-27T20:35:20.472+0200] {logging_mixin.py:150} INFO - [2023-07-27T20:35:20.472+0200] {manager.py:504} INFO - Created Permission View: can read on DAG:example_dag_decorator
[2023-07-27T20:35:20.475+0200] {logging_mixin.py:150} INFO - [2023-07-27T20:35:20.475+0200] {manager.py:504} INFO - Created Permission View: can delete on DAG:example_dag_decorator
[2023-07-27T20:35:20.476+0200] {logging_mixin.py:150} INFO - [2023-07-27T20:35:20.476+0200] {manager.py:504} INFO - Created Permission View: can edit on DAG:example_dag_decorator
[2023-07-27T20:35:20.479+0200] {logging_mixin.py:150} INFO - [2023-07-27T20:35:20.479+0200] {dag.py:2742} INFO - Sync 1 DAGs
[2023-07-27T20:35:20.482+0200] {logging_mixin.py:150} INFO - [2023-07-27T20:35:20.482+0200] {dag.py:2763} INFO - Creating ORM DAG for example_dag_decorator
[2023-07-27T20:35:20.485+0200] {logging_mixin.py:150} INFO - [2023-07-27T20:35:20.485+0200] {dag.py:3504} INFO - Setting next_dagrun for example_dag_decorator to None, run_after=None
[2023-07-27T20:35:20.490+0200] {processor.py:179} INFO - Processing /Library/Frameworks/Python.framework/Versions/3.11/lib/python3.11/site-packages/airflow/example_dags/example_dag_decorator.py took 0.429 seconds
[2023-07-27T20:37:00.255+0200] {processor.py:157} INFO - Started process (PID=5796) to work on /Library/Frameworks/Python.framework/Versions/3.11/lib/python3.11/site-packages/airflow/example_dags/example_dag_decorator.py
[2023-07-27T20:37:00.257+0200] {processor.py:826} INFO - Processing file /Library/Frameworks/Python.framework/Versions/3.11/lib/python3.11/site-packages/airflow/example_dags/example_dag_decorator.py for tasks to queue
[2023-07-27T20:37:00.257+0200] {logging_mixin.py:150} INFO - [2023-07-27T20:37:00.257+0200] {dagbag.py:541} INFO - Filling up the DagBag from /Library/Frameworks/Python.framework/Versions/3.11/lib/python3.11/site-packages/airflow/example_dags/example_dag_decorator.py
[2023-07-27T20:37:00.372+0200] {processor.py:836} INFO - DAG(s) dict_keys(['example_dag_decorator']) retrieved from /Library/Frameworks/Python.framework/Versions/3.11/lib/python3.11/site-packages/airflow/example_dags/example_dag_decorator.py
[2023-07-27T20:37:00.695+0200] {logging_mixin.py:150} INFO - [2023-07-27T20:37:00.695+0200] {dag.py:2742} INFO - Sync 1 DAGs
[2023-07-27T20:37:00.701+0200] {logging_mixin.py:150} INFO - [2023-07-27T20:37:00.701+0200] {dag.py:3504} INFO - Setting next_dagrun for example_dag_decorator to None, run_after=None
[2023-07-27T20:37:00.707+0200] {processor.py:179} INFO - Processing /Library/Frameworks/Python.framework/Versions/3.11/lib/python3.11/site-packages/airflow/example_dags/example_dag_decorator.py took 0.452 seconds
[2023-07-27T20:38:40.742+0200] {processor.py:157} INFO - Started process (PID=5870) to work on /Library/Frameworks/Python.framework/Versions/3.11/lib/python3.11/site-packages/airflow/example_dags/example_dag_decorator.py
[2023-07-27T20:38:40.744+0200] {processor.py:826} INFO - Processing file /Library/Frameworks/Python.framework/Versions/3.11/lib/python3.11/site-packages/airflow/example_dags/example_dag_decorator.py for tasks to queue
[2023-07-27T20:38:40.744+0200] {logging_mixin.py:150} INFO - [2023-07-27T20:38:40.744+0200] {dagbag.py:541} INFO - Filling up the DagBag from /Library/Frameworks/Python.framework/Versions/3.11/lib/python3.11/site-packages/airflow/example_dags/example_dag_decorator.py
[2023-07-27T20:38:40.845+0200] {processor.py:836} INFO - DAG(s) dict_keys(['example_dag_decorator']) retrieved from /Library/Frameworks/Python.framework/Versions/3.11/lib/python3.11/site-packages/airflow/example_dags/example_dag_decorator.py
[2023-07-27T20:38:41.129+0200] {logging_mixin.py:150} INFO - [2023-07-27T20:38:41.129+0200] {dag.py:2742} INFO - Sync 1 DAGs
[2023-07-27T20:38:41.134+0200] {logging_mixin.py:150} INFO - [2023-07-27T20:38:41.134+0200] {dag.py:3504} INFO - Setting next_dagrun for example_dag_decorator to None, run_after=None
[2023-07-27T20:38:41.140+0200] {processor.py:179} INFO - Processing /Library/Frameworks/Python.framework/Versions/3.11/lib/python3.11/site-packages/airflow/example_dags/example_dag_decorator.py took 0.399 seconds
[2023-07-27T20:40:18.838+0200] {processor.py:157} INFO - Started process (PID=5939) to work on /Library/Frameworks/Python.framework/Versions/3.11/lib/python3.11/site-packages/airflow/example_dags/example_dag_decorator.py
[2023-07-27T20:40:18.839+0200] {processor.py:826} INFO - Processing file /Library/Frameworks/Python.framework/Versions/3.11/lib/python3.11/site-packages/airflow/example_dags/example_dag_decorator.py for tasks to queue
[2023-07-27T20:40:18.839+0200] {logging_mixin.py:150} INFO - [2023-07-27T20:40:18.839+0200] {dagbag.py:541} INFO - Filling up the DagBag from /Library/Frameworks/Python.framework/Versions/3.11/lib/python3.11/site-packages/airflow/example_dags/example_dag_decorator.py
[2023-07-27T20:40:18.938+0200] {processor.py:836} INFO - DAG(s) dict_keys(['example_dag_decorator']) retrieved from /Library/Frameworks/Python.framework/Versions/3.11/lib/python3.11/site-packages/airflow/example_dags/example_dag_decorator.py
[2023-07-27T20:40:19.211+0200] {logging_mixin.py:150} INFO - [2023-07-27T20:40:19.211+0200] {dag.py:2742} INFO - Sync 1 DAGs
[2023-07-27T20:40:19.216+0200] {logging_mixin.py:150} INFO - [2023-07-27T20:40:19.216+0200] {dag.py:3504} INFO - Setting next_dagrun for example_dag_decorator to None, run_after=None
[2023-07-27T20:40:19.222+0200] {processor.py:179} INFO - Processing /Library/Frameworks/Python.framework/Versions/3.11/lib/python3.11/site-packages/airflow/example_dags/example_dag_decorator.py took 0.384 seconds
[2023-07-27T20:41:58.704+0200] {processor.py:157} INFO - Started process (PID=6022) to work on /Library/Frameworks/Python.framework/Versions/3.11/lib/python3.11/site-packages/airflow/example_dags/example_dag_decorator.py
[2023-07-27T20:41:58.705+0200] {processor.py:826} INFO - Processing file /Library/Frameworks/Python.framework/Versions/3.11/lib/python3.11/site-packages/airflow/example_dags/example_dag_decorator.py for tasks to queue
[2023-07-27T20:41:58.705+0200] {logging_mixin.py:150} INFO - [2023-07-27T20:41:58.705+0200] {dagbag.py:541} INFO - Filling up the DagBag from /Library/Frameworks/Python.framework/Versions/3.11/lib/python3.11/site-packages/airflow/example_dags/example_dag_decorator.py
[2023-07-27T20:41:58.812+0200] {processor.py:836} INFO - DAG(s) dict_keys(['example_dag_decorator']) retrieved from /Library/Frameworks/Python.framework/Versions/3.11/lib/python3.11/site-packages/airflow/example_dags/example_dag_decorator.py
[2023-07-27T20:41:59.091+0200] {logging_mixin.py:150} INFO - [2023-07-27T20:41:59.091+0200] {dag.py:2742} INFO - Sync 1 DAGs
[2023-07-27T20:41:59.097+0200] {logging_mixin.py:150} INFO - [2023-07-27T20:41:59.097+0200] {dag.py:3504} INFO - Setting next_dagrun for example_dag_decorator to None, run_after=None
[2023-07-27T20:41:59.103+0200] {processor.py:179} INFO - Processing /Library/Frameworks/Python.framework/Versions/3.11/lib/python3.11/site-packages/airflow/example_dags/example_dag_decorator.py took 0.399 seconds
[2023-07-27T20:43:37.550+0200] {processor.py:157} INFO - Started process (PID=6100) to work on /Library/Frameworks/Python.framework/Versions/3.11/lib/python3.11/site-packages/airflow/example_dags/example_dag_decorator.py
[2023-07-27T20:43:37.551+0200] {processor.py:826} INFO - Processing file /Library/Frameworks/Python.framework/Versions/3.11/lib/python3.11/site-packages/airflow/example_dags/example_dag_decorator.py for tasks to queue
[2023-07-27T20:43:37.552+0200] {logging_mixin.py:150} INFO - [2023-07-27T20:43:37.552+0200] {dagbag.py:541} INFO - Filling up the DagBag from /Library/Frameworks/Python.framework/Versions/3.11/lib/python3.11/site-packages/airflow/example_dags/example_dag_decorator.py
[2023-07-27T20:43:37.654+0200] {processor.py:836} INFO - DAG(s) dict_keys(['example_dag_decorator']) retrieved from /Library/Frameworks/Python.framework/Versions/3.11/lib/python3.11/site-packages/airflow/example_dags/example_dag_decorator.py
[2023-07-27T20:43:37.931+0200] {logging_mixin.py:150} INFO - [2023-07-27T20:43:37.931+0200] {dag.py:2742} INFO - Sync 1 DAGs
[2023-07-27T20:43:37.936+0200] {logging_mixin.py:150} INFO - [2023-07-27T20:43:37.936+0200] {dag.py:3504} INFO - Setting next_dagrun for example_dag_decorator to None, run_after=None
[2023-07-27T20:43:37.942+0200] {processor.py:179} INFO - Processing /Library/Frameworks/Python.framework/Versions/3.11/lib/python3.11/site-packages/airflow/example_dags/example_dag_decorator.py took 0.392 seconds
[2023-07-27T20:45:13.016+0200] {processor.py:157} INFO - Started process (PID=6175) to work on /Library/Frameworks/Python.framework/Versions/3.11/lib/python3.11/site-packages/airflow/example_dags/example_dag_decorator.py
[2023-07-27T20:45:13.018+0200] {processor.py:826} INFO - Processing file /Library/Frameworks/Python.framework/Versions/3.11/lib/python3.11/site-packages/airflow/example_dags/example_dag_decorator.py for tasks to queue
[2023-07-27T20:45:13.019+0200] {logging_mixin.py:150} INFO - [2023-07-27T20:45:13.018+0200] {dagbag.py:541} INFO - Filling up the DagBag from /Library/Frameworks/Python.framework/Versions/3.11/lib/python3.11/site-packages/airflow/example_dags/example_dag_decorator.py
[2023-07-27T20:45:13.119+0200] {processor.py:836} INFO - DAG(s) dict_keys(['example_dag_decorator']) retrieved from /Library/Frameworks/Python.framework/Versions/3.11/lib/python3.11/site-packages/airflow/example_dags/example_dag_decorator.py
[2023-07-27T20:45:13.398+0200] {logging_mixin.py:150} INFO - [2023-07-27T20:45:13.398+0200] {dag.py:2742} INFO - Sync 1 DAGs
[2023-07-27T20:45:13.403+0200] {logging_mixin.py:150} INFO - [2023-07-27T20:45:13.403+0200] {dag.py:3504} INFO - Setting next_dagrun for example_dag_decorator to None, run_after=None
[2023-07-27T20:45:13.409+0200] {processor.py:179} INFO - Processing /Library/Frameworks/Python.framework/Versions/3.11/lib/python3.11/site-packages/airflow/example_dags/example_dag_decorator.py took 0.393 seconds
[2023-07-27T20:46:47.197+0200] {processor.py:157} INFO - Started process (PID=6256) to work on /Library/Frameworks/Python.framework/Versions/3.11/lib/python3.11/site-packages/airflow/example_dags/example_dag_decorator.py
[2023-07-27T20:46:47.198+0200] {processor.py:826} INFO - Processing file /Library/Frameworks/Python.framework/Versions/3.11/lib/python3.11/site-packages/airflow/example_dags/example_dag_decorator.py for tasks to queue
[2023-07-27T20:46:47.198+0200] {logging_mixin.py:150} INFO - [2023-07-27T20:46:47.198+0200] {dagbag.py:541} INFO - Filling up the DagBag from /Library/Frameworks/Python.framework/Versions/3.11/lib/python3.11/site-packages/airflow/example_dags/example_dag_decorator.py
[2023-07-27T20:46:47.297+0200] {processor.py:836} INFO - DAG(s) dict_keys(['example_dag_decorator']) retrieved from /Library/Frameworks/Python.framework/Versions/3.11/lib/python3.11/site-packages/airflow/example_dags/example_dag_decorator.py
[2023-07-27T20:46:47.574+0200] {logging_mixin.py:150} INFO - [2023-07-27T20:46:47.574+0200] {dag.py:2742} INFO - Sync 1 DAGs
[2023-07-27T20:46:47.579+0200] {logging_mixin.py:150} INFO - [2023-07-27T20:46:47.579+0200] {dag.py:3504} INFO - Setting next_dagrun for example_dag_decorator to None, run_after=None
[2023-07-27T20:46:47.585+0200] {processor.py:179} INFO - Processing /Library/Frameworks/Python.framework/Versions/3.11/lib/python3.11/site-packages/airflow/example_dags/example_dag_decorator.py took 0.388 seconds
[2023-07-27T20:48:25.916+0200] {processor.py:157} INFO - Started process (PID=6331) to work on /Library/Frameworks/Python.framework/Versions/3.11/lib/python3.11/site-packages/airflow/example_dags/example_dag_decorator.py
[2023-07-27T20:48:25.917+0200] {processor.py:826} INFO - Processing file /Library/Frameworks/Python.framework/Versions/3.11/lib/python3.11/site-packages/airflow/example_dags/example_dag_decorator.py for tasks to queue
[2023-07-27T20:48:25.917+0200] {logging_mixin.py:150} INFO - [2023-07-27T20:48:25.917+0200] {dagbag.py:541} INFO - Filling up the DagBag from /Library/Frameworks/Python.framework/Versions/3.11/lib/python3.11/site-packages/airflow/example_dags/example_dag_decorator.py
[2023-07-27T20:48:26.028+0200] {processor.py:836} INFO - DAG(s) dict_keys(['example_dag_decorator']) retrieved from /Library/Frameworks/Python.framework/Versions/3.11/lib/python3.11/site-packages/airflow/example_dags/example_dag_decorator.py
[2023-07-27T20:48:26.306+0200] {logging_mixin.py:150} INFO - [2023-07-27T20:48:26.305+0200] {dag.py:2742} INFO - Sync 1 DAGs
[2023-07-27T20:48:26.311+0200] {logging_mixin.py:150} INFO - [2023-07-27T20:48:26.310+0200] {dag.py:3504} INFO - Setting next_dagrun for example_dag_decorator to None, run_after=None
[2023-07-27T20:48:26.316+0200] {processor.py:179} INFO - Processing /Library/Frameworks/Python.framework/Versions/3.11/lib/python3.11/site-packages/airflow/example_dags/example_dag_decorator.py took 0.401 seconds
[2023-07-27T20:50:05.931+0200] {processor.py:157} INFO - Started process (PID=6508) to work on /Library/Frameworks/Python.framework/Versions/3.11/lib/python3.11/site-packages/airflow/example_dags/example_dag_decorator.py
[2023-07-27T20:50:05.933+0200] {processor.py:826} INFO - Processing file /Library/Frameworks/Python.framework/Versions/3.11/lib/python3.11/site-packages/airflow/example_dags/example_dag_decorator.py for tasks to queue
[2023-07-27T20:50:05.933+0200] {logging_mixin.py:150} INFO - [2023-07-27T20:50:05.933+0200] {dagbag.py:541} INFO - Filling up the DagBag from /Library/Frameworks/Python.framework/Versions/3.11/lib/python3.11/site-packages/airflow/example_dags/example_dag_decorator.py
[2023-07-27T20:50:06.045+0200] {processor.py:836} INFO - DAG(s) dict_keys(['example_dag_decorator']) retrieved from /Library/Frameworks/Python.framework/Versions/3.11/lib/python3.11/site-packages/airflow/example_dags/example_dag_decorator.py
[2023-07-27T20:50:06.361+0200] {logging_mixin.py:150} INFO - [2023-07-27T20:50:06.361+0200] {dag.py:2742} INFO - Sync 1 DAGs
[2023-07-27T20:50:06.366+0200] {logging_mixin.py:150} INFO - [2023-07-27T20:50:06.366+0200] {dag.py:3504} INFO - Setting next_dagrun for example_dag_decorator to None, run_after=None
[2023-07-27T20:50:06.372+0200] {processor.py:179} INFO - Processing /Library/Frameworks/Python.framework/Versions/3.11/lib/python3.11/site-packages/airflow/example_dags/example_dag_decorator.py took 0.441 seconds
