[2023-07-27T20:34:28.470+0200] {processor.py:157} INFO - Started process (PID=5683) to work on /Library/Frameworks/Python.framework/Versions/3.11/lib/python3.11/site-packages/airflow/example_dags/example_xcomargs.py
[2023-07-27T20:34:28.471+0200] {processor.py:826} INFO - Processing file /Library/Frameworks/Python.framework/Versions/3.11/lib/python3.11/site-packages/airflow/example_dags/example_xcomargs.py for tasks to queue
[2023-07-27T20:34:28.471+0200] {logging_mixin.py:150} INFO - [2023-07-27T20:34:28.471+0200] {dagbag.py:541} INFO - Filling up the DagBag from /Library/Frameworks/Python.framework/Versions/3.11/lib/python3.11/site-packages/airflow/example_dags/example_xcomargs.py
[2023-07-27T20:34:28.501+0200] {processor.py:836} INFO - DAG(s) dict_keys(['example_xcom_args', 'example_xcom_args_with_operators']) retrieved from /Library/Frameworks/Python.framework/Versions/3.11/lib/python3.11/site-packages/airflow/example_dags/example_xcomargs.py
[2023-07-27T20:34:28.832+0200] {logging_mixin.py:150} INFO - [2023-07-27T20:34:28.832+0200] {manager.py:504} INFO - Created Permission View: can edit on DAG:example_xcom_args
[2023-07-27T20:34:28.834+0200] {logging_mixin.py:150} INFO - [2023-07-27T20:34:28.834+0200] {manager.py:504} INFO - Created Permission View: can read on DAG:example_xcom_args
[2023-07-27T20:34:28.836+0200] {logging_mixin.py:150} INFO - [2023-07-27T20:34:28.836+0200] {manager.py:504} INFO - Created Permission View: can delete on DAG:example_xcom_args
[2023-07-27T20:34:28.842+0200] {logging_mixin.py:150} INFO - [2023-07-27T20:34:28.842+0200] {manager.py:504} INFO - Created Permission View: can edit on DAG:example_xcom_args_with_operators
[2023-07-27T20:34:28.843+0200] {logging_mixin.py:150} INFO - [2023-07-27T20:34:28.843+0200] {manager.py:504} INFO - Created Permission View: can read on DAG:example_xcom_args_with_operators
[2023-07-27T20:34:28.845+0200] {logging_mixin.py:150} INFO - [2023-07-27T20:34:28.845+0200] {manager.py:504} INFO - Created Permission View: can delete on DAG:example_xcom_args_with_operators
[2023-07-27T20:34:28.846+0200] {logging_mixin.py:150} INFO - [2023-07-27T20:34:28.846+0200] {dag.py:2742} INFO - Sync 2 DAGs
[2023-07-27T20:34:28.849+0200] {logging_mixin.py:150} INFO - [2023-07-27T20:34:28.849+0200] {dag.py:2763} INFO - Creating ORM DAG for example_xcom_args_with_operators
[2023-07-27T20:34:28.849+0200] {logging_mixin.py:150} INFO - [2023-07-27T20:34:28.849+0200] {dag.py:2763} INFO - Creating ORM DAG for example_xcom_args
[2023-07-27T20:34:28.851+0200] {logging_mixin.py:150} INFO - [2023-07-27T20:34:28.851+0200] {dag.py:3504} INFO - Setting next_dagrun for example_xcom_args to None, run_after=None
[2023-07-27T20:34:28.851+0200] {logging_mixin.py:150} INFO - [2023-07-27T20:34:28.851+0200] {dag.py:3504} INFO - Setting next_dagrun for example_xcom_args_with_operators to None, run_after=None
[2023-07-27T20:34:28.856+0200] {processor.py:179} INFO - Processing /Library/Frameworks/Python.framework/Versions/3.11/lib/python3.11/site-packages/airflow/example_dags/example_xcomargs.py took 0.386 seconds
[2023-07-27T20:35:50.833+0200] {processor.py:157} INFO - Started process (PID=5742) to work on /Library/Frameworks/Python.framework/Versions/3.11/lib/python3.11/site-packages/airflow/example_dags/example_xcomargs.py
[2023-07-27T20:35:50.834+0200] {processor.py:826} INFO - Processing file /Library/Frameworks/Python.framework/Versions/3.11/lib/python3.11/site-packages/airflow/example_dags/example_xcomargs.py for tasks to queue
[2023-07-27T20:35:50.835+0200] {logging_mixin.py:150} INFO - [2023-07-27T20:35:50.835+0200] {dagbag.py:541} INFO - Filling up the DagBag from /Library/Frameworks/Python.framework/Versions/3.11/lib/python3.11/site-packages/airflow/example_dags/example_xcomargs.py
[2023-07-27T20:35:50.864+0200] {processor.py:836} INFO - DAG(s) dict_keys(['example_xcom_args_with_operators', 'example_xcom_args']) retrieved from /Library/Frameworks/Python.framework/Versions/3.11/lib/python3.11/site-packages/airflow/example_dags/example_xcomargs.py
[2023-07-27T20:35:51.190+0200] {logging_mixin.py:150} INFO - [2023-07-27T20:35:51.190+0200] {dag.py:2742} INFO - Sync 2 DAGs
[2023-07-27T20:35:51.196+0200] {logging_mixin.py:150} INFO - [2023-07-27T20:35:51.196+0200] {dag.py:3504} INFO - Setting next_dagrun for example_xcom_args to None, run_after=None
[2023-07-27T20:35:51.196+0200] {logging_mixin.py:150} INFO - [2023-07-27T20:35:51.196+0200] {dag.py:3504} INFO - Setting next_dagrun for example_xcom_args_with_operators to None, run_after=None
[2023-07-27T20:35:51.201+0200] {processor.py:179} INFO - Processing /Library/Frameworks/Python.framework/Versions/3.11/lib/python3.11/site-packages/airflow/example_dags/example_xcomargs.py took 0.369 seconds
[2023-07-27T20:36:40.668+0200] {processor.py:157} INFO - Started process (PID=5785) to work on /Library/Frameworks/Python.framework/Versions/3.11/lib/python3.11/site-packages/airflow/example_dags/example_xcomargs.py
[2023-07-27T20:36:40.670+0200] {processor.py:826} INFO - Processing file /Library/Frameworks/Python.framework/Versions/3.11/lib/python3.11/site-packages/airflow/example_dags/example_xcomargs.py for tasks to queue
[2023-07-27T20:36:40.671+0200] {logging_mixin.py:150} INFO - [2023-07-27T20:36:40.671+0200] {dagbag.py:541} INFO - Filling up the DagBag from /Library/Frameworks/Python.framework/Versions/3.11/lib/python3.11/site-packages/airflow/example_dags/example_xcomargs.py
[2023-07-27T20:36:40.700+0200] {processor.py:836} INFO - DAG(s) dict_keys(['example_xcom_args', 'example_xcom_args_with_operators']) retrieved from /Library/Frameworks/Python.framework/Versions/3.11/lib/python3.11/site-packages/airflow/example_dags/example_xcomargs.py
[2023-07-27T20:36:41.015+0200] {logging_mixin.py:150} INFO - [2023-07-27T20:36:41.014+0200] {dag.py:2742} INFO - Sync 2 DAGs
[2023-07-27T20:36:41.020+0200] {logging_mixin.py:150} INFO - [2023-07-27T20:36:41.020+0200] {dag.py:3504} INFO - Setting next_dagrun for example_xcom_args to None, run_after=None
[2023-07-27T20:36:41.021+0200] {logging_mixin.py:150} INFO - [2023-07-27T20:36:41.021+0200] {dag.py:3504} INFO - Setting next_dagrun for example_xcom_args_with_operators to None, run_after=None
[2023-07-27T20:36:41.026+0200] {processor.py:179} INFO - Processing /Library/Frameworks/Python.framework/Versions/3.11/lib/python3.11/site-packages/airflow/example_dags/example_xcomargs.py took 0.358 seconds
[2023-07-27T20:37:29.968+0200] {processor.py:157} INFO - Started process (PID=5820) to work on /Library/Frameworks/Python.framework/Versions/3.11/lib/python3.11/site-packages/airflow/example_dags/example_xcomargs.py
[2023-07-27T20:37:29.970+0200] {processor.py:826} INFO - Processing file /Library/Frameworks/Python.framework/Versions/3.11/lib/python3.11/site-packages/airflow/example_dags/example_xcomargs.py for tasks to queue
[2023-07-27T20:37:29.970+0200] {logging_mixin.py:150} INFO - [2023-07-27T20:37:29.970+0200] {dagbag.py:541} INFO - Filling up the DagBag from /Library/Frameworks/Python.framework/Versions/3.11/lib/python3.11/site-packages/airflow/example_dags/example_xcomargs.py
[2023-07-27T20:37:29.998+0200] {processor.py:836} INFO - DAG(s) dict_keys(['example_xcom_args', 'example_xcom_args_with_operators']) retrieved from /Library/Frameworks/Python.framework/Versions/3.11/lib/python3.11/site-packages/airflow/example_dags/example_xcomargs.py
[2023-07-27T20:37:30.314+0200] {logging_mixin.py:150} INFO - [2023-07-27T20:37:30.314+0200] {dag.py:2742} INFO - Sync 2 DAGs
[2023-07-27T20:37:30.319+0200] {logging_mixin.py:150} INFO - [2023-07-27T20:37:30.319+0200] {dag.py:3504} INFO - Setting next_dagrun for example_xcom_args to None, run_after=None
[2023-07-27T20:37:30.321+0200] {logging_mixin.py:150} INFO - [2023-07-27T20:37:30.321+0200] {dag.py:3504} INFO - Setting next_dagrun for example_xcom_args_with_operators to None, run_after=None
[2023-07-27T20:37:30.326+0200] {processor.py:179} INFO - Processing /Library/Frameworks/Python.framework/Versions/3.11/lib/python3.11/site-packages/airflow/example_dags/example_xcomargs.py took 0.358 seconds
[2023-07-27T20:38:20.710+0200] {processor.py:157} INFO - Started process (PID=5858) to work on /Library/Frameworks/Python.framework/Versions/3.11/lib/python3.11/site-packages/airflow/example_dags/example_xcomargs.py
[2023-07-27T20:38:20.712+0200] {processor.py:826} INFO - Processing file /Library/Frameworks/Python.framework/Versions/3.11/lib/python3.11/site-packages/airflow/example_dags/example_xcomargs.py for tasks to queue
[2023-07-27T20:38:20.712+0200] {logging_mixin.py:150} INFO - [2023-07-27T20:38:20.712+0200] {dagbag.py:541} INFO - Filling up the DagBag from /Library/Frameworks/Python.framework/Versions/3.11/lib/python3.11/site-packages/airflow/example_dags/example_xcomargs.py
[2023-07-27T20:38:20.740+0200] {processor.py:836} INFO - DAG(s) dict_keys(['example_xcom_args', 'example_xcom_args_with_operators']) retrieved from /Library/Frameworks/Python.framework/Versions/3.11/lib/python3.11/site-packages/airflow/example_dags/example_xcomargs.py
[2023-07-27T20:38:21.051+0200] {logging_mixin.py:150} INFO - [2023-07-27T20:38:21.051+0200] {dag.py:2742} INFO - Sync 2 DAGs
[2023-07-27T20:38:21.057+0200] {logging_mixin.py:150} INFO - [2023-07-27T20:38:21.057+0200] {dag.py:3504} INFO - Setting next_dagrun for example_xcom_args to None, run_after=None
[2023-07-27T20:38:21.058+0200] {logging_mixin.py:150} INFO - [2023-07-27T20:38:21.058+0200] {dag.py:3504} INFO - Setting next_dagrun for example_xcom_args_with_operators to None, run_after=None
[2023-07-27T20:38:21.063+0200] {processor.py:179} INFO - Processing /Library/Frameworks/Python.framework/Versions/3.11/lib/python3.11/site-packages/airflow/example_dags/example_xcomargs.py took 0.352 seconds
[2023-07-27T20:39:10.327+0200] {processor.py:157} INFO - Started process (PID=5887) to work on /Library/Frameworks/Python.framework/Versions/3.11/lib/python3.11/site-packages/airflow/example_dags/example_xcomargs.py
[2023-07-27T20:39:10.329+0200] {processor.py:826} INFO - Processing file /Library/Frameworks/Python.framework/Versions/3.11/lib/python3.11/site-packages/airflow/example_dags/example_xcomargs.py for tasks to queue
[2023-07-27T20:39:10.329+0200] {logging_mixin.py:150} INFO - [2023-07-27T20:39:10.329+0200] {dagbag.py:541} INFO - Filling up the DagBag from /Library/Frameworks/Python.framework/Versions/3.11/lib/python3.11/site-packages/airflow/example_dags/example_xcomargs.py
[2023-07-27T20:39:10.359+0200] {processor.py:836} INFO - DAG(s) dict_keys(['example_xcom_args_with_operators', 'example_xcom_args']) retrieved from /Library/Frameworks/Python.framework/Versions/3.11/lib/python3.11/site-packages/airflow/example_dags/example_xcomargs.py
[2023-07-27T20:39:10.676+0200] {logging_mixin.py:150} INFO - [2023-07-27T20:39:10.676+0200] {dag.py:2742} INFO - Sync 2 DAGs
[2023-07-27T20:39:10.681+0200] {logging_mixin.py:150} INFO - [2023-07-27T20:39:10.681+0200] {dag.py:3504} INFO - Setting next_dagrun for example_xcom_args to None, run_after=None
[2023-07-27T20:39:10.682+0200] {logging_mixin.py:150} INFO - [2023-07-27T20:39:10.682+0200] {dag.py:3504} INFO - Setting next_dagrun for example_xcom_args_with_operators to None, run_after=None
[2023-07-27T20:39:10.688+0200] {processor.py:179} INFO - Processing /Library/Frameworks/Python.framework/Versions/3.11/lib/python3.11/site-packages/airflow/example_dags/example_xcomargs.py took 0.361 seconds
[2023-07-27T20:39:58.497+0200] {processor.py:157} INFO - Started process (PID=5927) to work on /Library/Frameworks/Python.framework/Versions/3.11/lib/python3.11/site-packages/airflow/example_dags/example_xcomargs.py
[2023-07-27T20:39:58.498+0200] {processor.py:826} INFO - Processing file /Library/Frameworks/Python.framework/Versions/3.11/lib/python3.11/site-packages/airflow/example_dags/example_xcomargs.py for tasks to queue
[2023-07-27T20:39:58.498+0200] {logging_mixin.py:150} INFO - [2023-07-27T20:39:58.498+0200] {dagbag.py:541} INFO - Filling up the DagBag from /Library/Frameworks/Python.framework/Versions/3.11/lib/python3.11/site-packages/airflow/example_dags/example_xcomargs.py
[2023-07-27T20:39:58.527+0200] {processor.py:836} INFO - DAG(s) dict_keys(['example_xcom_args_with_operators', 'example_xcom_args']) retrieved from /Library/Frameworks/Python.framework/Versions/3.11/lib/python3.11/site-packages/airflow/example_dags/example_xcomargs.py
[2023-07-27T20:39:58.846+0200] {logging_mixin.py:150} INFO - [2023-07-27T20:39:58.846+0200] {dag.py:2742} INFO - Sync 2 DAGs
[2023-07-27T20:39:58.852+0200] {logging_mixin.py:150} INFO - [2023-07-27T20:39:58.852+0200] {dag.py:3504} INFO - Setting next_dagrun for example_xcom_args to None, run_after=None
[2023-07-27T20:39:58.853+0200] {logging_mixin.py:150} INFO - [2023-07-27T20:39:58.853+0200] {dag.py:3504} INFO - Setting next_dagrun for example_xcom_args_with_operators to None, run_after=None
[2023-07-27T20:39:58.858+0200] {processor.py:179} INFO - Processing /Library/Frameworks/Python.framework/Versions/3.11/lib/python3.11/site-packages/airflow/example_dags/example_xcomargs.py took 0.361 seconds
[2023-07-27T20:40:48.464+0200] {processor.py:157} INFO - Started process (PID=5966) to work on /Library/Frameworks/Python.framework/Versions/3.11/lib/python3.11/site-packages/airflow/example_dags/example_xcomargs.py
[2023-07-27T20:40:48.465+0200] {processor.py:826} INFO - Processing file /Library/Frameworks/Python.framework/Versions/3.11/lib/python3.11/site-packages/airflow/example_dags/example_xcomargs.py for tasks to queue
[2023-07-27T20:40:48.465+0200] {logging_mixin.py:150} INFO - [2023-07-27T20:40:48.465+0200] {dagbag.py:541} INFO - Filling up the DagBag from /Library/Frameworks/Python.framework/Versions/3.11/lib/python3.11/site-packages/airflow/example_dags/example_xcomargs.py
[2023-07-27T20:40:48.493+0200] {processor.py:836} INFO - DAG(s) dict_keys(['example_xcom_args_with_operators', 'example_xcom_args']) retrieved from /Library/Frameworks/Python.framework/Versions/3.11/lib/python3.11/site-packages/airflow/example_dags/example_xcomargs.py
[2023-07-27T20:40:48.805+0200] {logging_mixin.py:150} INFO - [2023-07-27T20:40:48.805+0200] {dag.py:2742} INFO - Sync 2 DAGs
[2023-07-27T20:40:48.810+0200] {logging_mixin.py:150} INFO - [2023-07-27T20:40:48.810+0200] {dag.py:3504} INFO - Setting next_dagrun for example_xcom_args to None, run_after=None
[2023-07-27T20:40:48.811+0200] {logging_mixin.py:150} INFO - [2023-07-27T20:40:48.811+0200] {dag.py:3504} INFO - Setting next_dagrun for example_xcom_args_with_operators to None, run_after=None
[2023-07-27T20:40:48.816+0200] {processor.py:179} INFO - Processing /Library/Frameworks/Python.framework/Versions/3.11/lib/python3.11/site-packages/airflow/example_dags/example_xcomargs.py took 0.352 seconds
[2023-07-27T20:41:39.204+0200] {processor.py:157} INFO - Started process (PID=6010) to work on /Library/Frameworks/Python.framework/Versions/3.11/lib/python3.11/site-packages/airflow/example_dags/example_xcomargs.py
[2023-07-27T20:41:39.206+0200] {processor.py:826} INFO - Processing file /Library/Frameworks/Python.framework/Versions/3.11/lib/python3.11/site-packages/airflow/example_dags/example_xcomargs.py for tasks to queue
[2023-07-27T20:41:39.206+0200] {logging_mixin.py:150} INFO - [2023-07-27T20:41:39.206+0200] {dagbag.py:541} INFO - Filling up the DagBag from /Library/Frameworks/Python.framework/Versions/3.11/lib/python3.11/site-packages/airflow/example_dags/example_xcomargs.py
[2023-07-27T20:41:39.234+0200] {processor.py:836} INFO - DAG(s) dict_keys(['example_xcom_args_with_operators', 'example_xcom_args']) retrieved from /Library/Frameworks/Python.framework/Versions/3.11/lib/python3.11/site-packages/airflow/example_dags/example_xcomargs.py
[2023-07-27T20:41:39.547+0200] {logging_mixin.py:150} INFO - [2023-07-27T20:41:39.547+0200] {dag.py:2742} INFO - Sync 2 DAGs
[2023-07-27T20:41:39.552+0200] {logging_mixin.py:150} INFO - [2023-07-27T20:41:39.552+0200] {dag.py:3504} INFO - Setting next_dagrun for example_xcom_args to None, run_after=None
[2023-07-27T20:41:39.553+0200] {logging_mixin.py:150} INFO - [2023-07-27T20:41:39.553+0200] {dag.py:3504} INFO - Setting next_dagrun for example_xcom_args_with_operators to None, run_after=None
[2023-07-27T20:41:39.558+0200] {processor.py:179} INFO - Processing /Library/Frameworks/Python.framework/Versions/3.11/lib/python3.11/site-packages/airflow/example_dags/example_xcomargs.py took 0.354 seconds
[2023-07-27T20:42:27.812+0200] {processor.py:157} INFO - Started process (PID=6042) to work on /Library/Frameworks/Python.framework/Versions/3.11/lib/python3.11/site-packages/airflow/example_dags/example_xcomargs.py
[2023-07-27T20:42:27.813+0200] {processor.py:826} INFO - Processing file /Library/Frameworks/Python.framework/Versions/3.11/lib/python3.11/site-packages/airflow/example_dags/example_xcomargs.py for tasks to queue
[2023-07-27T20:42:27.813+0200] {logging_mixin.py:150} INFO - [2023-07-27T20:42:27.813+0200] {dagbag.py:541} INFO - Filling up the DagBag from /Library/Frameworks/Python.framework/Versions/3.11/lib/python3.11/site-packages/airflow/example_dags/example_xcomargs.py
[2023-07-27T20:42:27.842+0200] {processor.py:836} INFO - DAG(s) dict_keys(['example_xcom_args', 'example_xcom_args_with_operators']) retrieved from /Library/Frameworks/Python.framework/Versions/3.11/lib/python3.11/site-packages/airflow/example_dags/example_xcomargs.py
[2023-07-27T20:42:28.154+0200] {logging_mixin.py:150} INFO - [2023-07-27T20:42:28.154+0200] {dag.py:2742} INFO - Sync 2 DAGs
[2023-07-27T20:42:28.160+0200] {logging_mixin.py:150} INFO - [2023-07-27T20:42:28.160+0200] {dag.py:3504} INFO - Setting next_dagrun for example_xcom_args to None, run_after=None
[2023-07-27T20:42:28.160+0200] {logging_mixin.py:150} INFO - [2023-07-27T20:42:28.160+0200] {dag.py:3504} INFO - Setting next_dagrun for example_xcom_args_with_operators to None, run_after=None
[2023-07-27T20:42:28.166+0200] {processor.py:179} INFO - Processing /Library/Frameworks/Python.framework/Versions/3.11/lib/python3.11/site-packages/airflow/example_dags/example_xcomargs.py took 0.355 seconds
[2023-07-27T20:43:18.573+0200] {processor.py:157} INFO - Started process (PID=6082) to work on /Library/Frameworks/Python.framework/Versions/3.11/lib/python3.11/site-packages/airflow/example_dags/example_xcomargs.py
[2023-07-27T20:43:18.574+0200] {processor.py:826} INFO - Processing file /Library/Frameworks/Python.framework/Versions/3.11/lib/python3.11/site-packages/airflow/example_dags/example_xcomargs.py for tasks to queue
[2023-07-27T20:43:18.574+0200] {logging_mixin.py:150} INFO - [2023-07-27T20:43:18.574+0200] {dagbag.py:541} INFO - Filling up the DagBag from /Library/Frameworks/Python.framework/Versions/3.11/lib/python3.11/site-packages/airflow/example_dags/example_xcomargs.py
[2023-07-27T20:43:18.603+0200] {processor.py:836} INFO - DAG(s) dict_keys(['example_xcom_args', 'example_xcom_args_with_operators']) retrieved from /Library/Frameworks/Python.framework/Versions/3.11/lib/python3.11/site-packages/airflow/example_dags/example_xcomargs.py
[2023-07-27T20:43:18.915+0200] {logging_mixin.py:150} INFO - [2023-07-27T20:43:18.915+0200] {dag.py:2742} INFO - Sync 2 DAGs
[2023-07-27T20:43:18.920+0200] {logging_mixin.py:150} INFO - [2023-07-27T20:43:18.920+0200] {dag.py:3504} INFO - Setting next_dagrun for example_xcom_args to None, run_after=None
[2023-07-27T20:43:18.921+0200] {logging_mixin.py:150} INFO - [2023-07-27T20:43:18.921+0200] {dag.py:3504} INFO - Setting next_dagrun for example_xcom_args_with_operators to None, run_after=None
[2023-07-27T20:43:18.926+0200] {processor.py:179} INFO - Processing /Library/Frameworks/Python.framework/Versions/3.11/lib/python3.11/site-packages/airflow/example_dags/example_xcomargs.py took 0.353 seconds
[2023-07-27T20:44:05.985+0200] {processor.py:157} INFO - Started process (PID=6124) to work on /Library/Frameworks/Python.framework/Versions/3.11/lib/python3.11/site-packages/airflow/example_dags/example_xcomargs.py
[2023-07-27T20:44:05.986+0200] {processor.py:826} INFO - Processing file /Library/Frameworks/Python.framework/Versions/3.11/lib/python3.11/site-packages/airflow/example_dags/example_xcomargs.py for tasks to queue
[2023-07-27T20:44:05.987+0200] {logging_mixin.py:150} INFO - [2023-07-27T20:44:05.987+0200] {dagbag.py:541} INFO - Filling up the DagBag from /Library/Frameworks/Python.framework/Versions/3.11/lib/python3.11/site-packages/airflow/example_dags/example_xcomargs.py
[2023-07-27T20:44:06.016+0200] {processor.py:836} INFO - DAG(s) dict_keys(['example_xcom_args_with_operators', 'example_xcom_args']) retrieved from /Library/Frameworks/Python.framework/Versions/3.11/lib/python3.11/site-packages/airflow/example_dags/example_xcomargs.py
[2023-07-27T20:44:06.334+0200] {logging_mixin.py:150} INFO - [2023-07-27T20:44:06.334+0200] {dag.py:2742} INFO - Sync 2 DAGs
[2023-07-27T20:44:06.339+0200] {logging_mixin.py:150} INFO - [2023-07-27T20:44:06.339+0200] {dag.py:3504} INFO - Setting next_dagrun for example_xcom_args to None, run_after=None
[2023-07-27T20:44:06.340+0200] {logging_mixin.py:150} INFO - [2023-07-27T20:44:06.340+0200] {dag.py:3504} INFO - Setting next_dagrun for example_xcom_args_with_operators to None, run_after=None
[2023-07-27T20:44:06.345+0200] {processor.py:179} INFO - Processing /Library/Frameworks/Python.framework/Versions/3.11/lib/python3.11/site-packages/airflow/example_dags/example_xcomargs.py took 0.361 seconds
[2023-07-27T20:44:53.462+0200] {processor.py:157} INFO - Started process (PID=6156) to work on /Library/Frameworks/Python.framework/Versions/3.11/lib/python3.11/site-packages/airflow/example_dags/example_xcomargs.py
[2023-07-27T20:44:53.464+0200] {processor.py:826} INFO - Processing file /Library/Frameworks/Python.framework/Versions/3.11/lib/python3.11/site-packages/airflow/example_dags/example_xcomargs.py for tasks to queue
[2023-07-27T20:44:53.464+0200] {logging_mixin.py:150} INFO - [2023-07-27T20:44:53.464+0200] {dagbag.py:541} INFO - Filling up the DagBag from /Library/Frameworks/Python.framework/Versions/3.11/lib/python3.11/site-packages/airflow/example_dags/example_xcomargs.py
[2023-07-27T20:44:53.492+0200] {processor.py:836} INFO - DAG(s) dict_keys(['example_xcom_args', 'example_xcom_args_with_operators']) retrieved from /Library/Frameworks/Python.framework/Versions/3.11/lib/python3.11/site-packages/airflow/example_dags/example_xcomargs.py
[2023-07-27T20:44:53.802+0200] {logging_mixin.py:150} INFO - [2023-07-27T20:44:53.801+0200] {dag.py:2742} INFO - Sync 2 DAGs
[2023-07-27T20:44:53.807+0200] {logging_mixin.py:150} INFO - [2023-07-27T20:44:53.807+0200] {dag.py:3504} INFO - Setting next_dagrun for example_xcom_args to None, run_after=None
[2023-07-27T20:44:53.808+0200] {logging_mixin.py:150} INFO - [2023-07-27T20:44:53.808+0200] {dag.py:3504} INFO - Setting next_dagrun for example_xcom_args_with_operators to None, run_after=None
[2023-07-27T20:44:53.813+0200] {processor.py:179} INFO - Processing /Library/Frameworks/Python.framework/Versions/3.11/lib/python3.11/site-packages/airflow/example_dags/example_xcomargs.py took 0.351 seconds
[2023-07-27T20:45:40.967+0200] {processor.py:157} INFO - Started process (PID=6200) to work on /Library/Frameworks/Python.framework/Versions/3.11/lib/python3.11/site-packages/airflow/example_dags/example_xcomargs.py
[2023-07-27T20:45:40.968+0200] {processor.py:826} INFO - Processing file /Library/Frameworks/Python.framework/Versions/3.11/lib/python3.11/site-packages/airflow/example_dags/example_xcomargs.py for tasks to queue
[2023-07-27T20:45:40.968+0200] {logging_mixin.py:150} INFO - [2023-07-27T20:45:40.968+0200] {dagbag.py:541} INFO - Filling up the DagBag from /Library/Frameworks/Python.framework/Versions/3.11/lib/python3.11/site-packages/airflow/example_dags/example_xcomargs.py
[2023-07-27T20:45:40.996+0200] {processor.py:836} INFO - DAG(s) dict_keys(['example_xcom_args', 'example_xcom_args_with_operators']) retrieved from /Library/Frameworks/Python.framework/Versions/3.11/lib/python3.11/site-packages/airflow/example_dags/example_xcomargs.py
[2023-07-27T20:45:41.335+0200] {logging_mixin.py:150} INFO - [2023-07-27T20:45:41.335+0200] {dag.py:2742} INFO - Sync 2 DAGs
[2023-07-27T20:45:41.341+0200] {logging_mixin.py:150} INFO - [2023-07-27T20:45:41.341+0200] {dag.py:3504} INFO - Setting next_dagrun for example_xcom_args to None, run_after=None
[2023-07-27T20:45:41.342+0200] {logging_mixin.py:150} INFO - [2023-07-27T20:45:41.342+0200] {dag.py:3504} INFO - Setting next_dagrun for example_xcom_args_with_operators to None, run_after=None
[2023-07-27T20:45:41.347+0200] {processor.py:179} INFO - Processing /Library/Frameworks/Python.framework/Versions/3.11/lib/python3.11/site-packages/airflow/example_dags/example_xcomargs.py took 0.380 seconds
[2023-07-27T20:46:28.297+0200] {processor.py:157} INFO - Started process (PID=6230) to work on /Library/Frameworks/Python.framework/Versions/3.11/lib/python3.11/site-packages/airflow/example_dags/example_xcomargs.py
[2023-07-27T20:46:28.298+0200] {processor.py:826} INFO - Processing file /Library/Frameworks/Python.framework/Versions/3.11/lib/python3.11/site-packages/airflow/example_dags/example_xcomargs.py for tasks to queue
[2023-07-27T20:46:28.298+0200] {logging_mixin.py:150} INFO - [2023-07-27T20:46:28.298+0200] {dagbag.py:541} INFO - Filling up the DagBag from /Library/Frameworks/Python.framework/Versions/3.11/lib/python3.11/site-packages/airflow/example_dags/example_xcomargs.py
[2023-07-27T20:46:28.328+0200] {processor.py:836} INFO - DAG(s) dict_keys(['example_xcom_args', 'example_xcom_args_with_operators']) retrieved from /Library/Frameworks/Python.framework/Versions/3.11/lib/python3.11/site-packages/airflow/example_dags/example_xcomargs.py
[2023-07-27T20:46:28.640+0200] {logging_mixin.py:150} INFO - [2023-07-27T20:46:28.640+0200] {dag.py:2742} INFO - Sync 2 DAGs
[2023-07-27T20:46:28.645+0200] {logging_mixin.py:150} INFO - [2023-07-27T20:46:28.645+0200] {dag.py:3504} INFO - Setting next_dagrun for example_xcom_args to None, run_after=None
[2023-07-27T20:46:28.647+0200] {logging_mixin.py:150} INFO - [2023-07-27T20:46:28.646+0200] {dag.py:3504} INFO - Setting next_dagrun for example_xcom_args_with_operators to None, run_after=None
[2023-07-27T20:46:28.651+0200] {processor.py:179} INFO - Processing /Library/Frameworks/Python.framework/Versions/3.11/lib/python3.11/site-packages/airflow/example_dags/example_xcomargs.py took 0.355 seconds
[2023-07-27T20:47:16.726+0200] {processor.py:157} INFO - Started process (PID=6278) to work on /Library/Frameworks/Python.framework/Versions/3.11/lib/python3.11/site-packages/airflow/example_dags/example_xcomargs.py
[2023-07-27T20:47:16.727+0200] {processor.py:826} INFO - Processing file /Library/Frameworks/Python.framework/Versions/3.11/lib/python3.11/site-packages/airflow/example_dags/example_xcomargs.py for tasks to queue
[2023-07-27T20:47:16.727+0200] {logging_mixin.py:150} INFO - [2023-07-27T20:47:16.727+0200] {dagbag.py:541} INFO - Filling up the DagBag from /Library/Frameworks/Python.framework/Versions/3.11/lib/python3.11/site-packages/airflow/example_dags/example_xcomargs.py
[2023-07-27T20:47:16.755+0200] {processor.py:836} INFO - DAG(s) dict_keys(['example_xcom_args', 'example_xcom_args_with_operators']) retrieved from /Library/Frameworks/Python.framework/Versions/3.11/lib/python3.11/site-packages/airflow/example_dags/example_xcomargs.py
[2023-07-27T20:47:17.071+0200] {logging_mixin.py:150} INFO - [2023-07-27T20:47:17.071+0200] {dag.py:2742} INFO - Sync 2 DAGs
[2023-07-27T20:47:17.077+0200] {logging_mixin.py:150} INFO - [2023-07-27T20:47:17.077+0200] {dag.py:3504} INFO - Setting next_dagrun for example_xcom_args to None, run_after=None
[2023-07-27T20:47:17.078+0200] {logging_mixin.py:150} INFO - [2023-07-27T20:47:17.078+0200] {dag.py:3504} INFO - Setting next_dagrun for example_xcom_args_with_operators to None, run_after=None
[2023-07-27T20:47:17.083+0200] {processor.py:179} INFO - Processing /Library/Frameworks/Python.framework/Versions/3.11/lib/python3.11/site-packages/airflow/example_dags/example_xcomargs.py took 0.357 seconds
[2023-07-27T20:48:05.334+0200] {processor.py:157} INFO - Started process (PID=6318) to work on /Library/Frameworks/Python.framework/Versions/3.11/lib/python3.11/site-packages/airflow/example_dags/example_xcomargs.py
[2023-07-27T20:48:05.336+0200] {processor.py:826} INFO - Processing file /Library/Frameworks/Python.framework/Versions/3.11/lib/python3.11/site-packages/airflow/example_dags/example_xcomargs.py for tasks to queue
[2023-07-27T20:48:05.336+0200] {logging_mixin.py:150} INFO - [2023-07-27T20:48:05.336+0200] {dagbag.py:541} INFO - Filling up the DagBag from /Library/Frameworks/Python.framework/Versions/3.11/lib/python3.11/site-packages/airflow/example_dags/example_xcomargs.py
[2023-07-27T20:48:05.365+0200] {processor.py:836} INFO - DAG(s) dict_keys(['example_xcom_args_with_operators', 'example_xcom_args']) retrieved from /Library/Frameworks/Python.framework/Versions/3.11/lib/python3.11/site-packages/airflow/example_dags/example_xcomargs.py
[2023-07-27T20:48:05.674+0200] {logging_mixin.py:150} INFO - [2023-07-27T20:48:05.674+0200] {dag.py:2742} INFO - Sync 2 DAGs
[2023-07-27T20:48:05.679+0200] {logging_mixin.py:150} INFO - [2023-07-27T20:48:05.679+0200] {dag.py:3504} INFO - Setting next_dagrun for example_xcom_args to None, run_after=None
[2023-07-27T20:48:05.680+0200] {logging_mixin.py:150} INFO - [2023-07-27T20:48:05.680+0200] {dag.py:3504} INFO - Setting next_dagrun for example_xcom_args_with_operators to None, run_after=None
[2023-07-27T20:48:05.686+0200] {processor.py:179} INFO - Processing /Library/Frameworks/Python.framework/Versions/3.11/lib/python3.11/site-packages/airflow/example_dags/example_xcomargs.py took 0.351 seconds
[2023-07-27T20:48:55.147+0200] {processor.py:157} INFO - Started process (PID=6349) to work on /Library/Frameworks/Python.framework/Versions/3.11/lib/python3.11/site-packages/airflow/example_dags/example_xcomargs.py
[2023-07-27T20:48:55.148+0200] {processor.py:826} INFO - Processing file /Library/Frameworks/Python.framework/Versions/3.11/lib/python3.11/site-packages/airflow/example_dags/example_xcomargs.py for tasks to queue
[2023-07-27T20:48:55.149+0200] {logging_mixin.py:150} INFO - [2023-07-27T20:48:55.149+0200] {dagbag.py:541} INFO - Filling up the DagBag from /Library/Frameworks/Python.framework/Versions/3.11/lib/python3.11/site-packages/airflow/example_dags/example_xcomargs.py
[2023-07-27T20:48:55.176+0200] {processor.py:836} INFO - DAG(s) dict_keys(['example_xcom_args', 'example_xcom_args_with_operators']) retrieved from /Library/Frameworks/Python.framework/Versions/3.11/lib/python3.11/site-packages/airflow/example_dags/example_xcomargs.py
[2023-07-27T20:48:55.513+0200] {logging_mixin.py:150} INFO - [2023-07-27T20:48:55.512+0200] {dag.py:2742} INFO - Sync 2 DAGs
[2023-07-27T20:48:55.518+0200] {logging_mixin.py:150} INFO - [2023-07-27T20:48:55.518+0200] {dag.py:3504} INFO - Setting next_dagrun for example_xcom_args to None, run_after=None
[2023-07-27T20:48:55.520+0200] {logging_mixin.py:150} INFO - [2023-07-27T20:48:55.520+0200] {dag.py:3504} INFO - Setting next_dagrun for example_xcom_args_with_operators to None, run_after=None
[2023-07-27T20:48:55.525+0200] {processor.py:179} INFO - Processing /Library/Frameworks/Python.framework/Versions/3.11/lib/python3.11/site-packages/airflow/example_dags/example_xcomargs.py took 0.378 seconds
[2023-07-27T20:49:43.833+0200] {processor.py:157} INFO - Started process (PID=6478) to work on /Library/Frameworks/Python.framework/Versions/3.11/lib/python3.11/site-packages/airflow/example_dags/example_xcomargs.py
[2023-07-27T20:49:43.835+0200] {processor.py:826} INFO - Processing file /Library/Frameworks/Python.framework/Versions/3.11/lib/python3.11/site-packages/airflow/example_dags/example_xcomargs.py for tasks to queue
[2023-07-27T20:49:43.836+0200] {logging_mixin.py:150} INFO - [2023-07-27T20:49:43.835+0200] {dagbag.py:541} INFO - Filling up the DagBag from /Library/Frameworks/Python.framework/Versions/3.11/lib/python3.11/site-packages/airflow/example_dags/example_xcomargs.py
[2023-07-27T20:49:43.869+0200] {processor.py:836} INFO - DAG(s) dict_keys(['example_xcom_args', 'example_xcom_args_with_operators']) retrieved from /Library/Frameworks/Python.framework/Versions/3.11/lib/python3.11/site-packages/airflow/example_dags/example_xcomargs.py
[2023-07-27T20:49:44.227+0200] {logging_mixin.py:150} INFO - [2023-07-27T20:49:44.227+0200] {dag.py:2742} INFO - Sync 2 DAGs
[2023-07-27T20:49:44.232+0200] {logging_mixin.py:150} INFO - [2023-07-27T20:49:44.232+0200] {dag.py:3504} INFO - Setting next_dagrun for example_xcom_args to None, run_after=None
[2023-07-27T20:49:44.234+0200] {logging_mixin.py:150} INFO - [2023-07-27T20:49:44.233+0200] {dag.py:3504} INFO - Setting next_dagrun for example_xcom_args_with_operators to None, run_after=None
[2023-07-27T20:49:44.238+0200] {processor.py:179} INFO - Processing /Library/Frameworks/Python.framework/Versions/3.11/lib/python3.11/site-packages/airflow/example_dags/example_xcomargs.py took 0.406 seconds
[2023-07-27T22:51:07.634+0200] {processor.py:157} INFO - Started process (PID=8833) to work on /Library/Frameworks/Python.framework/Versions/3.11/lib/python3.11/site-packages/airflow/example_dags/example_xcomargs.py
[2023-07-27T22:51:07.636+0200] {processor.py:826} INFO - Processing file /Library/Frameworks/Python.framework/Versions/3.11/lib/python3.11/site-packages/airflow/example_dags/example_xcomargs.py for tasks to queue
[2023-07-27T22:51:07.636+0200] {logging_mixin.py:150} INFO - [2023-07-27T22:51:07.636+0200] {dagbag.py:541} INFO - Filling up the DagBag from /Library/Frameworks/Python.framework/Versions/3.11/lib/python3.11/site-packages/airflow/example_dags/example_xcomargs.py
[2023-07-27T22:51:07.670+0200] {processor.py:836} INFO - DAG(s) dict_keys(['example_xcom_args', 'example_xcom_args_with_operators']) retrieved from /Library/Frameworks/Python.framework/Versions/3.11/lib/python3.11/site-packages/airflow/example_dags/example_xcomargs.py
[2023-07-27T22:51:08.072+0200] {logging_mixin.py:150} INFO - [2023-07-27T22:51:08.072+0200] {manager.py:504} INFO - Created Permission View: can read on DAG:example_xcom_args
[2023-07-27T22:51:08.079+0200] {logging_mixin.py:150} INFO - [2023-07-27T22:51:08.079+0200] {manager.py:504} INFO - Created Permission View: can edit on DAG:example_xcom_args
[2023-07-27T22:51:08.085+0200] {logging_mixin.py:150} INFO - [2023-07-27T22:51:08.084+0200] {manager.py:504} INFO - Created Permission View: can delete on DAG:example_xcom_args
[2023-07-27T22:51:08.099+0200] {logging_mixin.py:150} INFO - [2023-07-27T22:51:08.099+0200] {manager.py:504} INFO - Created Permission View: can read on DAG:example_xcom_args_with_operators
[2023-07-27T22:51:08.103+0200] {logging_mixin.py:150} INFO - [2023-07-27T22:51:08.103+0200] {manager.py:504} INFO - Created Permission View: can edit on DAG:example_xcom_args_with_operators
[2023-07-27T22:51:08.108+0200] {logging_mixin.py:150} INFO - [2023-07-27T22:51:08.108+0200] {manager.py:504} INFO - Created Permission View: can delete on DAG:example_xcom_args_with_operators
[2023-07-27T22:51:08.111+0200] {logging_mixin.py:150} INFO - [2023-07-27T22:51:08.111+0200] {dag.py:2742} INFO - Sync 2 DAGs
[2023-07-27T22:51:08.115+0200] {logging_mixin.py:150} INFO - [2023-07-27T22:51:08.115+0200] {dag.py:2763} INFO - Creating ORM DAG for example_xcom_args_with_operators
[2023-07-27T22:51:08.115+0200] {logging_mixin.py:150} INFO - [2023-07-27T22:51:08.115+0200] {dag.py:2763} INFO - Creating ORM DAG for example_xcom_args
[2023-07-27T22:51:08.120+0200] {logging_mixin.py:150} INFO - [2023-07-27T22:51:08.119+0200] {dag.py:3504} INFO - Setting next_dagrun for example_xcom_args to None, run_after=None
[2023-07-27T22:51:08.120+0200] {logging_mixin.py:150} INFO - [2023-07-27T22:51:08.120+0200] {dag.py:3504} INFO - Setting next_dagrun for example_xcom_args_with_operators to None, run_after=None
[2023-07-27T22:51:08.131+0200] {processor.py:179} INFO - Processing /Library/Frameworks/Python.framework/Versions/3.11/lib/python3.11/site-packages/airflow/example_dags/example_xcomargs.py took 0.497 seconds
