[2023-07-27T20:35:03.336+0200] {processor.py:157} INFO - Started process (PID=5715) to work on /Library/Frameworks/Python.framework/Versions/3.11/lib/python3.11/site-packages/airflow/example_dags/example_params_trigger_ui.py
[2023-07-27T20:35:03.337+0200] {processor.py:826} INFO - Processing file /Library/Frameworks/Python.framework/Versions/3.11/lib/python3.11/site-packages/airflow/example_dags/example_params_trigger_ui.py for tasks to queue
[2023-07-27T20:35:03.337+0200] {logging_mixin.py:150} INFO - [2023-07-27T20:35:03.337+0200] {dagbag.py:541} INFO - Filling up the DagBag from /Library/Frameworks/Python.framework/Versions/3.11/lib/python3.11/site-packages/airflow/example_dags/example_params_trigger_ui.py
[2023-07-27T20:35:03.397+0200] {processor.py:836} INFO - DAG(s) dict_keys(['example_params_trigger_ui']) retrieved from /Library/Frameworks/Python.framework/Versions/3.11/lib/python3.11/site-packages/airflow/example_dags/example_params_trigger_ui.py
[2023-07-27T20:35:03.714+0200] {logging_mixin.py:150} INFO - [2023-07-27T20:35:03.714+0200] {manager.py:504} INFO - Created Permission View: can edit on DAG:example_params_trigger_ui
[2023-07-27T20:35:03.716+0200] {logging_mixin.py:150} INFO - [2023-07-27T20:35:03.716+0200] {manager.py:504} INFO - Created Permission View: can read on DAG:example_params_trigger_ui
[2023-07-27T20:35:03.718+0200] {logging_mixin.py:150} INFO - [2023-07-27T20:35:03.718+0200] {manager.py:504} INFO - Created Permission View: can delete on DAG:example_params_trigger_ui
[2023-07-27T20:35:03.721+0200] {logging_mixin.py:150} INFO - [2023-07-27T20:35:03.721+0200] {dag.py:2742} INFO - Sync 1 DAGs
[2023-07-27T20:35:03.724+0200] {logging_mixin.py:150} INFO - [2023-07-27T20:35:03.724+0200] {dag.py:2763} INFO - Creating ORM DAG for example_params_trigger_ui
[2023-07-27T20:35:03.727+0200] {logging_mixin.py:150} INFO - [2023-07-27T20:35:03.727+0200] {dag.py:3504} INFO - Setting next_dagrun for example_params_trigger_ui to None, run_after=None
[2023-07-27T20:35:03.735+0200] {processor.py:179} INFO - Processing /Library/Frameworks/Python.framework/Versions/3.11/lib/python3.11/site-packages/airflow/example_dags/example_params_trigger_ui.py took 0.400 seconds
[2023-07-27T20:36:22.952+0200] {processor.py:157} INFO - Started process (PID=5775) to work on /Library/Frameworks/Python.framework/Versions/3.11/lib/python3.11/site-packages/airflow/example_dags/example_params_trigger_ui.py
[2023-07-27T20:36:22.953+0200] {processor.py:826} INFO - Processing file /Library/Frameworks/Python.framework/Versions/3.11/lib/python3.11/site-packages/airflow/example_dags/example_params_trigger_ui.py for tasks to queue
[2023-07-27T20:36:22.954+0200] {logging_mixin.py:150} INFO - [2023-07-27T20:36:22.954+0200] {dagbag.py:541} INFO - Filling up the DagBag from /Library/Frameworks/Python.framework/Versions/3.11/lib/python3.11/site-packages/airflow/example_dags/example_params_trigger_ui.py
[2023-07-27T20:36:23.017+0200] {processor.py:836} INFO - DAG(s) dict_keys(['example_params_trigger_ui']) retrieved from /Library/Frameworks/Python.framework/Versions/3.11/lib/python3.11/site-packages/airflow/example_dags/example_params_trigger_ui.py
[2023-07-27T20:36:23.337+0200] {logging_mixin.py:150} INFO - [2023-07-27T20:36:23.337+0200] {dag.py:2742} INFO - Sync 1 DAGs
[2023-07-27T20:36:23.342+0200] {logging_mixin.py:150} INFO - [2023-07-27T20:36:23.342+0200] {dag.py:3504} INFO - Setting next_dagrun for example_params_trigger_ui to None, run_after=None
[2023-07-27T20:36:23.349+0200] {processor.py:179} INFO - Processing /Library/Frameworks/Python.framework/Versions/3.11/lib/python3.11/site-packages/airflow/example_dags/example_params_trigger_ui.py took 0.397 seconds
[2023-07-27T20:38:02.591+0200] {processor.py:157} INFO - Started process (PID=5839) to work on /Library/Frameworks/Python.framework/Versions/3.11/lib/python3.11/site-packages/airflow/example_dags/example_params_trigger_ui.py
[2023-07-27T20:38:02.593+0200] {processor.py:826} INFO - Processing file /Library/Frameworks/Python.framework/Versions/3.11/lib/python3.11/site-packages/airflow/example_dags/example_params_trigger_ui.py for tasks to queue
[2023-07-27T20:38:02.593+0200] {logging_mixin.py:150} INFO - [2023-07-27T20:38:02.593+0200] {dagbag.py:541} INFO - Filling up the DagBag from /Library/Frameworks/Python.framework/Versions/3.11/lib/python3.11/site-packages/airflow/example_dags/example_params_trigger_ui.py
[2023-07-27T20:38:02.647+0200] {processor.py:836} INFO - DAG(s) dict_keys(['example_params_trigger_ui']) retrieved from /Library/Frameworks/Python.framework/Versions/3.11/lib/python3.11/site-packages/airflow/example_dags/example_params_trigger_ui.py
[2023-07-27T20:38:02.937+0200] {logging_mixin.py:150} INFO - [2023-07-27T20:38:02.937+0200] {dag.py:2742} INFO - Sync 1 DAGs
[2023-07-27T20:38:02.942+0200] {logging_mixin.py:150} INFO - [2023-07-27T20:38:02.942+0200] {dag.py:3504} INFO - Setting next_dagrun for example_params_trigger_ui to None, run_after=None
[2023-07-27T20:38:02.948+0200] {processor.py:179} INFO - Processing /Library/Frameworks/Python.framework/Versions/3.11/lib/python3.11/site-packages/airflow/example_dags/example_params_trigger_ui.py took 0.357 seconds
[2023-07-27T20:39:41.353+0200] {processor.py:157} INFO - Started process (PID=5917) to work on /Library/Frameworks/Python.framework/Versions/3.11/lib/python3.11/site-packages/airflow/example_dags/example_params_trigger_ui.py
[2023-07-27T20:39:41.355+0200] {processor.py:826} INFO - Processing file /Library/Frameworks/Python.framework/Versions/3.11/lib/python3.11/site-packages/airflow/example_dags/example_params_trigger_ui.py for tasks to queue
[2023-07-27T20:39:41.355+0200] {logging_mixin.py:150} INFO - [2023-07-27T20:39:41.355+0200] {dagbag.py:541} INFO - Filling up the DagBag from /Library/Frameworks/Python.framework/Versions/3.11/lib/python3.11/site-packages/airflow/example_dags/example_params_trigger_ui.py
[2023-07-27T20:39:41.413+0200] {processor.py:836} INFO - DAG(s) dict_keys(['example_params_trigger_ui']) retrieved from /Library/Frameworks/Python.framework/Versions/3.11/lib/python3.11/site-packages/airflow/example_dags/example_params_trigger_ui.py
[2023-07-27T20:39:41.710+0200] {logging_mixin.py:150} INFO - [2023-07-27T20:39:41.710+0200] {dag.py:2742} INFO - Sync 1 DAGs
[2023-07-27T20:39:41.715+0200] {logging_mixin.py:150} INFO - [2023-07-27T20:39:41.715+0200] {dag.py:3504} INFO - Setting next_dagrun for example_params_trigger_ui to None, run_after=None
[2023-07-27T20:39:41.721+0200] {processor.py:179} INFO - Processing /Library/Frameworks/Python.framework/Versions/3.11/lib/python3.11/site-packages/airflow/example_dags/example_params_trigger_ui.py took 0.368 seconds
[2023-07-27T20:41:22.820+0200] {processor.py:157} INFO - Started process (PID=5989) to work on /Library/Frameworks/Python.framework/Versions/3.11/lib/python3.11/site-packages/airflow/example_dags/example_params_trigger_ui.py
[2023-07-27T20:41:22.821+0200] {processor.py:826} INFO - Processing file /Library/Frameworks/Python.framework/Versions/3.11/lib/python3.11/site-packages/airflow/example_dags/example_params_trigger_ui.py for tasks to queue
[2023-07-27T20:41:22.822+0200] {logging_mixin.py:150} INFO - [2023-07-27T20:41:22.822+0200] {dagbag.py:541} INFO - Filling up the DagBag from /Library/Frameworks/Python.framework/Versions/3.11/lib/python3.11/site-packages/airflow/example_dags/example_params_trigger_ui.py
[2023-07-27T20:41:22.875+0200] {processor.py:836} INFO - DAG(s) dict_keys(['example_params_trigger_ui']) retrieved from /Library/Frameworks/Python.framework/Versions/3.11/lib/python3.11/site-packages/airflow/example_dags/example_params_trigger_ui.py
[2023-07-27T20:41:23.172+0200] {logging_mixin.py:150} INFO - [2023-07-27T20:41:23.172+0200] {dag.py:2742} INFO - Sync 1 DAGs
[2023-07-27T20:41:23.177+0200] {logging_mixin.py:150} INFO - [2023-07-27T20:41:23.177+0200] {dag.py:3504} INFO - Setting next_dagrun for example_params_trigger_ui to None, run_after=None
[2023-07-27T20:41:23.184+0200] {processor.py:179} INFO - Processing /Library/Frameworks/Python.framework/Versions/3.11/lib/python3.11/site-packages/airflow/example_dags/example_params_trigger_ui.py took 0.364 seconds
[2023-07-27T20:43:00.494+0200] {processor.py:157} INFO - Started process (PID=6072) to work on /Library/Frameworks/Python.framework/Versions/3.11/lib/python3.11/site-packages/airflow/example_dags/example_params_trigger_ui.py
[2023-07-27T20:43:00.496+0200] {processor.py:826} INFO - Processing file /Library/Frameworks/Python.framework/Versions/3.11/lib/python3.11/site-packages/airflow/example_dags/example_params_trigger_ui.py for tasks to queue
[2023-07-27T20:43:00.496+0200] {logging_mixin.py:150} INFO - [2023-07-27T20:43:00.496+0200] {dagbag.py:541} INFO - Filling up the DagBag from /Library/Frameworks/Python.framework/Versions/3.11/lib/python3.11/site-packages/airflow/example_dags/example_params_trigger_ui.py
[2023-07-27T20:43:00.557+0200] {processor.py:836} INFO - DAG(s) dict_keys(['example_params_trigger_ui']) retrieved from /Library/Frameworks/Python.framework/Versions/3.11/lib/python3.11/site-packages/airflow/example_dags/example_params_trigger_ui.py
[2023-07-27T20:43:00.873+0200] {logging_mixin.py:150} INFO - [2023-07-27T20:43:00.873+0200] {dag.py:2742} INFO - Sync 1 DAGs
[2023-07-27T20:43:00.878+0200] {logging_mixin.py:150} INFO - [2023-07-27T20:43:00.878+0200] {dag.py:3504} INFO - Setting next_dagrun for example_params_trigger_ui to None, run_after=None
[2023-07-27T20:43:00.885+0200] {processor.py:179} INFO - Processing /Library/Frameworks/Python.framework/Versions/3.11/lib/python3.11/site-packages/airflow/example_dags/example_params_trigger_ui.py took 0.391 seconds
[2023-07-27T20:44:37.440+0200] {processor.py:157} INFO - Started process (PID=6146) to work on /Library/Frameworks/Python.framework/Versions/3.11/lib/python3.11/site-packages/airflow/example_dags/example_params_trigger_ui.py
[2023-07-27T20:44:37.442+0200] {processor.py:826} INFO - Processing file /Library/Frameworks/Python.framework/Versions/3.11/lib/python3.11/site-packages/airflow/example_dags/example_params_trigger_ui.py for tasks to queue
[2023-07-27T20:44:37.442+0200] {logging_mixin.py:150} INFO - [2023-07-27T20:44:37.442+0200] {dagbag.py:541} INFO - Filling up the DagBag from /Library/Frameworks/Python.framework/Versions/3.11/lib/python3.11/site-packages/airflow/example_dags/example_params_trigger_ui.py
[2023-07-27T20:44:37.496+0200] {processor.py:836} INFO - DAG(s) dict_keys(['example_params_trigger_ui']) retrieved from /Library/Frameworks/Python.framework/Versions/3.11/lib/python3.11/site-packages/airflow/example_dags/example_params_trigger_ui.py
[2023-07-27T20:44:37.801+0200] {logging_mixin.py:150} INFO - [2023-07-27T20:44:37.801+0200] {dag.py:2742} INFO - Sync 1 DAGs
[2023-07-27T20:44:37.807+0200] {logging_mixin.py:150} INFO - [2023-07-27T20:44:37.807+0200] {dag.py:3504} INFO - Setting next_dagrun for example_params_trigger_ui to None, run_after=None
[2023-07-27T20:44:37.813+0200] {processor.py:179} INFO - Processing /Library/Frameworks/Python.framework/Versions/3.11/lib/python3.11/site-packages/airflow/example_dags/example_params_trigger_ui.py took 0.373 seconds
[2023-07-27T20:46:12.442+0200] {processor.py:157} INFO - Started process (PID=6218) to work on /Library/Frameworks/Python.framework/Versions/3.11/lib/python3.11/site-packages/airflow/example_dags/example_params_trigger_ui.py
[2023-07-27T20:46:12.443+0200] {processor.py:826} INFO - Processing file /Library/Frameworks/Python.framework/Versions/3.11/lib/python3.11/site-packages/airflow/example_dags/example_params_trigger_ui.py for tasks to queue
[2023-07-27T20:46:12.443+0200] {logging_mixin.py:150} INFO - [2023-07-27T20:46:12.443+0200] {dagbag.py:541} INFO - Filling up the DagBag from /Library/Frameworks/Python.framework/Versions/3.11/lib/python3.11/site-packages/airflow/example_dags/example_params_trigger_ui.py
[2023-07-27T20:46:12.502+0200] {processor.py:836} INFO - DAG(s) dict_keys(['example_params_trigger_ui']) retrieved from /Library/Frameworks/Python.framework/Versions/3.11/lib/python3.11/site-packages/airflow/example_dags/example_params_trigger_ui.py
[2023-07-27T20:46:12.793+0200] {logging_mixin.py:150} INFO - [2023-07-27T20:46:12.793+0200] {dag.py:2742} INFO - Sync 1 DAGs
[2023-07-27T20:46:12.798+0200] {logging_mixin.py:150} INFO - [2023-07-27T20:46:12.798+0200] {dag.py:3504} INFO - Setting next_dagrun for example_params_trigger_ui to None, run_after=None
[2023-07-27T20:46:12.803+0200] {processor.py:179} INFO - Processing /Library/Frameworks/Python.framework/Versions/3.11/lib/python3.11/site-packages/airflow/example_dags/example_params_trigger_ui.py took 0.362 seconds
[2023-07-27T20:47:47.657+0200] {processor.py:157} INFO - Started process (PID=6298) to work on /Library/Frameworks/Python.framework/Versions/3.11/lib/python3.11/site-packages/airflow/example_dags/example_params_trigger_ui.py
[2023-07-27T20:47:47.659+0200] {processor.py:826} INFO - Processing file /Library/Frameworks/Python.framework/Versions/3.11/lib/python3.11/site-packages/airflow/example_dags/example_params_trigger_ui.py for tasks to queue
[2023-07-27T20:47:47.659+0200] {logging_mixin.py:150} INFO - [2023-07-27T20:47:47.659+0200] {dagbag.py:541} INFO - Filling up the DagBag from /Library/Frameworks/Python.framework/Versions/3.11/lib/python3.11/site-packages/airflow/example_dags/example_params_trigger_ui.py
[2023-07-27T20:47:47.713+0200] {processor.py:836} INFO - DAG(s) dict_keys(['example_params_trigger_ui']) retrieved from /Library/Frameworks/Python.framework/Versions/3.11/lib/python3.11/site-packages/airflow/example_dags/example_params_trigger_ui.py
[2023-07-27T20:47:48.005+0200] {logging_mixin.py:150} INFO - [2023-07-27T20:47:48.005+0200] {dag.py:2742} INFO - Sync 1 DAGs
[2023-07-27T20:47:48.011+0200] {logging_mixin.py:150} INFO - [2023-07-27T20:47:48.011+0200] {dag.py:3504} INFO - Setting next_dagrun for example_params_trigger_ui to None, run_after=None
[2023-07-27T20:47:48.018+0200] {processor.py:179} INFO - Processing /Library/Frameworks/Python.framework/Versions/3.11/lib/python3.11/site-packages/airflow/example_dags/example_params_trigger_ui.py took 0.361 seconds
[2023-07-27T20:49:26.656+0200] {processor.py:157} INFO - Started process (PID=6378) to work on /Library/Frameworks/Python.framework/Versions/3.11/lib/python3.11/site-packages/airflow/example_dags/example_params_trigger_ui.py
[2023-07-27T20:49:26.658+0200] {processor.py:826} INFO - Processing file /Library/Frameworks/Python.framework/Versions/3.11/lib/python3.11/site-packages/airflow/example_dags/example_params_trigger_ui.py for tasks to queue
[2023-07-27T20:49:26.658+0200] {logging_mixin.py:150} INFO - [2023-07-27T20:49:26.658+0200] {dagbag.py:541} INFO - Filling up the DagBag from /Library/Frameworks/Python.framework/Versions/3.11/lib/python3.11/site-packages/airflow/example_dags/example_params_trigger_ui.py
[2023-07-27T20:49:26.713+0200] {processor.py:836} INFO - DAG(s) dict_keys(['example_params_trigger_ui']) retrieved from /Library/Frameworks/Python.framework/Versions/3.11/lib/python3.11/site-packages/airflow/example_dags/example_params_trigger_ui.py
[2023-07-27T20:49:27.007+0200] {logging_mixin.py:150} INFO - [2023-07-27T20:49:27.007+0200] {dag.py:2742} INFO - Sync 1 DAGs
[2023-07-27T20:49:27.012+0200] {logging_mixin.py:150} INFO - [2023-07-27T20:49:27.012+0200] {dag.py:3504} INFO - Setting next_dagrun for example_params_trigger_ui to None, run_after=None
[2023-07-27T20:49:27.018+0200] {processor.py:179} INFO - Processing /Library/Frameworks/Python.framework/Versions/3.11/lib/python3.11/site-packages/airflow/example_dags/example_params_trigger_ui.py took 0.362 seconds
