[2023-07-27T20:35:18.134+0200] {processor.py:157} INFO - Started process (PID=5724) to work on /Library/Frameworks/Python.framework/Versions/3.11/lib/python3.11/site-packages/airflow/example_dags/example_datasets.py
[2023-07-27T20:35:18.136+0200] {processor.py:826} INFO - Processing file /Library/Frameworks/Python.framework/Versions/3.11/lib/python3.11/site-packages/airflow/example_dags/example_datasets.py for tasks to queue
[2023-07-27T20:35:18.136+0200] {logging_mixin.py:150} INFO - [2023-07-27T20:35:18.136+0200] {dagbag.py:541} INFO - Filling up the DagBag from /Library/Frameworks/Python.framework/Versions/3.11/lib/python3.11/site-packages/airflow/example_dags/example_datasets.py
[2023-07-27T20:35:18.143+0200] {processor.py:836} INFO - DAG(s) dict_keys(['dataset_produces_2', 'dataset_consumes_unknown_never_scheduled', 'dataset_produces_1', 'dataset_consumes_1_and_2', 'dataset_consumes_1', 'dataset_consumes_1_never_scheduled']) retrieved from /Library/Frameworks/Python.framework/Versions/3.11/lib/python3.11/site-packages/airflow/example_dags/example_datasets.py
[2023-07-27T20:35:18.499+0200] {logging_mixin.py:150} INFO - [2023-07-27T20:35:18.499+0200] {manager.py:504} INFO - Created Permission View: can read on DAG:dataset_produces_2
[2023-07-27T20:35:18.501+0200] {logging_mixin.py:150} INFO - [2023-07-27T20:35:18.501+0200] {manager.py:504} INFO - Created Permission View: can delete on DAG:dataset_produces_2
[2023-07-27T20:35:18.503+0200] {logging_mixin.py:150} INFO - [2023-07-27T20:35:18.503+0200] {manager.py:504} INFO - Created Permission View: can edit on DAG:dataset_produces_2
[2023-07-27T20:35:18.509+0200] {logging_mixin.py:150} INFO - [2023-07-27T20:35:18.509+0200] {manager.py:504} INFO - Created Permission View: can read on DAG:dataset_consumes_unknown_never_scheduled
[2023-07-27T20:35:18.510+0200] {logging_mixin.py:150} INFO - [2023-07-27T20:35:18.510+0200] {manager.py:504} INFO - Created Permission View: can delete on DAG:dataset_consumes_unknown_never_scheduled
[2023-07-27T20:35:18.511+0200] {logging_mixin.py:150} INFO - [2023-07-27T20:35:18.511+0200] {manager.py:504} INFO - Created Permission View: can edit on DAG:dataset_consumes_unknown_never_scheduled
[2023-07-27T20:35:18.515+0200] {logging_mixin.py:150} INFO - [2023-07-27T20:35:18.515+0200] {manager.py:504} INFO - Created Permission View: can read on DAG:dataset_produces_1
[2023-07-27T20:35:18.516+0200] {logging_mixin.py:150} INFO - [2023-07-27T20:35:18.516+0200] {manager.py:504} INFO - Created Permission View: can delete on DAG:dataset_produces_1
[2023-07-27T20:35:18.518+0200] {logging_mixin.py:150} INFO - [2023-07-27T20:35:18.517+0200] {manager.py:504} INFO - Created Permission View: can edit on DAG:dataset_produces_1
[2023-07-27T20:35:18.521+0200] {logging_mixin.py:150} INFO - [2023-07-27T20:35:18.521+0200] {manager.py:504} INFO - Created Permission View: can read on DAG:dataset_consumes_1_and_2
[2023-07-27T20:35:18.522+0200] {logging_mixin.py:150} INFO - [2023-07-27T20:35:18.522+0200] {manager.py:504} INFO - Created Permission View: can delete on DAG:dataset_consumes_1_and_2
[2023-07-27T20:35:18.524+0200] {logging_mixin.py:150} INFO - [2023-07-27T20:35:18.524+0200] {manager.py:504} INFO - Created Permission View: can edit on DAG:dataset_consumes_1_and_2
[2023-07-27T20:35:18.527+0200] {logging_mixin.py:150} INFO - [2023-07-27T20:35:18.527+0200] {manager.py:504} INFO - Created Permission View: can read on DAG:dataset_consumes_1
[2023-07-27T20:35:18.528+0200] {logging_mixin.py:150} INFO - [2023-07-27T20:35:18.528+0200] {manager.py:504} INFO - Created Permission View: can delete on DAG:dataset_consumes_1
[2023-07-27T20:35:18.530+0200] {logging_mixin.py:150} INFO - [2023-07-27T20:35:18.530+0200] {manager.py:504} INFO - Created Permission View: can edit on DAG:dataset_consumes_1
[2023-07-27T20:35:18.533+0200] {logging_mixin.py:150} INFO - [2023-07-27T20:35:18.533+0200] {manager.py:504} INFO - Created Permission View: can read on DAG:dataset_consumes_1_never_scheduled
[2023-07-27T20:35:18.534+0200] {logging_mixin.py:150} INFO - [2023-07-27T20:35:18.534+0200] {manager.py:504} INFO - Created Permission View: can delete on DAG:dataset_consumes_1_never_scheduled
[2023-07-27T20:35:18.536+0200] {logging_mixin.py:150} INFO - [2023-07-27T20:35:18.536+0200] {manager.py:504} INFO - Created Permission View: can edit on DAG:dataset_consumes_1_never_scheduled
[2023-07-27T20:35:18.537+0200] {logging_mixin.py:150} INFO - [2023-07-27T20:35:18.537+0200] {dag.py:2742} INFO - Sync 6 DAGs
[2023-07-27T20:35:18.539+0200] {logging_mixin.py:150} INFO - [2023-07-27T20:35:18.539+0200] {dag.py:2763} INFO - Creating ORM DAG for dataset_produces_1
[2023-07-27T20:35:18.540+0200] {logging_mixin.py:150} INFO - [2023-07-27T20:35:18.540+0200] {dag.py:2763} INFO - Creating ORM DAG for dataset_consumes_unknown_never_scheduled
[2023-07-27T20:35:18.540+0200] {logging_mixin.py:150} INFO - [2023-07-27T20:35:18.540+0200] {dag.py:2763} INFO - Creating ORM DAG for dataset_consumes_1
[2023-07-27T20:35:18.540+0200] {logging_mixin.py:150} INFO - [2023-07-27T20:35:18.540+0200] {dag.py:2763} INFO - Creating ORM DAG for dataset_consumes_1_and_2
[2023-07-27T20:35:18.540+0200] {logging_mixin.py:150} INFO - [2023-07-27T20:35:18.540+0200] {dag.py:2763} INFO - Creating ORM DAG for dataset_consumes_1_never_scheduled
[2023-07-27T20:35:18.540+0200] {logging_mixin.py:150} INFO - [2023-07-27T20:35:18.540+0200] {dag.py:2763} INFO - Creating ORM DAG for dataset_produces_2
[2023-07-27T20:35:18.542+0200] {logging_mixin.py:150} INFO - [2023-07-27T20:35:18.542+0200] {dag.py:3504} INFO - Setting next_dagrun for dataset_consumes_1 to None, run_after=None
[2023-07-27T20:35:18.542+0200] {logging_mixin.py:150} INFO - [2023-07-27T20:35:18.542+0200] {dag.py:3504} INFO - Setting next_dagrun for dataset_consumes_1_and_2 to None, run_after=None
[2023-07-27T20:35:18.543+0200] {logging_mixin.py:150} INFO - [2023-07-27T20:35:18.543+0200] {dag.py:3504} INFO - Setting next_dagrun for dataset_consumes_1_never_scheduled to None, run_after=None
[2023-07-27T20:35:18.543+0200] {logging_mixin.py:150} INFO - [2023-07-27T20:35:18.543+0200] {dag.py:3504} INFO - Setting next_dagrun for dataset_consumes_unknown_never_scheduled to None, run_after=None
[2023-07-27T20:35:18.543+0200] {logging_mixin.py:150} INFO - [2023-07-27T20:35:18.543+0200] {dag.py:3504} INFO - Setting next_dagrun for dataset_produces_1 to 2023-07-26T00:00:00+00:00, run_after=2023-07-27T00:00:00+00:00
[2023-07-27T20:35:18.543+0200] {logging_mixin.py:150} INFO - [2023-07-27T20:35:18.543+0200] {dag.py:3504} INFO - Setting next_dagrun for dataset_produces_2 to None, run_after=None
[2023-07-27T20:35:18.552+0200] {processor.py:179} INFO - Processing /Library/Frameworks/Python.framework/Versions/3.11/lib/python3.11/site-packages/airflow/example_dags/example_datasets.py took 0.418 seconds
[2023-07-27T20:36:58.368+0200] {processor.py:157} INFO - Started process (PID=5795) to work on /Library/Frameworks/Python.framework/Versions/3.11/lib/python3.11/site-packages/airflow/example_dags/example_datasets.py
[2023-07-27T20:36:58.370+0200] {processor.py:826} INFO - Processing file /Library/Frameworks/Python.framework/Versions/3.11/lib/python3.11/site-packages/airflow/example_dags/example_datasets.py for tasks to queue
[2023-07-27T20:36:58.370+0200] {logging_mixin.py:150} INFO - [2023-07-27T20:36:58.370+0200] {dagbag.py:541} INFO - Filling up the DagBag from /Library/Frameworks/Python.framework/Versions/3.11/lib/python3.11/site-packages/airflow/example_dags/example_datasets.py
[2023-07-27T20:36:58.379+0200] {processor.py:836} INFO - DAG(s) dict_keys(['dataset_consumes_1', 'dataset_consumes_unknown_never_scheduled', 'dataset_consumes_1_and_2', 'dataset_produces_2', 'dataset_produces_1', 'dataset_consumes_1_never_scheduled']) retrieved from /Library/Frameworks/Python.framework/Versions/3.11/lib/python3.11/site-packages/airflow/example_dags/example_datasets.py
[2023-07-27T20:36:58.721+0200] {logging_mixin.py:150} INFO - [2023-07-27T20:36:58.721+0200] {dag.py:2742} INFO - Sync 6 DAGs
[2023-07-27T20:36:58.726+0200] {logging_mixin.py:150} INFO - [2023-07-27T20:36:58.726+0200] {dag.py:3504} INFO - Setting next_dagrun for dataset_consumes_1 to None, run_after=None
[2023-07-27T20:36:58.727+0200] {logging_mixin.py:150} INFO - [2023-07-27T20:36:58.727+0200] {dag.py:3504} INFO - Setting next_dagrun for dataset_consumes_1_and_2 to None, run_after=None
[2023-07-27T20:36:58.727+0200] {logging_mixin.py:150} INFO - [2023-07-27T20:36:58.727+0200] {dag.py:3504} INFO - Setting next_dagrun for dataset_consumes_1_never_scheduled to None, run_after=None
[2023-07-27T20:36:58.728+0200] {logging_mixin.py:150} INFO - [2023-07-27T20:36:58.728+0200] {dag.py:3504} INFO - Setting next_dagrun for dataset_consumes_unknown_never_scheduled to None, run_after=None
[2023-07-27T20:36:58.728+0200] {logging_mixin.py:150} INFO - [2023-07-27T20:36:58.728+0200] {dag.py:3504} INFO - Setting next_dagrun for dataset_produces_1 to 2023-07-26T00:00:00+00:00, run_after=2023-07-27T00:00:00+00:00
[2023-07-27T20:36:58.728+0200] {logging_mixin.py:150} INFO - [2023-07-27T20:36:58.728+0200] {dag.py:3504} INFO - Setting next_dagrun for dataset_produces_2 to None, run_after=None
[2023-07-27T20:36:58.737+0200] {processor.py:179} INFO - Processing /Library/Frameworks/Python.framework/Versions/3.11/lib/python3.11/site-packages/airflow/example_dags/example_datasets.py took 0.369 seconds
[2023-07-27T20:38:39.912+0200] {processor.py:157} INFO - Started process (PID=5869) to work on /Library/Frameworks/Python.framework/Versions/3.11/lib/python3.11/site-packages/airflow/example_dags/example_datasets.py
[2023-07-27T20:38:39.914+0200] {processor.py:826} INFO - Processing file /Library/Frameworks/Python.framework/Versions/3.11/lib/python3.11/site-packages/airflow/example_dags/example_datasets.py for tasks to queue
[2023-07-27T20:38:39.915+0200] {logging_mixin.py:150} INFO - [2023-07-27T20:38:39.915+0200] {dagbag.py:541} INFO - Filling up the DagBag from /Library/Frameworks/Python.framework/Versions/3.11/lib/python3.11/site-packages/airflow/example_dags/example_datasets.py
[2023-07-27T20:38:39.922+0200] {processor.py:836} INFO - DAG(s) dict_keys(['dataset_produces_2', 'dataset_consumes_1_never_scheduled', 'dataset_consumes_unknown_never_scheduled', 'dataset_consumes_1', 'dataset_produces_1', 'dataset_consumes_1_and_2']) retrieved from /Library/Frameworks/Python.framework/Versions/3.11/lib/python3.11/site-packages/airflow/example_dags/example_datasets.py
[2023-07-27T20:38:40.256+0200] {logging_mixin.py:150} INFO - [2023-07-27T20:38:40.256+0200] {dag.py:2742} INFO - Sync 6 DAGs
[2023-07-27T20:38:40.261+0200] {logging_mixin.py:150} INFO - [2023-07-27T20:38:40.261+0200] {dag.py:3504} INFO - Setting next_dagrun for dataset_consumes_1 to None, run_after=None
[2023-07-27T20:38:40.262+0200] {logging_mixin.py:150} INFO - [2023-07-27T20:38:40.262+0200] {dag.py:3504} INFO - Setting next_dagrun for dataset_consumes_1_and_2 to None, run_after=None
[2023-07-27T20:38:40.262+0200] {logging_mixin.py:150} INFO - [2023-07-27T20:38:40.262+0200] {dag.py:3504} INFO - Setting next_dagrun for dataset_consumes_1_never_scheduled to None, run_after=None
[2023-07-27T20:38:40.262+0200] {logging_mixin.py:150} INFO - [2023-07-27T20:38:40.262+0200] {dag.py:3504} INFO - Setting next_dagrun for dataset_consumes_unknown_never_scheduled to None, run_after=None
[2023-07-27T20:38:40.263+0200] {logging_mixin.py:150} INFO - [2023-07-27T20:38:40.263+0200] {dag.py:3504} INFO - Setting next_dagrun for dataset_produces_1 to 2023-07-26T00:00:00+00:00, run_after=2023-07-27T00:00:00+00:00
[2023-07-27T20:38:40.263+0200] {logging_mixin.py:150} INFO - [2023-07-27T20:38:40.263+0200] {dag.py:3504} INFO - Setting next_dagrun for dataset_produces_2 to None, run_after=None
[2023-07-27T20:38:40.271+0200] {processor.py:179} INFO - Processing /Library/Frameworks/Python.framework/Versions/3.11/lib/python3.11/site-packages/airflow/example_dags/example_datasets.py took 0.359 seconds
[2023-07-27T20:40:17.002+0200] {processor.py:157} INFO - Started process (PID=5938) to work on /Library/Frameworks/Python.framework/Versions/3.11/lib/python3.11/site-packages/airflow/example_dags/example_datasets.py
[2023-07-27T20:40:17.003+0200] {processor.py:826} INFO - Processing file /Library/Frameworks/Python.framework/Versions/3.11/lib/python3.11/site-packages/airflow/example_dags/example_datasets.py for tasks to queue
[2023-07-27T20:40:17.004+0200] {logging_mixin.py:150} INFO - [2023-07-27T20:40:17.004+0200] {dagbag.py:541} INFO - Filling up the DagBag from /Library/Frameworks/Python.framework/Versions/3.11/lib/python3.11/site-packages/airflow/example_dags/example_datasets.py
[2023-07-27T20:40:17.011+0200] {processor.py:836} INFO - DAG(s) dict_keys(['dataset_consumes_unknown_never_scheduled', 'dataset_consumes_1', 'dataset_consumes_1_and_2', 'dataset_produces_2', 'dataset_consumes_1_never_scheduled', 'dataset_produces_1']) retrieved from /Library/Frameworks/Python.framework/Versions/3.11/lib/python3.11/site-packages/airflow/example_dags/example_datasets.py
[2023-07-27T20:40:17.340+0200] {logging_mixin.py:150} INFO - [2023-07-27T20:40:17.340+0200] {dag.py:2742} INFO - Sync 6 DAGs
[2023-07-27T20:40:17.345+0200] {logging_mixin.py:150} INFO - [2023-07-27T20:40:17.345+0200] {dag.py:3504} INFO - Setting next_dagrun for dataset_consumes_1 to None, run_after=None
[2023-07-27T20:40:17.346+0200] {logging_mixin.py:150} INFO - [2023-07-27T20:40:17.346+0200] {dag.py:3504} INFO - Setting next_dagrun for dataset_consumes_1_and_2 to None, run_after=None
[2023-07-27T20:40:17.346+0200] {logging_mixin.py:150} INFO - [2023-07-27T20:40:17.346+0200] {dag.py:3504} INFO - Setting next_dagrun for dataset_consumes_1_never_scheduled to None, run_after=None
[2023-07-27T20:40:17.346+0200] {logging_mixin.py:150} INFO - [2023-07-27T20:40:17.346+0200] {dag.py:3504} INFO - Setting next_dagrun for dataset_consumes_unknown_never_scheduled to None, run_after=None
[2023-07-27T20:40:17.347+0200] {logging_mixin.py:150} INFO - [2023-07-27T20:40:17.347+0200] {dag.py:3504} INFO - Setting next_dagrun for dataset_produces_1 to 2023-07-26T00:00:00+00:00, run_after=2023-07-27T00:00:00+00:00
[2023-07-27T20:40:17.347+0200] {logging_mixin.py:150} INFO - [2023-07-27T20:40:17.347+0200] {dag.py:3504} INFO - Setting next_dagrun for dataset_produces_2 to None, run_after=None
[2023-07-27T20:40:17.355+0200] {processor.py:179} INFO - Processing /Library/Frameworks/Python.framework/Versions/3.11/lib/python3.11/site-packages/airflow/example_dags/example_datasets.py took 0.353 seconds
[2023-07-27T20:41:56.859+0200] {processor.py:157} INFO - Started process (PID=6021) to work on /Library/Frameworks/Python.framework/Versions/3.11/lib/python3.11/site-packages/airflow/example_dags/example_datasets.py
[2023-07-27T20:41:56.860+0200] {processor.py:826} INFO - Processing file /Library/Frameworks/Python.framework/Versions/3.11/lib/python3.11/site-packages/airflow/example_dags/example_datasets.py for tasks to queue
[2023-07-27T20:41:56.861+0200] {logging_mixin.py:150} INFO - [2023-07-27T20:41:56.861+0200] {dagbag.py:541} INFO - Filling up the DagBag from /Library/Frameworks/Python.framework/Versions/3.11/lib/python3.11/site-packages/airflow/example_dags/example_datasets.py
[2023-07-27T20:41:56.868+0200] {processor.py:836} INFO - DAG(s) dict_keys(['dataset_consumes_unknown_never_scheduled', 'dataset_produces_1', 'dataset_produces_2', 'dataset_consumes_1', 'dataset_consumes_1_never_scheduled', 'dataset_consumes_1_and_2']) retrieved from /Library/Frameworks/Python.framework/Versions/3.11/lib/python3.11/site-packages/airflow/example_dags/example_datasets.py
[2023-07-27T20:41:57.207+0200] {logging_mixin.py:150} INFO - [2023-07-27T20:41:57.207+0200] {dag.py:2742} INFO - Sync 6 DAGs
[2023-07-27T20:41:57.212+0200] {logging_mixin.py:150} INFO - [2023-07-27T20:41:57.212+0200] {dag.py:3504} INFO - Setting next_dagrun for dataset_consumes_1 to None, run_after=None
[2023-07-27T20:41:57.213+0200] {logging_mixin.py:150} INFO - [2023-07-27T20:41:57.213+0200] {dag.py:3504} INFO - Setting next_dagrun for dataset_consumes_1_and_2 to None, run_after=None
[2023-07-27T20:41:57.213+0200] {logging_mixin.py:150} INFO - [2023-07-27T20:41:57.213+0200] {dag.py:3504} INFO - Setting next_dagrun for dataset_consumes_1_never_scheduled to None, run_after=None
[2023-07-27T20:41:57.214+0200] {logging_mixin.py:150} INFO - [2023-07-27T20:41:57.214+0200] {dag.py:3504} INFO - Setting next_dagrun for dataset_consumes_unknown_never_scheduled to None, run_after=None
[2023-07-27T20:41:57.214+0200] {logging_mixin.py:150} INFO - [2023-07-27T20:41:57.214+0200] {dag.py:3504} INFO - Setting next_dagrun for dataset_produces_1 to 2023-07-26T00:00:00+00:00, run_after=2023-07-27T00:00:00+00:00
[2023-07-27T20:41:57.214+0200] {logging_mixin.py:150} INFO - [2023-07-27T20:41:57.214+0200] {dag.py:3504} INFO - Setting next_dagrun for dataset_produces_2 to None, run_after=None
[2023-07-27T20:41:57.222+0200] {processor.py:179} INFO - Processing /Library/Frameworks/Python.framework/Versions/3.11/lib/python3.11/site-packages/airflow/example_dags/example_datasets.py took 0.363 seconds
[2023-07-27T20:43:35.694+0200] {processor.py:157} INFO - Started process (PID=6093) to work on /Library/Frameworks/Python.framework/Versions/3.11/lib/python3.11/site-packages/airflow/example_dags/example_datasets.py
[2023-07-27T20:43:35.696+0200] {processor.py:826} INFO - Processing file /Library/Frameworks/Python.framework/Versions/3.11/lib/python3.11/site-packages/airflow/example_dags/example_datasets.py for tasks to queue
[2023-07-27T20:43:35.696+0200] {logging_mixin.py:150} INFO - [2023-07-27T20:43:35.696+0200] {dagbag.py:541} INFO - Filling up the DagBag from /Library/Frameworks/Python.framework/Versions/3.11/lib/python3.11/site-packages/airflow/example_dags/example_datasets.py
[2023-07-27T20:43:35.704+0200] {processor.py:836} INFO - DAG(s) dict_keys(['dataset_consumes_1_and_2', 'dataset_produces_2', 'dataset_consumes_1_never_scheduled', 'dataset_consumes_1', 'dataset_consumes_unknown_never_scheduled', 'dataset_produces_1']) retrieved from /Library/Frameworks/Python.framework/Versions/3.11/lib/python3.11/site-packages/airflow/example_dags/example_datasets.py
[2023-07-27T20:43:36.054+0200] {logging_mixin.py:150} INFO - [2023-07-27T20:43:36.054+0200] {dag.py:2742} INFO - Sync 6 DAGs
[2023-07-27T20:43:36.059+0200] {logging_mixin.py:150} INFO - [2023-07-27T20:43:36.059+0200] {dag.py:3504} INFO - Setting next_dagrun for dataset_consumes_1 to None, run_after=None
[2023-07-27T20:43:36.060+0200] {logging_mixin.py:150} INFO - [2023-07-27T20:43:36.060+0200] {dag.py:3504} INFO - Setting next_dagrun for dataset_consumes_1_and_2 to None, run_after=None
[2023-07-27T20:43:36.061+0200] {logging_mixin.py:150} INFO - [2023-07-27T20:43:36.060+0200] {dag.py:3504} INFO - Setting next_dagrun for dataset_consumes_1_never_scheduled to None, run_after=None
[2023-07-27T20:43:36.061+0200] {logging_mixin.py:150} INFO - [2023-07-27T20:43:36.061+0200] {dag.py:3504} INFO - Setting next_dagrun for dataset_consumes_unknown_never_scheduled to None, run_after=None
[2023-07-27T20:43:36.061+0200] {logging_mixin.py:150} INFO - [2023-07-27T20:43:36.061+0200] {dag.py:3504} INFO - Setting next_dagrun for dataset_produces_1 to 2023-07-26T00:00:00+00:00, run_after=2023-07-27T00:00:00+00:00
[2023-07-27T20:43:36.062+0200] {logging_mixin.py:150} INFO - [2023-07-27T20:43:36.062+0200] {dag.py:3504} INFO - Setting next_dagrun for dataset_produces_2 to None, run_after=None
[2023-07-27T20:43:36.069+0200] {processor.py:179} INFO - Processing /Library/Frameworks/Python.framework/Versions/3.11/lib/python3.11/site-packages/airflow/example_dags/example_datasets.py took 0.375 seconds
[2023-07-27T20:45:12.183+0200] {processor.py:157} INFO - Started process (PID=6174) to work on /Library/Frameworks/Python.framework/Versions/3.11/lib/python3.11/site-packages/airflow/example_dags/example_datasets.py
[2023-07-27T20:45:12.185+0200] {processor.py:826} INFO - Processing file /Library/Frameworks/Python.framework/Versions/3.11/lib/python3.11/site-packages/airflow/example_dags/example_datasets.py for tasks to queue
[2023-07-27T20:45:12.185+0200] {logging_mixin.py:150} INFO - [2023-07-27T20:45:12.185+0200] {dagbag.py:541} INFO - Filling up the DagBag from /Library/Frameworks/Python.framework/Versions/3.11/lib/python3.11/site-packages/airflow/example_dags/example_datasets.py
[2023-07-27T20:45:12.193+0200] {processor.py:836} INFO - DAG(s) dict_keys(['dataset_consumes_1_and_2', 'dataset_consumes_unknown_never_scheduled', 'dataset_consumes_1', 'dataset_produces_2', 'dataset_produces_1', 'dataset_consumes_1_never_scheduled']) retrieved from /Library/Frameworks/Python.framework/Versions/3.11/lib/python3.11/site-packages/airflow/example_dags/example_datasets.py
[2023-07-27T20:45:12.529+0200] {logging_mixin.py:150} INFO - [2023-07-27T20:45:12.529+0200] {dag.py:2742} INFO - Sync 6 DAGs
[2023-07-27T20:45:12.535+0200] {logging_mixin.py:150} INFO - [2023-07-27T20:45:12.535+0200] {dag.py:3504} INFO - Setting next_dagrun for dataset_consumes_1 to None, run_after=None
[2023-07-27T20:45:12.536+0200] {logging_mixin.py:150} INFO - [2023-07-27T20:45:12.536+0200] {dag.py:3504} INFO - Setting next_dagrun for dataset_consumes_1_and_2 to None, run_after=None
[2023-07-27T20:45:12.536+0200] {logging_mixin.py:150} INFO - [2023-07-27T20:45:12.536+0200] {dag.py:3504} INFO - Setting next_dagrun for dataset_consumes_1_never_scheduled to None, run_after=None
[2023-07-27T20:45:12.536+0200] {logging_mixin.py:150} INFO - [2023-07-27T20:45:12.536+0200] {dag.py:3504} INFO - Setting next_dagrun for dataset_consumes_unknown_never_scheduled to None, run_after=None
[2023-07-27T20:45:12.537+0200] {logging_mixin.py:150} INFO - [2023-07-27T20:45:12.537+0200] {dag.py:3504} INFO - Setting next_dagrun for dataset_produces_1 to 2023-07-26T00:00:00+00:00, run_after=2023-07-27T00:00:00+00:00
[2023-07-27T20:45:12.537+0200] {logging_mixin.py:150} INFO - [2023-07-27T20:45:12.537+0200] {dag.py:3504} INFO - Setting next_dagrun for dataset_produces_2 to None, run_after=None
[2023-07-27T20:45:12.545+0200] {processor.py:179} INFO - Processing /Library/Frameworks/Python.framework/Versions/3.11/lib/python3.11/site-packages/airflow/example_dags/example_datasets.py took 0.362 seconds
[2023-07-27T20:46:45.738+0200] {processor.py:157} INFO - Started process (PID=6255) to work on /Library/Frameworks/Python.framework/Versions/3.11/lib/python3.11/site-packages/airflow/example_dags/example_datasets.py
[2023-07-27T20:46:45.739+0200] {processor.py:826} INFO - Processing file /Library/Frameworks/Python.framework/Versions/3.11/lib/python3.11/site-packages/airflow/example_dags/example_datasets.py for tasks to queue
[2023-07-27T20:46:45.739+0200] {logging_mixin.py:150} INFO - [2023-07-27T20:46:45.739+0200] {dagbag.py:541} INFO - Filling up the DagBag from /Library/Frameworks/Python.framework/Versions/3.11/lib/python3.11/site-packages/airflow/example_dags/example_datasets.py
[2023-07-27T20:46:45.746+0200] {processor.py:836} INFO - DAG(s) dict_keys(['dataset_consumes_1_and_2', 'dataset_produces_1', 'dataset_consumes_1', 'dataset_consumes_unknown_never_scheduled', 'dataset_consumes_1_never_scheduled', 'dataset_produces_2']) retrieved from /Library/Frameworks/Python.framework/Versions/3.11/lib/python3.11/site-packages/airflow/example_dags/example_datasets.py
[2023-07-27T20:46:46.075+0200] {logging_mixin.py:150} INFO - [2023-07-27T20:46:46.075+0200] {dag.py:2742} INFO - Sync 6 DAGs
[2023-07-27T20:46:46.080+0200] {logging_mixin.py:150} INFO - [2023-07-27T20:46:46.080+0200] {dag.py:3504} INFO - Setting next_dagrun for dataset_consumes_1 to None, run_after=None
[2023-07-27T20:46:46.081+0200] {logging_mixin.py:150} INFO - [2023-07-27T20:46:46.081+0200] {dag.py:3504} INFO - Setting next_dagrun for dataset_consumes_1_and_2 to None, run_after=None
[2023-07-27T20:46:46.081+0200] {logging_mixin.py:150} INFO - [2023-07-27T20:46:46.081+0200] {dag.py:3504} INFO - Setting next_dagrun for dataset_consumes_1_never_scheduled to None, run_after=None
[2023-07-27T20:46:46.081+0200] {logging_mixin.py:150} INFO - [2023-07-27T20:46:46.081+0200] {dag.py:3504} INFO - Setting next_dagrun for dataset_consumes_unknown_never_scheduled to None, run_after=None
[2023-07-27T20:46:46.082+0200] {logging_mixin.py:150} INFO - [2023-07-27T20:46:46.082+0200] {dag.py:3504} INFO - Setting next_dagrun for dataset_produces_1 to 2023-07-26T00:00:00+00:00, run_after=2023-07-27T00:00:00+00:00
[2023-07-27T20:46:46.082+0200] {logging_mixin.py:150} INFO - [2023-07-27T20:46:46.082+0200] {dag.py:3504} INFO - Setting next_dagrun for dataset_produces_2 to None, run_after=None
[2023-07-27T20:46:46.090+0200] {processor.py:179} INFO - Processing /Library/Frameworks/Python.framework/Versions/3.11/lib/python3.11/site-packages/airflow/example_dags/example_datasets.py took 0.352 seconds
[2023-07-27T20:48:24.033+0200] {processor.py:157} INFO - Started process (PID=6330) to work on /Library/Frameworks/Python.framework/Versions/3.11/lib/python3.11/site-packages/airflow/example_dags/example_datasets.py
[2023-07-27T20:48:24.035+0200] {processor.py:826} INFO - Processing file /Library/Frameworks/Python.framework/Versions/3.11/lib/python3.11/site-packages/airflow/example_dags/example_datasets.py for tasks to queue
[2023-07-27T20:48:24.035+0200] {logging_mixin.py:150} INFO - [2023-07-27T20:48:24.035+0200] {dagbag.py:541} INFO - Filling up the DagBag from /Library/Frameworks/Python.framework/Versions/3.11/lib/python3.11/site-packages/airflow/example_dags/example_datasets.py
[2023-07-27T20:48:24.042+0200] {processor.py:836} INFO - DAG(s) dict_keys(['dataset_consumes_1_never_scheduled', 'dataset_produces_1', 'dataset_produces_2', 'dataset_consumes_unknown_never_scheduled', 'dataset_consumes_1', 'dataset_consumes_1_and_2']) retrieved from /Library/Frameworks/Python.framework/Versions/3.11/lib/python3.11/site-packages/airflow/example_dags/example_datasets.py
[2023-07-27T20:48:24.367+0200] {logging_mixin.py:150} INFO - [2023-07-27T20:48:24.367+0200] {dag.py:2742} INFO - Sync 6 DAGs
[2023-07-27T20:48:24.372+0200] {logging_mixin.py:150} INFO - [2023-07-27T20:48:24.372+0200] {dag.py:3504} INFO - Setting next_dagrun for dataset_consumes_1 to None, run_after=None
[2023-07-27T20:48:24.373+0200] {logging_mixin.py:150} INFO - [2023-07-27T20:48:24.373+0200] {dag.py:3504} INFO - Setting next_dagrun for dataset_consumes_1_and_2 to None, run_after=None
[2023-07-27T20:48:24.373+0200] {logging_mixin.py:150} INFO - [2023-07-27T20:48:24.373+0200] {dag.py:3504} INFO - Setting next_dagrun for dataset_consumes_1_never_scheduled to None, run_after=None
[2023-07-27T20:48:24.373+0200] {logging_mixin.py:150} INFO - [2023-07-27T20:48:24.373+0200] {dag.py:3504} INFO - Setting next_dagrun for dataset_consumes_unknown_never_scheduled to None, run_after=None
[2023-07-27T20:48:24.374+0200] {logging_mixin.py:150} INFO - [2023-07-27T20:48:24.374+0200] {dag.py:3504} INFO - Setting next_dagrun for dataset_produces_1 to 2023-07-26T00:00:00+00:00, run_after=2023-07-27T00:00:00+00:00
[2023-07-27T20:48:24.374+0200] {logging_mixin.py:150} INFO - [2023-07-27T20:48:24.374+0200] {dag.py:3504} INFO - Setting next_dagrun for dataset_produces_2 to None, run_after=None
[2023-07-27T20:48:24.382+0200] {processor.py:179} INFO - Processing /Library/Frameworks/Python.framework/Versions/3.11/lib/python3.11/site-packages/airflow/example_dags/example_datasets.py took 0.349 seconds
[2023-07-27T20:50:04.018+0200] {processor.py:157} INFO - Started process (PID=6507) to work on /Library/Frameworks/Python.framework/Versions/3.11/lib/python3.11/site-packages/airflow/example_dags/example_datasets.py
[2023-07-27T20:50:04.020+0200] {processor.py:826} INFO - Processing file /Library/Frameworks/Python.framework/Versions/3.11/lib/python3.11/site-packages/airflow/example_dags/example_datasets.py for tasks to queue
[2023-07-27T20:50:04.020+0200] {logging_mixin.py:150} INFO - [2023-07-27T20:50:04.020+0200] {dagbag.py:541} INFO - Filling up the DagBag from /Library/Frameworks/Python.framework/Versions/3.11/lib/python3.11/site-packages/airflow/example_dags/example_datasets.py
[2023-07-27T20:50:04.028+0200] {processor.py:836} INFO - DAG(s) dict_keys(['dataset_consumes_1', 'dataset_produces_2', 'dataset_consumes_1_and_2', 'dataset_consumes_unknown_never_scheduled', 'dataset_produces_1', 'dataset_consumes_1_never_scheduled']) retrieved from /Library/Frameworks/Python.framework/Versions/3.11/lib/python3.11/site-packages/airflow/example_dags/example_datasets.py
[2023-07-27T20:50:04.364+0200] {logging_mixin.py:150} INFO - [2023-07-27T20:50:04.364+0200] {dag.py:2742} INFO - Sync 6 DAGs
[2023-07-27T20:50:04.370+0200] {logging_mixin.py:150} INFO - [2023-07-27T20:50:04.370+0200] {dag.py:3504} INFO - Setting next_dagrun for dataset_consumes_1 to None, run_after=None
[2023-07-27T20:50:04.370+0200] {logging_mixin.py:150} INFO - [2023-07-27T20:50:04.370+0200] {dag.py:3504} INFO - Setting next_dagrun for dataset_consumes_1_and_2 to None, run_after=None
[2023-07-27T20:50:04.371+0200] {logging_mixin.py:150} INFO - [2023-07-27T20:50:04.371+0200] {dag.py:3504} INFO - Setting next_dagrun for dataset_consumes_1_never_scheduled to None, run_after=None
[2023-07-27T20:50:04.371+0200] {logging_mixin.py:150} INFO - [2023-07-27T20:50:04.371+0200] {dag.py:3504} INFO - Setting next_dagrun for dataset_consumes_unknown_never_scheduled to None, run_after=None
[2023-07-27T20:50:04.372+0200] {logging_mixin.py:150} INFO - [2023-07-27T20:50:04.372+0200] {dag.py:3504} INFO - Setting next_dagrun for dataset_produces_1 to 2023-07-26T00:00:00+00:00, run_after=2023-07-27T00:00:00+00:00
[2023-07-27T20:50:04.372+0200] {logging_mixin.py:150} INFO - [2023-07-27T20:50:04.372+0200] {dag.py:3504} INFO - Setting next_dagrun for dataset_produces_2 to None, run_after=None
[2023-07-27T20:50:04.380+0200] {processor.py:179} INFO - Processing /Library/Frameworks/Python.framework/Versions/3.11/lib/python3.11/site-packages/airflow/example_dags/example_datasets.py took 0.362 seconds
