[2023-07-27T20:35:25.751+0200] {processor.py:157} INFO - Started process (PID=5728) to work on /Library/Frameworks/Python.framework/Versions/3.11/lib/python3.11/site-packages/airflow/example_dags/example_branch_operator_decorator.py
[2023-07-27T20:35:25.753+0200] {processor.py:826} INFO - Processing file /Library/Frameworks/Python.framework/Versions/3.11/lib/python3.11/site-packages/airflow/example_dags/example_branch_operator_decorator.py for tasks to queue
[2023-07-27T20:35:25.753+0200] {logging_mixin.py:150} INFO - [2023-07-27T20:35:25.753+0200] {dagbag.py:541} INFO - Filling up the DagBag from /Library/Frameworks/Python.framework/Versions/3.11/lib/python3.11/site-packages/airflow/example_dags/example_branch_operator_decorator.py
[2023-07-27T20:35:25.782+0200] {processor.py:836} INFO - DAG(s) dict_keys(['example_branch_python_operator_decorator']) retrieved from /Library/Frameworks/Python.framework/Versions/3.11/lib/python3.11/site-packages/airflow/example_dags/example_branch_operator_decorator.py
[2023-07-27T20:35:26.121+0200] {logging_mixin.py:150} INFO - [2023-07-27T20:35:26.121+0200] {manager.py:504} INFO - Created Permission View: can delete on DAG:example_branch_python_operator_decorator
[2023-07-27T20:35:26.123+0200] {logging_mixin.py:150} INFO - [2023-07-27T20:35:26.123+0200] {manager.py:504} INFO - Created Permission View: can edit on DAG:example_branch_python_operator_decorator
[2023-07-27T20:35:26.125+0200] {logging_mixin.py:150} INFO - [2023-07-27T20:35:26.125+0200] {manager.py:504} INFO - Created Permission View: can read on DAG:example_branch_python_operator_decorator
[2023-07-27T20:35:26.128+0200] {logging_mixin.py:150} INFO - [2023-07-27T20:35:26.128+0200] {dag.py:2742} INFO - Sync 1 DAGs
[2023-07-27T20:35:26.131+0200] {logging_mixin.py:150} INFO - [2023-07-27T20:35:26.131+0200] {dag.py:2763} INFO - Creating ORM DAG for example_branch_python_operator_decorator
[2023-07-27T20:35:26.133+0200] {logging_mixin.py:150} INFO - [2023-07-27T20:35:26.133+0200] {dag.py:3504} INFO - Setting next_dagrun for example_branch_python_operator_decorator to 2023-07-26T00:00:00+00:00, run_after=2023-07-27T00:00:00+00:00
[2023-07-27T20:35:26.138+0200] {processor.py:179} INFO - Processing /Library/Frameworks/Python.framework/Versions/3.11/lib/python3.11/site-packages/airflow/example_dags/example_branch_operator_decorator.py took 0.387 seconds
[2023-07-27T20:37:04.985+0200] {processor.py:157} INFO - Started process (PID=5799) to work on /Library/Frameworks/Python.framework/Versions/3.11/lib/python3.11/site-packages/airflow/example_dags/example_branch_operator_decorator.py
[2023-07-27T20:37:04.988+0200] {processor.py:826} INFO - Processing file /Library/Frameworks/Python.framework/Versions/3.11/lib/python3.11/site-packages/airflow/example_dags/example_branch_operator_decorator.py for tasks to queue
[2023-07-27T20:37:04.988+0200] {logging_mixin.py:150} INFO - [2023-07-27T20:37:04.988+0200] {dagbag.py:541} INFO - Filling up the DagBag from /Library/Frameworks/Python.framework/Versions/3.11/lib/python3.11/site-packages/airflow/example_dags/example_branch_operator_decorator.py
[2023-07-27T20:37:05.016+0200] {processor.py:836} INFO - DAG(s) dict_keys(['example_branch_python_operator_decorator']) retrieved from /Library/Frameworks/Python.framework/Versions/3.11/lib/python3.11/site-packages/airflow/example_dags/example_branch_operator_decorator.py
[2023-07-27T20:37:05.329+0200] {logging_mixin.py:150} INFO - [2023-07-27T20:37:05.329+0200] {dag.py:2742} INFO - Sync 1 DAGs
[2023-07-27T20:37:05.334+0200] {logging_mixin.py:150} INFO - [2023-07-27T20:37:05.334+0200] {dag.py:3504} INFO - Setting next_dagrun for example_branch_python_operator_decorator to 2023-07-26T00:00:00+00:00, run_after=2023-07-27T00:00:00+00:00
[2023-07-27T20:37:05.340+0200] {processor.py:179} INFO - Processing /Library/Frameworks/Python.framework/Versions/3.11/lib/python3.11/site-packages/airflow/example_dags/example_branch_operator_decorator.py took 0.355 seconds
[2023-07-27T20:38:46.316+0200] {processor.py:157} INFO - Started process (PID=5873) to work on /Library/Frameworks/Python.framework/Versions/3.11/lib/python3.11/site-packages/airflow/example_dags/example_branch_operator_decorator.py
[2023-07-27T20:38:46.318+0200] {processor.py:826} INFO - Processing file /Library/Frameworks/Python.framework/Versions/3.11/lib/python3.11/site-packages/airflow/example_dags/example_branch_operator_decorator.py for tasks to queue
[2023-07-27T20:38:46.318+0200] {logging_mixin.py:150} INFO - [2023-07-27T20:38:46.318+0200] {dagbag.py:541} INFO - Filling up the DagBag from /Library/Frameworks/Python.framework/Versions/3.11/lib/python3.11/site-packages/airflow/example_dags/example_branch_operator_decorator.py
[2023-07-27T20:38:46.347+0200] {processor.py:836} INFO - DAG(s) dict_keys(['example_branch_python_operator_decorator']) retrieved from /Library/Frameworks/Python.framework/Versions/3.11/lib/python3.11/site-packages/airflow/example_dags/example_branch_operator_decorator.py
[2023-07-27T20:38:46.658+0200] {logging_mixin.py:150} INFO - [2023-07-27T20:38:46.657+0200] {dag.py:2742} INFO - Sync 1 DAGs
[2023-07-27T20:38:46.663+0200] {logging_mixin.py:150} INFO - [2023-07-27T20:38:46.663+0200] {dag.py:3504} INFO - Setting next_dagrun for example_branch_python_operator_decorator to 2023-07-26T00:00:00+00:00, run_after=2023-07-27T00:00:00+00:00
[2023-07-27T20:38:46.669+0200] {processor.py:179} INFO - Processing /Library/Frameworks/Python.framework/Versions/3.11/lib/python3.11/site-packages/airflow/example_dags/example_branch_operator_decorator.py took 0.354 seconds
[2023-07-27T20:40:24.374+0200] {processor.py:157} INFO - Started process (PID=5951) to work on /Library/Frameworks/Python.framework/Versions/3.11/lib/python3.11/site-packages/airflow/example_dags/example_branch_operator_decorator.py
[2023-07-27T20:40:24.375+0200] {processor.py:826} INFO - Processing file /Library/Frameworks/Python.framework/Versions/3.11/lib/python3.11/site-packages/airflow/example_dags/example_branch_operator_decorator.py for tasks to queue
[2023-07-27T20:40:24.375+0200] {logging_mixin.py:150} INFO - [2023-07-27T20:40:24.375+0200] {dagbag.py:541} INFO - Filling up the DagBag from /Library/Frameworks/Python.framework/Versions/3.11/lib/python3.11/site-packages/airflow/example_dags/example_branch_operator_decorator.py
[2023-07-27T20:40:24.403+0200] {processor.py:836} INFO - DAG(s) dict_keys(['example_branch_python_operator_decorator']) retrieved from /Library/Frameworks/Python.framework/Versions/3.11/lib/python3.11/site-packages/airflow/example_dags/example_branch_operator_decorator.py
[2023-07-27T20:40:24.717+0200] {logging_mixin.py:150} INFO - [2023-07-27T20:40:24.717+0200] {dag.py:2742} INFO - Sync 1 DAGs
[2023-07-27T20:40:24.723+0200] {logging_mixin.py:150} INFO - [2023-07-27T20:40:24.723+0200] {dag.py:3504} INFO - Setting next_dagrun for example_branch_python_operator_decorator to 2023-07-26T00:00:00+00:00, run_after=2023-07-27T00:00:00+00:00
[2023-07-27T20:40:24.729+0200] {processor.py:179} INFO - Processing /Library/Frameworks/Python.framework/Versions/3.11/lib/python3.11/site-packages/airflow/example_dags/example_branch_operator_decorator.py took 0.355 seconds
[2023-07-27T20:42:04.288+0200] {processor.py:157} INFO - Started process (PID=6025) to work on /Library/Frameworks/Python.framework/Versions/3.11/lib/python3.11/site-packages/airflow/example_dags/example_branch_operator_decorator.py
[2023-07-27T20:42:04.290+0200] {processor.py:826} INFO - Processing file /Library/Frameworks/Python.framework/Versions/3.11/lib/python3.11/site-packages/airflow/example_dags/example_branch_operator_decorator.py for tasks to queue
[2023-07-27T20:42:04.290+0200] {logging_mixin.py:150} INFO - [2023-07-27T20:42:04.290+0200] {dagbag.py:541} INFO - Filling up the DagBag from /Library/Frameworks/Python.framework/Versions/3.11/lib/python3.11/site-packages/airflow/example_dags/example_branch_operator_decorator.py
[2023-07-27T20:42:04.318+0200] {processor.py:836} INFO - DAG(s) dict_keys(['example_branch_python_operator_decorator']) retrieved from /Library/Frameworks/Python.framework/Versions/3.11/lib/python3.11/site-packages/airflow/example_dags/example_branch_operator_decorator.py
[2023-07-27T20:42:04.627+0200] {logging_mixin.py:150} INFO - [2023-07-27T20:42:04.627+0200] {dag.py:2742} INFO - Sync 1 DAGs
[2023-07-27T20:42:04.633+0200] {logging_mixin.py:150} INFO - [2023-07-27T20:42:04.633+0200] {dag.py:3504} INFO - Setting next_dagrun for example_branch_python_operator_decorator to 2023-07-26T00:00:00+00:00, run_after=2023-07-27T00:00:00+00:00
[2023-07-27T20:42:04.639+0200] {processor.py:179} INFO - Processing /Library/Frameworks/Python.framework/Versions/3.11/lib/python3.11/site-packages/airflow/example_dags/example_branch_operator_decorator.py took 0.351 seconds
[2023-07-27T20:43:43.152+0200] {processor.py:157} INFO - Started process (PID=6107) to work on /Library/Frameworks/Python.framework/Versions/3.11/lib/python3.11/site-packages/airflow/example_dags/example_branch_operator_decorator.py
[2023-07-27T20:43:43.153+0200] {processor.py:826} INFO - Processing file /Library/Frameworks/Python.framework/Versions/3.11/lib/python3.11/site-packages/airflow/example_dags/example_branch_operator_decorator.py for tasks to queue
[2023-07-27T20:43:43.153+0200] {logging_mixin.py:150} INFO - [2023-07-27T20:43:43.153+0200] {dagbag.py:541} INFO - Filling up the DagBag from /Library/Frameworks/Python.framework/Versions/3.11/lib/python3.11/site-packages/airflow/example_dags/example_branch_operator_decorator.py
[2023-07-27T20:43:43.181+0200] {processor.py:836} INFO - DAG(s) dict_keys(['example_branch_python_operator_decorator']) retrieved from /Library/Frameworks/Python.framework/Versions/3.11/lib/python3.11/site-packages/airflow/example_dags/example_branch_operator_decorator.py
[2023-07-27T20:43:43.498+0200] {logging_mixin.py:150} INFO - [2023-07-27T20:43:43.498+0200] {dag.py:2742} INFO - Sync 1 DAGs
[2023-07-27T20:43:43.503+0200] {logging_mixin.py:150} INFO - [2023-07-27T20:43:43.503+0200] {dag.py:3504} INFO - Setting next_dagrun for example_branch_python_operator_decorator to 2023-07-26T00:00:00+00:00, run_after=2023-07-27T00:00:00+00:00
[2023-07-27T20:43:43.509+0200] {processor.py:179} INFO - Processing /Library/Frameworks/Python.framework/Versions/3.11/lib/python3.11/site-packages/airflow/example_dags/example_branch_operator_decorator.py took 0.358 seconds
[2023-07-27T20:45:18.112+0200] {processor.py:157} INFO - Started process (PID=6179) to work on /Library/Frameworks/Python.framework/Versions/3.11/lib/python3.11/site-packages/airflow/example_dags/example_branch_operator_decorator.py
[2023-07-27T20:45:18.114+0200] {processor.py:826} INFO - Processing file /Library/Frameworks/Python.framework/Versions/3.11/lib/python3.11/site-packages/airflow/example_dags/example_branch_operator_decorator.py for tasks to queue
[2023-07-27T20:45:18.114+0200] {logging_mixin.py:150} INFO - [2023-07-27T20:45:18.114+0200] {dagbag.py:541} INFO - Filling up the DagBag from /Library/Frameworks/Python.framework/Versions/3.11/lib/python3.11/site-packages/airflow/example_dags/example_branch_operator_decorator.py
[2023-07-27T20:45:18.142+0200] {processor.py:836} INFO - DAG(s) dict_keys(['example_branch_python_operator_decorator']) retrieved from /Library/Frameworks/Python.framework/Versions/3.11/lib/python3.11/site-packages/airflow/example_dags/example_branch_operator_decorator.py
[2023-07-27T20:45:18.470+0200] {logging_mixin.py:150} INFO - [2023-07-27T20:45:18.470+0200] {dag.py:2742} INFO - Sync 1 DAGs
[2023-07-27T20:45:18.475+0200] {logging_mixin.py:150} INFO - [2023-07-27T20:45:18.475+0200] {dag.py:3504} INFO - Setting next_dagrun for example_branch_python_operator_decorator to 2023-07-26T00:00:00+00:00, run_after=2023-07-27T00:00:00+00:00
[2023-07-27T20:45:18.482+0200] {processor.py:179} INFO - Processing /Library/Frameworks/Python.framework/Versions/3.11/lib/python3.11/site-packages/airflow/example_dags/example_branch_operator_decorator.py took 0.370 seconds
[2023-07-27T20:46:51.992+0200] {processor.py:157} INFO - Started process (PID=6260) to work on /Library/Frameworks/Python.framework/Versions/3.11/lib/python3.11/site-packages/airflow/example_dags/example_branch_operator_decorator.py
[2023-07-27T20:46:51.993+0200] {processor.py:826} INFO - Processing file /Library/Frameworks/Python.framework/Versions/3.11/lib/python3.11/site-packages/airflow/example_dags/example_branch_operator_decorator.py for tasks to queue
[2023-07-27T20:46:51.993+0200] {logging_mixin.py:150} INFO - [2023-07-27T20:46:51.993+0200] {dagbag.py:541} INFO - Filling up the DagBag from /Library/Frameworks/Python.framework/Versions/3.11/lib/python3.11/site-packages/airflow/example_dags/example_branch_operator_decorator.py
[2023-07-27T20:46:52.021+0200] {processor.py:836} INFO - DAG(s) dict_keys(['example_branch_python_operator_decorator']) retrieved from /Library/Frameworks/Python.framework/Versions/3.11/lib/python3.11/site-packages/airflow/example_dags/example_branch_operator_decorator.py
[2023-07-27T20:46:52.346+0200] {logging_mixin.py:150} INFO - [2023-07-27T20:46:52.345+0200] {dag.py:2742} INFO - Sync 1 DAGs
[2023-07-27T20:46:52.351+0200] {logging_mixin.py:150} INFO - [2023-07-27T20:46:52.351+0200] {dag.py:3504} INFO - Setting next_dagrun for example_branch_python_operator_decorator to 2023-07-26T00:00:00+00:00, run_after=2023-07-27T00:00:00+00:00
[2023-07-27T20:46:52.357+0200] {processor.py:179} INFO - Processing /Library/Frameworks/Python.framework/Versions/3.11/lib/python3.11/site-packages/airflow/example_dags/example_branch_operator_decorator.py took 0.365 seconds
[2023-07-27T20:48:30.680+0200] {processor.py:157} INFO - Started process (PID=6334) to work on /Library/Frameworks/Python.framework/Versions/3.11/lib/python3.11/site-packages/airflow/example_dags/example_branch_operator_decorator.py
[2023-07-27T20:48:30.681+0200] {processor.py:826} INFO - Processing file /Library/Frameworks/Python.framework/Versions/3.11/lib/python3.11/site-packages/airflow/example_dags/example_branch_operator_decorator.py for tasks to queue
[2023-07-27T20:48:30.681+0200] {logging_mixin.py:150} INFO - [2023-07-27T20:48:30.681+0200] {dagbag.py:541} INFO - Filling up the DagBag from /Library/Frameworks/Python.framework/Versions/3.11/lib/python3.11/site-packages/airflow/example_dags/example_branch_operator_decorator.py
[2023-07-27T20:48:30.709+0200] {processor.py:836} INFO - DAG(s) dict_keys(['example_branch_python_operator_decorator']) retrieved from /Library/Frameworks/Python.framework/Versions/3.11/lib/python3.11/site-packages/airflow/example_dags/example_branch_operator_decorator.py
[2023-07-27T20:48:31.018+0200] {logging_mixin.py:150} INFO - [2023-07-27T20:48:31.018+0200] {dag.py:2742} INFO - Sync 1 DAGs
[2023-07-27T20:48:31.023+0200] {logging_mixin.py:150} INFO - [2023-07-27T20:48:31.023+0200] {dag.py:3504} INFO - Setting next_dagrun for example_branch_python_operator_decorator to 2023-07-26T00:00:00+00:00, run_after=2023-07-27T00:00:00+00:00
[2023-07-27T20:48:31.029+0200] {processor.py:179} INFO - Processing /Library/Frameworks/Python.framework/Versions/3.11/lib/python3.11/site-packages/airflow/example_dags/example_branch_operator_decorator.py took 0.349 seconds
[2023-07-27T20:50:10.653+0200] {processor.py:157} INFO - Started process (PID=6511) to work on /Library/Frameworks/Python.framework/Versions/3.11/lib/python3.11/site-packages/airflow/example_dags/example_branch_operator_decorator.py
[2023-07-27T20:50:10.655+0200] {processor.py:826} INFO - Processing file /Library/Frameworks/Python.framework/Versions/3.11/lib/python3.11/site-packages/airflow/example_dags/example_branch_operator_decorator.py for tasks to queue
[2023-07-27T20:50:10.655+0200] {logging_mixin.py:150} INFO - [2023-07-27T20:50:10.655+0200] {dagbag.py:541} INFO - Filling up the DagBag from /Library/Frameworks/Python.framework/Versions/3.11/lib/python3.11/site-packages/airflow/example_dags/example_branch_operator_decorator.py
[2023-07-27T20:50:10.685+0200] {processor.py:836} INFO - DAG(s) dict_keys(['example_branch_python_operator_decorator']) retrieved from /Library/Frameworks/Python.framework/Versions/3.11/lib/python3.11/site-packages/airflow/example_dags/example_branch_operator_decorator.py
[2023-07-27T20:50:11.023+0200] {logging_mixin.py:150} INFO - [2023-07-27T20:50:11.023+0200] {dag.py:2742} INFO - Sync 1 DAGs
[2023-07-27T20:50:11.031+0200] {logging_mixin.py:150} INFO - [2023-07-27T20:50:11.031+0200] {dag.py:3504} INFO - Setting next_dagrun for example_branch_python_operator_decorator to 2023-07-26T00:00:00+00:00, run_after=2023-07-27T00:00:00+00:00
[2023-07-27T20:50:11.040+0200] {processor.py:179} INFO - Processing /Library/Frameworks/Python.framework/Versions/3.11/lib/python3.11/site-packages/airflow/example_dags/example_branch_operator_decorator.py took 0.387 seconds
