[2023-07-27T20:35:33.123+0200] {processor.py:157} INFO - Started process (PID=5732) to work on /Library/Frameworks/Python.framework/Versions/3.11/lib/python3.11/site-packages/airflow/example_dags/example_branch_datetime_operator.py
[2023-07-27T20:35:33.124+0200] {processor.py:826} INFO - Processing file /Library/Frameworks/Python.framework/Versions/3.11/lib/python3.11/site-packages/airflow/example_dags/example_branch_datetime_operator.py for tasks to queue
[2023-07-27T20:35:33.124+0200] {logging_mixin.py:150} INFO - [2023-07-27T20:35:33.124+0200] {dagbag.py:541} INFO - Filling up the DagBag from /Library/Frameworks/Python.framework/Versions/3.11/lib/python3.11/site-packages/airflow/example_dags/example_branch_datetime_operator.py
[2023-07-27T20:35:33.133+0200] {processor.py:836} INFO - DAG(s) dict_keys(['example_branch_datetime_operator_3', 'example_branch_datetime_operator', 'example_branch_datetime_operator_2']) retrieved from /Library/Frameworks/Python.framework/Versions/3.11/lib/python3.11/site-packages/airflow/example_dags/example_branch_datetime_operator.py
[2023-07-27T20:35:33.481+0200] {logging_mixin.py:150} INFO - [2023-07-27T20:35:33.481+0200] {manager.py:504} INFO - Created Permission View: can delete on DAG:example_branch_datetime_operator_3
[2023-07-27T20:35:33.483+0200] {logging_mixin.py:150} INFO - [2023-07-27T20:35:33.483+0200] {manager.py:504} INFO - Created Permission View: can read on DAG:example_branch_datetime_operator_3
[2023-07-27T20:35:33.485+0200] {logging_mixin.py:150} INFO - [2023-07-27T20:35:33.485+0200] {manager.py:504} INFO - Created Permission View: can edit on DAG:example_branch_datetime_operator_3
[2023-07-27T20:35:33.491+0200] {logging_mixin.py:150} INFO - [2023-07-27T20:35:33.491+0200] {manager.py:504} INFO - Created Permission View: can delete on DAG:example_branch_datetime_operator
[2023-07-27T20:35:33.492+0200] {logging_mixin.py:150} INFO - [2023-07-27T20:35:33.492+0200] {manager.py:504} INFO - Created Permission View: can read on DAG:example_branch_datetime_operator
[2023-07-27T20:35:33.494+0200] {logging_mixin.py:150} INFO - [2023-07-27T20:35:33.494+0200] {manager.py:504} INFO - Created Permission View: can edit on DAG:example_branch_datetime_operator
[2023-07-27T20:35:33.497+0200] {logging_mixin.py:150} INFO - [2023-07-27T20:35:33.497+0200] {manager.py:504} INFO - Created Permission View: can delete on DAG:example_branch_datetime_operator_2
[2023-07-27T20:35:33.499+0200] {logging_mixin.py:150} INFO - [2023-07-27T20:35:33.499+0200] {manager.py:504} INFO - Created Permission View: can read on DAG:example_branch_datetime_operator_2
[2023-07-27T20:35:33.500+0200] {logging_mixin.py:150} INFO - [2023-07-27T20:35:33.500+0200] {manager.py:504} INFO - Created Permission View: can edit on DAG:example_branch_datetime_operator_2
[2023-07-27T20:35:33.501+0200] {logging_mixin.py:150} INFO - [2023-07-27T20:35:33.501+0200] {dag.py:2742} INFO - Sync 3 DAGs
[2023-07-27T20:35:33.503+0200] {logging_mixin.py:150} INFO - [2023-07-27T20:35:33.503+0200] {dag.py:2763} INFO - Creating ORM DAG for example_branch_datetime_operator_3
[2023-07-27T20:35:33.504+0200] {logging_mixin.py:150} INFO - [2023-07-27T20:35:33.503+0200] {dag.py:2763} INFO - Creating ORM DAG for example_branch_datetime_operator_2
[2023-07-27T20:35:33.504+0200] {logging_mixin.py:150} INFO - [2023-07-27T20:35:33.504+0200] {dag.py:2763} INFO - Creating ORM DAG for example_branch_datetime_operator
[2023-07-27T20:35:33.506+0200] {logging_mixin.py:150} INFO - [2023-07-27T20:35:33.506+0200] {dag.py:3504} INFO - Setting next_dagrun for example_branch_datetime_operator to 2023-07-26T00:00:00+00:00, run_after=2023-07-27T00:00:00+00:00
[2023-07-27T20:35:33.507+0200] {logging_mixin.py:150} INFO - [2023-07-27T20:35:33.507+0200] {dag.py:3504} INFO - Setting next_dagrun for example_branch_datetime_operator_2 to 2023-07-26T00:00:00+00:00, run_after=2023-07-27T00:00:00+00:00
[2023-07-27T20:35:33.507+0200] {logging_mixin.py:150} INFO - [2023-07-27T20:35:33.507+0200] {dag.py:3504} INFO - Setting next_dagrun for example_branch_datetime_operator_3 to 2023-07-26T00:00:00+00:00, run_after=2023-07-27T00:00:00+00:00
[2023-07-27T20:35:33.512+0200] {processor.py:179} INFO - Processing /Library/Frameworks/Python.framework/Versions/3.11/lib/python3.11/site-packages/airflow/example_dags/example_branch_datetime_operator.py took 0.389 seconds
[2023-07-27T20:37:12.316+0200] {processor.py:157} INFO - Started process (PID=5809) to work on /Library/Frameworks/Python.framework/Versions/3.11/lib/python3.11/site-packages/airflow/example_dags/example_branch_datetime_operator.py
[2023-07-27T20:37:12.318+0200] {processor.py:826} INFO - Processing file /Library/Frameworks/Python.framework/Versions/3.11/lib/python3.11/site-packages/airflow/example_dags/example_branch_datetime_operator.py for tasks to queue
[2023-07-27T20:37:12.318+0200] {logging_mixin.py:150} INFO - [2023-07-27T20:37:12.318+0200] {dagbag.py:541} INFO - Filling up the DagBag from /Library/Frameworks/Python.framework/Versions/3.11/lib/python3.11/site-packages/airflow/example_dags/example_branch_datetime_operator.py
[2023-07-27T20:37:12.327+0200] {processor.py:836} INFO - DAG(s) dict_keys(['example_branch_datetime_operator', 'example_branch_datetime_operator_2', 'example_branch_datetime_operator_3']) retrieved from /Library/Frameworks/Python.framework/Versions/3.11/lib/python3.11/site-packages/airflow/example_dags/example_branch_datetime_operator.py
[2023-07-27T20:37:12.656+0200] {logging_mixin.py:150} INFO - [2023-07-27T20:37:12.656+0200] {dag.py:2742} INFO - Sync 3 DAGs
[2023-07-27T20:37:12.662+0200] {logging_mixin.py:150} INFO - [2023-07-27T20:37:12.662+0200] {dag.py:3504} INFO - Setting next_dagrun for example_branch_datetime_operator to 2023-07-26T00:00:00+00:00, run_after=2023-07-27T00:00:00+00:00
[2023-07-27T20:37:12.663+0200] {logging_mixin.py:150} INFO - [2023-07-27T20:37:12.663+0200] {dag.py:3504} INFO - Setting next_dagrun for example_branch_datetime_operator_2 to 2023-07-26T00:00:00+00:00, run_after=2023-07-27T00:00:00+00:00
[2023-07-27T20:37:12.664+0200] {logging_mixin.py:150} INFO - [2023-07-27T20:37:12.664+0200] {dag.py:3504} INFO - Setting next_dagrun for example_branch_datetime_operator_3 to 2023-07-26T00:00:00+00:00, run_after=2023-07-27T00:00:00+00:00
[2023-07-27T20:37:12.670+0200] {processor.py:179} INFO - Processing /Library/Frameworks/Python.framework/Versions/3.11/lib/python3.11/site-packages/airflow/example_dags/example_branch_datetime_operator.py took 0.354 seconds
[2023-07-27T20:38:52.123+0200] {processor.py:157} INFO - Started process (PID=5877) to work on /Library/Frameworks/Python.framework/Versions/3.11/lib/python3.11/site-packages/airflow/example_dags/example_branch_datetime_operator.py
[2023-07-27T20:38:52.125+0200] {processor.py:826} INFO - Processing file /Library/Frameworks/Python.framework/Versions/3.11/lib/python3.11/site-packages/airflow/example_dags/example_branch_datetime_operator.py for tasks to queue
[2023-07-27T20:38:52.125+0200] {logging_mixin.py:150} INFO - [2023-07-27T20:38:52.125+0200] {dagbag.py:541} INFO - Filling up the DagBag from /Library/Frameworks/Python.framework/Versions/3.11/lib/python3.11/site-packages/airflow/example_dags/example_branch_datetime_operator.py
[2023-07-27T20:38:52.133+0200] {processor.py:836} INFO - DAG(s) dict_keys(['example_branch_datetime_operator', 'example_branch_datetime_operator_2', 'example_branch_datetime_operator_3']) retrieved from /Library/Frameworks/Python.framework/Versions/3.11/lib/python3.11/site-packages/airflow/example_dags/example_branch_datetime_operator.py
[2023-07-27T20:38:52.463+0200] {logging_mixin.py:150} INFO - [2023-07-27T20:38:52.463+0200] {dag.py:2742} INFO - Sync 3 DAGs
[2023-07-27T20:38:52.469+0200] {logging_mixin.py:150} INFO - [2023-07-27T20:38:52.469+0200] {dag.py:3504} INFO - Setting next_dagrun for example_branch_datetime_operator to 2023-07-26T00:00:00+00:00, run_after=2023-07-27T00:00:00+00:00
[2023-07-27T20:38:52.470+0200] {logging_mixin.py:150} INFO - [2023-07-27T20:38:52.470+0200] {dag.py:3504} INFO - Setting next_dagrun for example_branch_datetime_operator_2 to 2023-07-26T00:00:00+00:00, run_after=2023-07-27T00:00:00+00:00
[2023-07-27T20:38:52.470+0200] {logging_mixin.py:150} INFO - [2023-07-27T20:38:52.470+0200] {dag.py:3504} INFO - Setting next_dagrun for example_branch_datetime_operator_3 to 2023-07-26T00:00:00+00:00, run_after=2023-07-27T00:00:00+00:00
[2023-07-27T20:38:52.475+0200] {processor.py:179} INFO - Processing /Library/Frameworks/Python.framework/Versions/3.11/lib/python3.11/site-packages/airflow/example_dags/example_branch_datetime_operator.py took 0.352 seconds
[2023-07-27T20:40:31.733+0200] {processor.py:157} INFO - Started process (PID=5955) to work on /Library/Frameworks/Python.framework/Versions/3.11/lib/python3.11/site-packages/airflow/example_dags/example_branch_datetime_operator.py
[2023-07-27T20:40:31.734+0200] {processor.py:826} INFO - Processing file /Library/Frameworks/Python.framework/Versions/3.11/lib/python3.11/site-packages/airflow/example_dags/example_branch_datetime_operator.py for tasks to queue
[2023-07-27T20:40:31.734+0200] {logging_mixin.py:150} INFO - [2023-07-27T20:40:31.734+0200] {dagbag.py:541} INFO - Filling up the DagBag from /Library/Frameworks/Python.framework/Versions/3.11/lib/python3.11/site-packages/airflow/example_dags/example_branch_datetime_operator.py
[2023-07-27T20:40:31.742+0200] {processor.py:836} INFO - DAG(s) dict_keys(['example_branch_datetime_operator_3', 'example_branch_datetime_operator_2', 'example_branch_datetime_operator']) retrieved from /Library/Frameworks/Python.framework/Versions/3.11/lib/python3.11/site-packages/airflow/example_dags/example_branch_datetime_operator.py
[2023-07-27T20:40:32.073+0200] {logging_mixin.py:150} INFO - [2023-07-27T20:40:32.073+0200] {dag.py:2742} INFO - Sync 3 DAGs
[2023-07-27T20:40:32.079+0200] {logging_mixin.py:150} INFO - [2023-07-27T20:40:32.079+0200] {dag.py:3504} INFO - Setting next_dagrun for example_branch_datetime_operator to 2023-07-26T00:00:00+00:00, run_after=2023-07-27T00:00:00+00:00
[2023-07-27T20:40:32.080+0200] {logging_mixin.py:150} INFO - [2023-07-27T20:40:32.080+0200] {dag.py:3504} INFO - Setting next_dagrun for example_branch_datetime_operator_2 to 2023-07-26T00:00:00+00:00, run_after=2023-07-27T00:00:00+00:00
[2023-07-27T20:40:32.080+0200] {logging_mixin.py:150} INFO - [2023-07-27T20:40:32.080+0200] {dag.py:3504} INFO - Setting next_dagrun for example_branch_datetime_operator_3 to 2023-07-26T00:00:00+00:00, run_after=2023-07-27T00:00:00+00:00
[2023-07-27T20:40:32.086+0200] {processor.py:179} INFO - Processing /Library/Frameworks/Python.framework/Versions/3.11/lib/python3.11/site-packages/airflow/example_dags/example_branch_datetime_operator.py took 0.353 seconds
[2023-07-27T20:42:11.462+0200] {processor.py:157} INFO - Started process (PID=6029) to work on /Library/Frameworks/Python.framework/Versions/3.11/lib/python3.11/site-packages/airflow/example_dags/example_branch_datetime_operator.py
[2023-07-27T20:42:11.463+0200] {processor.py:826} INFO - Processing file /Library/Frameworks/Python.framework/Versions/3.11/lib/python3.11/site-packages/airflow/example_dags/example_branch_datetime_operator.py for tasks to queue
[2023-07-27T20:42:11.463+0200] {logging_mixin.py:150} INFO - [2023-07-27T20:42:11.463+0200] {dagbag.py:541} INFO - Filling up the DagBag from /Library/Frameworks/Python.framework/Versions/3.11/lib/python3.11/site-packages/airflow/example_dags/example_branch_datetime_operator.py
[2023-07-27T20:42:11.471+0200] {processor.py:836} INFO - DAG(s) dict_keys(['example_branch_datetime_operator_3', 'example_branch_datetime_operator_2', 'example_branch_datetime_operator']) retrieved from /Library/Frameworks/Python.framework/Versions/3.11/lib/python3.11/site-packages/airflow/example_dags/example_branch_datetime_operator.py
[2023-07-27T20:42:11.800+0200] {logging_mixin.py:150} INFO - [2023-07-27T20:42:11.799+0200] {dag.py:2742} INFO - Sync 3 DAGs
[2023-07-27T20:42:11.805+0200] {logging_mixin.py:150} INFO - [2023-07-27T20:42:11.805+0200] {dag.py:3504} INFO - Setting next_dagrun for example_branch_datetime_operator to 2023-07-26T00:00:00+00:00, run_after=2023-07-27T00:00:00+00:00
[2023-07-27T20:42:11.806+0200] {logging_mixin.py:150} INFO - [2023-07-27T20:42:11.806+0200] {dag.py:3504} INFO - Setting next_dagrun for example_branch_datetime_operator_2 to 2023-07-26T00:00:00+00:00, run_after=2023-07-27T00:00:00+00:00
[2023-07-27T20:42:11.807+0200] {logging_mixin.py:150} INFO - [2023-07-27T20:42:11.807+0200] {dag.py:3504} INFO - Setting next_dagrun for example_branch_datetime_operator_3 to 2023-07-26T00:00:00+00:00, run_after=2023-07-27T00:00:00+00:00
[2023-07-27T20:42:11.812+0200] {processor.py:179} INFO - Processing /Library/Frameworks/Python.framework/Versions/3.11/lib/python3.11/site-packages/airflow/example_dags/example_branch_datetime_operator.py took 0.350 seconds
[2023-07-27T20:43:50.267+0200] {processor.py:157} INFO - Started process (PID=6111) to work on /Library/Frameworks/Python.framework/Versions/3.11/lib/python3.11/site-packages/airflow/example_dags/example_branch_datetime_operator.py
[2023-07-27T20:43:50.269+0200] {processor.py:826} INFO - Processing file /Library/Frameworks/Python.framework/Versions/3.11/lib/python3.11/site-packages/airflow/example_dags/example_branch_datetime_operator.py for tasks to queue
[2023-07-27T20:43:50.269+0200] {logging_mixin.py:150} INFO - [2023-07-27T20:43:50.269+0200] {dagbag.py:541} INFO - Filling up the DagBag from /Library/Frameworks/Python.framework/Versions/3.11/lib/python3.11/site-packages/airflow/example_dags/example_branch_datetime_operator.py
[2023-07-27T20:43:50.277+0200] {processor.py:836} INFO - DAG(s) dict_keys(['example_branch_datetime_operator_2', 'example_branch_datetime_operator_3', 'example_branch_datetime_operator']) retrieved from /Library/Frameworks/Python.framework/Versions/3.11/lib/python3.11/site-packages/airflow/example_dags/example_branch_datetime_operator.py
[2023-07-27T20:43:50.607+0200] {logging_mixin.py:150} INFO - [2023-07-27T20:43:50.606+0200] {dag.py:2742} INFO - Sync 3 DAGs
[2023-07-27T20:43:50.612+0200] {logging_mixin.py:150} INFO - [2023-07-27T20:43:50.612+0200] {dag.py:3504} INFO - Setting next_dagrun for example_branch_datetime_operator to 2023-07-26T00:00:00+00:00, run_after=2023-07-27T00:00:00+00:00
[2023-07-27T20:43:50.613+0200] {logging_mixin.py:150} INFO - [2023-07-27T20:43:50.613+0200] {dag.py:3504} INFO - Setting next_dagrun for example_branch_datetime_operator_2 to 2023-07-26T00:00:00+00:00, run_after=2023-07-27T00:00:00+00:00
[2023-07-27T20:43:50.614+0200] {logging_mixin.py:150} INFO - [2023-07-27T20:43:50.614+0200] {dag.py:3504} INFO - Setting next_dagrun for example_branch_datetime_operator_3 to 2023-07-26T00:00:00+00:00, run_after=2023-07-27T00:00:00+00:00
[2023-07-27T20:43:50.619+0200] {processor.py:179} INFO - Processing /Library/Frameworks/Python.framework/Versions/3.11/lib/python3.11/site-packages/airflow/example_dags/example_branch_datetime_operator.py took 0.352 seconds
[2023-07-27T20:45:25.250+0200] {processor.py:157} INFO - Started process (PID=6183) to work on /Library/Frameworks/Python.framework/Versions/3.11/lib/python3.11/site-packages/airflow/example_dags/example_branch_datetime_operator.py
[2023-07-27T20:45:25.252+0200] {processor.py:826} INFO - Processing file /Library/Frameworks/Python.framework/Versions/3.11/lib/python3.11/site-packages/airflow/example_dags/example_branch_datetime_operator.py for tasks to queue
[2023-07-27T20:45:25.252+0200] {logging_mixin.py:150} INFO - [2023-07-27T20:45:25.252+0200] {dagbag.py:541} INFO - Filling up the DagBag from /Library/Frameworks/Python.framework/Versions/3.11/lib/python3.11/site-packages/airflow/example_dags/example_branch_datetime_operator.py
[2023-07-27T20:45:25.260+0200] {processor.py:836} INFO - DAG(s) dict_keys(['example_branch_datetime_operator_2', 'example_branch_datetime_operator_3', 'example_branch_datetime_operator']) retrieved from /Library/Frameworks/Python.framework/Versions/3.11/lib/python3.11/site-packages/airflow/example_dags/example_branch_datetime_operator.py
[2023-07-27T20:45:25.594+0200] {logging_mixin.py:150} INFO - [2023-07-27T20:45:25.594+0200] {dag.py:2742} INFO - Sync 3 DAGs
[2023-07-27T20:45:25.599+0200] {logging_mixin.py:150} INFO - [2023-07-27T20:45:25.599+0200] {dag.py:3504} INFO - Setting next_dagrun for example_branch_datetime_operator to 2023-07-26T00:00:00+00:00, run_after=2023-07-27T00:00:00+00:00
[2023-07-27T20:45:25.601+0200] {logging_mixin.py:150} INFO - [2023-07-27T20:45:25.600+0200] {dag.py:3504} INFO - Setting next_dagrun for example_branch_datetime_operator_2 to 2023-07-26T00:00:00+00:00, run_after=2023-07-27T00:00:00+00:00
[2023-07-27T20:45:25.601+0200] {logging_mixin.py:150} INFO - [2023-07-27T20:45:25.601+0200] {dag.py:3504} INFO - Setting next_dagrun for example_branch_datetime_operator_3 to 2023-07-26T00:00:00+00:00, run_after=2023-07-27T00:00:00+00:00
[2023-07-27T20:45:25.607+0200] {processor.py:179} INFO - Processing /Library/Frameworks/Python.framework/Versions/3.11/lib/python3.11/site-packages/airflow/example_dags/example_branch_datetime_operator.py took 0.357 seconds
[2023-07-27T20:46:58.611+0200] {processor.py:157} INFO - Started process (PID=6264) to work on /Library/Frameworks/Python.framework/Versions/3.11/lib/python3.11/site-packages/airflow/example_dags/example_branch_datetime_operator.py
[2023-07-27T20:46:58.613+0200] {processor.py:826} INFO - Processing file /Library/Frameworks/Python.framework/Versions/3.11/lib/python3.11/site-packages/airflow/example_dags/example_branch_datetime_operator.py for tasks to queue
[2023-07-27T20:46:58.613+0200] {logging_mixin.py:150} INFO - [2023-07-27T20:46:58.613+0200] {dagbag.py:541} INFO - Filling up the DagBag from /Library/Frameworks/Python.framework/Versions/3.11/lib/python3.11/site-packages/airflow/example_dags/example_branch_datetime_operator.py
[2023-07-27T20:46:58.621+0200] {processor.py:836} INFO - DAG(s) dict_keys(['example_branch_datetime_operator', 'example_branch_datetime_operator_2', 'example_branch_datetime_operator_3']) retrieved from /Library/Frameworks/Python.framework/Versions/3.11/lib/python3.11/site-packages/airflow/example_dags/example_branch_datetime_operator.py
[2023-07-27T20:46:58.946+0200] {logging_mixin.py:150} INFO - [2023-07-27T20:46:58.946+0200] {dag.py:2742} INFO - Sync 3 DAGs
[2023-07-27T20:46:58.952+0200] {logging_mixin.py:150} INFO - [2023-07-27T20:46:58.951+0200] {dag.py:3504} INFO - Setting next_dagrun for example_branch_datetime_operator to 2023-07-26T00:00:00+00:00, run_after=2023-07-27T00:00:00+00:00
[2023-07-27T20:46:58.953+0200] {logging_mixin.py:150} INFO - [2023-07-27T20:46:58.953+0200] {dag.py:3504} INFO - Setting next_dagrun for example_branch_datetime_operator_2 to 2023-07-26T00:00:00+00:00, run_after=2023-07-27T00:00:00+00:00
[2023-07-27T20:46:58.953+0200] {logging_mixin.py:150} INFO - [2023-07-27T20:46:58.953+0200] {dag.py:3504} INFO - Setting next_dagrun for example_branch_datetime_operator_3 to 2023-07-26T00:00:00+00:00, run_after=2023-07-27T00:00:00+00:00
[2023-07-27T20:46:58.958+0200] {processor.py:179} INFO - Processing /Library/Frameworks/Python.framework/Versions/3.11/lib/python3.11/site-packages/airflow/example_dags/example_branch_datetime_operator.py took 0.347 seconds
[2023-07-27T20:48:37.373+0200] {processor.py:157} INFO - Started process (PID=6339) to work on /Library/Frameworks/Python.framework/Versions/3.11/lib/python3.11/site-packages/airflow/example_dags/example_branch_datetime_operator.py
[2023-07-27T20:48:37.375+0200] {processor.py:826} INFO - Processing file /Library/Frameworks/Python.framework/Versions/3.11/lib/python3.11/site-packages/airflow/example_dags/example_branch_datetime_operator.py for tasks to queue
[2023-07-27T20:48:37.375+0200] {logging_mixin.py:150} INFO - [2023-07-27T20:48:37.375+0200] {dagbag.py:541} INFO - Filling up the DagBag from /Library/Frameworks/Python.framework/Versions/3.11/lib/python3.11/site-packages/airflow/example_dags/example_branch_datetime_operator.py
[2023-07-27T20:48:37.382+0200] {processor.py:836} INFO - DAG(s) dict_keys(['example_branch_datetime_operator_2', 'example_branch_datetime_operator_3', 'example_branch_datetime_operator']) retrieved from /Library/Frameworks/Python.framework/Versions/3.11/lib/python3.11/site-packages/airflow/example_dags/example_branch_datetime_operator.py
[2023-07-27T20:48:37.706+0200] {logging_mixin.py:150} INFO - [2023-07-27T20:48:37.705+0200] {dag.py:2742} INFO - Sync 3 DAGs
[2023-07-27T20:48:37.711+0200] {logging_mixin.py:150} INFO - [2023-07-27T20:48:37.711+0200] {dag.py:3504} INFO - Setting next_dagrun for example_branch_datetime_operator to 2023-07-26T00:00:00+00:00, run_after=2023-07-27T00:00:00+00:00
[2023-07-27T20:48:37.712+0200] {logging_mixin.py:150} INFO - [2023-07-27T20:48:37.712+0200] {dag.py:3504} INFO - Setting next_dagrun for example_branch_datetime_operator_2 to 2023-07-26T00:00:00+00:00, run_after=2023-07-27T00:00:00+00:00
[2023-07-27T20:48:37.713+0200] {logging_mixin.py:150} INFO - [2023-07-27T20:48:37.713+0200] {dag.py:3504} INFO - Setting next_dagrun for example_branch_datetime_operator_3 to 2023-07-26T00:00:00+00:00, run_after=2023-07-27T00:00:00+00:00
[2023-07-27T20:48:37.718+0200] {processor.py:179} INFO - Processing /Library/Frameworks/Python.framework/Versions/3.11/lib/python3.11/site-packages/airflow/example_dags/example_branch_datetime_operator.py took 0.345 seconds
