[2023-07-27T20:34:27.165+0200] {processor.py:157} INFO - Started process (PID=5682) to work on /Library/Frameworks/Python.framework/Versions/3.11/lib/python3.11/site-packages/airflow/example_dags/tutorial.py
[2023-07-27T20:34:27.166+0200] {processor.py:826} INFO - Processing file /Library/Frameworks/Python.framework/Versions/3.11/lib/python3.11/site-packages/airflow/example_dags/tutorial.py for tasks to queue
[2023-07-27T20:34:27.166+0200] {logging_mixin.py:150} INFO - [2023-07-27T20:34:27.166+0200] {dagbag.py:541} INFO - Filling up the DagBag from /Library/Frameworks/Python.framework/Versions/3.11/lib/python3.11/site-packages/airflow/example_dags/tutorial.py
[2023-07-27T20:34:27.172+0200] {processor.py:836} INFO - DAG(s) dict_keys(['tutorial']) retrieved from /Library/Frameworks/Python.framework/Versions/3.11/lib/python3.11/site-packages/airflow/example_dags/tutorial.py
[2023-07-27T20:34:27.517+0200] {logging_mixin.py:150} INFO - [2023-07-27T20:34:27.517+0200] {manager.py:504} INFO - Created Permission View: can edit on DAG:tutorial
[2023-07-27T20:34:27.519+0200] {logging_mixin.py:150} INFO - [2023-07-27T20:34:27.519+0200] {manager.py:504} INFO - Created Permission View: can read on DAG:tutorial
[2023-07-27T20:34:27.521+0200] {logging_mixin.py:150} INFO - [2023-07-27T20:34:27.521+0200] {manager.py:504} INFO - Created Permission View: can delete on DAG:tutorial
[2023-07-27T20:34:27.524+0200] {logging_mixin.py:150} INFO - [2023-07-27T20:34:27.524+0200] {dag.py:2742} INFO - Sync 1 DAGs
[2023-07-27T20:34:27.526+0200] {logging_mixin.py:150} INFO - [2023-07-27T20:34:27.526+0200] {dag.py:2763} INFO - Creating ORM DAG for tutorial
[2023-07-27T20:34:27.529+0200] {logging_mixin.py:150} INFO - [2023-07-27T20:34:27.528+0200] {dag.py:3504} INFO - Setting next_dagrun for tutorial to 2023-07-26T18:34:27.528950+00:00, run_after=2023-07-27T18:34:27.528950+00:00
[2023-07-27T20:34:27.533+0200] {processor.py:179} INFO - Processing /Library/Frameworks/Python.framework/Versions/3.11/lib/python3.11/site-packages/airflow/example_dags/tutorial.py took 0.369 seconds
[2023-07-27T20:35:48.989+0200] {processor.py:157} INFO - Started process (PID=5741) to work on /Library/Frameworks/Python.framework/Versions/3.11/lib/python3.11/site-packages/airflow/example_dags/tutorial.py
[2023-07-27T20:35:48.991+0200] {processor.py:826} INFO - Processing file /Library/Frameworks/Python.framework/Versions/3.11/lib/python3.11/site-packages/airflow/example_dags/tutorial.py for tasks to queue
[2023-07-27T20:35:48.991+0200] {logging_mixin.py:150} INFO - [2023-07-27T20:35:48.991+0200] {dagbag.py:541} INFO - Filling up the DagBag from /Library/Frameworks/Python.framework/Versions/3.11/lib/python3.11/site-packages/airflow/example_dags/tutorial.py
[2023-07-27T20:35:48.998+0200] {processor.py:836} INFO - DAG(s) dict_keys(['tutorial']) retrieved from /Library/Frameworks/Python.framework/Versions/3.11/lib/python3.11/site-packages/airflow/example_dags/tutorial.py
[2023-07-27T20:35:49.334+0200] {logging_mixin.py:150} INFO - [2023-07-27T20:35:49.334+0200] {dag.py:2742} INFO - Sync 1 DAGs
[2023-07-27T20:35:49.339+0200] {logging_mixin.py:150} INFO - [2023-07-27T20:35:49.339+0200] {dag.py:3504} INFO - Setting next_dagrun for tutorial to 2023-07-26T18:35:49.339184+00:00, run_after=2023-07-27T18:35:49.339184+00:00
[2023-07-27T20:35:49.344+0200] {processor.py:179} INFO - Processing /Library/Frameworks/Python.framework/Versions/3.11/lib/python3.11/site-packages/airflow/example_dags/tutorial.py took 0.356 seconds
[2023-07-27T20:36:38.830+0200] {processor.py:157} INFO - Started process (PID=5784) to work on /Library/Frameworks/Python.framework/Versions/3.11/lib/python3.11/site-packages/airflow/example_dags/tutorial.py
[2023-07-27T20:36:38.832+0200] {processor.py:826} INFO - Processing file /Library/Frameworks/Python.framework/Versions/3.11/lib/python3.11/site-packages/airflow/example_dags/tutorial.py for tasks to queue
[2023-07-27T20:36:38.832+0200] {logging_mixin.py:150} INFO - [2023-07-27T20:36:38.832+0200] {dagbag.py:541} INFO - Filling up the DagBag from /Library/Frameworks/Python.framework/Versions/3.11/lib/python3.11/site-packages/airflow/example_dags/tutorial.py
[2023-07-27T20:36:38.839+0200] {processor.py:836} INFO - DAG(s) dict_keys(['tutorial']) retrieved from /Library/Frameworks/Python.framework/Versions/3.11/lib/python3.11/site-packages/airflow/example_dags/tutorial.py
[2023-07-27T20:36:39.165+0200] {logging_mixin.py:150} INFO - [2023-07-27T20:36:39.165+0200] {dag.py:2742} INFO - Sync 1 DAGs
[2023-07-27T20:36:39.170+0200] {logging_mixin.py:150} INFO - [2023-07-27T20:36:39.170+0200] {dag.py:3504} INFO - Setting next_dagrun for tutorial to 2023-07-26T18:36:39.170613+00:00, run_after=2023-07-27T18:36:39.170613+00:00
[2023-07-27T20:36:39.176+0200] {processor.py:179} INFO - Processing /Library/Frameworks/Python.framework/Versions/3.11/lib/python3.11/site-packages/airflow/example_dags/tutorial.py took 0.346 seconds
[2023-07-27T20:37:28.150+0200] {processor.py:157} INFO - Started process (PID=5819) to work on /Library/Frameworks/Python.framework/Versions/3.11/lib/python3.11/site-packages/airflow/example_dags/tutorial.py
[2023-07-27T20:37:28.152+0200] {processor.py:826} INFO - Processing file /Library/Frameworks/Python.framework/Versions/3.11/lib/python3.11/site-packages/airflow/example_dags/tutorial.py for tasks to queue
[2023-07-27T20:37:28.152+0200] {logging_mixin.py:150} INFO - [2023-07-27T20:37:28.152+0200] {dagbag.py:541} INFO - Filling up the DagBag from /Library/Frameworks/Python.framework/Versions/3.11/lib/python3.11/site-packages/airflow/example_dags/tutorial.py
[2023-07-27T20:37:28.158+0200] {processor.py:836} INFO - DAG(s) dict_keys(['tutorial']) retrieved from /Library/Frameworks/Python.framework/Versions/3.11/lib/python3.11/site-packages/airflow/example_dags/tutorial.py
[2023-07-27T20:37:28.481+0200] {logging_mixin.py:150} INFO - [2023-07-27T20:37:28.481+0200] {dag.py:2742} INFO - Sync 1 DAGs
[2023-07-27T20:37:28.486+0200] {logging_mixin.py:150} INFO - [2023-07-27T20:37:28.486+0200] {dag.py:3504} INFO - Setting next_dagrun for tutorial to 2023-07-26T18:37:28.486611+00:00, run_after=2023-07-27T18:37:28.486611+00:00
[2023-07-27T20:37:28.492+0200] {processor.py:179} INFO - Processing /Library/Frameworks/Python.framework/Versions/3.11/lib/python3.11/site-packages/airflow/example_dags/tutorial.py took 0.343 seconds
[2023-07-27T20:38:18.883+0200] {processor.py:157} INFO - Started process (PID=5857) to work on /Library/Frameworks/Python.framework/Versions/3.11/lib/python3.11/site-packages/airflow/example_dags/tutorial.py
[2023-07-27T20:38:18.884+0200] {processor.py:826} INFO - Processing file /Library/Frameworks/Python.framework/Versions/3.11/lib/python3.11/site-packages/airflow/example_dags/tutorial.py for tasks to queue
[2023-07-27T20:38:18.885+0200] {logging_mixin.py:150} INFO - [2023-07-27T20:38:18.885+0200] {dagbag.py:541} INFO - Filling up the DagBag from /Library/Frameworks/Python.framework/Versions/3.11/lib/python3.11/site-packages/airflow/example_dags/tutorial.py
[2023-07-27T20:38:18.891+0200] {processor.py:836} INFO - DAG(s) dict_keys(['tutorial']) retrieved from /Library/Frameworks/Python.framework/Versions/3.11/lib/python3.11/site-packages/airflow/example_dags/tutorial.py
[2023-07-27T20:38:19.218+0200] {logging_mixin.py:150} INFO - [2023-07-27T20:38:19.217+0200] {dag.py:2742} INFO - Sync 1 DAGs
[2023-07-27T20:38:19.222+0200] {logging_mixin.py:150} INFO - [2023-07-27T20:38:19.222+0200] {dag.py:3504} INFO - Setting next_dagrun for tutorial to 2023-07-26T18:38:19.222819+00:00, run_after=2023-07-27T18:38:19.222819+00:00
[2023-07-27T20:38:19.228+0200] {processor.py:179} INFO - Processing /Library/Frameworks/Python.framework/Versions/3.11/lib/python3.11/site-packages/airflow/example_dags/tutorial.py took 0.346 seconds
[2023-07-27T20:39:08.531+0200] {processor.py:157} INFO - Started process (PID=5886) to work on /Library/Frameworks/Python.framework/Versions/3.11/lib/python3.11/site-packages/airflow/example_dags/tutorial.py
[2023-07-27T20:39:08.532+0200] {processor.py:826} INFO - Processing file /Library/Frameworks/Python.framework/Versions/3.11/lib/python3.11/site-packages/airflow/example_dags/tutorial.py for tasks to queue
[2023-07-27T20:39:08.533+0200] {logging_mixin.py:150} INFO - [2023-07-27T20:39:08.533+0200] {dagbag.py:541} INFO - Filling up the DagBag from /Library/Frameworks/Python.framework/Versions/3.11/lib/python3.11/site-packages/airflow/example_dags/tutorial.py
[2023-07-27T20:39:08.539+0200] {processor.py:836} INFO - DAG(s) dict_keys(['tutorial']) retrieved from /Library/Frameworks/Python.framework/Versions/3.11/lib/python3.11/site-packages/airflow/example_dags/tutorial.py
[2023-07-27T20:39:08.863+0200] {logging_mixin.py:150} INFO - [2023-07-27T20:39:08.863+0200] {dag.py:2742} INFO - Sync 1 DAGs
[2023-07-27T20:39:08.868+0200] {logging_mixin.py:150} INFO - [2023-07-27T20:39:08.868+0200] {dag.py:3504} INFO - Setting next_dagrun for tutorial to 2023-07-26T18:39:08.868517+00:00, run_after=2023-07-27T18:39:08.868517+00:00
[2023-07-27T20:39:08.874+0200] {processor.py:179} INFO - Processing /Library/Frameworks/Python.framework/Versions/3.11/lib/python3.11/site-packages/airflow/example_dags/tutorial.py took 0.343 seconds
[2023-07-27T20:39:57.211+0200] {processor.py:157} INFO - Started process (PID=5926) to work on /Library/Frameworks/Python.framework/Versions/3.11/lib/python3.11/site-packages/airflow/example_dags/tutorial.py
[2023-07-27T20:39:57.212+0200] {processor.py:826} INFO - Processing file /Library/Frameworks/Python.framework/Versions/3.11/lib/python3.11/site-packages/airflow/example_dags/tutorial.py for tasks to queue
[2023-07-27T20:39:57.212+0200] {logging_mixin.py:150} INFO - [2023-07-27T20:39:57.212+0200] {dagbag.py:541} INFO - Filling up the DagBag from /Library/Frameworks/Python.framework/Versions/3.11/lib/python3.11/site-packages/airflow/example_dags/tutorial.py
[2023-07-27T20:39:57.219+0200] {processor.py:836} INFO - DAG(s) dict_keys(['tutorial']) retrieved from /Library/Frameworks/Python.framework/Versions/3.11/lib/python3.11/site-packages/airflow/example_dags/tutorial.py
[2023-07-27T20:39:57.555+0200] {logging_mixin.py:150} INFO - [2023-07-27T20:39:57.555+0200] {dag.py:2742} INFO - Sync 1 DAGs
[2023-07-27T20:39:57.560+0200] {logging_mixin.py:150} INFO - [2023-07-27T20:39:57.560+0200] {dag.py:3504} INFO - Setting next_dagrun for tutorial to 2023-07-26T18:39:57.560795+00:00, run_after=2023-07-27T18:39:57.560795+00:00
[2023-07-27T20:39:57.566+0200] {processor.py:179} INFO - Processing /Library/Frameworks/Python.framework/Versions/3.11/lib/python3.11/site-packages/airflow/example_dags/tutorial.py took 0.355 seconds
[2023-07-27T20:40:46.641+0200] {processor.py:157} INFO - Started process (PID=5965) to work on /Library/Frameworks/Python.framework/Versions/3.11/lib/python3.11/site-packages/airflow/example_dags/tutorial.py
[2023-07-27T20:40:46.642+0200] {processor.py:826} INFO - Processing file /Library/Frameworks/Python.framework/Versions/3.11/lib/python3.11/site-packages/airflow/example_dags/tutorial.py for tasks to queue
[2023-07-27T20:40:46.642+0200] {logging_mixin.py:150} INFO - [2023-07-27T20:40:46.642+0200] {dagbag.py:541} INFO - Filling up the DagBag from /Library/Frameworks/Python.framework/Versions/3.11/lib/python3.11/site-packages/airflow/example_dags/tutorial.py
[2023-07-27T20:40:46.648+0200] {processor.py:836} INFO - DAG(s) dict_keys(['tutorial']) retrieved from /Library/Frameworks/Python.framework/Versions/3.11/lib/python3.11/site-packages/airflow/example_dags/tutorial.py
[2023-07-27T20:40:46.975+0200] {logging_mixin.py:150} INFO - [2023-07-27T20:40:46.975+0200] {dag.py:2742} INFO - Sync 1 DAGs
[2023-07-27T20:40:46.980+0200] {logging_mixin.py:150} INFO - [2023-07-27T20:40:46.980+0200] {dag.py:3504} INFO - Setting next_dagrun for tutorial to 2023-07-26T18:40:46.980315+00:00, run_after=2023-07-27T18:40:46.980315+00:00
[2023-07-27T20:40:46.986+0200] {processor.py:179} INFO - Processing /Library/Frameworks/Python.framework/Versions/3.11/lib/python3.11/site-packages/airflow/example_dags/tutorial.py took 0.345 seconds
[2023-07-27T20:41:37.881+0200] {processor.py:157} INFO - Started process (PID=6009) to work on /Library/Frameworks/Python.framework/Versions/3.11/lib/python3.11/site-packages/airflow/example_dags/tutorial.py
[2023-07-27T20:41:37.882+0200] {processor.py:826} INFO - Processing file /Library/Frameworks/Python.framework/Versions/3.11/lib/python3.11/site-packages/airflow/example_dags/tutorial.py for tasks to queue
[2023-07-27T20:41:37.882+0200] {logging_mixin.py:150} INFO - [2023-07-27T20:41:37.882+0200] {dagbag.py:541} INFO - Filling up the DagBag from /Library/Frameworks/Python.framework/Versions/3.11/lib/python3.11/site-packages/airflow/example_dags/tutorial.py
[2023-07-27T20:41:37.889+0200] {processor.py:836} INFO - DAG(s) dict_keys(['tutorial']) retrieved from /Library/Frameworks/Python.framework/Versions/3.11/lib/python3.11/site-packages/airflow/example_dags/tutorial.py
[2023-07-27T20:41:38.220+0200] {logging_mixin.py:150} INFO - [2023-07-27T20:41:38.220+0200] {dag.py:2742} INFO - Sync 1 DAGs
[2023-07-27T20:41:38.225+0200] {logging_mixin.py:150} INFO - [2023-07-27T20:41:38.225+0200] {dag.py:3504} INFO - Setting next_dagrun for tutorial to 2023-07-26T18:41:38.225441+00:00, run_after=2023-07-27T18:41:38.225441+00:00
[2023-07-27T20:41:38.231+0200] {processor.py:179} INFO - Processing /Library/Frameworks/Python.framework/Versions/3.11/lib/python3.11/site-packages/airflow/example_dags/tutorial.py took 0.350 seconds
[2023-07-27T20:42:25.967+0200] {processor.py:157} INFO - Started process (PID=6041) to work on /Library/Frameworks/Python.framework/Versions/3.11/lib/python3.11/site-packages/airflow/example_dags/tutorial.py
[2023-07-27T20:42:25.969+0200] {processor.py:826} INFO - Processing file /Library/Frameworks/Python.framework/Versions/3.11/lib/python3.11/site-packages/airflow/example_dags/tutorial.py for tasks to queue
[2023-07-27T20:42:25.969+0200] {logging_mixin.py:150} INFO - [2023-07-27T20:42:25.969+0200] {dagbag.py:541} INFO - Filling up the DagBag from /Library/Frameworks/Python.framework/Versions/3.11/lib/python3.11/site-packages/airflow/example_dags/tutorial.py
[2023-07-27T20:42:25.975+0200] {processor.py:836} INFO - DAG(s) dict_keys(['tutorial']) retrieved from /Library/Frameworks/Python.framework/Versions/3.11/lib/python3.11/site-packages/airflow/example_dags/tutorial.py
[2023-07-27T20:42:26.306+0200] {logging_mixin.py:150} INFO - [2023-07-27T20:42:26.306+0200] {dag.py:2742} INFO - Sync 1 DAGs
[2023-07-27T20:42:26.311+0200] {logging_mixin.py:150} INFO - [2023-07-27T20:42:26.311+0200] {dag.py:3504} INFO - Setting next_dagrun for tutorial to 2023-07-26T18:42:26.311189+00:00, run_after=2023-07-27T18:42:26.311189+00:00
[2023-07-27T20:42:26.317+0200] {processor.py:179} INFO - Processing /Library/Frameworks/Python.framework/Versions/3.11/lib/python3.11/site-packages/airflow/example_dags/tutorial.py took 0.350 seconds
[2023-07-27T20:43:16.715+0200] {processor.py:157} INFO - Started process (PID=6081) to work on /Library/Frameworks/Python.framework/Versions/3.11/lib/python3.11/site-packages/airflow/example_dags/tutorial.py
[2023-07-27T20:43:16.717+0200] {processor.py:826} INFO - Processing file /Library/Frameworks/Python.framework/Versions/3.11/lib/python3.11/site-packages/airflow/example_dags/tutorial.py for tasks to queue
[2023-07-27T20:43:16.717+0200] {logging_mixin.py:150} INFO - [2023-07-27T20:43:16.717+0200] {dagbag.py:541} INFO - Filling up the DagBag from /Library/Frameworks/Python.framework/Versions/3.11/lib/python3.11/site-packages/airflow/example_dags/tutorial.py
[2023-07-27T20:43:16.723+0200] {processor.py:836} INFO - DAG(s) dict_keys(['tutorial']) retrieved from /Library/Frameworks/Python.framework/Versions/3.11/lib/python3.11/site-packages/airflow/example_dags/tutorial.py
[2023-07-27T20:43:17.061+0200] {logging_mixin.py:150} INFO - [2023-07-27T20:43:17.060+0200] {dag.py:2742} INFO - Sync 1 DAGs
[2023-07-27T20:43:17.065+0200] {logging_mixin.py:150} INFO - [2023-07-27T20:43:17.065+0200] {dag.py:3504} INFO - Setting next_dagrun for tutorial to 2023-07-26T18:43:17.065884+00:00, run_after=2023-07-27T18:43:17.065884+00:00
[2023-07-27T20:43:17.071+0200] {processor.py:179} INFO - Processing /Library/Frameworks/Python.framework/Versions/3.11/lib/python3.11/site-packages/airflow/example_dags/tutorial.py took 0.356 seconds
[2023-07-27T20:44:04.100+0200] {processor.py:157} INFO - Started process (PID=6120) to work on /Library/Frameworks/Python.framework/Versions/3.11/lib/python3.11/site-packages/airflow/example_dags/tutorial.py
[2023-07-27T20:44:04.101+0200] {processor.py:826} INFO - Processing file /Library/Frameworks/Python.framework/Versions/3.11/lib/python3.11/site-packages/airflow/example_dags/tutorial.py for tasks to queue
[2023-07-27T20:44:04.101+0200] {logging_mixin.py:150} INFO - [2023-07-27T20:44:04.101+0200] {dagbag.py:541} INFO - Filling up the DagBag from /Library/Frameworks/Python.framework/Versions/3.11/lib/python3.11/site-packages/airflow/example_dags/tutorial.py
[2023-07-27T20:44:04.108+0200] {processor.py:836} INFO - DAG(s) dict_keys(['tutorial']) retrieved from /Library/Frameworks/Python.framework/Versions/3.11/lib/python3.11/site-packages/airflow/example_dags/tutorial.py
[2023-07-27T20:44:04.453+0200] {logging_mixin.py:150} INFO - [2023-07-27T20:44:04.453+0200] {dag.py:2742} INFO - Sync 1 DAGs
[2023-07-27T20:44:04.458+0200] {logging_mixin.py:150} INFO - [2023-07-27T20:44:04.458+0200] {dag.py:3504} INFO - Setting next_dagrun for tutorial to 2023-07-26T18:44:04.458622+00:00, run_after=2023-07-27T18:44:04.458622+00:00
[2023-07-27T20:44:04.464+0200] {processor.py:179} INFO - Processing /Library/Frameworks/Python.framework/Versions/3.11/lib/python3.11/site-packages/airflow/example_dags/tutorial.py took 0.364 seconds
[2023-07-27T20:44:52.405+0200] {processor.py:157} INFO - Started process (PID=6155) to work on /Library/Frameworks/Python.framework/Versions/3.11/lib/python3.11/site-packages/airflow/example_dags/tutorial.py
[2023-07-27T20:44:52.407+0200] {processor.py:826} INFO - Processing file /Library/Frameworks/Python.framework/Versions/3.11/lib/python3.11/site-packages/airflow/example_dags/tutorial.py for tasks to queue
[2023-07-27T20:44:52.408+0200] {logging_mixin.py:150} INFO - [2023-07-27T20:44:52.408+0200] {dagbag.py:541} INFO - Filling up the DagBag from /Library/Frameworks/Python.framework/Versions/3.11/lib/python3.11/site-packages/airflow/example_dags/tutorial.py
[2023-07-27T20:44:52.414+0200] {processor.py:836} INFO - DAG(s) dict_keys(['tutorial']) retrieved from /Library/Frameworks/Python.framework/Versions/3.11/lib/python3.11/site-packages/airflow/example_dags/tutorial.py
[2023-07-27T20:44:52.742+0200] {logging_mixin.py:150} INFO - [2023-07-27T20:44:52.742+0200] {dag.py:2742} INFO - Sync 1 DAGs
[2023-07-27T20:44:52.747+0200] {logging_mixin.py:150} INFO - [2023-07-27T20:44:52.747+0200] {dag.py:3504} INFO - Setting next_dagrun for tutorial to 2023-07-26T18:44:52.747131+00:00, run_after=2023-07-27T18:44:52.747131+00:00
[2023-07-27T20:44:52.752+0200] {processor.py:179} INFO - Processing /Library/Frameworks/Python.framework/Versions/3.11/lib/python3.11/site-packages/airflow/example_dags/tutorial.py took 0.347 seconds
[2023-07-27T20:45:39.805+0200] {processor.py:157} INFO - Started process (PID=6199) to work on /Library/Frameworks/Python.framework/Versions/3.11/lib/python3.11/site-packages/airflow/example_dags/tutorial.py
[2023-07-27T20:45:39.806+0200] {processor.py:826} INFO - Processing file /Library/Frameworks/Python.framework/Versions/3.11/lib/python3.11/site-packages/airflow/example_dags/tutorial.py for tasks to queue
[2023-07-27T20:45:39.806+0200] {logging_mixin.py:150} INFO - [2023-07-27T20:45:39.806+0200] {dagbag.py:541} INFO - Filling up the DagBag from /Library/Frameworks/Python.framework/Versions/3.11/lib/python3.11/site-packages/airflow/example_dags/tutorial.py
[2023-07-27T20:45:39.812+0200] {processor.py:836} INFO - DAG(s) dict_keys(['tutorial']) retrieved from /Library/Frameworks/Python.framework/Versions/3.11/lib/python3.11/site-packages/airflow/example_dags/tutorial.py
[2023-07-27T20:45:40.138+0200] {logging_mixin.py:150} INFO - [2023-07-27T20:45:40.138+0200] {dag.py:2742} INFO - Sync 1 DAGs
[2023-07-27T20:45:40.143+0200] {logging_mixin.py:150} INFO - [2023-07-27T20:45:40.143+0200] {dag.py:3504} INFO - Setting next_dagrun for tutorial to 2023-07-26T18:45:40.143729+00:00, run_after=2023-07-27T18:45:40.143729+00:00
[2023-07-27T20:45:40.149+0200] {processor.py:179} INFO - Processing /Library/Frameworks/Python.framework/Versions/3.11/lib/python3.11/site-packages/airflow/example_dags/tutorial.py took 0.345 seconds
[2023-07-27T20:46:26.436+0200] {processor.py:157} INFO - Started process (PID=6229) to work on /Library/Frameworks/Python.framework/Versions/3.11/lib/python3.11/site-packages/airflow/example_dags/tutorial.py
[2023-07-27T20:46:26.437+0200] {processor.py:826} INFO - Processing file /Library/Frameworks/Python.framework/Versions/3.11/lib/python3.11/site-packages/airflow/example_dags/tutorial.py for tasks to queue
[2023-07-27T20:46:26.437+0200] {logging_mixin.py:150} INFO - [2023-07-27T20:46:26.437+0200] {dagbag.py:541} INFO - Filling up the DagBag from /Library/Frameworks/Python.framework/Versions/3.11/lib/python3.11/site-packages/airflow/example_dags/tutorial.py
[2023-07-27T20:46:26.443+0200] {processor.py:836} INFO - DAG(s) dict_keys(['tutorial']) retrieved from /Library/Frameworks/Python.framework/Versions/3.11/lib/python3.11/site-packages/airflow/example_dags/tutorial.py
[2023-07-27T20:46:26.778+0200] {logging_mixin.py:150} INFO - [2023-07-27T20:46:26.777+0200] {dag.py:2742} INFO - Sync 1 DAGs
[2023-07-27T20:46:26.782+0200] {logging_mixin.py:150} INFO - [2023-07-27T20:46:26.782+0200] {dag.py:3504} INFO - Setting next_dagrun for tutorial to 2023-07-26T18:46:26.782830+00:00, run_after=2023-07-27T18:46:26.782830+00:00
[2023-07-27T20:46:26.788+0200] {processor.py:179} INFO - Processing /Library/Frameworks/Python.framework/Versions/3.11/lib/python3.11/site-packages/airflow/example_dags/tutorial.py took 0.353 seconds
[2023-07-27T20:47:14.896+0200] {processor.py:157} INFO - Started process (PID=6277) to work on /Library/Frameworks/Python.framework/Versions/3.11/lib/python3.11/site-packages/airflow/example_dags/tutorial.py
[2023-07-27T20:47:14.897+0200] {processor.py:826} INFO - Processing file /Library/Frameworks/Python.framework/Versions/3.11/lib/python3.11/site-packages/airflow/example_dags/tutorial.py for tasks to queue
[2023-07-27T20:47:14.898+0200] {logging_mixin.py:150} INFO - [2023-07-27T20:47:14.898+0200] {dagbag.py:541} INFO - Filling up the DagBag from /Library/Frameworks/Python.framework/Versions/3.11/lib/python3.11/site-packages/airflow/example_dags/tutorial.py
[2023-07-27T20:47:14.904+0200] {processor.py:836} INFO - DAG(s) dict_keys(['tutorial']) retrieved from /Library/Frameworks/Python.framework/Versions/3.11/lib/python3.11/site-packages/airflow/example_dags/tutorial.py
[2023-07-27T20:47:15.230+0200] {logging_mixin.py:150} INFO - [2023-07-27T20:47:15.229+0200] {dag.py:2742} INFO - Sync 1 DAGs
[2023-07-27T20:47:15.234+0200] {logging_mixin.py:150} INFO - [2023-07-27T20:47:15.234+0200] {dag.py:3504} INFO - Setting next_dagrun for tutorial to 2023-07-26T18:47:15.234861+00:00, run_after=2023-07-27T18:47:15.234861+00:00
[2023-07-27T20:47:15.240+0200] {processor.py:179} INFO - Processing /Library/Frameworks/Python.framework/Versions/3.11/lib/python3.11/site-packages/airflow/example_dags/tutorial.py took 0.344 seconds
[2023-07-27T20:48:03.788+0200] {processor.py:157} INFO - Started process (PID=6317) to work on /Library/Frameworks/Python.framework/Versions/3.11/lib/python3.11/site-packages/airflow/example_dags/tutorial.py
[2023-07-27T20:48:03.789+0200] {processor.py:826} INFO - Processing file /Library/Frameworks/Python.framework/Versions/3.11/lib/python3.11/site-packages/airflow/example_dags/tutorial.py for tasks to queue
[2023-07-27T20:48:03.789+0200] {logging_mixin.py:150} INFO - [2023-07-27T20:48:03.789+0200] {dagbag.py:541} INFO - Filling up the DagBag from /Library/Frameworks/Python.framework/Versions/3.11/lib/python3.11/site-packages/airflow/example_dags/tutorial.py
[2023-07-27T20:48:03.795+0200] {processor.py:836} INFO - DAG(s) dict_keys(['tutorial']) retrieved from /Library/Frameworks/Python.framework/Versions/3.11/lib/python3.11/site-packages/airflow/example_dags/tutorial.py
[2023-07-27T20:48:04.116+0200] {logging_mixin.py:150} INFO - [2023-07-27T20:48:04.116+0200] {dag.py:2742} INFO - Sync 1 DAGs
[2023-07-27T20:48:04.121+0200] {logging_mixin.py:150} INFO - [2023-07-27T20:48:04.121+0200] {dag.py:3504} INFO - Setting next_dagrun for tutorial to 2023-07-26T18:48:04.121582+00:00, run_after=2023-07-27T18:48:04.121582+00:00
[2023-07-27T20:48:04.127+0200] {processor.py:179} INFO - Processing /Library/Frameworks/Python.framework/Versions/3.11/lib/python3.11/site-packages/airflow/example_dags/tutorial.py took 0.339 seconds
[2023-07-27T20:48:53.233+0200] {processor.py:157} INFO - Started process (PID=6348) to work on /Library/Frameworks/Python.framework/Versions/3.11/lib/python3.11/site-packages/airflow/example_dags/tutorial.py
[2023-07-27T20:48:53.234+0200] {processor.py:826} INFO - Processing file /Library/Frameworks/Python.framework/Versions/3.11/lib/python3.11/site-packages/airflow/example_dags/tutorial.py for tasks to queue
[2023-07-27T20:48:53.234+0200] {logging_mixin.py:150} INFO - [2023-07-27T20:48:53.234+0200] {dagbag.py:541} INFO - Filling up the DagBag from /Library/Frameworks/Python.framework/Versions/3.11/lib/python3.11/site-packages/airflow/example_dags/tutorial.py
[2023-07-27T20:48:53.240+0200] {processor.py:836} INFO - DAG(s) dict_keys(['tutorial']) retrieved from /Library/Frameworks/Python.framework/Versions/3.11/lib/python3.11/site-packages/airflow/example_dags/tutorial.py
[2023-07-27T20:48:53.602+0200] {logging_mixin.py:150} INFO - [2023-07-27T20:48:53.602+0200] {dag.py:2742} INFO - Sync 1 DAGs
[2023-07-27T20:48:53.607+0200] {logging_mixin.py:150} INFO - [2023-07-27T20:48:53.607+0200] {dag.py:3504} INFO - Setting next_dagrun for tutorial to 2023-07-26T18:48:53.607569+00:00, run_after=2023-07-27T18:48:53.607569+00:00
[2023-07-27T20:48:53.613+0200] {processor.py:179} INFO - Processing /Library/Frameworks/Python.framework/Versions/3.11/lib/python3.11/site-packages/airflow/example_dags/tutorial.py took 0.381 seconds
[2023-07-27T20:49:42.860+0200] {processor.py:157} INFO - Started process (PID=6476) to work on /Library/Frameworks/Python.framework/Versions/3.11/lib/python3.11/site-packages/airflow/example_dags/tutorial.py
[2023-07-27T20:49:42.862+0200] {processor.py:826} INFO - Processing file /Library/Frameworks/Python.framework/Versions/3.11/lib/python3.11/site-packages/airflow/example_dags/tutorial.py for tasks to queue
[2023-07-27T20:49:42.863+0200] {logging_mixin.py:150} INFO - [2023-07-27T20:49:42.863+0200] {dagbag.py:541} INFO - Filling up the DagBag from /Library/Frameworks/Python.framework/Versions/3.11/lib/python3.11/site-packages/airflow/example_dags/tutorial.py
[2023-07-27T20:49:42.870+0200] {processor.py:836} INFO - DAG(s) dict_keys(['tutorial']) retrieved from /Library/Frameworks/Python.framework/Versions/3.11/lib/python3.11/site-packages/airflow/example_dags/tutorial.py
[2023-07-27T20:49:43.249+0200] {logging_mixin.py:150} INFO - [2023-07-27T20:49:43.249+0200] {dag.py:2742} INFO - Sync 1 DAGs
[2023-07-27T20:49:43.254+0200] {logging_mixin.py:150} INFO - [2023-07-27T20:49:43.254+0200] {dag.py:3504} INFO - Setting next_dagrun for tutorial to 2023-07-26T18:49:43.254677+00:00, run_after=2023-07-27T18:49:43.254677+00:00
[2023-07-27T20:49:43.261+0200] {processor.py:179} INFO - Processing /Library/Frameworks/Python.framework/Versions/3.11/lib/python3.11/site-packages/airflow/example_dags/tutorial.py took 0.400 seconds
[2023-07-27T22:51:06.993+0200] {processor.py:157} INFO - Started process (PID=8832) to work on /Library/Frameworks/Python.framework/Versions/3.11/lib/python3.11/site-packages/airflow/example_dags/tutorial.py
[2023-07-27T22:51:06.995+0200] {processor.py:826} INFO - Processing file /Library/Frameworks/Python.framework/Versions/3.11/lib/python3.11/site-packages/airflow/example_dags/tutorial.py for tasks to queue
[2023-07-27T22:51:06.995+0200] {logging_mixin.py:150} INFO - [2023-07-27T22:51:06.995+0200] {dagbag.py:541} INFO - Filling up the DagBag from /Library/Frameworks/Python.framework/Versions/3.11/lib/python3.11/site-packages/airflow/example_dags/tutorial.py
[2023-07-27T22:51:07.015+0200] {processor.py:836} INFO - DAG(s) dict_keys(['tutorial']) retrieved from /Library/Frameworks/Python.framework/Versions/3.11/lib/python3.11/site-packages/airflow/example_dags/tutorial.py
[2023-07-27T22:51:07.418+0200] {logging_mixin.py:150} INFO - [2023-07-27T22:51:07.418+0200] {manager.py:504} INFO - Created Permission View: can delete on DAG:tutorial
[2023-07-27T22:51:07.429+0200] {logging_mixin.py:150} INFO - [2023-07-27T22:51:07.429+0200] {manager.py:504} INFO - Created Permission View: can edit on DAG:tutorial
[2023-07-27T22:51:07.438+0200] {logging_mixin.py:150} INFO - [2023-07-27T22:51:07.438+0200] {manager.py:504} INFO - Created Permission View: can read on DAG:tutorial
[2023-07-27T22:51:07.447+0200] {logging_mixin.py:150} INFO - [2023-07-27T22:51:07.447+0200] {dag.py:2742} INFO - Sync 1 DAGs
[2023-07-27T22:51:07.451+0200] {logging_mixin.py:150} INFO - [2023-07-27T22:51:07.451+0200] {dag.py:2763} INFO - Creating ORM DAG for tutorial
[2023-07-27T22:51:07.458+0200] {logging_mixin.py:150} INFO - [2023-07-27T22:51:07.458+0200] {dag.py:3504} INFO - Setting next_dagrun for tutorial to 2023-07-26T20:51:07.458212+00:00, run_after=2023-07-27T20:51:07.458212+00:00
[2023-07-27T22:51:07.473+0200] {processor.py:179} INFO - Processing /Library/Frameworks/Python.framework/Versions/3.11/lib/python3.11/site-packages/airflow/example_dags/tutorial.py took 0.481 seconds
