[2023-07-27T20:34:23.478+0200] {processor.py:157} INFO - Started process (PID=5680) to work on /Library/Frameworks/Python.framework/Versions/3.11/lib/python3.11/site-packages/airflow/example_dags/tutorial_taskflow_api.py
[2023-07-27T20:34:23.479+0200] {processor.py:826} INFO - Processing file /Library/Frameworks/Python.framework/Versions/3.11/lib/python3.11/site-packages/airflow/example_dags/tutorial_taskflow_api.py for tasks to queue
[2023-07-27T20:34:23.479+0200] {logging_mixin.py:150} INFO - [2023-07-27T20:34:23.479+0200] {dagbag.py:541} INFO - Filling up the DagBag from /Library/Frameworks/Python.framework/Versions/3.11/lib/python3.11/site-packages/airflow/example_dags/tutorial_taskflow_api.py
[2023-07-27T20:34:23.507+0200] {processor.py:836} INFO - DAG(s) dict_keys(['tutorial_taskflow_api']) retrieved from /Library/Frameworks/Python.framework/Versions/3.11/lib/python3.11/site-packages/airflow/example_dags/tutorial_taskflow_api.py
[2023-07-27T20:34:23.841+0200] {logging_mixin.py:150} INFO - [2023-07-27T20:34:23.841+0200] {manager.py:504} INFO - Created Permission View: can read on DAG:tutorial_taskflow_api
[2023-07-27T20:34:23.844+0200] {logging_mixin.py:150} INFO - [2023-07-27T20:34:23.844+0200] {manager.py:504} INFO - Created Permission View: can edit on DAG:tutorial_taskflow_api
[2023-07-27T20:34:23.845+0200] {logging_mixin.py:150} INFO - [2023-07-27T20:34:23.845+0200] {manager.py:504} INFO - Created Permission View: can delete on DAG:tutorial_taskflow_api
[2023-07-27T20:34:23.848+0200] {logging_mixin.py:150} INFO - [2023-07-27T20:34:23.848+0200] {dag.py:2742} INFO - Sync 1 DAGs
[2023-07-27T20:34:23.851+0200] {logging_mixin.py:150} INFO - [2023-07-27T20:34:23.851+0200] {dag.py:2763} INFO - Creating ORM DAG for tutorial_taskflow_api
[2023-07-27T20:34:23.853+0200] {logging_mixin.py:150} INFO - [2023-07-27T20:34:23.853+0200] {dag.py:3504} INFO - Setting next_dagrun for tutorial_taskflow_api to None, run_after=None
[2023-07-27T20:34:23.858+0200] {processor.py:179} INFO - Processing /Library/Frameworks/Python.framework/Versions/3.11/lib/python3.11/site-packages/airflow/example_dags/tutorial_taskflow_api.py took 0.380 seconds
[2023-07-27T20:35:46.053+0200] {processor.py:157} INFO - Started process (PID=5739) to work on /Library/Frameworks/Python.framework/Versions/3.11/lib/python3.11/site-packages/airflow/example_dags/tutorial_taskflow_api.py
[2023-07-27T20:35:46.055+0200] {processor.py:826} INFO - Processing file /Library/Frameworks/Python.framework/Versions/3.11/lib/python3.11/site-packages/airflow/example_dags/tutorial_taskflow_api.py for tasks to queue
[2023-07-27T20:35:46.056+0200] {logging_mixin.py:150} INFO - [2023-07-27T20:35:46.056+0200] {dagbag.py:541} INFO - Filling up the DagBag from /Library/Frameworks/Python.framework/Versions/3.11/lib/python3.11/site-packages/airflow/example_dags/tutorial_taskflow_api.py
[2023-07-27T20:35:46.084+0200] {processor.py:836} INFO - DAG(s) dict_keys(['tutorial_taskflow_api']) retrieved from /Library/Frameworks/Python.framework/Versions/3.11/lib/python3.11/site-packages/airflow/example_dags/tutorial_taskflow_api.py
[2023-07-27T20:35:46.397+0200] {logging_mixin.py:150} INFO - [2023-07-27T20:35:46.397+0200] {dag.py:2742} INFO - Sync 1 DAGs
[2023-07-27T20:35:46.402+0200] {logging_mixin.py:150} INFO - [2023-07-27T20:35:46.402+0200] {dag.py:3504} INFO - Setting next_dagrun for tutorial_taskflow_api to None, run_after=None
[2023-07-27T20:35:46.408+0200] {processor.py:179} INFO - Processing /Library/Frameworks/Python.framework/Versions/3.11/lib/python3.11/site-packages/airflow/example_dags/tutorial_taskflow_api.py took 0.355 seconds
[2023-07-27T20:36:35.105+0200] {processor.py:157} INFO - Started process (PID=5782) to work on /Library/Frameworks/Python.framework/Versions/3.11/lib/python3.11/site-packages/airflow/example_dags/tutorial_taskflow_api.py
[2023-07-27T20:36:35.107+0200] {processor.py:826} INFO - Processing file /Library/Frameworks/Python.framework/Versions/3.11/lib/python3.11/site-packages/airflow/example_dags/tutorial_taskflow_api.py for tasks to queue
[2023-07-27T20:36:35.108+0200] {logging_mixin.py:150} INFO - [2023-07-27T20:36:35.108+0200] {dagbag.py:541} INFO - Filling up the DagBag from /Library/Frameworks/Python.framework/Versions/3.11/lib/python3.11/site-packages/airflow/example_dags/tutorial_taskflow_api.py
[2023-07-27T20:36:35.135+0200] {processor.py:836} INFO - DAG(s) dict_keys(['tutorial_taskflow_api']) retrieved from /Library/Frameworks/Python.framework/Versions/3.11/lib/python3.11/site-packages/airflow/example_dags/tutorial_taskflow_api.py
[2023-07-27T20:36:35.446+0200] {logging_mixin.py:150} INFO - [2023-07-27T20:36:35.446+0200] {dag.py:2742} INFO - Sync 1 DAGs
[2023-07-27T20:36:35.451+0200] {logging_mixin.py:150} INFO - [2023-07-27T20:36:35.451+0200] {dag.py:3504} INFO - Setting next_dagrun for tutorial_taskflow_api to None, run_after=None
[2023-07-27T20:36:35.457+0200] {processor.py:179} INFO - Processing /Library/Frameworks/Python.framework/Versions/3.11/lib/python3.11/site-packages/airflow/example_dags/tutorial_taskflow_api.py took 0.352 seconds
[2023-07-27T20:37:24.475+0200] {processor.py:157} INFO - Started process (PID=5817) to work on /Library/Frameworks/Python.framework/Versions/3.11/lib/python3.11/site-packages/airflow/example_dags/tutorial_taskflow_api.py
[2023-07-27T20:37:24.477+0200] {processor.py:826} INFO - Processing file /Library/Frameworks/Python.framework/Versions/3.11/lib/python3.11/site-packages/airflow/example_dags/tutorial_taskflow_api.py for tasks to queue
[2023-07-27T20:37:24.478+0200] {logging_mixin.py:150} INFO - [2023-07-27T20:37:24.478+0200] {dagbag.py:541} INFO - Filling up the DagBag from /Library/Frameworks/Python.framework/Versions/3.11/lib/python3.11/site-packages/airflow/example_dags/tutorial_taskflow_api.py
[2023-07-27T20:37:24.505+0200] {processor.py:836} INFO - DAG(s) dict_keys(['tutorial_taskflow_api']) retrieved from /Library/Frameworks/Python.framework/Versions/3.11/lib/python3.11/site-packages/airflow/example_dags/tutorial_taskflow_api.py
[2023-07-27T20:37:24.818+0200] {logging_mixin.py:150} INFO - [2023-07-27T20:37:24.817+0200] {dag.py:2742} INFO - Sync 1 DAGs
[2023-07-27T20:37:24.822+0200] {logging_mixin.py:150} INFO - [2023-07-27T20:37:24.822+0200] {dag.py:3504} INFO - Setting next_dagrun for tutorial_taskflow_api to None, run_after=None
[2023-07-27T20:37:24.829+0200] {processor.py:179} INFO - Processing /Library/Frameworks/Python.framework/Versions/3.11/lib/python3.11/site-packages/airflow/example_dags/tutorial_taskflow_api.py took 0.354 seconds
[2023-07-27T20:38:15.402+0200] {processor.py:157} INFO - Started process (PID=5855) to work on /Library/Frameworks/Python.framework/Versions/3.11/lib/python3.11/site-packages/airflow/example_dags/tutorial_taskflow_api.py
[2023-07-27T20:38:15.403+0200] {processor.py:826} INFO - Processing file /Library/Frameworks/Python.framework/Versions/3.11/lib/python3.11/site-packages/airflow/example_dags/tutorial_taskflow_api.py for tasks to queue
[2023-07-27T20:38:15.404+0200] {logging_mixin.py:150} INFO - [2023-07-27T20:38:15.403+0200] {dagbag.py:541} INFO - Filling up the DagBag from /Library/Frameworks/Python.framework/Versions/3.11/lib/python3.11/site-packages/airflow/example_dags/tutorial_taskflow_api.py
[2023-07-27T20:38:15.431+0200] {processor.py:836} INFO - DAG(s) dict_keys(['tutorial_taskflow_api']) retrieved from /Library/Frameworks/Python.framework/Versions/3.11/lib/python3.11/site-packages/airflow/example_dags/tutorial_taskflow_api.py
[2023-07-27T20:38:15.753+0200] {logging_mixin.py:150} INFO - [2023-07-27T20:38:15.753+0200] {dag.py:2742} INFO - Sync 1 DAGs
[2023-07-27T20:38:15.758+0200] {logging_mixin.py:150} INFO - [2023-07-27T20:38:15.758+0200] {dag.py:3504} INFO - Setting next_dagrun for tutorial_taskflow_api to None, run_after=None
[2023-07-27T20:38:15.764+0200] {processor.py:179} INFO - Processing /Library/Frameworks/Python.framework/Versions/3.11/lib/python3.11/site-packages/airflow/example_dags/tutorial_taskflow_api.py took 0.362 seconds
[2023-07-27T20:39:04.875+0200] {processor.py:157} INFO - Started process (PID=5884) to work on /Library/Frameworks/Python.framework/Versions/3.11/lib/python3.11/site-packages/airflow/example_dags/tutorial_taskflow_api.py
[2023-07-27T20:39:04.876+0200] {processor.py:826} INFO - Processing file /Library/Frameworks/Python.framework/Versions/3.11/lib/python3.11/site-packages/airflow/example_dags/tutorial_taskflow_api.py for tasks to queue
[2023-07-27T20:39:04.876+0200] {logging_mixin.py:150} INFO - [2023-07-27T20:39:04.876+0200] {dagbag.py:541} INFO - Filling up the DagBag from /Library/Frameworks/Python.framework/Versions/3.11/lib/python3.11/site-packages/airflow/example_dags/tutorial_taskflow_api.py
[2023-07-27T20:39:04.903+0200] {processor.py:836} INFO - DAG(s) dict_keys(['tutorial_taskflow_api']) retrieved from /Library/Frameworks/Python.framework/Versions/3.11/lib/python3.11/site-packages/airflow/example_dags/tutorial_taskflow_api.py
[2023-07-27T20:39:05.214+0200] {logging_mixin.py:150} INFO - [2023-07-27T20:39:05.213+0200] {dag.py:2742} INFO - Sync 1 DAGs
[2023-07-27T20:39:05.218+0200] {logging_mixin.py:150} INFO - [2023-07-27T20:39:05.218+0200] {dag.py:3504} INFO - Setting next_dagrun for tutorial_taskflow_api to None, run_after=None
[2023-07-27T20:39:05.224+0200] {processor.py:179} INFO - Processing /Library/Frameworks/Python.framework/Versions/3.11/lib/python3.11/site-packages/airflow/example_dags/tutorial_taskflow_api.py took 0.350 seconds
[2023-07-27T20:39:53.496+0200] {processor.py:157} INFO - Started process (PID=5924) to work on /Library/Frameworks/Python.framework/Versions/3.11/lib/python3.11/site-packages/airflow/example_dags/tutorial_taskflow_api.py
[2023-07-27T20:39:53.498+0200] {processor.py:826} INFO - Processing file /Library/Frameworks/Python.framework/Versions/3.11/lib/python3.11/site-packages/airflow/example_dags/tutorial_taskflow_api.py for tasks to queue
[2023-07-27T20:39:53.498+0200] {logging_mixin.py:150} INFO - [2023-07-27T20:39:53.498+0200] {dagbag.py:541} INFO - Filling up the DagBag from /Library/Frameworks/Python.framework/Versions/3.11/lib/python3.11/site-packages/airflow/example_dags/tutorial_taskflow_api.py
[2023-07-27T20:39:53.527+0200] {processor.py:836} INFO - DAG(s) dict_keys(['tutorial_taskflow_api']) retrieved from /Library/Frameworks/Python.framework/Versions/3.11/lib/python3.11/site-packages/airflow/example_dags/tutorial_taskflow_api.py
[2023-07-27T20:39:53.845+0200] {logging_mixin.py:150} INFO - [2023-07-27T20:39:53.845+0200] {dag.py:2742} INFO - Sync 1 DAGs
[2023-07-27T20:39:53.850+0200] {logging_mixin.py:150} INFO - [2023-07-27T20:39:53.850+0200] {dag.py:3504} INFO - Setting next_dagrun for tutorial_taskflow_api to None, run_after=None
[2023-07-27T20:39:53.856+0200] {processor.py:179} INFO - Processing /Library/Frameworks/Python.framework/Versions/3.11/lib/python3.11/site-packages/airflow/example_dags/tutorial_taskflow_api.py took 0.360 seconds
[2023-07-27T20:40:44.466+0200] {processor.py:157} INFO - Started process (PID=5963) to work on /Library/Frameworks/Python.framework/Versions/3.11/lib/python3.11/site-packages/airflow/example_dags/tutorial_taskflow_api.py
[2023-07-27T20:40:44.468+0200] {processor.py:826} INFO - Processing file /Library/Frameworks/Python.framework/Versions/3.11/lib/python3.11/site-packages/airflow/example_dags/tutorial_taskflow_api.py for tasks to queue
[2023-07-27T20:40:44.468+0200] {logging_mixin.py:150} INFO - [2023-07-27T20:40:44.468+0200] {dagbag.py:541} INFO - Filling up the DagBag from /Library/Frameworks/Python.framework/Versions/3.11/lib/python3.11/site-packages/airflow/example_dags/tutorial_taskflow_api.py
[2023-07-27T20:40:44.497+0200] {processor.py:836} INFO - DAG(s) dict_keys(['tutorial_taskflow_api']) retrieved from /Library/Frameworks/Python.framework/Versions/3.11/lib/python3.11/site-packages/airflow/example_dags/tutorial_taskflow_api.py
[2023-07-27T20:40:44.816+0200] {logging_mixin.py:150} INFO - [2023-07-27T20:40:44.816+0200] {dag.py:2742} INFO - Sync 1 DAGs
[2023-07-27T20:40:44.821+0200] {logging_mixin.py:150} INFO - [2023-07-27T20:40:44.821+0200] {dag.py:3504} INFO - Setting next_dagrun for tutorial_taskflow_api to None, run_after=None
[2023-07-27T20:40:44.827+0200] {processor.py:179} INFO - Processing /Library/Frameworks/Python.framework/Versions/3.11/lib/python3.11/site-packages/airflow/example_dags/tutorial_taskflow_api.py took 0.361 seconds
[2023-07-27T20:41:34.936+0200] {processor.py:157} INFO - Started process (PID=6004) to work on /Library/Frameworks/Python.framework/Versions/3.11/lib/python3.11/site-packages/airflow/example_dags/tutorial_taskflow_api.py
[2023-07-27T20:41:34.937+0200] {processor.py:826} INFO - Processing file /Library/Frameworks/Python.framework/Versions/3.11/lib/python3.11/site-packages/airflow/example_dags/tutorial_taskflow_api.py for tasks to queue
[2023-07-27T20:41:34.937+0200] {logging_mixin.py:150} INFO - [2023-07-27T20:41:34.937+0200] {dagbag.py:541} INFO - Filling up the DagBag from /Library/Frameworks/Python.framework/Versions/3.11/lib/python3.11/site-packages/airflow/example_dags/tutorial_taskflow_api.py
[2023-07-27T20:41:34.966+0200] {processor.py:836} INFO - DAG(s) dict_keys(['tutorial_taskflow_api']) retrieved from /Library/Frameworks/Python.framework/Versions/3.11/lib/python3.11/site-packages/airflow/example_dags/tutorial_taskflow_api.py
[2023-07-27T20:41:35.282+0200] {logging_mixin.py:150} INFO - [2023-07-27T20:41:35.282+0200] {dag.py:2742} INFO - Sync 1 DAGs
[2023-07-27T20:41:35.287+0200] {logging_mixin.py:150} INFO - [2023-07-27T20:41:35.287+0200] {dag.py:3504} INFO - Setting next_dagrun for tutorial_taskflow_api to None, run_after=None
[2023-07-27T20:41:35.292+0200] {processor.py:179} INFO - Processing /Library/Frameworks/Python.framework/Versions/3.11/lib/python3.11/site-packages/airflow/example_dags/tutorial_taskflow_api.py took 0.357 seconds
[2023-07-27T20:42:22.301+0200] {processor.py:157} INFO - Started process (PID=6039) to work on /Library/Frameworks/Python.framework/Versions/3.11/lib/python3.11/site-packages/airflow/example_dags/tutorial_taskflow_api.py
[2023-07-27T20:42:22.302+0200] {processor.py:826} INFO - Processing file /Library/Frameworks/Python.framework/Versions/3.11/lib/python3.11/site-packages/airflow/example_dags/tutorial_taskflow_api.py for tasks to queue
[2023-07-27T20:42:22.302+0200] {logging_mixin.py:150} INFO - [2023-07-27T20:42:22.302+0200] {dagbag.py:541} INFO - Filling up the DagBag from /Library/Frameworks/Python.framework/Versions/3.11/lib/python3.11/site-packages/airflow/example_dags/tutorial_taskflow_api.py
[2023-07-27T20:42:22.330+0200] {processor.py:836} INFO - DAG(s) dict_keys(['tutorial_taskflow_api']) retrieved from /Library/Frameworks/Python.framework/Versions/3.11/lib/python3.11/site-packages/airflow/example_dags/tutorial_taskflow_api.py
[2023-07-27T20:42:22.641+0200] {logging_mixin.py:150} INFO - [2023-07-27T20:42:22.641+0200] {dag.py:2742} INFO - Sync 1 DAGs
[2023-07-27T20:42:22.646+0200] {logging_mixin.py:150} INFO - [2023-07-27T20:42:22.646+0200] {dag.py:3504} INFO - Setting next_dagrun for tutorial_taskflow_api to None, run_after=None
[2023-07-27T20:42:22.652+0200] {processor.py:179} INFO - Processing /Library/Frameworks/Python.framework/Versions/3.11/lib/python3.11/site-packages/airflow/example_dags/tutorial_taskflow_api.py took 0.352 seconds
[2023-07-27T20:43:13.048+0200] {processor.py:157} INFO - Started process (PID=6079) to work on /Library/Frameworks/Python.framework/Versions/3.11/lib/python3.11/site-packages/airflow/example_dags/tutorial_taskflow_api.py
[2023-07-27T20:43:13.050+0200] {processor.py:826} INFO - Processing file /Library/Frameworks/Python.framework/Versions/3.11/lib/python3.11/site-packages/airflow/example_dags/tutorial_taskflow_api.py for tasks to queue
[2023-07-27T20:43:13.050+0200] {logging_mixin.py:150} INFO - [2023-07-27T20:43:13.050+0200] {dagbag.py:541} INFO - Filling up the DagBag from /Library/Frameworks/Python.framework/Versions/3.11/lib/python3.11/site-packages/airflow/example_dags/tutorial_taskflow_api.py
[2023-07-27T20:43:13.078+0200] {processor.py:836} INFO - DAG(s) dict_keys(['tutorial_taskflow_api']) retrieved from /Library/Frameworks/Python.framework/Versions/3.11/lib/python3.11/site-packages/airflow/example_dags/tutorial_taskflow_api.py
[2023-07-27T20:43:13.396+0200] {logging_mixin.py:150} INFO - [2023-07-27T20:43:13.396+0200] {dag.py:2742} INFO - Sync 1 DAGs
[2023-07-27T20:43:13.402+0200] {logging_mixin.py:150} INFO - [2023-07-27T20:43:13.401+0200] {dag.py:3504} INFO - Setting next_dagrun for tutorial_taskflow_api to None, run_after=None
[2023-07-27T20:43:13.408+0200] {processor.py:179} INFO - Processing /Library/Frameworks/Python.framework/Versions/3.11/lib/python3.11/site-packages/airflow/example_dags/tutorial_taskflow_api.py took 0.359 seconds
[2023-07-27T20:44:00.312+0200] {processor.py:157} INFO - Started process (PID=6118) to work on /Library/Frameworks/Python.framework/Versions/3.11/lib/python3.11/site-packages/airflow/example_dags/tutorial_taskflow_api.py
[2023-07-27T20:44:00.313+0200] {processor.py:826} INFO - Processing file /Library/Frameworks/Python.framework/Versions/3.11/lib/python3.11/site-packages/airflow/example_dags/tutorial_taskflow_api.py for tasks to queue
[2023-07-27T20:44:00.314+0200] {logging_mixin.py:150} INFO - [2023-07-27T20:44:00.314+0200] {dagbag.py:541} INFO - Filling up the DagBag from /Library/Frameworks/Python.framework/Versions/3.11/lib/python3.11/site-packages/airflow/example_dags/tutorial_taskflow_api.py
[2023-07-27T20:44:00.345+0200] {processor.py:836} INFO - DAG(s) dict_keys(['tutorial_taskflow_api']) retrieved from /Library/Frameworks/Python.framework/Versions/3.11/lib/python3.11/site-packages/airflow/example_dags/tutorial_taskflow_api.py
[2023-07-27T20:44:00.691+0200] {logging_mixin.py:150} INFO - [2023-07-27T20:44:00.691+0200] {dag.py:2742} INFO - Sync 1 DAGs
[2023-07-27T20:44:00.696+0200] {logging_mixin.py:150} INFO - [2023-07-27T20:44:00.696+0200] {dag.py:3504} INFO - Setting next_dagrun for tutorial_taskflow_api to None, run_after=None
[2023-07-27T20:44:00.702+0200] {processor.py:179} INFO - Processing /Library/Frameworks/Python.framework/Versions/3.11/lib/python3.11/site-packages/airflow/example_dags/tutorial_taskflow_api.py took 0.390 seconds
[2023-07-27T20:44:48.726+0200] {processor.py:157} INFO - Started process (PID=6153) to work on /Library/Frameworks/Python.framework/Versions/3.11/lib/python3.11/site-packages/airflow/example_dags/tutorial_taskflow_api.py
[2023-07-27T20:44:48.729+0200] {processor.py:826} INFO - Processing file /Library/Frameworks/Python.framework/Versions/3.11/lib/python3.11/site-packages/airflow/example_dags/tutorial_taskflow_api.py for tasks to queue
[2023-07-27T20:44:48.729+0200] {logging_mixin.py:150} INFO - [2023-07-27T20:44:48.729+0200] {dagbag.py:541} INFO - Filling up the DagBag from /Library/Frameworks/Python.framework/Versions/3.11/lib/python3.11/site-packages/airflow/example_dags/tutorial_taskflow_api.py
[2023-07-27T20:44:48.756+0200] {processor.py:836} INFO - DAG(s) dict_keys(['tutorial_taskflow_api']) retrieved from /Library/Frameworks/Python.framework/Versions/3.11/lib/python3.11/site-packages/airflow/example_dags/tutorial_taskflow_api.py
[2023-07-27T20:44:49.071+0200] {logging_mixin.py:150} INFO - [2023-07-27T20:44:49.071+0200] {dag.py:2742} INFO - Sync 1 DAGs
[2023-07-27T20:44:49.076+0200] {logging_mixin.py:150} INFO - [2023-07-27T20:44:49.076+0200] {dag.py:3504} INFO - Setting next_dagrun for tutorial_taskflow_api to None, run_after=None
[2023-07-27T20:44:49.082+0200] {processor.py:179} INFO - Processing /Library/Frameworks/Python.framework/Versions/3.11/lib/python3.11/site-packages/airflow/example_dags/tutorial_taskflow_api.py took 0.355 seconds
[2023-07-27T20:45:36.096+0200] {processor.py:157} INFO - Started process (PID=6196) to work on /Library/Frameworks/Python.framework/Versions/3.11/lib/python3.11/site-packages/airflow/example_dags/tutorial_taskflow_api.py
[2023-07-27T20:45:36.098+0200] {processor.py:826} INFO - Processing file /Library/Frameworks/Python.framework/Versions/3.11/lib/python3.11/site-packages/airflow/example_dags/tutorial_taskflow_api.py for tasks to queue
[2023-07-27T20:45:36.098+0200] {logging_mixin.py:150} INFO - [2023-07-27T20:45:36.098+0200] {dagbag.py:541} INFO - Filling up the DagBag from /Library/Frameworks/Python.framework/Versions/3.11/lib/python3.11/site-packages/airflow/example_dags/tutorial_taskflow_api.py
[2023-07-27T20:45:36.128+0200] {processor.py:836} INFO - DAG(s) dict_keys(['tutorial_taskflow_api']) retrieved from /Library/Frameworks/Python.framework/Versions/3.11/lib/python3.11/site-packages/airflow/example_dags/tutorial_taskflow_api.py
[2023-07-27T20:45:36.466+0200] {logging_mixin.py:150} INFO - [2023-07-27T20:45:36.466+0200] {dag.py:2742} INFO - Sync 1 DAGs
[2023-07-27T20:45:36.471+0200] {logging_mixin.py:150} INFO - [2023-07-27T20:45:36.471+0200] {dag.py:3504} INFO - Setting next_dagrun for tutorial_taskflow_api to None, run_after=None
[2023-07-27T20:45:36.477+0200] {processor.py:179} INFO - Processing /Library/Frameworks/Python.framework/Versions/3.11/lib/python3.11/site-packages/airflow/example_dags/tutorial_taskflow_api.py took 0.381 seconds
[2023-07-27T20:46:22.651+0200] {processor.py:157} INFO - Started process (PID=6227) to work on /Library/Frameworks/Python.framework/Versions/3.11/lib/python3.11/site-packages/airflow/example_dags/tutorial_taskflow_api.py
[2023-07-27T20:46:22.652+0200] {processor.py:826} INFO - Processing file /Library/Frameworks/Python.framework/Versions/3.11/lib/python3.11/site-packages/airflow/example_dags/tutorial_taskflow_api.py for tasks to queue
[2023-07-27T20:46:22.652+0200] {logging_mixin.py:150} INFO - [2023-07-27T20:46:22.652+0200] {dagbag.py:541} INFO - Filling up the DagBag from /Library/Frameworks/Python.framework/Versions/3.11/lib/python3.11/site-packages/airflow/example_dags/tutorial_taskflow_api.py
[2023-07-27T20:46:22.682+0200] {processor.py:836} INFO - DAG(s) dict_keys(['tutorial_taskflow_api']) retrieved from /Library/Frameworks/Python.framework/Versions/3.11/lib/python3.11/site-packages/airflow/example_dags/tutorial_taskflow_api.py
[2023-07-27T20:46:23.014+0200] {logging_mixin.py:150} INFO - [2023-07-27T20:46:23.014+0200] {dag.py:2742} INFO - Sync 1 DAGs
[2023-07-27T20:46:23.019+0200] {logging_mixin.py:150} INFO - [2023-07-27T20:46:23.019+0200] {dag.py:3504} INFO - Setting next_dagrun for tutorial_taskflow_api to None, run_after=None
[2023-07-27T20:46:23.025+0200] {processor.py:179} INFO - Processing /Library/Frameworks/Python.framework/Versions/3.11/lib/python3.11/site-packages/airflow/example_dags/tutorial_taskflow_api.py took 0.375 seconds
[2023-07-27T20:47:11.492+0200] {processor.py:157} INFO - Started process (PID=6274) to work on /Library/Frameworks/Python.framework/Versions/3.11/lib/python3.11/site-packages/airflow/example_dags/tutorial_taskflow_api.py
[2023-07-27T20:47:11.493+0200] {processor.py:826} INFO - Processing file /Library/Frameworks/Python.framework/Versions/3.11/lib/python3.11/site-packages/airflow/example_dags/tutorial_taskflow_api.py for tasks to queue
[2023-07-27T20:47:11.494+0200] {logging_mixin.py:150} INFO - [2023-07-27T20:47:11.494+0200] {dagbag.py:541} INFO - Filling up the DagBag from /Library/Frameworks/Python.framework/Versions/3.11/lib/python3.11/site-packages/airflow/example_dags/tutorial_taskflow_api.py
[2023-07-27T20:47:11.520+0200] {processor.py:836} INFO - DAG(s) dict_keys(['tutorial_taskflow_api']) retrieved from /Library/Frameworks/Python.framework/Versions/3.11/lib/python3.11/site-packages/airflow/example_dags/tutorial_taskflow_api.py
[2023-07-27T20:47:11.846+0200] {logging_mixin.py:150} INFO - [2023-07-27T20:47:11.845+0200] {dag.py:2742} INFO - Sync 1 DAGs
[2023-07-27T20:47:11.850+0200] {logging_mixin.py:150} INFO - [2023-07-27T20:47:11.850+0200] {dag.py:3504} INFO - Setting next_dagrun for tutorial_taskflow_api to None, run_after=None
[2023-07-27T20:47:11.857+0200] {processor.py:179} INFO - Processing /Library/Frameworks/Python.framework/Versions/3.11/lib/python3.11/site-packages/airflow/example_dags/tutorial_taskflow_api.py took 0.365 seconds
[2023-07-27T20:48:00.111+0200] {processor.py:157} INFO - Started process (PID=6315) to work on /Library/Frameworks/Python.framework/Versions/3.11/lib/python3.11/site-packages/airflow/example_dags/tutorial_taskflow_api.py
[2023-07-27T20:48:00.112+0200] {processor.py:826} INFO - Processing file /Library/Frameworks/Python.framework/Versions/3.11/lib/python3.11/site-packages/airflow/example_dags/tutorial_taskflow_api.py for tasks to queue
[2023-07-27T20:48:00.112+0200] {logging_mixin.py:150} INFO - [2023-07-27T20:48:00.112+0200] {dagbag.py:541} INFO - Filling up the DagBag from /Library/Frameworks/Python.framework/Versions/3.11/lib/python3.11/site-packages/airflow/example_dags/tutorial_taskflow_api.py
[2023-07-27T20:48:00.140+0200] {processor.py:836} INFO - DAG(s) dict_keys(['tutorial_taskflow_api']) retrieved from /Library/Frameworks/Python.framework/Versions/3.11/lib/python3.11/site-packages/airflow/example_dags/tutorial_taskflow_api.py
[2023-07-27T20:48:00.447+0200] {logging_mixin.py:150} INFO - [2023-07-27T20:48:00.447+0200] {dag.py:2742} INFO - Sync 1 DAGs
[2023-07-27T20:48:00.452+0200] {logging_mixin.py:150} INFO - [2023-07-27T20:48:00.452+0200] {dag.py:3504} INFO - Setting next_dagrun for tutorial_taskflow_api to None, run_after=None
[2023-07-27T20:48:00.458+0200] {processor.py:179} INFO - Processing /Library/Frameworks/Python.framework/Versions/3.11/lib/python3.11/site-packages/airflow/example_dags/tutorial_taskflow_api.py took 0.347 seconds
[2023-07-27T20:48:50.024+0200] {processor.py:157} INFO - Started process (PID=6346) to work on /Library/Frameworks/Python.framework/Versions/3.11/lib/python3.11/site-packages/airflow/example_dags/tutorial_taskflow_api.py
[2023-07-27T20:48:50.026+0200] {processor.py:826} INFO - Processing file /Library/Frameworks/Python.framework/Versions/3.11/lib/python3.11/site-packages/airflow/example_dags/tutorial_taskflow_api.py for tasks to queue
[2023-07-27T20:48:50.026+0200] {logging_mixin.py:150} INFO - [2023-07-27T20:48:50.026+0200] {dagbag.py:541} INFO - Filling up the DagBag from /Library/Frameworks/Python.framework/Versions/3.11/lib/python3.11/site-packages/airflow/example_dags/tutorial_taskflow_api.py
[2023-07-27T20:48:50.055+0200] {processor.py:836} INFO - DAG(s) dict_keys(['tutorial_taskflow_api']) retrieved from /Library/Frameworks/Python.framework/Versions/3.11/lib/python3.11/site-packages/airflow/example_dags/tutorial_taskflow_api.py
[2023-07-27T20:48:50.375+0200] {logging_mixin.py:150} INFO - [2023-07-27T20:48:50.374+0200] {dag.py:2742} INFO - Sync 1 DAGs
[2023-07-27T20:48:50.379+0200] {logging_mixin.py:150} INFO - [2023-07-27T20:48:50.379+0200] {dag.py:3504} INFO - Setting next_dagrun for tutorial_taskflow_api to None, run_after=None
[2023-07-27T20:48:50.386+0200] {processor.py:179} INFO - Processing /Library/Frameworks/Python.framework/Versions/3.11/lib/python3.11/site-packages/airflow/example_dags/tutorial_taskflow_api.py took 0.362 seconds
[2023-07-27T20:49:38.836+0200] {processor.py:157} INFO - Started process (PID=6467) to work on /Library/Frameworks/Python.framework/Versions/3.11/lib/python3.11/site-packages/airflow/example_dags/tutorial_taskflow_api.py
[2023-07-27T20:49:38.838+0200] {processor.py:826} INFO - Processing file /Library/Frameworks/Python.framework/Versions/3.11/lib/python3.11/site-packages/airflow/example_dags/tutorial_taskflow_api.py for tasks to queue
[2023-07-27T20:49:38.838+0200] {logging_mixin.py:150} INFO - [2023-07-27T20:49:38.838+0200] {dagbag.py:541} INFO - Filling up the DagBag from /Library/Frameworks/Python.framework/Versions/3.11/lib/python3.11/site-packages/airflow/example_dags/tutorial_taskflow_api.py
[2023-07-27T20:49:38.873+0200] {processor.py:836} INFO - DAG(s) dict_keys(['tutorial_taskflow_api']) retrieved from /Library/Frameworks/Python.framework/Versions/3.11/lib/python3.11/site-packages/airflow/example_dags/tutorial_taskflow_api.py
[2023-07-27T20:49:39.253+0200] {logging_mixin.py:150} INFO - [2023-07-27T20:49:39.252+0200] {dag.py:2742} INFO - Sync 1 DAGs
[2023-07-27T20:49:39.258+0200] {logging_mixin.py:150} INFO - [2023-07-27T20:49:39.258+0200] {dag.py:3504} INFO - Setting next_dagrun for tutorial_taskflow_api to None, run_after=None
[2023-07-27T20:49:39.264+0200] {processor.py:179} INFO - Processing /Library/Frameworks/Python.framework/Versions/3.11/lib/python3.11/site-packages/airflow/example_dags/tutorial_taskflow_api.py took 0.429 seconds
[2023-07-27T22:51:05.625+0200] {processor.py:157} INFO - Started process (PID=8830) to work on /Library/Frameworks/Python.framework/Versions/3.11/lib/python3.11/site-packages/airflow/example_dags/tutorial_taskflow_api.py
[2023-07-27T22:51:05.626+0200] {processor.py:826} INFO - Processing file /Library/Frameworks/Python.framework/Versions/3.11/lib/python3.11/site-packages/airflow/example_dags/tutorial_taskflow_api.py for tasks to queue
[2023-07-27T22:51:05.627+0200] {logging_mixin.py:150} INFO - [2023-07-27T22:51:05.627+0200] {dagbag.py:541} INFO - Filling up the DagBag from /Library/Frameworks/Python.framework/Versions/3.11/lib/python3.11/site-packages/airflow/example_dags/tutorial_taskflow_api.py
[2023-07-27T22:51:05.662+0200] {processor.py:836} INFO - DAG(s) dict_keys(['tutorial_taskflow_api']) retrieved from /Library/Frameworks/Python.framework/Versions/3.11/lib/python3.11/site-packages/airflow/example_dags/tutorial_taskflow_api.py
[2023-07-27T22:51:06.078+0200] {logging_mixin.py:150} INFO - [2023-07-27T22:51:06.078+0200] {manager.py:504} INFO - Created Permission View: can delete on DAG:tutorial_taskflow_api
[2023-07-27T22:51:06.084+0200] {logging_mixin.py:150} INFO - [2023-07-27T22:51:06.084+0200] {manager.py:504} INFO - Created Permission View: can edit on DAG:tutorial_taskflow_api
[2023-07-27T22:51:06.089+0200] {logging_mixin.py:150} INFO - [2023-07-27T22:51:06.088+0200] {manager.py:504} INFO - Created Permission View: can read on DAG:tutorial_taskflow_api
[2023-07-27T22:51:06.096+0200] {logging_mixin.py:150} INFO - [2023-07-27T22:51:06.096+0200] {dag.py:2742} INFO - Sync 1 DAGs
[2023-07-27T22:51:06.101+0200] {logging_mixin.py:150} INFO - [2023-07-27T22:51:06.101+0200] {dag.py:2763} INFO - Creating ORM DAG for tutorial_taskflow_api
[2023-07-27T22:51:06.104+0200] {logging_mixin.py:150} INFO - [2023-07-27T22:51:06.104+0200] {dag.py:3504} INFO - Setting next_dagrun for tutorial_taskflow_api to None, run_after=None
[2023-07-27T22:51:06.116+0200] {processor.py:179} INFO - Processing /Library/Frameworks/Python.framework/Versions/3.11/lib/python3.11/site-packages/airflow/example_dags/tutorial_taskflow_api.py took 0.491 seconds
