[2023-07-27T20:34:14.096+0200] {processor.py:157} INFO - Started process (PID=5671) to work on /Library/Frameworks/Python.framework/Versions/3.11/lib/python3.11/site-packages/airflow/example_dags/subdags/subdag.py
[2023-07-27T20:34:14.097+0200] {processor.py:826} INFO - Processing file /Library/Frameworks/Python.framework/Versions/3.11/lib/python3.11/site-packages/airflow/example_dags/subdags/subdag.py for tasks to queue
[2023-07-27T20:34:14.097+0200] {logging_mixin.py:150} INFO - [2023-07-27T20:34:14.097+0200] {dagbag.py:541} INFO - Filling up the DagBag from /Library/Frameworks/Python.framework/Versions/3.11/lib/python3.11/site-packages/airflow/example_dags/subdags/subdag.py
[2023-07-27T20:34:14.098+0200] {processor.py:838} WARNING - No viable dags retrieved from /Library/Frameworks/Python.framework/Versions/3.11/lib/python3.11/site-packages/airflow/example_dags/subdags/subdag.py
[2023-07-27T20:34:14.432+0200] {processor.py:179} INFO - Processing /Library/Frameworks/Python.framework/Versions/3.11/lib/python3.11/site-packages/airflow/example_dags/subdags/subdag.py took 0.337 seconds
[2023-07-27T20:35:36.884+0200] {processor.py:157} INFO - Started process (PID=5734) to work on /Library/Frameworks/Python.framework/Versions/3.11/lib/python3.11/site-packages/airflow/example_dags/subdags/subdag.py
[2023-07-27T20:35:36.886+0200] {processor.py:826} INFO - Processing file /Library/Frameworks/Python.framework/Versions/3.11/lib/python3.11/site-packages/airflow/example_dags/subdags/subdag.py for tasks to queue
[2023-07-27T20:35:36.887+0200] {logging_mixin.py:150} INFO - [2023-07-27T20:35:36.886+0200] {dagbag.py:541} INFO - Filling up the DagBag from /Library/Frameworks/Python.framework/Versions/3.11/lib/python3.11/site-packages/airflow/example_dags/subdags/subdag.py
[2023-07-27T20:35:36.887+0200] {processor.py:838} WARNING - No viable dags retrieved from /Library/Frameworks/Python.framework/Versions/3.11/lib/python3.11/site-packages/airflow/example_dags/subdags/subdag.py
[2023-07-27T20:35:37.187+0200] {processor.py:179} INFO - Processing /Library/Frameworks/Python.framework/Versions/3.11/lib/python3.11/site-packages/airflow/example_dags/subdags/subdag.py took 0.303 seconds
[2023-07-27T20:36:25.739+0200] {processor.py:157} INFO - Started process (PID=5777) to work on /Library/Frameworks/Python.framework/Versions/3.11/lib/python3.11/site-packages/airflow/example_dags/subdags/subdag.py
[2023-07-27T20:36:25.741+0200] {processor.py:826} INFO - Processing file /Library/Frameworks/Python.framework/Versions/3.11/lib/python3.11/site-packages/airflow/example_dags/subdags/subdag.py for tasks to queue
[2023-07-27T20:36:25.741+0200] {logging_mixin.py:150} INFO - [2023-07-27T20:36:25.741+0200] {dagbag.py:541} INFO - Filling up the DagBag from /Library/Frameworks/Python.framework/Versions/3.11/lib/python3.11/site-packages/airflow/example_dags/subdags/subdag.py
[2023-07-27T20:36:25.742+0200] {processor.py:838} WARNING - No viable dags retrieved from /Library/Frameworks/Python.framework/Versions/3.11/lib/python3.11/site-packages/airflow/example_dags/subdags/subdag.py
[2023-07-27T20:36:26.037+0200] {processor.py:179} INFO - Processing /Library/Frameworks/Python.framework/Versions/3.11/lib/python3.11/site-packages/airflow/example_dags/subdags/subdag.py took 0.298 seconds
[2023-07-27T20:37:15.258+0200] {processor.py:157} INFO - Started process (PID=5811) to work on /Library/Frameworks/Python.framework/Versions/3.11/lib/python3.11/site-packages/airflow/example_dags/subdags/subdag.py
[2023-07-27T20:37:15.259+0200] {processor.py:826} INFO - Processing file /Library/Frameworks/Python.framework/Versions/3.11/lib/python3.11/site-packages/airflow/example_dags/subdags/subdag.py for tasks to queue
[2023-07-27T20:37:15.259+0200] {logging_mixin.py:150} INFO - [2023-07-27T20:37:15.259+0200] {dagbag.py:541} INFO - Filling up the DagBag from /Library/Frameworks/Python.framework/Versions/3.11/lib/python3.11/site-packages/airflow/example_dags/subdags/subdag.py
[2023-07-27T20:37:15.260+0200] {processor.py:838} WARNING - No viable dags retrieved from /Library/Frameworks/Python.framework/Versions/3.11/lib/python3.11/site-packages/airflow/example_dags/subdags/subdag.py
[2023-07-27T20:37:15.556+0200] {processor.py:179} INFO - Processing /Library/Frameworks/Python.framework/Versions/3.11/lib/python3.11/site-packages/airflow/example_dags/subdags/subdag.py took 0.299 seconds
[2023-07-27T20:38:06.286+0200] {processor.py:157} INFO - Started process (PID=5841) to work on /Library/Frameworks/Python.framework/Versions/3.11/lib/python3.11/site-packages/airflow/example_dags/subdags/subdag.py
[2023-07-27T20:38:06.287+0200] {processor.py:826} INFO - Processing file /Library/Frameworks/Python.framework/Versions/3.11/lib/python3.11/site-packages/airflow/example_dags/subdags/subdag.py for tasks to queue
[2023-07-27T20:38:06.287+0200] {logging_mixin.py:150} INFO - [2023-07-27T20:38:06.287+0200] {dagbag.py:541} INFO - Filling up the DagBag from /Library/Frameworks/Python.framework/Versions/3.11/lib/python3.11/site-packages/airflow/example_dags/subdags/subdag.py
[2023-07-27T20:38:06.288+0200] {processor.py:838} WARNING - No viable dags retrieved from /Library/Frameworks/Python.framework/Versions/3.11/lib/python3.11/site-packages/airflow/example_dags/subdags/subdag.py
[2023-07-27T20:38:06.581+0200] {processor.py:179} INFO - Processing /Library/Frameworks/Python.framework/Versions/3.11/lib/python3.11/site-packages/airflow/example_dags/subdags/subdag.py took 0.295 seconds
[2023-07-27T20:38:55.768+0200] {processor.py:157} INFO - Started process (PID=5879) to work on /Library/Frameworks/Python.framework/Versions/3.11/lib/python3.11/site-packages/airflow/example_dags/subdags/subdag.py
[2023-07-27T20:38:55.770+0200] {processor.py:826} INFO - Processing file /Library/Frameworks/Python.framework/Versions/3.11/lib/python3.11/site-packages/airflow/example_dags/subdags/subdag.py for tasks to queue
[2023-07-27T20:38:55.770+0200] {logging_mixin.py:150} INFO - [2023-07-27T20:38:55.770+0200] {dagbag.py:541} INFO - Filling up the DagBag from /Library/Frameworks/Python.framework/Versions/3.11/lib/python3.11/site-packages/airflow/example_dags/subdags/subdag.py
[2023-07-27T20:38:55.770+0200] {processor.py:838} WARNING - No viable dags retrieved from /Library/Frameworks/Python.framework/Versions/3.11/lib/python3.11/site-packages/airflow/example_dags/subdags/subdag.py
[2023-07-27T20:38:56.058+0200] {processor.py:179} INFO - Processing /Library/Frameworks/Python.framework/Versions/3.11/lib/python3.11/site-packages/airflow/example_dags/subdags/subdag.py took 0.290 seconds
[2023-07-27T20:39:44.502+0200] {processor.py:157} INFO - Started process (PID=5919) to work on /Library/Frameworks/Python.framework/Versions/3.11/lib/python3.11/site-packages/airflow/example_dags/subdags/subdag.py
[2023-07-27T20:39:44.503+0200] {processor.py:826} INFO - Processing file /Library/Frameworks/Python.framework/Versions/3.11/lib/python3.11/site-packages/airflow/example_dags/subdags/subdag.py for tasks to queue
[2023-07-27T20:39:44.504+0200] {logging_mixin.py:150} INFO - [2023-07-27T20:39:44.504+0200] {dagbag.py:541} INFO - Filling up the DagBag from /Library/Frameworks/Python.framework/Versions/3.11/lib/python3.11/site-packages/airflow/example_dags/subdags/subdag.py
[2023-07-27T20:39:44.504+0200] {processor.py:838} WARNING - No viable dags retrieved from /Library/Frameworks/Python.framework/Versions/3.11/lib/python3.11/site-packages/airflow/example_dags/subdags/subdag.py
[2023-07-27T20:39:44.792+0200] {processor.py:179} INFO - Processing /Library/Frameworks/Python.framework/Versions/3.11/lib/python3.11/site-packages/airflow/example_dags/subdags/subdag.py took 0.290 seconds
[2023-07-27T20:40:35.240+0200] {processor.py:157} INFO - Started process (PID=5957) to work on /Library/Frameworks/Python.framework/Versions/3.11/lib/python3.11/site-packages/airflow/example_dags/subdags/subdag.py
[2023-07-27T20:40:35.241+0200] {processor.py:826} INFO - Processing file /Library/Frameworks/Python.framework/Versions/3.11/lib/python3.11/site-packages/airflow/example_dags/subdags/subdag.py for tasks to queue
[2023-07-27T20:40:35.242+0200] {logging_mixin.py:150} INFO - [2023-07-27T20:40:35.242+0200] {dagbag.py:541} INFO - Filling up the DagBag from /Library/Frameworks/Python.framework/Versions/3.11/lib/python3.11/site-packages/airflow/example_dags/subdags/subdag.py
[2023-07-27T20:40:35.242+0200] {processor.py:838} WARNING - No viable dags retrieved from /Library/Frameworks/Python.framework/Versions/3.11/lib/python3.11/site-packages/airflow/example_dags/subdags/subdag.py
[2023-07-27T20:40:35.554+0200] {processor.py:179} INFO - Processing /Library/Frameworks/Python.framework/Versions/3.11/lib/python3.11/site-packages/airflow/example_dags/subdags/subdag.py took 0.314 seconds
[2023-07-27T20:41:26.526+0200] {processor.py:157} INFO - Started process (PID=5997) to work on /Library/Frameworks/Python.framework/Versions/3.11/lib/python3.11/site-packages/airflow/example_dags/subdags/subdag.py
[2023-07-27T20:41:26.528+0200] {processor.py:826} INFO - Processing file /Library/Frameworks/Python.framework/Versions/3.11/lib/python3.11/site-packages/airflow/example_dags/subdags/subdag.py for tasks to queue
[2023-07-27T20:41:26.528+0200] {logging_mixin.py:150} INFO - [2023-07-27T20:41:26.528+0200] {dagbag.py:541} INFO - Filling up the DagBag from /Library/Frameworks/Python.framework/Versions/3.11/lib/python3.11/site-packages/airflow/example_dags/subdags/subdag.py
[2023-07-27T20:41:26.528+0200] {processor.py:838} WARNING - No viable dags retrieved from /Library/Frameworks/Python.framework/Versions/3.11/lib/python3.11/site-packages/airflow/example_dags/subdags/subdag.py
[2023-07-27T20:41:26.823+0200] {processor.py:179} INFO - Processing /Library/Frameworks/Python.framework/Versions/3.11/lib/python3.11/site-packages/airflow/example_dags/subdags/subdag.py took 0.297 seconds
[2023-07-27T20:42:15.155+0200] {processor.py:157} INFO - Started process (PID=6033) to work on /Library/Frameworks/Python.framework/Versions/3.11/lib/python3.11/site-packages/airflow/example_dags/subdags/subdag.py
[2023-07-27T20:42:15.156+0200] {processor.py:826} INFO - Processing file /Library/Frameworks/Python.framework/Versions/3.11/lib/python3.11/site-packages/airflow/example_dags/subdags/subdag.py for tasks to queue
[2023-07-27T20:42:15.156+0200] {logging_mixin.py:150} INFO - [2023-07-27T20:42:15.156+0200] {dagbag.py:541} INFO - Filling up the DagBag from /Library/Frameworks/Python.framework/Versions/3.11/lib/python3.11/site-packages/airflow/example_dags/subdags/subdag.py
[2023-07-27T20:42:15.157+0200] {processor.py:838} WARNING - No viable dags retrieved from /Library/Frameworks/Python.framework/Versions/3.11/lib/python3.11/site-packages/airflow/example_dags/subdags/subdag.py
[2023-07-27T20:42:15.443+0200] {processor.py:179} INFO - Processing /Library/Frameworks/Python.framework/Versions/3.11/lib/python3.11/site-packages/airflow/example_dags/subdags/subdag.py took 0.289 seconds
[2023-07-27T20:43:04.280+0200] {processor.py:157} INFO - Started process (PID=6074) to work on /Library/Frameworks/Python.framework/Versions/3.11/lib/python3.11/site-packages/airflow/example_dags/subdags/subdag.py
[2023-07-27T20:43:04.281+0200] {processor.py:826} INFO - Processing file /Library/Frameworks/Python.framework/Versions/3.11/lib/python3.11/site-packages/airflow/example_dags/subdags/subdag.py for tasks to queue
[2023-07-27T20:43:04.281+0200] {logging_mixin.py:150} INFO - [2023-07-27T20:43:04.281+0200] {dagbag.py:541} INFO - Filling up the DagBag from /Library/Frameworks/Python.framework/Versions/3.11/lib/python3.11/site-packages/airflow/example_dags/subdags/subdag.py
[2023-07-27T20:43:04.282+0200] {processor.py:838} WARNING - No viable dags retrieved from /Library/Frameworks/Python.framework/Versions/3.11/lib/python3.11/site-packages/airflow/example_dags/subdags/subdag.py
[2023-07-27T20:43:04.579+0200] {processor.py:179} INFO - Processing /Library/Frameworks/Python.framework/Versions/3.11/lib/python3.11/site-packages/airflow/example_dags/subdags/subdag.py took 0.300 seconds
[2023-07-27T20:43:53.426+0200] {processor.py:157} INFO - Started process (PID=6113) to work on /Library/Frameworks/Python.framework/Versions/3.11/lib/python3.11/site-packages/airflow/example_dags/subdags/subdag.py
[2023-07-27T20:43:53.427+0200] {processor.py:826} INFO - Processing file /Library/Frameworks/Python.framework/Versions/3.11/lib/python3.11/site-packages/airflow/example_dags/subdags/subdag.py for tasks to queue
[2023-07-27T20:43:53.428+0200] {logging_mixin.py:150} INFO - [2023-07-27T20:43:53.428+0200] {dagbag.py:541} INFO - Filling up the DagBag from /Library/Frameworks/Python.framework/Versions/3.11/lib/python3.11/site-packages/airflow/example_dags/subdags/subdag.py
[2023-07-27T20:43:53.428+0200] {processor.py:838} WARNING - No viable dags retrieved from /Library/Frameworks/Python.framework/Versions/3.11/lib/python3.11/site-packages/airflow/example_dags/subdags/subdag.py
[2023-07-27T20:43:53.734+0200] {processor.py:179} INFO - Processing /Library/Frameworks/Python.framework/Versions/3.11/lib/python3.11/site-packages/airflow/example_dags/subdags/subdag.py took 0.308 seconds
[2023-07-27T20:44:40.572+0200] {processor.py:157} INFO - Started process (PID=6148) to work on /Library/Frameworks/Python.framework/Versions/3.11/lib/python3.11/site-packages/airflow/example_dags/subdags/subdag.py
[2023-07-27T20:44:40.574+0200] {processor.py:826} INFO - Processing file /Library/Frameworks/Python.framework/Versions/3.11/lib/python3.11/site-packages/airflow/example_dags/subdags/subdag.py for tasks to queue
[2023-07-27T20:44:40.574+0200] {logging_mixin.py:150} INFO - [2023-07-27T20:44:40.574+0200] {dagbag.py:541} INFO - Filling up the DagBag from /Library/Frameworks/Python.framework/Versions/3.11/lib/python3.11/site-packages/airflow/example_dags/subdags/subdag.py
[2023-07-27T20:44:40.575+0200] {processor.py:838} WARNING - No viable dags retrieved from /Library/Frameworks/Python.framework/Versions/3.11/lib/python3.11/site-packages/airflow/example_dags/subdags/subdag.py
[2023-07-27T20:44:40.867+0200] {processor.py:179} INFO - Processing /Library/Frameworks/Python.framework/Versions/3.11/lib/python3.11/site-packages/airflow/example_dags/subdags/subdag.py took 0.295 seconds
[2023-07-27T20:45:28.009+0200] {processor.py:157} INFO - Started process (PID=6187) to work on /Library/Frameworks/Python.framework/Versions/3.11/lib/python3.11/site-packages/airflow/example_dags/subdags/subdag.py
[2023-07-27T20:45:28.011+0200] {processor.py:826} INFO - Processing file /Library/Frameworks/Python.framework/Versions/3.11/lib/python3.11/site-packages/airflow/example_dags/subdags/subdag.py for tasks to queue
[2023-07-27T20:45:28.011+0200] {logging_mixin.py:150} INFO - [2023-07-27T20:45:28.011+0200] {dagbag.py:541} INFO - Filling up the DagBag from /Library/Frameworks/Python.framework/Versions/3.11/lib/python3.11/site-packages/airflow/example_dags/subdags/subdag.py
[2023-07-27T20:45:28.011+0200] {processor.py:838} WARNING - No viable dags retrieved from /Library/Frameworks/Python.framework/Versions/3.11/lib/python3.11/site-packages/airflow/example_dags/subdags/subdag.py
[2023-07-27T20:45:28.324+0200] {processor.py:179} INFO - Processing /Library/Frameworks/Python.framework/Versions/3.11/lib/python3.11/site-packages/airflow/example_dags/subdags/subdag.py took 0.315 seconds
[2023-07-27T20:46:15.502+0200] {processor.py:157} INFO - Started process (PID=6222) to work on /Library/Frameworks/Python.framework/Versions/3.11/lib/python3.11/site-packages/airflow/example_dags/subdags/subdag.py
[2023-07-27T20:46:15.503+0200] {processor.py:826} INFO - Processing file /Library/Frameworks/Python.framework/Versions/3.11/lib/python3.11/site-packages/airflow/example_dags/subdags/subdag.py for tasks to queue
[2023-07-27T20:46:15.503+0200] {logging_mixin.py:150} INFO - [2023-07-27T20:46:15.503+0200] {dagbag.py:541} INFO - Filling up the DagBag from /Library/Frameworks/Python.framework/Versions/3.11/lib/python3.11/site-packages/airflow/example_dags/subdags/subdag.py
[2023-07-27T20:46:15.504+0200] {processor.py:838} WARNING - No viable dags retrieved from /Library/Frameworks/Python.framework/Versions/3.11/lib/python3.11/site-packages/airflow/example_dags/subdags/subdag.py
[2023-07-27T20:46:15.809+0200] {processor.py:179} INFO - Processing /Library/Frameworks/Python.framework/Versions/3.11/lib/python3.11/site-packages/airflow/example_dags/subdags/subdag.py took 0.307 seconds
[2023-07-27T20:47:02.289+0200] {processor.py:157} INFO - Started process (PID=6266) to work on /Library/Frameworks/Python.framework/Versions/3.11/lib/python3.11/site-packages/airflow/example_dags/subdags/subdag.py
[2023-07-27T20:47:02.291+0200] {processor.py:826} INFO - Processing file /Library/Frameworks/Python.framework/Versions/3.11/lib/python3.11/site-packages/airflow/example_dags/subdags/subdag.py for tasks to queue
[2023-07-27T20:47:02.291+0200] {logging_mixin.py:150} INFO - [2023-07-27T20:47:02.291+0200] {dagbag.py:541} INFO - Filling up the DagBag from /Library/Frameworks/Python.framework/Versions/3.11/lib/python3.11/site-packages/airflow/example_dags/subdags/subdag.py
[2023-07-27T20:47:02.292+0200] {processor.py:838} WARNING - No viable dags retrieved from /Library/Frameworks/Python.framework/Versions/3.11/lib/python3.11/site-packages/airflow/example_dags/subdags/subdag.py
[2023-07-27T20:47:02.594+0200] {processor.py:179} INFO - Processing /Library/Frameworks/Python.framework/Versions/3.11/lib/python3.11/site-packages/airflow/example_dags/subdags/subdag.py took 0.304 seconds
[2023-07-27T20:47:51.316+0200] {processor.py:157} INFO - Started process (PID=6308) to work on /Library/Frameworks/Python.framework/Versions/3.11/lib/python3.11/site-packages/airflow/example_dags/subdags/subdag.py
[2023-07-27T20:47:51.317+0200] {processor.py:826} INFO - Processing file /Library/Frameworks/Python.framework/Versions/3.11/lib/python3.11/site-packages/airflow/example_dags/subdags/subdag.py for tasks to queue
[2023-07-27T20:47:51.317+0200] {logging_mixin.py:150} INFO - [2023-07-27T20:47:51.317+0200] {dagbag.py:541} INFO - Filling up the DagBag from /Library/Frameworks/Python.framework/Versions/3.11/lib/python3.11/site-packages/airflow/example_dags/subdags/subdag.py
[2023-07-27T20:47:51.318+0200] {processor.py:838} WARNING - No viable dags retrieved from /Library/Frameworks/Python.framework/Versions/3.11/lib/python3.11/site-packages/airflow/example_dags/subdags/subdag.py
[2023-07-27T20:47:51.605+0200] {processor.py:179} INFO - Processing /Library/Frameworks/Python.framework/Versions/3.11/lib/python3.11/site-packages/airflow/example_dags/subdags/subdag.py took 0.290 seconds
[2023-07-27T20:48:41.082+0200] {processor.py:157} INFO - Started process (PID=6341) to work on /Library/Frameworks/Python.framework/Versions/3.11/lib/python3.11/site-packages/airflow/example_dags/subdags/subdag.py
[2023-07-27T20:48:41.083+0200] {processor.py:826} INFO - Processing file /Library/Frameworks/Python.framework/Versions/3.11/lib/python3.11/site-packages/airflow/example_dags/subdags/subdag.py for tasks to queue
[2023-07-27T20:48:41.083+0200] {logging_mixin.py:150} INFO - [2023-07-27T20:48:41.083+0200] {dagbag.py:541} INFO - Filling up the DagBag from /Library/Frameworks/Python.framework/Versions/3.11/lib/python3.11/site-packages/airflow/example_dags/subdags/subdag.py
[2023-07-27T20:48:41.084+0200] {processor.py:838} WARNING - No viable dags retrieved from /Library/Frameworks/Python.framework/Versions/3.11/lib/python3.11/site-packages/airflow/example_dags/subdags/subdag.py
[2023-07-27T20:48:41.384+0200] {processor.py:179} INFO - Processing /Library/Frameworks/Python.framework/Versions/3.11/lib/python3.11/site-packages/airflow/example_dags/subdags/subdag.py took 0.302 seconds
[2023-07-27T20:49:30.169+0200] {processor.py:157} INFO - Started process (PID=6384) to work on /Library/Frameworks/Python.framework/Versions/3.11/lib/python3.11/site-packages/airflow/example_dags/subdags/subdag.py
[2023-07-27T20:49:30.170+0200] {processor.py:826} INFO - Processing file /Library/Frameworks/Python.framework/Versions/3.11/lib/python3.11/site-packages/airflow/example_dags/subdags/subdag.py for tasks to queue
[2023-07-27T20:49:30.170+0200] {logging_mixin.py:150} INFO - [2023-07-27T20:49:30.170+0200] {dagbag.py:541} INFO - Filling up the DagBag from /Library/Frameworks/Python.framework/Versions/3.11/lib/python3.11/site-packages/airflow/example_dags/subdags/subdag.py
[2023-07-27T20:49:30.171+0200] {processor.py:838} WARNING - No viable dags retrieved from /Library/Frameworks/Python.framework/Versions/3.11/lib/python3.11/site-packages/airflow/example_dags/subdags/subdag.py
[2023-07-27T20:49:30.487+0200] {processor.py:179} INFO - Processing /Library/Frameworks/Python.framework/Versions/3.11/lib/python3.11/site-packages/airflow/example_dags/subdags/subdag.py took 0.319 seconds
[2023-07-27T22:51:02.986+0200] {processor.py:157} INFO - Started process (PID=8810) to work on /Library/Frameworks/Python.framework/Versions/3.11/lib/python3.11/site-packages/airflow/example_dags/subdags/subdag.py
[2023-07-27T22:51:02.988+0200] {processor.py:826} INFO - Processing file /Library/Frameworks/Python.framework/Versions/3.11/lib/python3.11/site-packages/airflow/example_dags/subdags/subdag.py for tasks to queue
[2023-07-27T22:51:02.988+0200] {logging_mixin.py:150} INFO - [2023-07-27T22:51:02.988+0200] {dagbag.py:541} INFO - Filling up the DagBag from /Library/Frameworks/Python.framework/Versions/3.11/lib/python3.11/site-packages/airflow/example_dags/subdags/subdag.py
[2023-07-27T22:51:02.989+0200] {processor.py:838} WARNING - No viable dags retrieved from /Library/Frameworks/Python.framework/Versions/3.11/lib/python3.11/site-packages/airflow/example_dags/subdags/subdag.py
[2023-07-27T22:51:03.401+0200] {processor.py:179} INFO - Processing /Library/Frameworks/Python.framework/Versions/3.11/lib/python3.11/site-packages/airflow/example_dags/subdags/subdag.py took 0.415 seconds
